<?xml version="1.0" encoding="UTF-8" ?>
<testsuite errors="0" failures="2" hostname="Justins-MacBook-Pro.local" name="test.beast.evolution.alignment.FilteredAlignmentTest" skipped="0" tests="6" time="0.485" timestamp="2015-10-12T21:23:19">
  <properties>
    <property name="java.vendor" value="Oracle Corporation" />
    <property name="sun.java.launcher" value="SUN_STANDARD" />
    <property name="BEAUti_name" value="BEAUti" />
    <property name="sun.management.compiler" value="HotSpot 64-Bit Tiered Compilers" />
    <property name="dist" value="/Users/justinbricker/workspace/beast2/build/dist" />
    <property name="lib" value="/Users/justinbricker/workspace/beast2/lib" />
    <property name="os.name" value="Mac OS X" />
    <property name="sun.boot.class.path" value="/Library/Java/JavaVirtualMachines/jdk1.8.0_45.jdk/Contents/Home/jre/lib/resources.jar:/Library/Java/JavaVirtualMachines/jdk1.8.0_45.jdk/Contents/Home/jre/lib/rt.jar:/Library/Java/JavaVirtualMachines/jdk1.8.0_45.jdk/Contents/Home/jre/lib/sunrsasign.jar:/Library/Java/JavaVirtualMachines/jdk1.8.0_45.jdk/Contents/Home/jre/lib/jsse.jar:/Library/Java/JavaVirtualMachines/jdk1.8.0_45.jdk/Contents/Home/jre/lib/jce.jar:/Library/Java/JavaVirtualMachines/jdk1.8.0_45.jdk/Contents/Home/jre/lib/charsets.jar:/Library/Java/JavaVirtualMachines/jdk1.8.0_45.jdk/Contents/Home/jre/lib/jfr.jar:/Library/Java/JavaVirtualMachines/jdk1.8.0_45.jdk/Contents/Home/jre/classes" />
    <property name="AppStore_name" value="AppStore" />
    <property name="report" value="build/junitreport" />
    <property name="common_dir" value="release/common" />
    <property name="java.vm.specification.vendor" value="Oracle Corporation" />
    <property name="ant.home" value="/Users/justinbricker/Playground/src/apache-ant-1.9.6/" />
    <property name="java.runtime.version" value="1.8.0_45-b14" />
    <property name="main_class_BEAST" value="beast.app.beastapp.BeastMain" />
    <property name="Mac_package_dir" value="release/Mac/BEAST" />
    <property name="user.name" value="justinbricker" />
    <property name="AppleSigner" value="Developer ID Application: Remco Bouckaert (LHFJWE5U63)" />
    <property name="LogAnalyser_name" value="LogAnalyser" />
    <property name="user.language" value="en" />
    <property name="build" value="/Users/justinbricker/workspace/beast2/build" />
    <property name="sun.boot.library.path" value="/Library/Java/JavaVirtualMachines/jdk1.8.0_45.jdk/Contents/Home/jre/lib" />
    <property name="ant.project.default-target" value="build_jar_all_BEAST" />
    <property name="tools_dir" value="release/common/tools" />
    <property name="ant.project.name" value="BUILD_BEAST_2" />
    <property name="java.version" value="1.8.0_45" />
    <property name="version" value="2.3.1" />
    <property name="user.timezone" value="America/New_York" />
    <property name="sun.arch.data.model" value="64" />
    <property name="Linux_dir" value="release/Linux" />
    <property name="http.nonProxyHosts" value="local|*.local|169.254/16|*.169.254/16" />
    <property name="java.endorsed.dirs" value="/Library/Java/JavaVirtualMachines/jdk1.8.0_45.jdk/Contents/Home/jre/lib/endorsed" />
    <property name="doc" value="/Users/justinbricker/workspace/beast2/doc" />
    <property name="version_number" value="2.3.1" />
    <property name="sun.cpu.isalist" value="" />
    <property name="sun.jnu.encoding" value="UTF-8" />
    <property name="file.encoding.pkg" value="sun.io" />
    <property name="file.separator" value="/" />
    <property name="java.specification.name" value="Java Platform API Specification" />
    <property name="java.class.version" value="52.0" />
    <property name="src" value="/Users/justinbricker/workspace/beast2/src" />
    <property name="Mac_bundle_dir" value="release/Mac/BEAST/BEAST" />
    <property name="user.country" value="US" />
    <property name="java.home" value="/Library/Java/JavaVirtualMachines/jdk1.8.0_45.jdk/Contents/Home/jre" />
    <property name="java.vm.info" value="mixed mode" />
    <property name="Mac_dir" value="release/Mac" />
    <property name="ant.file" value="/Users/justinbricker/workspace/beast2/build.xml" />
    <property name="os.version" value="10.11" />
    <property name="release_dir" value="release" />
    <property name="path.separator" value=":" />
    <property name="java.vm.version" value="25.45-b02" />
    <property name="ant.library.dir" value="/Users/justinbricker/Playground/src/apache-ant-1.9.6//lib" />
    <property name="java.awt.printerjob" value="sun.lwawt.macosx.CPrinterJob" />
    <property name="sun.io.unicode.encoding" value="UnicodeBig" />
    <property name="beast1_dir" value="release/common/beast1" />
    <property name="awt.toolkit" value="sun.lwawt.macosx.LWCToolkit" />
    <property name="socksNonProxyHosts" value="local|*.local|169.254/16|*.169.254/16" />
    <property name="ftp.nonProxyHosts" value="local|*.local|169.254/16|*.169.254/16" />
    <property name="BEAST_name" value="BEAST" />
    <property name="TreeAnnotator_name" value="TreeAnnotator" />
    <property name="user.home" value="/Users/justinbricker" />
    <property name="java.specification.vendor" value="Oracle Corporation" />
    <property name="test" value="/Users/justinbricker/workspace/beast2/test" />
    <property name="ant.file.BUILD_BEAST_2" value="/Users/justinbricker/workspace/beast2/build.xml" />
    <property name="java.library.path" value="/Users/justinbricker/Library/Java/Extensions:/Library/Java/Extensions:/Network/Library/Java/Extensions:/System/Library/Java/Extensions:/usr/lib/java:." />
    <property name="java.vendor.url" value="http://java.oracle.com/" />
    <property name="java.vm.vendor" value="Oracle Corporation" />
    <property name="gopherProxySet" value="false" />
    <property name="copyright" value="Beast 2 development team 2011-2015" />
    <property name="java.runtime.name" value="Java(TM) SE Runtime Environment" />
    <property name="java.class.path" value="/Users/justinbricker/workspace/beast2/lib/beagle.jar:/Users/justinbricker/workspace/beast2/lib/jam.jar:/Users/justinbricker/workspace/beast2/lib/colt.jar:/Users/justinbricker/workspace/beast2/lib/fest.jar:/Users/justinbricker/workspace/beast2/lib/junit-4.8.2.jar:/Users/justinbricker/workspace/beast2/lib/antlr-runtime-4.5.jar:/Users/justinbricker/workspace/beast2/build:/Users/justinbricker/Playground/src/apache-ant-1.9.6/lib/junit-4.11.jar:/Users/justinbricker/Playground/src/apache-ant-1.9.6/lib/ant-launcher.jar:/Users/justinbricker/Playground/src/apache-ant-1.9.6/lib/ant.jar:/Users/justinbricker/Playground/src/apache-ant-1.9.6/lib/ant-junit.jar:/Users/justinbricker/Playground/src/apache-ant-1.9.6/lib/ant-junit4.jar" />
    <property name="sun.java.command" value="org.apache.tools.ant.taskdefs.optional.junit.JUnitTestRunner test.beast.evolution.alignment.FilteredAlignmentTest skipNonTests=false filtertrace=true haltOnError=false haltOnFailure=false formatter=org.apache.tools.ant.taskdefs.optional.junit.SummaryJUnitResultFormatter showoutput=false outputtoformatters=true logfailedtests=true threadid=0 logtestlistenerevents=false formatter=org.apache.tools.ant.taskdefs.optional.junit.XMLJUnitResultFormatter,/Users/justinbricker/workspace/beast2/build/junitreport/TEST-test.beast.evolution.alignment.FilteredAlignmentTest.xml crashfile=/Users/justinbricker/workspace/beast2/junitvmwatcher3879697072395271422.properties propsfile=/Users/justinbricker/workspace/beast2/junit5110126751897930470.properties" />
    <property name="ant.version" value="Apache Ant(TM) version 1.9.6 compiled on June 29 2015" />
    <property name="sdk_dir" value="release/BEAST_SDK" />
    <property name="junitfailed" value="true" />
    <property name="ant.file.type.BUILD_BEAST_2" value="file" />
    <property name="java.vm.specification.name" value="Java Virtual Machine Specification" />
    <property name="ant.file.type" value="file" />
    <property name="java.vm.specification.version" value="1.8" />
    <property name="sun.os.patch.level" value="unknown" />
    <property name="sun.cpu.endian" value="little" />
    <property name="Linux_package_dir" value="release/Linux/beast" />
    <property name="java.io.tmpdir" value="/var/folders/_7/hprlw3v106v8djm2d_pcm2200000gn/T/" />
    <property name="beast_name" value="beast" />
    <property name="java.vendor.url.bug" value="http://bugreport.sun.com/bugreport/" />
    <property name="java.awt.graphicsenv" value="sun.awt.CGraphicsEnvironment" />
    <property name="os.arch" value="x86_64" />
    <property name="java.ext.dirs" value="/Users/justinbricker/Library/Java/Extensions:/Library/Java/JavaVirtualMachines/jdk1.8.0_45.jdk/Contents/Home/jre/lib/ext:/Library/Java/Extensions:/Network/Library/Java/Extensions:/System/Library/Java/Extensions:/usr/lib/java" />
    <property name="user.dir" value="/Users/justinbricker/workspace/beast2" />
    <property name="line.separator" value="&#xa;" />
    <property name="java.vm.name" value="Java HotSpot(TM) 64-Bit Server VM" />
    <property name="basedir" value="/Users/justinbricker/workspace/beast2" />
    <property name="ant.java.version" value="1.8" />
    <property name="ant.core.lib" value="/Users/justinbricker/Playground/src/apache-ant-1.9.6/lib/ant.jar" />
    <property name="Windows_dir" value="release/Windows" />
    <property name="LogCombiner_name" value="LogCombiner" />
    <property name="file.encoding" value="UTF-8" />
    <property name="java.specification.version" value="1.8" />
    <property name="ant.project.invoked-targets" value="build_jar_all_BEAST" />
    <property name="Windows_package_dir" value="release/Windows/BEAST" />
  </properties>
  <testcase classname="test.beast.evolution.alignment.FilteredAlignmentTest" name="testConstantSites" time="0.359" />
  <testcase classname="test.beast.evolution.alignment.FilteredAlignmentTest" name="testRangeFiltered" time="0.018" />
  <testcase classname="test.beast.evolution.alignment.FilteredAlignmentTest" name="testIteratorFiltered" time="0.013" />
  <testcase classname="test.beast.evolution.alignment.FilteredAlignmentTest" name="testIndividualsFiltered" time="0.01" />
  <testcase classname="test.beast.evolution.alignment.FilteredAlignmentTest" name="testWeightedSites" time="0.036">
    <failure message="null expected:&lt;[101000, [10000, 1, 11]0]&gt; but was:&lt;[101000, [0, 10000, 1, 110, ]0]&gt;" type="junit.framework.ComparisonFailure">junit.framework.ComparisonFailure: null expected:&lt;[101000, [10000, 1, 11]0]&gt; but was:&lt;[101000, [0, 10000, 1, 110, ]0]&gt;
	at test.beast.evolution.alignment.FilteredAlignmentTest.testWeightedSites(Unknown Source)
</failure>
  </testcase>
  <testcase classname="test.beast.evolution.alignment.FilteredAlignmentTest" name="testWeightedSitesReordered" time="0.009">
    <failure message="null expected:&lt;[[11243, 1123, 112, 4, 2, 2, 6, 3, 3], 8, 4, 4]&gt; but was:&lt;[[0, 11243, 1123, 112, 0, 4, 2, 2, 0, 6, 3, 3, 0], 8, 4, 4]&gt;" type="junit.framework.ComparisonFailure">junit.framework.ComparisonFailure: null expected:&lt;[[11243, 1123, 112, 4, 2, 2, 6, 3, 3], 8, 4, 4]&gt; but was:&lt;[[0, 11243, 1123, 112, 0, 4, 2, 2, 0, 6, 3, 3, 0], 8, 4, 4]&gt;
	at test.beast.evolution.alignment.FilteredAlignmentTest.testWeightedSitesReordered(Unknown Source)
</failure>
  </testcase>
  <system-out><![CDATA[0human: 16 4
1chimp: 16 4
Alignment(null)
  2 taxa
  16 sites
  16 patterns

Filter -
2 taxa
16 sites + 11241 constant sites
16 patterns
Filter -8
2 taxa
8 sites + 11241 constant sites
10 patterns
Stripping invariant sitesFilter -8
2 taxa
8 sites + 11241 constant sites
10 patterns
0human: 16 4
1chimp: 16 4
Alignment(null)
  2 taxa
  16 sites
  16 patterns

Filter 1-9
2 taxa
9 sites
9 patterns
Filter 2-9
2 taxa
8 sites
8 patterns
Filter 10-
2 taxa
7 sites
7 patterns
Filter -10
2 taxa
10 sites
10 patterns
Filter -
2 taxa
16 sites
16 patterns
Filter 2-5,7-10
2 taxa
8 sites
8 patterns
0human: 16 4
1chimp: 16 4
Alignment(null)
  2 taxa
  16 sites
  16 patterns

Filter 1:16:2
2 taxa
8 sites
8 patterns
Filter 2:16:2
2 taxa
8 sites
8 patterns
Filter 1:10:2
2 taxa
5 sites
5 patterns
Filter 1::3
2 taxa
6 sites
6 patterns
Filter 2::3
2 taxa
5 sites
5 patterns
Filter ::
2 taxa
16 sites
16 patterns
Filter 2:5:
2 taxa
4 sites
4 patterns
Filter :5:
2 taxa
5 sites
5 patterns
Filter 1::3,2::3
2 taxa
11 sites
11 patterns
Filter 3::3
2 taxa
5 sites
5 patterns
0human: 16 4
1chimp: 16 4
Alignment(null)
  2 taxa
  16 sites
  16 patterns

Filter 1
2 taxa
1 sites
1 patterns
Filter 2,5
2 taxa
2 sites
2 patterns
Filter 2,5,3,4
2 taxa
4 sites
4 patterns
0human: 16 4
1chimp: 16 4
Alignment(null)
  2 taxa
  16 sites
  16 patterns

0human: 16 4
1chimp: 16 4
Alignment(null)
  2 taxa
  16 sites
  16 patterns

0human: 16 4
1chimp: 16 4
Alignment(null)
  2 taxa
  16 sites with weight 12514
  16 patterns

0human: 16 4
1chimp: 16 4
Alignment(null)
  2 taxa
  16 sites
  16 patterns

0human: 16 4
1chimp: 16 4
Alignment(null)
  2 taxa
  16 sites with weight 12514
  16 patterns

0human: 6 4
1chimp: 6 4
Alignment(null)
  2 taxa
  6 sites
  6 patterns

0human: 6 4
1chimp: 6 4
Alignment(null)
  2 taxa
  6 sites with weight 111111
  6 patterns

0human: 16 4
1chimp: 16 4
Alignment(null)
  2 taxa
  16 sites
  16 patterns

0human: 16 4
1chimp: 16 4
Alignment(data)
  2 taxa
  16 sites with weight 12514
  16 patterns

[0, 11243, 1123, 112, 0, 4, 2, 2, 0, 6, 3, 3, 0, 8, 4, 4]
0human	AACGAACGAACGAACG
1chimp	AAAACCCCGGGGTTTT
]]></system-out>
  <system-err><![CDATA[java.lang.Exception: constantSiteWeights should be of the same dimension as the datatype (3!=4)
	at beast.evolution.alignment.FilteredAlignment.initAndValidate(Unknown Source)
	at beast.core.BEASTInterface.initByName(Unknown Source)
	at test.beast.evolution.alignment.FilteredAlignmentTest.testConstantSites(Unknown Source)
	at sun.reflect.NativeMethodAccessorImpl.invoke0(Native Method)
	at sun.reflect.NativeMethodAccessorImpl.invoke(NativeMethodAccessorImpl.java:62)
	at sun.reflect.DelegatingMethodAccessorImpl.invoke(DelegatingMethodAccessorImpl.java:43)
	at java.lang.reflect.Method.invoke(Method.java:497)
	at junit.framework.TestCase.runTest(TestCase.java:168)
	at junit.framework.TestCase.runBare(TestCase.java:134)
	at junit.framework.TestResult$1.protect(TestResult.java:110)
	at junit.framework.TestResult.runProtected(TestResult.java:128)
	at junit.framework.TestResult.run(TestResult.java:113)
	at junit.framework.TestCase.run(TestCase.java:124)
	at junit.framework.TestSuite.runTest(TestSuite.java:243)
	at junit.framework.TestSuite.run(TestSuite.java:238)
	at org.apache.tools.ant.taskdefs.optional.junit.JUnitTestRunner.run(JUnitTestRunner.java:535)
	at org.apache.tools.ant.taskdefs.optional.junit.JUnitTestRunner.launch(JUnitTestRunner.java:1182)
	at org.apache.tools.ant.taskdefs.optional.junit.JUnitTestRunner.main(JUnitTestRunner.java:1033)
initAndValidate() failed! constantSiteWeights should be of the same dimension as the datatype (3!=4)
[11233, 1, 1, 1, 1, 3, 1, 1, 1, 1, 4, 1, 1, 1, 1, 5]
[11233, 1, 1, 1, 1, 3, 1, 1, 3, 4]
 <0>  <1>  <2>  <3>  removed 6 sites 
[11232, 1, 1, 1, 1, 2, 1, 1, 3, 4]
Number of weights (4) does not match sequence length (16)
[11232, 2, 3, 4, 1123, 2, 3, 4, 112, 2, 3, 4, 11, 2, 3, 4]
0human	AAAACCCCGGGGTTTT
1chimp	ACGTACGTACGTACGT
[11232, 2, 4, 3, 1123, 2, 3, 4, 11, 2, 3, 4, 112, 2, 3, 4]
AAAACCCCGGGGTTTT
ACGTACGTACGTACGT
[101000, 0, 10000, 1, 110, 0]
AAAGGG
AACAGG
]]></system-err>
</testsuite>
