<?xml version="1.0" encoding="UTF-8" ?>
<testsuite errors="1" failures="0" hostname="Justins-MacBook-Pro.local" name="test.beast.util.JSONTest" skipped="0" tests="1" time="0.509" timestamp="2015-10-12T21:24:05">
  <properties>
    <property name="java.vendor" value="Oracle Corporation" />
    <property name="sun.java.launcher" value="SUN_STANDARD" />
    <property name="BEAUti_name" value="BEAUti" />
    <property name="sun.management.compiler" value="HotSpot 64-Bit Tiered Compilers" />
    <property name="dist" value="/Users/justinbricker/workspace/beast2/build/dist" />
    <property name="lib" value="/Users/justinbricker/workspace/beast2/lib" />
    <property name="os.name" value="Mac OS X" />
    <property name="sun.boot.class.path" value="/Library/Java/JavaVirtualMachines/jdk1.8.0_45.jdk/Contents/Home/jre/lib/resources.jar:/Library/Java/JavaVirtualMachines/jdk1.8.0_45.jdk/Contents/Home/jre/lib/rt.jar:/Library/Java/JavaVirtualMachines/jdk1.8.0_45.jdk/Contents/Home/jre/lib/sunrsasign.jar:/Library/Java/JavaVirtualMachines/jdk1.8.0_45.jdk/Contents/Home/jre/lib/jsse.jar:/Library/Java/JavaVirtualMachines/jdk1.8.0_45.jdk/Contents/Home/jre/lib/jce.jar:/Library/Java/JavaVirtualMachines/jdk1.8.0_45.jdk/Contents/Home/jre/lib/charsets.jar:/Library/Java/JavaVirtualMachines/jdk1.8.0_45.jdk/Contents/Home/jre/lib/jfr.jar:/Library/Java/JavaVirtualMachines/jdk1.8.0_45.jdk/Contents/Home/jre/classes" />
    <property name="AppStore_name" value="AppStore" />
    <property name="report" value="build/junitreport" />
    <property name="common_dir" value="release/common" />
    <property name="java.vm.specification.vendor" value="Oracle Corporation" />
    <property name="ant.home" value="/Users/justinbricker/Playground/src/apache-ant-1.9.6/" />
    <property name="java.runtime.version" value="1.8.0_45-b14" />
    <property name="main_class_BEAST" value="beast.app.beastapp.BeastMain" />
    <property name="Mac_package_dir" value="release/Mac/BEAST" />
    <property name="user.name" value="justinbricker" />
    <property name="AppleSigner" value="Developer ID Application: Remco Bouckaert (LHFJWE5U63)" />
    <property name="LogAnalyser_name" value="LogAnalyser" />
    <property name="user.language" value="en" />
    <property name="build" value="/Users/justinbricker/workspace/beast2/build" />
    <property name="sun.boot.library.path" value="/Library/Java/JavaVirtualMachines/jdk1.8.0_45.jdk/Contents/Home/jre/lib" />
    <property name="ant.project.default-target" value="build_jar_all_BEAST" />
    <property name="tools_dir" value="release/common/tools" />
    <property name="ant.project.name" value="BUILD_BEAST_2" />
    <property name="java.version" value="1.8.0_45" />
    <property name="version" value="2.3.1" />
    <property name="user.timezone" value="America/New_York" />
    <property name="sun.arch.data.model" value="64" />
    <property name="Linux_dir" value="release/Linux" />
    <property name="http.nonProxyHosts" value="local|*.local|169.254/16|*.169.254/16" />
    <property name="java.endorsed.dirs" value="/Library/Java/JavaVirtualMachines/jdk1.8.0_45.jdk/Contents/Home/jre/lib/endorsed" />
    <property name="doc" value="/Users/justinbricker/workspace/beast2/doc" />
    <property name="version_number" value="2.3.1" />
    <property name="sun.cpu.isalist" value="" />
    <property name="sun.jnu.encoding" value="UTF-8" />
    <property name="file.encoding.pkg" value="sun.io" />
    <property name="file.separator" value="/" />
    <property name="java.specification.name" value="Java Platform API Specification" />
    <property name="java.class.version" value="52.0" />
    <property name="src" value="/Users/justinbricker/workspace/beast2/src" />
    <property name="Mac_bundle_dir" value="release/Mac/BEAST/BEAST" />
    <property name="user.country" value="US" />
    <property name="java.home" value="/Library/Java/JavaVirtualMachines/jdk1.8.0_45.jdk/Contents/Home/jre" />
    <property name="java.vm.info" value="mixed mode" />
    <property name="Mac_dir" value="release/Mac" />
    <property name="ant.file" value="/Users/justinbricker/workspace/beast2/build.xml" />
    <property name="os.version" value="10.11" />
    <property name="release_dir" value="release" />
    <property name="path.separator" value=":" />
    <property name="java.vm.version" value="25.45-b02" />
    <property name="ant.library.dir" value="/Users/justinbricker/Playground/src/apache-ant-1.9.6//lib" />
    <property name="java.awt.printerjob" value="sun.lwawt.macosx.CPrinterJob" />
    <property name="sun.io.unicode.encoding" value="UnicodeBig" />
    <property name="beast1_dir" value="release/common/beast1" />
    <property name="awt.toolkit" value="sun.lwawt.macosx.LWCToolkit" />
    <property name="socksNonProxyHosts" value="local|*.local|169.254/16|*.169.254/16" />
    <property name="ftp.nonProxyHosts" value="local|*.local|169.254/16|*.169.254/16" />
    <property name="BEAST_name" value="BEAST" />
    <property name="TreeAnnotator_name" value="TreeAnnotator" />
    <property name="user.home" value="/Users/justinbricker" />
    <property name="java.specification.vendor" value="Oracle Corporation" />
    <property name="test" value="/Users/justinbricker/workspace/beast2/test" />
    <property name="ant.file.BUILD_BEAST_2" value="/Users/justinbricker/workspace/beast2/build.xml" />
    <property name="java.library.path" value="/Users/justinbricker/Library/Java/Extensions:/Library/Java/Extensions:/Network/Library/Java/Extensions:/System/Library/Java/Extensions:/usr/lib/java:." />
    <property name="java.vendor.url" value="http://java.oracle.com/" />
    <property name="java.vm.vendor" value="Oracle Corporation" />
    <property name="gopherProxySet" value="false" />
    <property name="copyright" value="Beast 2 development team 2011-2015" />
    <property name="java.runtime.name" value="Java(TM) SE Runtime Environment" />
    <property name="java.class.path" value="/Users/justinbricker/workspace/beast2/lib/beagle.jar:/Users/justinbricker/workspace/beast2/lib/jam.jar:/Users/justinbricker/workspace/beast2/lib/colt.jar:/Users/justinbricker/workspace/beast2/lib/fest.jar:/Users/justinbricker/workspace/beast2/lib/junit-4.8.2.jar:/Users/justinbricker/workspace/beast2/lib/antlr-runtime-4.5.jar:/Users/justinbricker/workspace/beast2/build:/Users/justinbricker/Playground/src/apache-ant-1.9.6/lib/junit-4.11.jar:/Users/justinbricker/Playground/src/apache-ant-1.9.6/lib/ant-launcher.jar:/Users/justinbricker/Playground/src/apache-ant-1.9.6/lib/ant.jar:/Users/justinbricker/Playground/src/apache-ant-1.9.6/lib/ant-junit.jar:/Users/justinbricker/Playground/src/apache-ant-1.9.6/lib/ant-junit4.jar" />
    <property name="sun.java.command" value="org.apache.tools.ant.taskdefs.optional.junit.JUnitTestRunner test.beast.util.JSONTest skipNonTests=false filtertrace=true haltOnError=false haltOnFailure=false formatter=org.apache.tools.ant.taskdefs.optional.junit.SummaryJUnitResultFormatter showoutput=false outputtoformatters=true logfailedtests=true threadid=0 logtestlistenerevents=false formatter=org.apache.tools.ant.taskdefs.optional.junit.XMLJUnitResultFormatter,/Users/justinbricker/workspace/beast2/build/junitreport/TEST-test.beast.util.JSONTest.xml crashfile=/Users/justinbricker/workspace/beast2/junitvmwatcher1316139344141781785.properties propsfile=/Users/justinbricker/workspace/beast2/junit6528571498481285671.properties" />
    <property name="ant.version" value="Apache Ant(TM) version 1.9.6 compiled on June 29 2015" />
    <property name="sdk_dir" value="release/BEAST_SDK" />
    <property name="junitfailed" value="true" />
    <property name="ant.file.type.BUILD_BEAST_2" value="file" />
    <property name="java.vm.specification.name" value="Java Virtual Machine Specification" />
    <property name="ant.file.type" value="file" />
    <property name="java.vm.specification.version" value="1.8" />
    <property name="sun.os.patch.level" value="unknown" />
    <property name="sun.cpu.endian" value="little" />
    <property name="Linux_package_dir" value="release/Linux/beast" />
    <property name="java.io.tmpdir" value="/var/folders/_7/hprlw3v106v8djm2d_pcm2200000gn/T/" />
    <property name="beast_name" value="beast" />
    <property name="java.vendor.url.bug" value="http://bugreport.sun.com/bugreport/" />
    <property name="java.awt.graphicsenv" value="sun.awt.CGraphicsEnvironment" />
    <property name="os.arch" value="x86_64" />
    <property name="java.ext.dirs" value="/Users/justinbricker/Library/Java/Extensions:/Library/Java/JavaVirtualMachines/jdk1.8.0_45.jdk/Contents/Home/jre/lib/ext:/Library/Java/Extensions:/Network/Library/Java/Extensions:/System/Library/Java/Extensions:/usr/lib/java" />
    <property name="user.dir" value="/Users/justinbricker/workspace/beast2" />
    <property name="line.separator" value="&#xa;" />
    <property name="java.vm.name" value="Java HotSpot(TM) 64-Bit Server VM" />
    <property name="basedir" value="/Users/justinbricker/workspace/beast2" />
    <property name="ant.java.version" value="1.8" />
    <property name="ant.core.lib" value="/Users/justinbricker/Playground/src/apache-ant-1.9.6/lib/ant.jar" />
    <property name="Windows_dir" value="release/Windows" />
    <property name="LogCombiner_name" value="LogCombiner" />
    <property name="file.encoding" value="UTF-8" />
    <property name="java.specification.version" value="1.8" />
    <property name="ant.project.invoked-targets" value="build_jar_all_BEAST" />
    <property name="Windows_package_dir" value="release/Windows/BEAST" />
  </properties>
  <testcase classname="test.beast.util.JSONTest" name="testJSONtoXMLtoJSON" time="0.474">
    <error message="&#xa;Error 110 parsing the json input file&#xa;&#xa;validate and intialize error: null&#xa;&#xa;Error detected about here:&#xa;  {&#xa;      &quot;analysis&quot;: [&#xa;          { id: &quot;alignment.org&quot; spec: &quot;Alignment&quot;&#xa;          }&#xa;      ]&#xa;  }&#xa;" type="beast.util.JSONParserException">beast.util.JSONParserException: 
Error 110 parsing the json input file

validate and intialize error: null

Error detected about here:
  {
      &quot;analysis&quot;: [
          { id: &quot;alignment.org&quot; spec: &quot;Alignment&quot;
          }
      ]
  }

	at beast.util.JSONParser.initPlugins(Unknown Source)
	at beast.util.JSONParser.parse(Unknown Source)
	at beast.util.JSONParser.parseFile(Unknown Source)
	at test.beast.util.JSONTest.testJSONtoXMLtoJSON(Unknown Source)
</error>
  </testcase>
  <system-out><![CDATA[]]></system-out>
  <system-err><![CDATA[beast.core.Alignment
beast.core.beast.core.State
beast.evolution.alignment.beast.core.State
beast.evolution.tree.coalescent.beast.core.State
beast.core.util.beast.core.State
beast.evolution.nuc.beast.core.State
beast.evolution.operators.beast.core.State
beast.evolution.sitemodel.beast.core.State
beast.evolution.substitutionmodel.beast.core.State
beast.evolution.likelihood.beast.core.State
beast.core.beast.evolution.tree.Tree
beast.evolution.alignment.beast.evolution.tree.Tree
beast.evolution.tree.coalescent.beast.evolution.tree.Tree
beast.core.util.beast.evolution.tree.Tree
beast.evolution.nuc.beast.evolution.tree.Tree
beast.evolution.operators.beast.evolution.tree.Tree
beast.evolution.sitemodel.beast.evolution.tree.Tree
beast.evolution.substitutionmodel.beast.evolution.tree.Tree
beast.evolution.likelihood.beast.evolution.tree.Tree
beast.core.beast.evolution.tree.RandomTree
beast.evolution.alignment.beast.evolution.tree.RandomTree
beast.evolution.tree.coalescent.beast.evolution.tree.RandomTree
beast.core.util.beast.evolution.tree.RandomTree
beast.evolution.nuc.beast.evolution.tree.RandomTree
beast.evolution.operators.beast.evolution.tree.RandomTree
beast.evolution.sitemodel.beast.evolution.tree.RandomTree
beast.evolution.substitutionmodel.beast.evolution.tree.RandomTree
beast.evolution.likelihood.beast.evolution.tree.RandomTree
beast.core.FilteredAlignment
beast.core.beast.core.parameter.IntegerParameter
beast.evolution.alignment.beast.core.parameter.IntegerParameter
beast.evolution.tree.coalescent.beast.core.parameter.IntegerParameter
beast.core.util.beast.core.parameter.IntegerParameter
beast.evolution.nuc.beast.core.parameter.IntegerParameter
beast.evolution.operators.beast.core.parameter.IntegerParameter
beast.evolution.sitemodel.beast.core.parameter.IntegerParameter
beast.evolution.substitutionmodel.beast.core.parameter.IntegerParameter
beast.evolution.likelihood.beast.core.parameter.IntegerParameter
beast.core.ConstantPopulation
beast.evolution.alignment.ConstantPopulation
beast.core.beast.core.parameter.RealParameter
beast.evolution.alignment.beast.core.parameter.RealParameter
beast.evolution.tree.coalescent.beast.core.parameter.RealParameter
beast.core.util.beast.core.parameter.RealParameter
beast.evolution.nuc.beast.core.parameter.RealParameter
beast.evolution.operators.beast.core.parameter.RealParameter
beast.evolution.sitemodel.beast.core.parameter.RealParameter
beast.evolution.substitutionmodel.beast.core.parameter.RealParameter
beast.evolution.likelihood.beast.core.parameter.RealParameter
beast.core.beast.math.distributions.Prior
beast.evolution.alignment.beast.math.distributions.Prior
beast.evolution.tree.coalescent.beast.math.distributions.Prior
beast.core.util.beast.math.distributions.Prior
beast.evolution.nuc.beast.math.distributions.Prior
beast.evolution.operators.beast.math.distributions.Prior
beast.evolution.sitemodel.beast.math.distributions.Prior
beast.evolution.substitutionmodel.beast.math.distributions.Prior
beast.evolution.likelihood.beast.math.distributions.Prior
beast.core.beast.math.distributions.OneOnX
beast.evolution.alignment.beast.math.distributions.OneOnX
beast.evolution.tree.coalescent.beast.math.distributions.OneOnX
beast.core.util.beast.math.distributions.OneOnX
beast.evolution.nuc.beast.math.distributions.OneOnX
beast.evolution.operators.beast.math.distributions.OneOnX
beast.evolution.sitemodel.beast.math.distributions.OneOnX
beast.evolution.substitutionmodel.beast.math.distributions.OneOnX
beast.evolution.likelihood.beast.math.distributions.OneOnX
beast.core.TreeLikelihood
beast.evolution.alignment.TreeLikelihood
beast.evolution.tree.coalescent.TreeLikelihood
beast.core.util.TreeLikelihood
beast.evolution.nuc.TreeLikelihood
beast.evolution.operators.TreeLikelihood
beast.evolution.sitemodel.TreeLikelihood
beast.evolution.substitutionmodel.TreeLikelihood
beast.core.SiteModel
beast.evolution.alignment.SiteModel
beast.evolution.tree.coalescent.SiteModel
beast.core.util.SiteModel
beast.evolution.nuc.SiteModel
beast.evolution.operators.SiteModel
beast.core.HKY
beast.evolution.alignment.HKY
beast.evolution.tree.coalescent.HKY
beast.core.util.HKY
beast.evolution.nuc.HKY
beast.evolution.operators.HKY
beast.evolution.sitemodel.HKY
beast.core.beast.evolution.substitutionmodel.Frequencies
beast.evolution.alignment.beast.evolution.substitutionmodel.Frequencies
beast.evolution.tree.coalescent.beast.evolution.substitutionmodel.Frequencies
beast.core.util.beast.evolution.substitutionmodel.Frequencies
beast.evolution.nuc.beast.evolution.substitutionmodel.Frequencies
beast.evolution.operators.beast.evolution.substitutionmodel.Frequencies
beast.evolution.sitemodel.beast.evolution.substitutionmodel.Frequencies
beast.evolution.substitutionmodel.beast.evolution.substitutionmodel.Frequencies
beast.evolution.likelihood.beast.evolution.substitutionmodel.Frequencies
beast.core.ScaleOperator
beast.evolution.alignment.ScaleOperator
beast.evolution.tree.coalescent.ScaleOperator
beast.core.util.ScaleOperator
beast.evolution.nuc.ScaleOperator
beast.core.ScaleOperator
beast.evolution.alignment.ScaleOperator
beast.evolution.tree.coalescent.ScaleOperator
beast.core.util.ScaleOperator
beast.evolution.nuc.ScaleOperator
beast.core.SubtreeSlide
beast.evolution.alignment.SubtreeSlide
beast.evolution.tree.coalescent.SubtreeSlide
beast.core.util.SubtreeSlide
beast.evolution.nuc.SubtreeSlide
beast.core.Uniform
beast.evolution.alignment.Uniform
beast.evolution.tree.coalescent.Uniform
beast.core.util.Uniform
beast.evolution.nuc.Uniform
beast.core.SubtreeSlide
beast.evolution.alignment.SubtreeSlide
beast.evolution.tree.coalescent.SubtreeSlide
beast.core.util.SubtreeSlide
beast.evolution.nuc.SubtreeSlide
beast.core.Exchange
beast.evolution.alignment.Exchange
beast.evolution.tree.coalescent.Exchange
beast.core.util.Exchange
beast.evolution.nuc.Exchange
beast.core.Exchange
beast.evolution.alignment.Exchange
beast.evolution.tree.coalescent.Exchange
beast.core.util.Exchange
beast.evolution.nuc.Exchange
beast.core.WilsonBalding
beast.evolution.alignment.WilsonBalding
beast.evolution.tree.coalescent.WilsonBalding
beast.core.util.WilsonBalding
beast.evolution.nuc.WilsonBalding
beast.core.beast.core.Logger
beast.evolution.alignment.beast.core.Logger
beast.evolution.tree.coalescent.beast.core.Logger
beast.core.util.beast.core.Logger
beast.evolution.nuc.beast.core.Logger
beast.evolution.operators.beast.core.Logger
beast.evolution.sitemodel.beast.core.Logger
beast.evolution.substitutionmodel.beast.core.Logger
beast.evolution.likelihood.beast.core.Logger
beast.core.beast.evolution.tree.TreeHeightLogger
beast.evolution.alignment.beast.evolution.tree.TreeHeightLogger
beast.evolution.tree.coalescent.beast.evolution.tree.TreeHeightLogger
beast.core.util.beast.evolution.tree.TreeHeightLogger
beast.evolution.nuc.beast.evolution.tree.TreeHeightLogger
beast.evolution.operators.beast.evolution.tree.TreeHeightLogger
beast.evolution.sitemodel.beast.evolution.tree.TreeHeightLogger
beast.evolution.substitutionmodel.beast.evolution.tree.TreeHeightLogger
beast.evolution.likelihood.beast.evolution.tree.TreeHeightLogger
beast.core.beast.core.Logger
beast.evolution.alignment.beast.core.Logger
beast.evolution.tree.coalescent.beast.core.Logger
beast.core.util.beast.core.Logger
beast.evolution.nuc.beast.core.Logger
beast.evolution.operators.beast.core.Logger
beast.evolution.sitemodel.beast.core.Logger
beast.evolution.substitutionmodel.beast.core.Logger
beast.evolution.likelihood.beast.core.Logger
beast.core.beast.core.Logger
beast.evolution.alignment.beast.core.Logger
beast.evolution.tree.coalescent.beast.core.Logger
beast.core.util.beast.core.Logger
beast.evolution.nuc.beast.core.Logger
beast.evolution.operators.beast.core.Logger
beast.evolution.sitemodel.beast.core.Logger
beast.evolution.substitutionmodel.beast.core.Logger
beast.evolution.likelihood.beast.core.Logger
java.lang.NullPointerException
	at beast.evolution.alignment.Sequence.initProbabilities(Unknown Source)
	at beast.evolution.alignment.Sequence.initAndValidate(Unknown Source)
	at beast.evolution.alignment.Sequence.<init>(Unknown Source)
	at beast.evolution.alignment.Alignment.initAndValidate(Unknown Source)
	at beast.util.JSONParser.initPlugins(Unknown Source)
	at beast.util.JSONParser.parse(Unknown Source)
	at beast.util.JSONParser.parseFile(Unknown Source)
	at test.beast.util.JSONTest.testJSONtoXMLtoJSON(Unknown Source)
	at sun.reflect.NativeMethodAccessorImpl.invoke0(Native Method)
	at sun.reflect.NativeMethodAccessorImpl.invoke(NativeMethodAccessorImpl.java:62)
	at sun.reflect.DelegatingMethodAccessorImpl.invoke(DelegatingMethodAccessorImpl.java:43)
	at java.lang.reflect.Method.invoke(Method.java:497)
	at junit.framework.TestCase.runTest(TestCase.java:168)
	at junit.framework.TestCase.runBare(TestCase.java:134)
	at junit.framework.TestResult$1.protect(TestResult.java:110)
	at junit.framework.TestResult.runProtected(TestResult.java:128)
	at junit.framework.TestResult.run(TestResult.java:113)
	at junit.framework.TestCase.run(TestCase.java:124)
	at junit.framework.TestSuite.runTest(TestSuite.java:243)
	at junit.framework.TestSuite.run(TestSuite.java:238)
	at org.apache.tools.ant.taskdefs.optional.junit.JUnitTestRunner.run(JUnitTestRunner.java:535)
	at org.apache.tools.ant.taskdefs.optional.junit.JUnitTestRunner.launch(JUnitTestRunner.java:1182)
	at org.apache.tools.ant.taskdefs.optional.junit.JUnitTestRunner.main(JUnitTestRunner.java:1033)
]]></system-err>
</testsuite>
