<?xml version="1.0" encoding="UTF-8" ?>
<testsuite errors="0" failures="0" hostname="Justins-MacBook-Pro.local" name="test.beast.math.distributions.LogNormalDistributionModelTest" skipped="0" tests="4" time="1.043" timestamp="2015-10-12T21:24:03">
  <properties>
    <property name="java.vendor" value="Oracle Corporation" />
    <property name="sun.java.launcher" value="SUN_STANDARD" />
    <property name="BEAUti_name" value="BEAUti" />
    <property name="sun.management.compiler" value="HotSpot 64-Bit Tiered Compilers" />
    <property name="dist" value="/Users/justinbricker/workspace/beast2/build/dist" />
    <property name="lib" value="/Users/justinbricker/workspace/beast2/lib" />
    <property name="os.name" value="Mac OS X" />
    <property name="sun.boot.class.path" value="/Library/Java/JavaVirtualMachines/jdk1.8.0_45.jdk/Contents/Home/jre/lib/resources.jar:/Library/Java/JavaVirtualMachines/jdk1.8.0_45.jdk/Contents/Home/jre/lib/rt.jar:/Library/Java/JavaVirtualMachines/jdk1.8.0_45.jdk/Contents/Home/jre/lib/sunrsasign.jar:/Library/Java/JavaVirtualMachines/jdk1.8.0_45.jdk/Contents/Home/jre/lib/jsse.jar:/Library/Java/JavaVirtualMachines/jdk1.8.0_45.jdk/Contents/Home/jre/lib/jce.jar:/Library/Java/JavaVirtualMachines/jdk1.8.0_45.jdk/Contents/Home/jre/lib/charsets.jar:/Library/Java/JavaVirtualMachines/jdk1.8.0_45.jdk/Contents/Home/jre/lib/jfr.jar:/Library/Java/JavaVirtualMachines/jdk1.8.0_45.jdk/Contents/Home/jre/classes" />
    <property name="AppStore_name" value="AppStore" />
    <property name="report" value="build/junitreport" />
    <property name="common_dir" value="release/common" />
    <property name="java.vm.specification.vendor" value="Oracle Corporation" />
    <property name="ant.home" value="/Users/justinbricker/Playground/src/apache-ant-1.9.6/" />
    <property name="java.runtime.version" value="1.8.0_45-b14" />
    <property name="main_class_BEAST" value="beast.app.beastapp.BeastMain" />
    <property name="Mac_package_dir" value="release/Mac/BEAST" />
    <property name="user.name" value="justinbricker" />
    <property name="AppleSigner" value="Developer ID Application: Remco Bouckaert (LHFJWE5U63)" />
    <property name="LogAnalyser_name" value="LogAnalyser" />
    <property name="user.language" value="en" />
    <property name="build" value="/Users/justinbricker/workspace/beast2/build" />
    <property name="sun.boot.library.path" value="/Library/Java/JavaVirtualMachines/jdk1.8.0_45.jdk/Contents/Home/jre/lib" />
    <property name="ant.project.default-target" value="build_jar_all_BEAST" />
    <property name="tools_dir" value="release/common/tools" />
    <property name="ant.project.name" value="BUILD_BEAST_2" />
    <property name="java.version" value="1.8.0_45" />
    <property name="version" value="2.3.1" />
    <property name="user.timezone" value="America/New_York" />
    <property name="sun.arch.data.model" value="64" />
    <property name="Linux_dir" value="release/Linux" />
    <property name="http.nonProxyHosts" value="local|*.local|169.254/16|*.169.254/16" />
    <property name="java.endorsed.dirs" value="/Library/Java/JavaVirtualMachines/jdk1.8.0_45.jdk/Contents/Home/jre/lib/endorsed" />
    <property name="doc" value="/Users/justinbricker/workspace/beast2/doc" />
    <property name="version_number" value="2.3.1" />
    <property name="sun.cpu.isalist" value="" />
    <property name="sun.jnu.encoding" value="UTF-8" />
    <property name="file.encoding.pkg" value="sun.io" />
    <property name="file.separator" value="/" />
    <property name="java.specification.name" value="Java Platform API Specification" />
    <property name="java.class.version" value="52.0" />
    <property name="src" value="/Users/justinbricker/workspace/beast2/src" />
    <property name="Mac_bundle_dir" value="release/Mac/BEAST/BEAST" />
    <property name="user.country" value="US" />
    <property name="java.home" value="/Library/Java/JavaVirtualMachines/jdk1.8.0_45.jdk/Contents/Home/jre" />
    <property name="java.vm.info" value="mixed mode" />
    <property name="Mac_dir" value="release/Mac" />
    <property name="ant.file" value="/Users/justinbricker/workspace/beast2/build.xml" />
    <property name="os.version" value="10.11" />
    <property name="release_dir" value="release" />
    <property name="path.separator" value=":" />
    <property name="java.vm.version" value="25.45-b02" />
    <property name="ant.library.dir" value="/Users/justinbricker/Playground/src/apache-ant-1.9.6//lib" />
    <property name="java.awt.printerjob" value="sun.lwawt.macosx.CPrinterJob" />
    <property name="sun.io.unicode.encoding" value="UnicodeBig" />
    <property name="beast1_dir" value="release/common/beast1" />
    <property name="awt.toolkit" value="sun.lwawt.macosx.LWCToolkit" />
    <property name="socksNonProxyHosts" value="local|*.local|169.254/16|*.169.254/16" />
    <property name="ftp.nonProxyHosts" value="local|*.local|169.254/16|*.169.254/16" />
    <property name="BEAST_name" value="BEAST" />
    <property name="TreeAnnotator_name" value="TreeAnnotator" />
    <property name="user.home" value="/Users/justinbricker" />
    <property name="java.specification.vendor" value="Oracle Corporation" />
    <property name="test" value="/Users/justinbricker/workspace/beast2/test" />
    <property name="ant.file.BUILD_BEAST_2" value="/Users/justinbricker/workspace/beast2/build.xml" />
    <property name="java.library.path" value="/Users/justinbricker/Library/Java/Extensions:/Library/Java/Extensions:/Network/Library/Java/Extensions:/System/Library/Java/Extensions:/usr/lib/java:." />
    <property name="java.vendor.url" value="http://java.oracle.com/" />
    <property name="java.vm.vendor" value="Oracle Corporation" />
    <property name="gopherProxySet" value="false" />
    <property name="copyright" value="Beast 2 development team 2011-2015" />
    <property name="java.runtime.name" value="Java(TM) SE Runtime Environment" />
    <property name="java.class.path" value="/Users/justinbricker/workspace/beast2/lib/beagle.jar:/Users/justinbricker/workspace/beast2/lib/jam.jar:/Users/justinbricker/workspace/beast2/lib/colt.jar:/Users/justinbricker/workspace/beast2/lib/fest.jar:/Users/justinbricker/workspace/beast2/lib/junit-4.8.2.jar:/Users/justinbricker/workspace/beast2/lib/antlr-runtime-4.5.jar:/Users/justinbricker/workspace/beast2/build:/Users/justinbricker/Playground/src/apache-ant-1.9.6/lib/junit-4.11.jar:/Users/justinbricker/Playground/src/apache-ant-1.9.6/lib/ant-launcher.jar:/Users/justinbricker/Playground/src/apache-ant-1.9.6/lib/ant.jar:/Users/justinbricker/Playground/src/apache-ant-1.9.6/lib/ant-junit.jar:/Users/justinbricker/Playground/src/apache-ant-1.9.6/lib/ant-junit4.jar" />
    <property name="sun.java.command" value="org.apache.tools.ant.taskdefs.optional.junit.JUnitTestRunner test.beast.math.distributions.LogNormalDistributionModelTest skipNonTests=false filtertrace=true haltOnError=false haltOnFailure=false formatter=org.apache.tools.ant.taskdefs.optional.junit.SummaryJUnitResultFormatter showoutput=false outputtoformatters=true logfailedtests=true threadid=0 logtestlistenerevents=false formatter=org.apache.tools.ant.taskdefs.optional.junit.XMLJUnitResultFormatter,/Users/justinbricker/workspace/beast2/build/junitreport/TEST-test.beast.math.distributions.LogNormalDistributionModelTest.xml crashfile=/Users/justinbricker/workspace/beast2/junitvmwatcher7669436029288325057.properties propsfile=/Users/justinbricker/workspace/beast2/junit4539984288805977623.properties" />
    <property name="ant.version" value="Apache Ant(TM) version 1.9.6 compiled on June 29 2015" />
    <property name="sdk_dir" value="release/BEAST_SDK" />
    <property name="junitfailed" value="true" />
    <property name="ant.file.type.BUILD_BEAST_2" value="file" />
    <property name="java.vm.specification.name" value="Java Virtual Machine Specification" />
    <property name="ant.file.type" value="file" />
    <property name="java.vm.specification.version" value="1.8" />
    <property name="sun.os.patch.level" value="unknown" />
    <property name="sun.cpu.endian" value="little" />
    <property name="Linux_package_dir" value="release/Linux/beast" />
    <property name="java.io.tmpdir" value="/var/folders/_7/hprlw3v106v8djm2d_pcm2200000gn/T/" />
    <property name="beast_name" value="beast" />
    <property name="java.vendor.url.bug" value="http://bugreport.sun.com/bugreport/" />
    <property name="java.awt.graphicsenv" value="sun.awt.CGraphicsEnvironment" />
    <property name="os.arch" value="x86_64" />
    <property name="java.ext.dirs" value="/Users/justinbricker/Library/Java/Extensions:/Library/Java/JavaVirtualMachines/jdk1.8.0_45.jdk/Contents/Home/jre/lib/ext:/Library/Java/Extensions:/Network/Library/Java/Extensions:/System/Library/Java/Extensions:/usr/lib/java" />
    <property name="user.dir" value="/Users/justinbricker/workspace/beast2" />
    <property name="line.separator" value="&#xa;" />
    <property name="java.vm.name" value="Java HotSpot(TM) 64-Bit Server VM" />
    <property name="basedir" value="/Users/justinbricker/workspace/beast2" />
    <property name="ant.java.version" value="1.8" />
    <property name="ant.core.lib" value="/Users/justinbricker/Playground/src/apache-ant-1.9.6/lib/ant.jar" />
    <property name="Windows_dir" value="release/Windows" />
    <property name="LogCombiner_name" value="LogCombiner" />
    <property name="file.encoding" value="UTF-8" />
    <property name="java.specification.version" value="1.8" />
    <property name="ant.project.invoked-targets" value="build_jar_all_BEAST" />
    <property name="Windows_package_dir" value="release/Windows/BEAST" />
  </properties>
  <testcase classname="test.beast.math.distributions.LogNormalDistributionModelTest" name="testCalcLogP" time="0.017" />
  <testcase classname="test.beast.math.distributions.LogNormalDistributionModelTest" name="testPDF" time="0.974" />
  <testcase classname="test.beast.math.distributions.LogNormalDistributionModelTest" name="testCalcLogP2" time="0.014" />
  <testcase classname="test.beast.math.distributions.LogNormalDistributionModelTest" name="testCalcLogP3" time="0.0" />
  <system-out><![CDATA[Testing 10000 random pdf calls
Testing logNormal[M=-1.4100356857230798 S=2.987976736035721].pdf(2.2061575236521955)
Testing logNormal[M=-3.9899237359983184 S=9.495791627389593].pdf(2.0424967508210754)
Testing logNormal[M=-1.1986336367827688 S=6.471781084177231].pdf(2.052516809091171)
Testing logNormal[M=-0.6104081732755295 S=5.469594117934072].pdf(2.1999190630880263)
Testing logNormal[M=3.2838549651522513 S=5.2494730443943896].pdf(1.7730241830432545)
Testing logNormal[M=-1.162749463713869 S=2.7527025476539935].pdf(2.07765819892605)
Testing logNormal[M=4.591625256085365 S=6.550435811106681].pdf(0.8537090208824589)
Testing logNormal[M=-4.071961305464181 S=1.2748796057806644].pdf(1.595558613254991)
Testing logNormal[M=-3.911924296594289 S=5.28654627586315].pdf(1.3208228020109583)
Testing logNormal[M=1.97939292885391 S=1.0034547361215052].pdf(0.1794572364034538)
Testing logNormal[M=3.605273491223798 S=5.6870657973969525].pdf(0.3838327672634624)
Testing logNormal[M=1.737531163088053 S=9.147963396668272].pdf(1.644469621557636)
Testing logNormal[M=-1.0039301034764856 S=7.0588816528561935].pdf(0.38588708945534134)
Testing logNormal[M=-0.8358827547026095 S=6.1300644558947415].pdf(0.22722501945999768)
Testing logNormal[M=4.163543266193246 S=3.521165031670488].pdf(2.279559206257744)
Testing logNormal[M=2.3063639536718785 S=7.33248167679988].pdf(1.3260140014447668)
Testing logNormal[M=2.3615344919169257 S=0.648927086160126].pdf(1.3960835179888968)
Testing logNormal[M=2.8835846438079837 S=5.511393257681078].pdf(1.2468299633770286)
Testing logNormal[M=-4.77580407591632 S=7.918770564341714].pdf(2.1217453953776446)
Testing logNormal[M=-1.652216152118955 S=8.562884995425259].pdf(0.5620892454883935)
Testing logNormal[M=2.780394818157238 S=7.4197192936138485].pdf(1.8608680924447134)
Testing logNormal[M=4.32136133531891 S=1.1055999539136918].pdf(1.8509918622350754)
Testing logNormal[M=3.903957605702093 S=9.900533381713592].pdf(1.2646009658342205)
Testing logNormal[M=2.5554164579086356 S=8.428701512313589].pdf(1.1967350438494933)
Testing logNormal[M=4.059817773580519 S=2.181302004260537].pdf(1.300276342254606)
Testing logNormal[M=-1.9883692606523962 S=6.437509267233051].pdf(0.25406758850726235)
Testing logNormal[M=0.15848696600545154 S=6.8421749700038506].pdf(1.7530683378128145)
Testing logNormal[M=3.2369333929961037 S=2.9432151897764647].pdf(0.7909243026937413)
Testing logNormal[M=4.452063611377039 S=6.204043561321421].pdf(1.8840667079782292)
Testing logNormal[M=4.764543828965607 S=2.87352953376062].pdf(1.559362356251456)
Testing logNormal[M=2.3059008669966072 S=6.975043933435796].pdf(2.1275489387655564)
Testing logNormal[M=2.054828426803182 S=5.02800986850569].pdf(1.243504487384247)
Testing logNormal[M=4.425421552489393 S=2.6659164970382965].pdf(2.2738940634335476)
Testing logNormal[M=3.607211472108382 S=9.268814145460288].pdf(0.17209289227377406)
Testing logNormal[M=2.8952643758631025 S=4.059586172889241].pdf(2.106820575673144)
Testing logNormal[M=-0.5004243935753578 S=2.9095426813254663].pdf(2.054369592700634)
Testing logNormal[M=1.9728668637822278 S=2.447480999539049].pdf(1.8401752526452821)
Testing logNormal[M=0.29217331078461495 S=9.04132061495432].pdf(2.2696344040886522)
Testing logNormal[M=-4.872261590668842 S=7.336400077639126].pdf(2.1317774445319633)
Testing logNormal[M=-2.2254965272798755 S=1.4309799910403587].pdf(0.4026225390874148)
Testing logNormal[M=-1.7018194684408128 S=9.441523379579696].pdf(2.02549248052187)
Testing logNormal[M=-4.813847689703538 S=7.431635288125595].pdf(1.1111172824072304)
Testing logNormal[M=-4.441491463063936 S=3.109316667606772].pdf(1.7095646681318497)
Testing logNormal[M=-4.548963836307539 S=2.239492308591524].pdf(0.2932984055106859)
Testing logNormal[M=0.0914464776589039 S=0.3582242823042492].pdf(2.2414606059484252)
Testing logNormal[M=1.6136215554245918 S=3.4746321335745423].pdf(1.3418192994243696)
Testing logNormal[M=-3.1128788231734483 S=9.344021741497901].pdf(1.5162116327863495)
Testing logNormal[M=1.8578398584258409 S=7.074896079364993].pdf(1.9126282707692963)
Testing logNormal[M=0.969716293553291 S=4.972865775258994].pdf(2.2402690959314726)
Testing logNormal[M=3.211846440567257 S=4.404957535489302].pdf(1.1610531078841622)
Testing logNormal[M=-1.207981121128868 S=7.889452292627719].pdf(1.2340325183894136)
Testing logNormal[M=-4.079155530252478 S=8.194799661579692].pdf(1.9513191877528813)
Testing logNormal[M=0.6752564109737671 S=0.09835891320016388].pdf(0.11992061393084254)
Testing logNormal[M=1.0756986463776776 S=8.597697853236996].pdf(1.9141942667469758)
Testing logNormal[M=2.0736946028977643 S=4.511122650527721].pdf(0.2329048734094696)
Testing logNormal[M=-4.213844856403077 S=4.057197310049045].pdf(2.0050514545004945)
Testing logNormal[M=0.4314800766593896 S=4.993145713506194].pdf(2.0884060231384955)
Testing logNormal[M=4.023996452918231 S=9.562980291842115].pdf(1.9180826295885876)
Testing logNormal[M=2.796906026896022 S=2.8391217518737633].pdf(1.9488304886021142)
Testing logNormal[M=4.064350784584899 S=9.936143276044582].pdf(0.8566243658468176)
Testing logNormal[M=-0.49475763014926244 S=6.888662055584865].pdf(1.2940000881118048)
Testing logNormal[M=1.2176347426465126 S=7.40500614222941].pdf(0.30929702264898373)
Testing logNormal[M=-0.29128582839889106 S=4.527679402296904].pdf(1.5153619644982486)
Testing logNormal[M=-0.7732140157316465 S=3.2333186459463983].pdf(1.4518318606735725)
Testing logNormal[M=2.1106211006292703 S=2.7376557066396434].pdf(1.7611250119673478)
Testing logNormal[M=0.5850366299421816 S=3.8581466180405197].pdf(1.5728393806094938)
Testing logNormal[M=-1.672132938938807 S=1.2838450249111055].pdf(1.5939964319763724)
Testing logNormal[M=-0.7121295820082141 S=0.49976243559769373].pdf(1.1251613682870634)
Testing logNormal[M=3.7793703879301397 S=0.822003966564635].pdf(1.860222945993773)
Testing logNormal[M=4.291547243967152 S=2.7125230722372438].pdf(2.267729680934486)
Testing logNormal[M=0.5392079982314781 S=0.44853297886681687].pdf(1.6691843898964729)
Testing logNormal[M=-3.5314214798324626 S=7.24452433983755].pdf(0.19757102916329675)
Testing logNormal[M=-4.414319404238382 S=3.8255823008854053].pdf(2.1437277130036874)
Testing logNormal[M=4.2947239009229925 S=7.342773124899792].pdf(0.570644802322044)
Testing logNormal[M=3.033785265365225 S=4.520589707236256].pdf(1.3808795888881358)
Testing logNormal[M=1.5486925300451695 S=1.8508703672141735].pdf(1.4817247210677733)
Testing logNormal[M=3.627945498324257 S=8.368633142549417].pdf(0.13870882706308296)
Testing logNormal[M=0.3707692274990171 S=6.77935468413958].pdf(0.11407171912977883)
Testing logNormal[M=4.08218909063647 S=2.7244394647979355].pdf(1.3121410636476465)
Testing logNormal[M=-0.5051741693996785 S=9.88535410131042].pdf(1.779207097581308)
Testing logNormal[M=2.0929220662640713 S=1.616120251731511].pdf(1.8121348742371213)
Testing logNormal[M=-4.8068700344548185 S=5.797116778091742].pdf(2.129686234415324)
Testing logNormal[M=-3.9596033458066895 S=9.710766273949492].pdf(1.5561714878499537)
Testing logNormal[M=-0.7227004530588026 S=1.6982939123441365].pdf(0.943964399566168)
Testing logNormal[M=-3.2169218942810627 S=2.2876417298403338].pdf(1.6445627930112436)
Testing logNormal[M=-2.327329871632865 S=2.1031075967264314].pdf(0.19431574122256734)
Testing logNormal[M=-0.5027581064592876 S=9.191439494526893].pdf(2.0058511691696816)
Testing logNormal[M=-4.112958745200609 S=3.082197964531399].pdf(2.294559918173806)
Testing logNormal[M=-2.596053654328431 S=7.078119079050184].pdf(1.8988791321124543)
Testing logNormal[M=-4.143277359339149 S=7.934107196361494].pdf(0.7010867369517786)
Testing logNormal[M=4.357398422911837 S=0.7102827862202632].pdf(0.7116136434937641)
Testing logNormal[M=-3.129686000512546 S=5.951942247105025].pdf(1.7344578863067743)
Testing logNormal[M=-3.2381899099924185 S=3.117620971679498].pdf(1.8989807667556948)
Testing logNormal[M=1.7097119357632256 S=6.040382961746843].pdf(1.7153201651937278)
Testing logNormal[M=-4.023979693288507 S=9.089176283599285].pdf(2.0996652729195766)
Testing logNormal[M=-4.0567710549354 S=6.645273736401421].pdf(0.06844931350512887)
Testing logNormal[M=3.3130696502760895 S=2.65531551534841].pdf(1.9865621599595238)
Testing logNormal[M=2.060930444312893 S=1.1356883298392118].pdf(1.3104570506920141)
Testing logNormal[M=0.7209611448872488 S=8.364372324714877].pdf(2.0054763291416475)
Testing logNormal[M=-1.4855238933291837 S=3.384827402705075].pdf(1.655394824602534)
Testing logNormal[M=2.646692098501651 S=7.24686327746035].pdf(2.0675516977450745)
Testing logNormal[M=2.4345360610720252 S=2.911240762599671].pdf(1.656473125140981)
Testing logNormal[M=-3.922524766440799 S=2.385095215998483].pdf(1.095206758881051)
Testing logNormal[M=0.5131871373605161 S=4.354805565155778].pdf(2.2358930563005677)
Testing logNormal[M=-0.0837484216497355 S=3.0819909950715365].pdf(0.7115015375432692)
Testing logNormal[M=-4.7887340971561425 S=1.242485224365757].pdf(1.3808478559837842)
Testing logNormal[M=-4.6736127105043686 S=4.2425331046514225].pdf(1.3113391031702304)
Testing logNormal[M=1.873283905932973 S=1.4456456149622654].pdf(1.0045725648875479)
Testing logNormal[M=-1.8728734393721256 S=1.051664628074438].pdf(1.956758767730801)
Testing logNormal[M=1.6463430748349204 S=7.825247682583017].pdf(2.0808283473176705)
Testing logNormal[M=4.479934788802428 S=6.960324890606513].pdf(2.248483693291514)
Testing logNormal[M=-0.1313632095026387 S=4.363632714709645].pdf(1.4403989023385984)
Testing logNormal[M=0.8177673826540737 S=2.700641147075533].pdf(1.3355458818038248)
Testing logNormal[M=1.3872517817857872 S=4.742932482999898].pdf(2.0228462201812114)
Testing logNormal[M=-1.605570404576607 S=4.56969723827002].pdf(2.095225308036)
Testing logNormal[M=3.034222372535387 S=4.01887890459869].pdf(1.881701032199215)
Testing logNormal[M=4.942010901352866 S=0.04003759686513786].pdf(0.16833364496072437)
Testing logNormal[M=3.9216977011903964 S=8.296271696383606].pdf(0.9676966744770727)
Testing logNormal[M=1.5003773763526986 S=3.913618738019138].pdf(2.2003601177525858)
Testing logNormal[M=3.997613081911151 S=1.9227082615621405].pdf(1.4832448109795335)
Testing logNormal[M=3.1230423557957856 S=5.699814436362879].pdf(1.6449526136019512)
Testing logNormal[M=3.996966306562168 S=3.800138927242841].pdf(1.9541629885552394)
Testing logNormal[M=2.783398025189987 S=9.550842661237654].pdf(2.0996053852735823)
Testing logNormal[M=2.627820918140994 S=3.7720177712260003].pdf(2.0650299274386743)
Testing logNormal[M=3.343966479499935 S=1.1447229024867656].pdf(1.9019247605616407)
Testing logNormal[M=4.505699600610596 S=3.589070531342987].pdf(1.9455061219812626)
Testing logNormal[M=-2.5903384094243718 S=7.430176387031214].pdf(1.374353531508578)
Testing logNormal[M=4.288028863576018 S=9.59814965061901].pdf(1.510333538295018)
Testing logNormal[M=3.31540031566969 S=2.849794010637651].pdf(0.8295515606300861)
Testing logNormal[M=3.5019876652239663 S=4.293713258498451].pdf(1.6483414271906038)
Testing logNormal[M=3.4479268412585267 S=9.676254607430907].pdf(1.2064280477481748)
Testing logNormal[M=1.6429594734154644 S=8.095429554096006].pdf(2.2620695412840033)
Testing logNormal[M=3.502367928550349 S=3.0768546585282475].pdf(1.7165488890999816)
Testing logNormal[M=-3.8217636752494233 S=7.9309485093128975].pdf(1.673996033592846)
Testing logNormal[M=-1.4848612640946488 S=4.009933498274638].pdf(2.2502915131412413)
Testing logNormal[M=4.053474280885705 S=1.95109679126237].pdf(1.0111686932664061)
Testing logNormal[M=2.3304672937627764 S=8.91356734465356].pdf(1.6221192200626275)
Testing logNormal[M=-2.034238060011062 S=4.900929971857229].pdf(1.4690812101095654)
Testing logNormal[M=-4.630861934068178 S=4.892860123614887].pdf(1.7974501645389294)
Testing logNormal[M=-3.7632303633462416 S=0.1563849105020665].pdf(1.7128784442600888)
Testing logNormal[M=-2.402379986158736 S=7.849998435477442].pdf(2.256654895706154)
Testing logNormal[M=-3.59112602353324 S=5.340165580029801].pdf(2.0757543638557503)
Testing logNormal[M=2.457324020222451 S=0.2627458735493249].pdf(2.2239658966472424)
Testing logNormal[M=1.0719482731409888 S=5.710591653470725].pdf(1.6933291999407887)
Testing logNormal[M=3.925967610023724 S=5.807136964957385].pdf(1.79646388984046)
Testing logNormal[M=-4.230616758956478 S=2.515830421970385].pdf(1.6308299355477636)
Testing logNormal[M=2.228880319490745 S=1.4783228060633569].pdf(1.314094451286095)
Testing logNormal[M=-0.8152177548807664 S=5.596279301120987].pdf(2.294851638595508)
Testing logNormal[M=1.048328082979885 S=4.280910768725396].pdf(2.0493458349670948)
Testing logNormal[M=-2.192727384573555 S=2.012953404839367].pdf(1.912453361003643)
Testing logNormal[M=-2.7820409655421905 S=3.1598894586359405].pdf(0.2967082206254619)
Testing logNormal[M=0.34508701554181087 S=4.643049086030009].pdf(2.0374277218052836)
Testing logNormal[M=-2.851516074339957 S=4.502630497428757].pdf(1.1428748316866348)
Testing logNormal[M=-3.660053871947946 S=2.904745079593644].pdf(1.7592896181778188)
Testing logNormal[M=2.0523908919433955 S=8.990338337786781].pdf(2.102468386354737)
Testing logNormal[M=-3.930691285344141 S=8.710304395170434].pdf(2.24076853219962)
Testing logNormal[M=-2.755378033313116 S=5.580427339664036].pdf(1.9482045245258197)
Testing logNormal[M=-4.0630701860439284 S=1.3856970200711383].pdf(1.8106732875365958)
Testing logNormal[M=-1.0309598797874786 S=0.46909529855144405].pdf(1.7190631453361984)
Testing logNormal[M=0.13214696333910947 S=4.687654346986791].pdf(0.7425023518720856)
Testing logNormal[M=-0.19640343251804815 S=9.115766523644378].pdf(1.2465844371036614)
Testing logNormal[M=4.175928676256852 S=1.8704730171673112].pdf(2.1847013206017243)
Testing logNormal[M=-0.688553060985015 S=5.565116403158767].pdf(1.9622315915040132)
Testing logNormal[M=0.9683522577724215 S=9.82116087428939].pdf(1.0428074409086512)
Testing logNormal[M=-3.7342709899709137 S=0.6234610942702734].pdf(1.3565239514275)
Testing logNormal[M=-4.341602363826894 S=2.531029812573512].pdf(1.6196697447469397)
Testing logNormal[M=0.33149324029601335 S=1.8609649847169418].pdf(2.2663600776557686)
Testing logNormal[M=0.5597506492484774 S=9.028819574760734].pdf(1.1854029251155322)
Testing logNormal[M=3.285253131363852 S=0.5705013646513202].pdf(1.8538179733634592)
Testing logNormal[M=-4.6709642899381905 S=8.060679165013351].pdf(1.3681241565793696)
Testing logNormal[M=2.283751038879309 S=8.360435250531099].pdf(0.608780486336197)
Testing logNormal[M=-2.0058031396859057 S=1.3989790637908095].pdf(0.0729719886517714)
Testing logNormal[M=4.1643017161135205 S=8.839575023627376].pdf(1.1588294520567757)
Testing logNormal[M=2.2887489632517166 S=0.7384376880968957].pdf(0.38591991431321515)
Testing logNormal[M=-3.4593861709675764 S=0.18853330441441107].pdf(0.38721111107436085)
Testing logNormal[M=1.4865943331031612 S=2.029019393876222].pdf(2.25912952532696)
Testing logNormal[M=0.5373125007800317 S=0.8070527506393188].pdf(1.9318233010931551)
Testing logNormal[M=1.3924548804983523 S=7.968572715402913].pdf(1.436014013522887)
Testing logNormal[M=0.6744540046046321 S=0.6278775370733303].pdf(1.3660156928693423)
Testing logNormal[M=-4.7678715991791645 S=6.961529480893046].pdf(2.100322671501095)
Testing logNormal[M=3.429902576783604 S=4.869927743501984].pdf(2.260339959547007)
Testing logNormal[M=1.7154367997749143 S=3.6792319180335453].pdf(1.8872277178913672)
Testing logNormal[M=-1.0390336115004137 S=7.4135103053067795].pdf(2.15436461178877)
Testing logNormal[M=4.835677483219095 S=3.8541454959889387].pdf(2.192234829563555)
Testing logNormal[M=-1.194456884564652 S=1.4767000456846968].pdf(1.199390370037334)
Testing logNormal[M=-2.699811392599628 S=5.365842929468675].pdf(1.8666135897233525)
Testing logNormal[M=4.439392991780917 S=1.635085788181504].pdf(1.4997495538694543)
Testing logNormal[M=4.02885334964617 S=9.32852042999758].pdf(2.1185404603966216)
Testing logNormal[M=-0.9529433947774439 S=1.847305869893059].pdf(2.162826125304984)
Testing logNormal[M=-2.6462257558993016 S=8.968286637297702].pdf(1.3665381063441837)
Testing logNormal[M=0.19439971465377504 S=9.963541037678503].pdf(1.9706822570583327)
Testing logNormal[M=-2.037158013497754 S=9.567897123759106].pdf(1.7022963508174254)
Testing logNormal[M=-1.4701487176178385 S=9.201531020679642].pdf(0.4480484623796398)
Testing logNormal[M=3.832762819199104 S=2.94417896725765].pdf(1.621358008850429)
Testing logNormal[M=3.6733549387178517 S=6.96167295596278].pdf(1.286255563685629)
Testing logNormal[M=0.48336840346878684 S=8.773871561992593].pdf(0.6332062270494968)
Testing logNormal[M=2.2154494568010428 S=5.991617125774668].pdf(1.0214703394546607)
Testing logNormal[M=-0.19505418339686287 S=4.831846399529679].pdf(0.9888125929029074)
Testing logNormal[M=-3.782948640561108 S=1.698681452790144].pdf(0.4972537612754364)
Testing logNormal[M=-3.141387423293213 S=5.314130970127966].pdf(1.930207041961843)
Testing logNormal[M=0.9702770549297721 S=5.380413455205591].pdf(0.8892363176584421)
Testing logNormal[M=-3.8148106434319007 S=2.644021782176238].pdf(2.288398449494682)
Testing logNormal[M=4.400921370265548 S=0.8582098370378244].pdf(2.194773209059747)
Testing logNormal[M=-1.6661936780945563 S=2.4763957602914233].pdf(2.041049687159443)
Testing logNormal[M=4.571472770941444 S=6.1310800325129335].pdf(1.7754457107313948)
Testing logNormal[M=-0.5898392837653033 S=7.0134751440214576].pdf(0.6483318367322713)
Testing logNormal[M=-0.8372341854541299 S=9.131830990651704].pdf(1.9589360935144962)
Testing logNormal[M=-1.1826768021676637 S=7.853631841046496].pdf(2.2882340484955006)
Testing logNormal[M=-0.1949042733966424 S=0.39646279102778736].pdf(2.0442982232343954)
Testing logNormal[M=-4.999694057201394 S=4.962906284278491].pdf(1.426355502154613)
Testing logNormal[M=-3.620652345479023 S=6.273702716166259].pdf(2.2543605004651037)
Testing logNormal[M=3.308095002761073 S=5.979113918520781].pdf(0.5654646617300083)
Testing logNormal[M=3.1446442861594264 S=7.10608771572557].pdf(2.125040116389901)
Testing logNormal[M=3.6746450179771646 S=8.466055472140365].pdf(0.8833709934502199)
Testing logNormal[M=-1.6809665850460966 S=4.76004077722788].pdf(2.2620895411204645)
Testing logNormal[M=-0.4621519643599701 S=8.54768184605321].pdf(2.072525368557407)
Testing logNormal[M=3.9946569427424397 S=9.072333476433538].pdf(0.8836166586800079)
Testing logNormal[M=4.989874351787954 S=8.935309783206154].pdf(1.0468202896724133)
Testing logNormal[M=2.181826850390829 S=8.772142789156423].pdf(2.1314990636345663)
Testing logNormal[M=-4.419428599115262 S=6.275155594076436].pdf(1.1335912138909379)
Testing logNormal[M=4.25988944333295 S=8.3388889283913].pdf(1.6140666180821912)
Testing logNormal[M=0.1921971144327994 S=5.87413604497172].pdf(2.2000448211842683)
Testing logNormal[M=3.7054605629608677 S=8.380664610794323].pdf(2.28204124252104)
Testing logNormal[M=-1.2750033964455252 S=9.49553953802777].pdf(1.7895417514811924)
Testing logNormal[M=-4.140236641589179 S=6.72692816322706].pdf(0.8497769205558238)
Testing logNormal[M=-4.575183606033186 S=4.139160456907178].pdf(1.770511574438021)
Testing logNormal[M=-3.41693560539475 S=1.53467371908251].pdf(1.2655791271242451)
Testing logNormal[M=-0.03001722284673125 S=5.734088848203753].pdf(1.5115175914299486)
Testing logNormal[M=-4.526971884375069 S=8.443209850039947].pdf(1.5973250189202894)
Testing logNormal[M=3.490845196131053 S=8.922922088253406].pdf(1.0317376177387314)
Testing logNormal[M=-3.7311115339739853 S=1.74663305765959].pdf(2.151894251998684)
Testing logNormal[M=-4.624892471850828 S=5.355211725559017].pdf(1.0587568367976425)
Testing logNormal[M=3.76815587407998 S=5.902252068246448].pdf(1.1085477533516936)
Testing logNormal[M=-2.5074174708202657 S=3.755077341675195].pdf(0.07568297700999575)
Testing logNormal[M=0.18322275902930052 S=4.563852131831469].pdf(0.7897143960100567)
Testing logNormal[M=1.3013761394882568 S=0.21744211427223714].pdf(1.4519908154764016)
Testing logNormal[M=2.317459745920064 S=7.970388942634936].pdf(2.224213923103937)
Testing logNormal[M=-1.0617337739350994 S=9.109392800627345].pdf(1.1915408588385188)
Testing logNormal[M=-0.7562812305391287 S=8.007284842510199].pdf(2.1627306524248078)
Testing logNormal[M=4.171017860166618 S=1.4365967915280031].pdf(1.4394265643109299)
Testing logNormal[M=1.7901707601871353 S=0.6470039972690034].pdf(1.5837771053372511)
Testing logNormal[M=2.9409718844957418 S=0.6317803918897336].pdf(1.5248910697909164)
Testing logNormal[M=-4.208384618242631 S=3.0936833718379964].pdf(2.1449041028429434)
Testing logNormal[M=2.4649958192542796 S=6.929532498602782].pdf(2.1087399500267954)
Testing logNormal[M=3.7859605773568514 S=1.1750912720485596].pdf(1.56112171372975)
Testing logNormal[M=-0.5811576301944852 S=2.130750792119743].pdf(1.4779350973869707)
Testing logNormal[M=1.8118097369144168 S=2.1140649409870393].pdf(1.7103795584493071)
Testing logNormal[M=2.341065244098526 S=5.586782404445698].pdf(2.1105989263623193)
Testing logNormal[M=2.7891656773635107 S=7.2548361248826385].pdf(1.721177341813362)
Testing logNormal[M=-4.30901294018565 S=6.6751752420186525].pdf(2.0408324283697428)
Testing logNormal[M=-0.20454626455661362 S=6.742185176536802].pdf(0.009339332858824484)
Testing logNormal[M=4.948605081363365 S=7.4719189158207655].pdf(1.4880148430926132)
Testing logNormal[M=-4.491010075863894 S=6.386256134920964].pdf(1.7837646179706954)
Testing logNormal[M=4.940372128988429 S=0.8213721560025578].pdf(1.79504395815574)
Testing logNormal[M=-0.08975489014768545 S=2.4872937382131264].pdf(0.09323532860234297)
Testing logNormal[M=-4.887081705186952 S=8.105751858083845].pdf(2.1014331552371197)
Testing logNormal[M=1.7050065339995228 S=1.45538604168581].pdf(1.429473249433086)
Testing logNormal[M=2.876107587080263 S=0.23088860701066083].pdf(1.4584392623557916)
Testing logNormal[M=0.02885354060154377 S=0.07217903018853722].pdf(2.282921378261464)
Testing logNormal[M=-1.7647466650146226 S=7.652419130476982].pdf(2.1665715426803063)
Testing logNormal[M=-0.055995974160879314 S=8.354848991047906].pdf(2.0505342143958214)
Testing logNormal[M=2.7864735640985323 S=6.613974924105262].pdf(0.5014182052714847)
Testing logNormal[M=3.5665150308554434 S=0.02619847175207246].pdf(2.1441129837117834)
Testing logNormal[M=-4.427743285208666 S=3.6364031372931382].pdf(1.7547097201363986)
Testing logNormal[M=-3.9403470228088966 S=1.0489125978377967].pdf(2.0052419203883534)
Testing logNormal[M=4.360772688301424 S=2.655596776050838].pdf(1.5361243677703906)
Testing logNormal[M=-3.7750282475495966 S=6.453506933717438].pdf(1.5083377213096005)
Testing logNormal[M=1.0257034437171715 S=6.982537962287393].pdf(1.9585182474165435)
Testing logNormal[M=-4.026514849384098 S=4.158329847818986].pdf(1.9728053315195355)
Testing logNormal[M=0.31324792428868165 S=6.655524433884729].pdf(1.6783171457288775)
Testing logNormal[M=-3.811345894204603 S=1.4109701937975094].pdf(0.7375852062029502)
Testing logNormal[M=-1.5545134501631583 S=7.230684474847278].pdf(1.75347514060954)
Testing logNormal[M=-3.9633118007487758 S=2.6413214739350064].pdf(0.8427458026085036)
Testing logNormal[M=3.506442112507557 S=7.9564064685723945].pdf(0.22219194989701896)
Testing logNormal[M=0.871755354718811 S=8.687834386170449].pdf(0.500525673223105)
Testing logNormal[M=3.501777935080293 S=7.794591657032517].pdf(1.8280517608424438)
Testing logNormal[M=-1.7683504880566758 S=3.279855512952655].pdf(1.8293183543746996)
Testing logNormal[M=1.0180387546332925 S=2.294938208367654].pdf(2.072593690784467)
Testing logNormal[M=-0.19818268442595954 S=2.1869802564433085].pdf(1.1560363943714898)
Testing logNormal[M=-3.5262664683236986 S=5.833031312681209].pdf(0.28956216954890374)
Testing logNormal[M=-0.9268825048424194 S=9.47501901825859].pdf(0.23328826172370112)
Testing logNormal[M=-2.2253009441957374 S=2.858862678896137].pdf(1.7436759161252096)
Testing logNormal[M=4.94026531949773 S=2.941664328797896].pdf(1.7724908387532883)
Testing logNormal[M=-0.8360473689897416 S=3.547588901362916].pdf(0.5176631614693562)
Testing logNormal[M=3.28349134872372 S=3.942078263873856].pdf(0.43068159293981556)
Testing logNormal[M=1.267817874085095 S=5.292222594119189].pdf(1.3795130200161378)
Testing logNormal[M=-4.111256140827731 S=0.12287500520423156].pdf(1.9199921377277733)
Testing logNormal[M=4.780343916696756 S=0.6079652853482098].pdf(1.3322766842989522)
Testing logNormal[M=0.5051214116825262 S=5.996765126944602].pdf(1.68937330738217)
Testing logNormal[M=4.552385494901824 S=1.8920318263462732].pdf(1.919798184375818)
Testing logNormal[M=2.7758011750093514 S=7.327166952548478].pdf(2.204864773924698)
Testing logNormal[M=-1.7516148190634206 S=2.5498895004814526].pdf(2.171156500780393)
Testing logNormal[M=-1.9552813567815228 S=0.3195559003322579].pdf(1.3756961245181405)
Testing logNormal[M=3.5502248411306727 S=4.497838331754495].pdf(2.2773526610841115)
Testing logNormal[M=-4.782388973405684 S=6.6389393371023235].pdf(0.7554953779743419)
Testing logNormal[M=-1.5814438452160684 S=7.284133129919439].pdf(1.1116091693373633)
Testing logNormal[M=2.779367089516552 S=0.9125349101073454].pdf(2.2442749039644547)
Testing logNormal[M=1.9744257199324258 S=8.733669772917555].pdf(0.0892867336152088)
Testing logNormal[M=0.7526209629930882 S=3.1629872243061383].pdf(0.9795174368775046)
Testing logNormal[M=-3.7193650029317684 S=4.674351111136128].pdf(2.228347848669888)
Testing logNormal[M=4.2864646529357096 S=8.252613407697591].pdf(1.6726820245199008)
Testing logNormal[M=2.8329033415555207 S=4.745364339804987].pdf(1.924483030221816)
Testing logNormal[M=3.3614183552195396 S=7.827985840173976].pdf(1.8017465538263118)
Testing logNormal[M=-4.293696486529756 S=7.058540592237823].pdf(2.1153805436888695)
Testing logNormal[M=0.6563175929310479 S=4.073918154083848].pdf(1.3043112356095552)
Testing logNormal[M=-2.1423930086988827 S=6.210420464394203].pdf(1.212943897794918)
Testing logNormal[M=-0.7582579861966714 S=2.086659740305926].pdf(2.0681618686811523)
Testing logNormal[M=-0.20317899126730765 S=4.992658645832524].pdf(1.665555353468231)
Testing logNormal[M=0.9160687390214317 S=9.557803251024913].pdf(1.6019981328565371)
Testing logNormal[M=-4.1951253410623455 S=4.177440931149041].pdf(2.060002456207136)
Testing logNormal[M=3.7329368777679353 S=5.543963093950268].pdf(0.3598284377408183)
Testing logNormal[M=4.835480585258104 S=7.176293817141605].pdf(1.2678873363880925)
Testing logNormal[M=-2.891722710842907 S=9.408539493906853].pdf(1.5519511437977367)
Testing logNormal[M=2.7477249904591314 S=9.132034981361684].pdf(1.3174529979058145)
Testing logNormal[M=-2.5764555271059564 S=8.766340059345048].pdf(1.6704997021128751)
Testing logNormal[M=1.768577295987578 S=7.18073281963059].pdf(2.027821044182273)
Testing logNormal[M=-0.14057537701405387 S=7.5843776680877095].pdf(2.165993778160621)
Testing logNormal[M=-0.9122676688824827 S=6.821657708081716].pdf(1.6203824170232473)
Testing logNormal[M=2.708538587678868 S=1.7431029649288443].pdf(2.066140756185907)
Testing logNormal[M=3.887144309880604 S=0.1746123585991044].pdf(1.0140350345527838)
Testing logNormal[M=-1.761902978043187 S=5.90193368669484].pdf(0.551549282432286)
Testing logNormal[M=1.414259118408367 S=3.2358607374389203].pdf(0.13650197372864553)
Testing logNormal[M=-0.554046265641106 S=6.601024780410962].pdf(1.8646436241292779)
Testing logNormal[M=0.40115127214288204 S=3.8849438259530347].pdf(0.8189633631933195)
Testing logNormal[M=-2.232060676381342 S=2.416222212005059].pdf(2.2592826673775455)
Testing logNormal[M=0.4135227708454403 S=3.9933153323235206].pdf(2.114690371156407)
Testing logNormal[M=-1.381327530935852 S=1.2286909079234154].pdf(2.09374329454716)
Testing logNormal[M=0.589887907667098 S=2.0336303393758506].pdf(2.247957387826133)
Testing logNormal[M=-3.080499390794238 S=8.59477205242859].pdf(1.8486699193714056)
Testing logNormal[M=-3.6875727844491966 S=1.6003862511409161].pdf(0.15224754397712337)
Testing logNormal[M=-0.6475133254135548 S=2.5853540111003137].pdf(1.6901586276723575)
Testing logNormal[M=2.847324257758647 S=4.31835207677805].pdf(1.3902365022028649)
Testing logNormal[M=-2.37941139048623 S=0.49234756377542266].pdf(0.38590375171674646)
Testing logNormal[M=2.875415518181814 S=5.237665041676211].pdf(1.2355317954772687)
Testing logNormal[M=-1.1148337321996027 S=9.883459682499197].pdf(0.35991593912440917)
Testing logNormal[M=-1.268094095739004 S=1.9596131302740305].pdf(0.38192606197185847)
Testing logNormal[M=-0.502158220002852 S=8.560379952553234].pdf(0.7944663464722247)
Testing logNormal[M=-0.4474104576000464 S=4.073266660299129].pdf(1.9832771297395044)
Testing logNormal[M=1.5447224087076892 S=5.499329570181804].pdf(2.10292512644893)
Testing logNormal[M=-4.6002018015437605 S=8.011064547539664].pdf(1.835690071513457)
Testing logNormal[M=-3.309762314841078 S=5.647675184774781].pdf(2.063620156276449)
Testing logNormal[M=1.2602009571728274 S=9.123040531787806].pdf(1.8461109417033539)
Testing logNormal[M=0.38723993895712105 S=5.321495846452398].pdf(1.3689108794799687)
Testing logNormal[M=3.490728240295226 S=0.6520350867252711].pdf(0.6795613594198137)
Testing logNormal[M=3.658884832196133 S=4.0976998539080896].pdf(1.7039480571986017)
Testing logNormal[M=-4.442342642848961 S=4.21212653708918].pdf(0.3170265257762271)
Testing logNormal[M=4.412153460504351 S=9.936939379794895].pdf(1.2161536997670792)
Testing logNormal[M=-0.0677688653773103 S=3.023193141371018].pdf(1.482983110116466)
Testing logNormal[M=4.795256932777818 S=0.8559381675780819].pdf(1.9636735588022431)
Testing logNormal[M=-4.24892764109027 S=4.172748662318573].pdf(2.203788428869348)
Testing logNormal[M=4.817061248057325 S=7.608989675704257].pdf(1.2991348619285918)
Testing logNormal[M=2.931910559839924 S=8.380819969774707].pdf(1.845315072791052)
Testing logNormal[M=1.561805638943131 S=8.179583793977338].pdf(1.2913096355820117)
Testing logNormal[M=-0.5405701420792273 S=7.461240880271356].pdf(1.3543428307600944)
Testing logNormal[M=1.1226642240074902 S=2.4455429544213803].pdf(1.1439982569456153)
Testing logNormal[M=1.477104746142417 S=6.267231571932883].pdf(2.1519714945328468)
Testing logNormal[M=2.5789541295880447 S=6.738064796512133].pdf(0.17250518929340747)
Testing logNormal[M=-2.4597501120684018 S=2.474460466436189].pdf(1.5998536656262252)
Testing logNormal[M=1.0599254802072178 S=8.08817492815162].pdf(2.0628802803177666)
Testing logNormal[M=-0.11085807058014563 S=1.2958915125548276].pdf(1.4387717000628617)
Testing logNormal[M=4.198577187046578 S=8.992366610976745].pdf(1.2468928051064825)
Testing logNormal[M=-4.571176374519929 S=4.070113928993951].pdf(2.1108163407337277)
Testing logNormal[M=-1.6682458442987924 S=8.364350400862934].pdf(2.271125473020752)
Testing logNormal[M=2.6132164669158042 S=2.7267449207209573].pdf(1.6326963257882703)
Testing logNormal[M=3.1689399542949808 S=0.9178858233410359].pdf(1.632765027411791)
Testing logNormal[M=0.9663148844321299 S=4.407949378371292].pdf(1.120451717856786)
Testing logNormal[M=3.9044210132990855 S=1.5739191789880036].pdf(1.890189979464814)
Testing logNormal[M=-4.2843464076336275 S=1.243606534658076].pdf(2.0159273739651726)
Testing logNormal[M=-2.342651228376895 S=7.150680019891946].pdf(0.6722722025494534)
Testing logNormal[M=1.2615515959879566 S=1.337951342708441].pdf(1.8147576537345165)
Testing logNormal[M=0.9788269659812681 S=9.138363620976621].pdf(2.1726992285537787)
Testing logNormal[M=2.3003440750723456 S=4.457540376964352].pdf(1.127243620789509)
Testing logNormal[M=1.2203095775222073 S=8.505243640199069].pdf(0.6846135758310251)
Testing logNormal[M=2.118309221350863 S=6.714533226875185].pdf(0.624092430466613)
Testing logNormal[M=-3.064671648095527 S=1.999268543804571].pdf(2.0094655058639046)
Testing logNormal[M=-4.358366021413502 S=4.45346339515079].pdf(0.6836156892679747)
Testing logNormal[M=-4.481401079709348 S=9.093123415359836].pdf(2.080979756681014)
Testing logNormal[M=0.23803325680883702 S=3.9196724669112113].pdf(0.8738827791968414)
Testing logNormal[M=-2.934574546634562 S=3.5111846411181].pdf(1.5912084927079468)
Testing logNormal[M=-0.44588105028262603 S=5.360258831854791].pdf(1.8126847608041459)
Testing logNormal[M=0.9997881218497398 S=5.739875066210418].pdf(1.2454545362372584)
Testing logNormal[M=4.620275343435326 S=4.229491310616888].pdf(1.3221060843422132)
Testing logNormal[M=-3.1567141706483905 S=7.31308591116599].pdf(1.7048052982352961)
Testing logNormal[M=1.3826172312167238 S=5.4273124803392125].pdf(1.8092860186477835)
Testing logNormal[M=-3.809696143941136 S=4.931151828172258].pdf(1.6630720163572108)
Testing logNormal[M=3.7333892268638476 S=8.573711116408102].pdf(1.1540933154189554)
Testing logNormal[M=0.5280751188723638 S=6.736177106277953].pdf(1.7053070248459103)
Testing logNormal[M=2.277523341740193 S=2.909475323504138].pdf(0.15048656089833143)
Testing logNormal[M=-1.6499058843026662 S=4.025843083887988].pdf(1.9854449062514175)
Testing logNormal[M=-0.5266290265191493 S=1.8793939814694338].pdf(1.3767956404029802)
Testing logNormal[M=-2.848126775759352 S=4.6720058673973845].pdf(1.0561621475832268)
Testing logNormal[M=-1.331940045749953 S=2.539339557972263].pdf(1.2930663120477355)
Testing logNormal[M=-3.8930347349389818 S=4.505208510181893].pdf(0.5557303536910169)
Testing logNormal[M=-1.0840428513046971 S=7.375501578401524].pdf(2.168935221538779)
Testing logNormal[M=3.241102369623686 S=7.5428660490121935].pdf(2.144231336793866)
Testing logNormal[M=-3.4917046604377977 S=9.693129263421897].pdf(0.3161440685070672)
Testing logNormal[M=1.1690628210604839 S=1.5918412231069046].pdf(2.015633308070638)
Testing logNormal[M=-3.670651031636466 S=4.571958117248567].pdf(1.7659292645752651)
Testing logNormal[M=0.3101447823433965 S=3.3433443700539245].pdf(2.1801386368091498)
Testing logNormal[M=1.3703430239460923 S=2.525522611632404].pdf(1.7454281304283592)
Testing logNormal[M=-0.33422416324766324 S=7.85916113503458].pdf(2.1031602037274704)
Testing logNormal[M=2.946501340715834 S=8.10411629991161].pdf(1.251622335066355)
Testing logNormal[M=-1.14140051959984 S=1.7036154309453377].pdf(1.696839830366567)
Testing logNormal[M=0.3042733986524295 S=7.81529715338165].pdf(2.2260073667570173)
Testing logNormal[M=4.613038683033517 S=5.384431624921186].pdf(1.4005275718948598)
Testing logNormal[M=4.401243053053495 S=6.991644003536647].pdf(1.639594276957258)
Testing logNormal[M=2.3256301383685782 S=3.2470110406809995].pdf(1.4003629993572635)
Testing logNormal[M=-1.2283167351175983 S=5.325927299306698].pdf(1.5554820570292835)
Testing logNormal[M=2.500407966330065 S=8.20143051408438].pdf(0.559424207340157)
Testing logNormal[M=-2.031228748945079 S=3.9551919602234054].pdf(2.005748075173524)
Testing logNormal[M=-3.0785015695394313 S=4.792419863343499].pdf(1.3926183093998241)
Testing logNormal[M=4.512526480254547 S=1.8258498225738717].pdf(0.8853046341998858)
Testing logNormal[M=3.3495440395163065 S=9.25125009520892].pdf(1.659910186838562)
Testing logNormal[M=0.2187726171960005 S=8.803659340340468].pdf(1.8674639687186805)
Testing logNormal[M=-1.8413538867104462 S=6.968267887490766].pdf(1.2998323862926051)
Testing logNormal[M=4.592476946738916 S=3.7864903667746397].pdf(0.47722491555097485)
Testing logNormal[M=1.9396341346381583 S=2.3620304955984928].pdf(1.750169446958238)
Testing logNormal[M=0.6666774669769948 S=8.698046321206396].pdf(1.3865861612314614)
Testing logNormal[M=0.2088971061364342 S=5.054217308164467].pdf(1.7378300221604535)
Testing logNormal[M=-0.6391645208978609 S=9.806966670321334].pdf(2.265590493426135)
Testing logNormal[M=2.242164689546672 S=8.26453605464939].pdf(2.2070350360984023)
Testing logNormal[M=4.453735230740046 S=7.763988735770403].pdf(0.5278037188430142)
Testing logNormal[M=1.4417116892285522 S=6.628011084580731].pdf(2.026360976053268)
Testing logNormal[M=-0.23244885712117735 S=3.5710550287054788].pdf(1.2587336230179194)
Testing logNormal[M=2.7237148133431797 S=5.31633442769519].pdf(1.481279038892227)
Testing logNormal[M=-1.8665171011654893 S=0.0385490230020169].pdf(1.0697231311080035)
Testing logNormal[M=-4.885473921313745 S=5.080292643592493].pdf(2.103495003415839)
Testing logNormal[M=1.7265455129703389 S=9.558548903408443].pdf(0.9189954141063947)
Testing logNormal[M=2.962733242037232 S=1.350556934988718].pdf(1.9529926693625623)
Testing logNormal[M=-3.6787924406386994 S=8.00770866109081].pdf(2.2534663751733657)
Testing logNormal[M=4.4194168823484326 S=4.1133264456847485].pdf(2.26569604298681)
Testing logNormal[M=-2.4801466636736516 S=3.7747702452820517].pdf(0.934534118418224)
Testing logNormal[M=2.6704390215433635 S=0.7289289724655312].pdf(2.0295219602826724)
Testing logNormal[M=1.2357828582212296 S=3.569262955300172].pdf(1.8117403335089128)
Testing logNormal[M=-1.7155122064792283 S=3.178155256378753].pdf(1.8424213492692916)
Testing logNormal[M=0.7082651149779302 S=9.588695404866721].pdf(1.8913623448869363)
Testing logNormal[M=1.0653290061089837 S=9.955959715476379].pdf(1.4275658571543945)
Testing logNormal[M=1.01310986577868 S=0.6815719088563588].pdf(1.1003475943079728)
Testing logNormal[M=-3.1143205583866465 S=4.927544096588436].pdf(1.6609504817432137)
Testing logNormal[M=-2.824914384322519 S=5.866572523895445].pdf(2.023388936826692)
Testing logNormal[M=-4.3792768479272155 S=2.666463057624018].pdf(2.296923311568242)
Testing logNormal[M=1.0199200596179612 S=7.2764595216312795].pdf(2.2667051483058733)
Testing logNormal[M=-1.529960616533259 S=4.852416374357761].pdf(2.0689017263585714)
Testing logNormal[M=-1.0260300313043889 S=2.0797500368874844].pdf(1.7867235066337015)
Testing logNormal[M=-2.3951115993099292 S=9.68069659514773].pdf(1.871506817897328)
Testing logNormal[M=2.9536793096575673 S=1.080999095272267].pdf(2.2637817571980916)
Testing logNormal[M=-0.3925101496624901 S=3.5094885867399372].pdf(1.5720590105411691)
Testing logNormal[M=-1.5330112433592422 S=3.4558436378662396].pdf(1.805662619728487)
Testing logNormal[M=2.5257749687443756 S=5.7341786722234165].pdf(0.3214878558268997)
Testing logNormal[M=0.4778783762358447 S=2.931829457750622].pdf(1.4931241540158167)
Testing logNormal[M=2.2545714719778642 S=3.114669515675701].pdf(1.1311568364284768)
Testing logNormal[M=3.0270732349807474 S=3.561889073263016].pdf(2.1362328579981007)
Testing logNormal[M=2.367627858210777 S=0.5755781793039494].pdf(1.8062685917672405)
Testing logNormal[M=1.8431364044189813 S=9.043504445944382].pdf(0.8762364757935677)
Testing logNormal[M=3.4429826998649933 S=6.0827731829922795].pdf(1.4622664155886242)
Testing logNormal[M=1.5804359638692977 S=1.6075487531588717].pdf(2.202140067708374)
Testing logNormal[M=-4.942451096165711 S=8.25636582734623].pdf(1.2717355632238414)
Testing logNormal[M=-1.648200807284672 S=7.1878730375541355].pdf(2.233447648383302)
Testing logNormal[M=-3.224906427039387 S=9.827138181482955].pdf(1.4077468572478242)
Testing logNormal[M=2.538887708901788 S=1.6512512016711467].pdf(1.8351317359965569)
Testing logNormal[M=-4.80536358082227 S=5.5445447487430775].pdf(2.030301680761844)
Testing logNormal[M=-1.2265435470211328 S=3.372706855224438].pdf(0.9955661942632968)
Testing logNormal[M=4.270977796314263 S=8.747191415231107].pdf(1.7682312398619857)
Testing logNormal[M=4.360447739356751 S=4.2375438045055].pdf(1.5632897335914218)
Testing logNormal[M=-2.259800251098494 S=1.1231901434463432].pdf(1.6499214651381282)
Testing logNormal[M=-1.2985030484160909 S=8.578221675278012].pdf(2.1916195626503816)
Testing logNormal[M=3.9778142439123023 S=3.5973907906189706].pdf(1.781987532089247)
Testing logNormal[M=-2.4740777830279015 S=9.35840851203923].pdf(2.281613813108722)
Testing logNormal[M=-4.182084300190565 S=1.8554414581567202].pdf(2.0489033546985422)
Testing logNormal[M=-0.37371873309740167 S=5.999395511398456].pdf(0.08226833785035456)
Testing logNormal[M=-2.546097756412251 S=9.449745421241149].pdf(1.2274803809297354)
Testing logNormal[M=1.7484511002608798 S=5.1348759125209735].pdf(0.9706724208367687)
Testing logNormal[M=4.776712371906536 S=9.417371959910971].pdf(1.8868283146217744)
Testing logNormal[M=2.7565263306784793 S=3.3152441839850377].pdf(0.984969761546499)
Testing logNormal[M=1.523947801292671 S=9.581605613474306].pdf(2.0456771318963463)
Testing logNormal[M=-3.683612788754098 S=5.157142657853198].pdf(1.7595144721949285)
Testing logNormal[M=4.028120684914077 S=8.281847606718417].pdf(1.422350415279444)
Testing logNormal[M=0.5847039622424504 S=6.08228980296654].pdf(1.3932968125071512)
Testing logNormal[M=2.846841457976388 S=3.314965152110898].pdf(2.247980230505212)
Testing logNormal[M=4.912236660763465 S=8.997669776272318].pdf(1.2516349192771992)
Testing logNormal[M=-0.7413029134387505 S=7.602137859371968].pdf(1.645514974280231)
Testing logNormal[M=3.072853692118054 S=2.619906500654844].pdf(1.2165044699448793)
Testing logNormal[M=2.0526809387886154 S=8.83445673105201].pdf(2.118222218798375)
Testing logNormal[M=-4.35228526979653 S=8.849066115052695].pdf(1.610560074557788)
Testing logNormal[M=4.793194910501372 S=6.405664169794773].pdf(1.0387007537109714)
Testing logNormal[M=2.416789936609238 S=5.250155220512936].pdf(2.1645918367257364)
Testing logNormal[M=-4.016461506587785 S=3.535358155337678].pdf(0.974946410689957)
Testing logNormal[M=4.252751093233613 S=7.2895200124643775].pdf(2.2995995818603943)
Testing logNormal[M=2.039598064340665 S=1.0243023707820653].pdf(2.267229583916551)
Testing logNormal[M=1.1425148725167809 S=6.760022971360326].pdf(1.980260772417372)
Testing logNormal[M=-4.994005278081107 S=1.1618198395848345].pdf(2.0891996978485494)
Testing logNormal[M=-1.5288697938216114 S=2.023705031560288].pdf(1.5182118338932904)
Testing logNormal[M=-4.805210414235494 S=2.6639378081521627].pdf(1.0356407822135274)
Testing logNormal[M=0.1348718663776758 S=9.362742311881844].pdf(0.2678582073680286)
Testing logNormal[M=3.425769041055357 S=1.0972141333963659].pdf(1.7481687394747487)
Testing logNormal[M=2.995498955088004 S=4.047309038798373].pdf(2.2260482695514745)
Testing logNormal[M=4.970351735556239 S=2.301174673248031].pdf(0.2614081025550487)
Testing logNormal[M=-1.3246446027331302 S=9.09012452275614].pdf(1.7743750909580396)
Testing logNormal[M=1.964869725322548 S=9.116213587602594].pdf(1.8243481310376588)
Testing logNormal[M=2.9178876325649172 S=3.7032001000687718].pdf(0.9284495808206307)
Testing logNormal[M=2.9796964857141974 S=4.376756067008896].pdf(2.253304803919563)
Testing logNormal[M=0.8841619561294998 S=9.630228227253157].pdf(1.9548498352826014)
Testing logNormal[M=4.47296215958159 S=7.272522766048569].pdf(1.9742442368443351)
Testing logNormal[M=-4.173833768467917 S=0.043919714960106715].pdf(1.1626263398772634)
Testing logNormal[M=-1.750572958847508 S=9.388538959772827].pdf(1.3485934432264235)
Testing logNormal[M=-1.1494580879006255 S=2.883597010510611].pdf(2.1867263921206552)
Testing logNormal[M=-4.974354960228374 S=4.9480681579551895].pdf(1.3290254347056494)
Testing logNormal[M=0.38804976012064607 S=3.404209179920381].pdf(1.4471408209054006)
Testing logNormal[M=0.5316309099501568 S=6.777319921752367].pdf(1.3805102268750984)
Testing logNormal[M=3.196138008133765 S=0.885887147149812].pdf(1.09969075739519)
Testing logNormal[M=1.4853524633037107 S=4.280713267566886].pdf(1.3111899244930616)
Testing logNormal[M=2.644879244157087 S=8.954234147957328].pdf(2.0533207753600906)
Testing logNormal[M=1.4567587687996744 S=2.9735755819211263].pdf(2.0876893940576147)
Testing logNormal[M=2.289381258833866 S=2.7955069716393166].pdf(1.8071018251085103)
Testing logNormal[M=3.758768242631078 S=1.797048468825555].pdf(2.2564654994857256)
Testing logNormal[M=2.6524752244726173 S=5.196208374606276].pdf(1.4304419360597018)
Testing logNormal[M=0.6984139032063128 S=6.188061857508952].pdf(2.228579092132913)
Testing logNormal[M=0.24063995443009834 S=0.5175621587488899].pdf(0.6395929976608578)
Testing logNormal[M=-2.435355568184059 S=4.98776181699732].pdf(2.285372773239031)
Testing logNormal[M=-2.421326873818379 S=4.691563263953822].pdf(2.0798190859759287)
Testing logNormal[M=1.101488496355607 S=4.767587244558963].pdf(2.117960982018717)
Testing logNormal[M=1.316478704412937 S=9.574829958734252].pdf(1.652339829777993)
Testing logNormal[M=-2.218535686340765 S=2.5698384168898802].pdf(1.136413963684764)
Testing logNormal[M=-2.994695889500618 S=1.5564775555305754].pdf(1.8898296783076682)
Testing logNormal[M=-0.8308047210187031 S=0.49305376821142777].pdf(2.2446001390078494)
Testing logNormal[M=-3.3273096920298393 S=9.859387947069077].pdf(1.9021600225952169)
Testing logNormal[M=1.602234322904308 S=8.314470821164768].pdf(2.1456607165139148)
Testing logNormal[M=0.9997621515572401 S=8.716539497113583].pdf(1.1928310567795277)
Testing logNormal[M=-2.9646300274913595 S=3.084482454303088].pdf(1.1558123528299125)
Testing logNormal[M=4.68914703547693 S=2.381695772563357].pdf(1.4921294831477592)
Testing logNormal[M=-4.578854382485041 S=4.342166761356818].pdf(0.7755486545960999)
Testing logNormal[M=-0.8535946693263243 S=6.633825186188911].pdf(1.373984304207811)
Testing logNormal[M=-4.094666880177488 S=1.6313510627218275].pdf(1.9350201571571821)
Testing logNormal[M=-0.8420604937655121 S=4.327786772148236].pdf(0.14123911472267045)
Testing logNormal[M=1.1252574808701805 S=7.058611940871327].pdf(2.077991738826437)
Testing logNormal[M=0.9266255742063567 S=7.715970408629662].pdf(0.22333321626054942)
Testing logNormal[M=-3.9148257237516293 S=6.627979121440629].pdf(1.6341854542177645)
Testing logNormal[M=-3.255797314342208 S=2.978736729652609].pdf(1.1414971524219633)
Testing logNormal[M=3.502433346235218 S=0.2819366965697023].pdf(2.23042147314529)
Testing logNormal[M=3.258600487795997 S=9.882373843363673].pdf(0.9973445204226393)
Testing logNormal[M=4.724281567476639 S=7.927489489622296].pdf(1.8910126549113337)
Testing logNormal[M=-2.2232944137304447 S=6.352793312206772].pdf(1.0132799134312265)
Testing logNormal[M=-1.824443806567353 S=7.147003399481497].pdf(1.4644181668422112)
Testing logNormal[M=2.8734326303940847 S=8.07179750166281].pdf(1.6160447473348385)
Testing logNormal[M=-4.205145692519557 S=1.5902597078130953].pdf(1.3792150434595765)
Testing logNormal[M=-4.523892167127542 S=1.1229775727244529].pdf(1.613247773513388)
Testing logNormal[M=1.1263927032996124 S=2.813344185586616].pdf(1.4828506226393603)
Testing logNormal[M=-2.4120441504476675 S=3.853154344142032].pdf(2.1313441617473132)
Testing logNormal[M=-2.7828391237546626 S=9.804085954056912].pdf(1.8598232836992001)
Testing logNormal[M=-0.23069703551339948 S=8.985333318190094].pdf(1.8673809540857413)
Testing logNormal[M=4.4742802813897615 S=5.896374509889174].pdf(2.2786675160386527)
Testing logNormal[M=-4.32721680244854 S=0.5881864181474672].pdf(1.9770656081251357)
Testing logNormal[M=-3.6588204797321353 S=1.2630590807641007].pdf(1.0850886144423249)
Testing logNormal[M=1.0939730360359468 S=5.600499628497813].pdf(1.472167397295077)
Testing logNormal[M=-0.7391525848282923 S=3.9138065441313175].pdf(2.2854460749322913)
Testing logNormal[M=-2.628094801662665 S=3.717944803525588].pdf(1.6053265180669642)
Testing logNormal[M=2.298889653428099 S=2.5024438411362446].pdf(1.4340238877472251)
Testing logNormal[M=2.0333339500370906 S=2.818109013303406].pdf(1.6644573651805399)
Testing logNormal[M=2.6487560944704445 S=8.558959418506644].pdf(0.8075747362916984)
Testing logNormal[M=-2.232279848284755 S=1.6908079272405063].pdf(2.1144496948705753)
Testing logNormal[M=-3.094512097511349 S=0.2642408875195368].pdf(0.797550531964794)
Testing logNormal[M=-1.9373218014570637 S=3.835999052416108].pdf(1.632866460542404)
Testing logNormal[M=-2.9394671776021717 S=1.3093143465997459].pdf(1.6619005440717216)
Testing logNormal[M=-3.9931498390720432 S=8.391441638362945].pdf(1.863341988605063)
Testing logNormal[M=1.4225714029849348 S=2.3779317593303775].pdf(2.2227144728712247)
Testing logNormal[M=3.975809192563487 S=1.6073895536207172].pdf(1.0508092675106522)
Testing logNormal[M=-0.02574367275437872 S=8.169349345706177].pdf(2.202146086220207)
Testing logNormal[M=-2.7819020348622594 S=3.6377552046807193].pdf(1.8890981200474817)
Testing logNormal[M=3.8120879117222426 S=6.606151601005285].pdf(1.8345388594101397)
Testing logNormal[M=-1.9524369821841425 S=1.5924796573241584].pdf(1.5316508399934041)
Testing logNormal[M=-1.2511602816788567 S=0.0983429949181569].pdf(2.1898044332164157)
Testing logNormal[M=3.21542169183558 S=2.421587428005764].pdf(1.917161379207494)
Testing logNormal[M=-2.515750465022293 S=7.0350961611795295].pdf(1.961587048596891)
Testing logNormal[M=2.004343940115695 S=1.3546788853950265].pdf(1.0825876868136777)
Testing logNormal[M=-2.7592027996495516 S=2.715531485595515].pdf(2.2505837866876925)
Testing logNormal[M=-0.632809318264731 S=5.560316192608587].pdf(0.8188240820768491)
Testing logNormal[M=-1.9645528445269034 S=1.0637736239505013].pdf(1.2825069282413546)
Testing logNormal[M=1.754191503765865 S=0.9424863747356904].pdf(2.200921647407512)
Testing logNormal[M=-2.2240895564390293 S=4.620377300212417].pdf(0.2532408056025259)
Testing logNormal[M=-0.023823535846910104 S=3.5225146793975592].pdf(1.903240757397295)
Testing logNormal[M=0.06909729975276147 S=2.1911770333264546].pdf(0.5633471252734158)
Testing logNormal[M=3.0466174470331246 S=0.062246209332983415].pdf(1.9694222962743924)
Testing logNormal[M=4.694786838655681 S=6.12670019571728].pdf(1.8820347833301254)
Testing logNormal[M=-3.5080660199591094 S=0.9559684698383564].pdf(1.191745519946286)
Testing logNormal[M=3.2374200236612207 S=3.818106212213399].pdf(2.256745655025924)
Testing logNormal[M=-1.9933462275896128 S=1.0533371337367237].pdf(1.682896302794554)
Testing logNormal[M=1.4987593037883489 S=5.729514239598139].pdf(1.54431025161614)
Testing logNormal[M=-0.8893492069450151 S=1.2723371373600012].pdf(2.2728791225610587)
Testing logNormal[M=-0.6313509806595548 S=6.5034025758389795].pdf(2.1692723278524486)
Testing logNormal[M=0.12731114221527928 S=1.3861443823809239].pdf(1.977364247632099)
Testing logNormal[M=3.7228108730576537 S=3.2316791254527155].pdf(1.288460858603423)
Testing logNormal[M=4.44119575648293 S=3.2423546471903117].pdf(2.0332720487044487)
Testing logNormal[M=-2.172465289314073 S=1.535899608203668].pdf(2.0273580603090986)
Testing logNormal[M=0.6254266606252266 S=9.00064664238004].pdf(1.8730133789112555)
Testing logNormal[M=4.864910807780294 S=3.891793992027208].pdf(2.2223129489622346)
Testing logNormal[M=-2.777372690287785 S=8.946310323108989].pdf(2.2235976071437573)
Testing logNormal[M=-1.261843563122497 S=2.4531553416905627].pdf(1.3889021162232826)
Testing logNormal[M=3.776550373810183 S=1.5708579612554119].pdf(0.7678754689075531)
Testing logNormal[M=4.20757000057948 S=9.985232120629092].pdf(0.07130803983479678)
Testing logNormal[M=-0.7053476568395576 S=5.617692833746601].pdf(0.22710980050801985)
Testing logNormal[M=0.9876043679801683 S=8.057713324913603].pdf(1.731111695527342)
Testing logNormal[M=-1.8098784578088267 S=6.418211131563297].pdf(1.8211863062153097)
Testing logNormal[M=3.186397934550058 S=3.0597207250787006].pdf(1.8736268221482149)
Testing logNormal[M=-2.3140559913154837 S=6.614973055887576].pdf(2.1948786267803864)
Testing logNormal[M=4.9121274629966045 S=4.121998966158827].pdf(1.7027748473297166)
Testing logNormal[M=0.32737855717537645 S=1.7245910287014388].pdf(0.810356752338639)
Testing logNormal[M=3.515638309629839 S=6.4655829000717695].pdf(1.4253797061836952)
Testing logNormal[M=3.1765294113312326 S=1.5055297568709725].pdf(1.8989387239485296)
Testing logNormal[M=4.282219841071562 S=0.16000007154962081].pdf(2.0700695833715175)
Testing logNormal[M=-4.539381242897883 S=6.375750722011252].pdf(2.2900732700587243)
Testing logNormal[M=-3.6115443155227034 S=8.741616073476203].pdf(1.1940889470885943)
Testing logNormal[M=-0.09711111755839852 S=8.971012688044164].pdf(1.2457991471625698)
Testing logNormal[M=-4.061349585817261 S=8.340595573625603].pdf(0.4646474714911929)
Testing logNormal[M=0.11566870323171052 S=7.315304351176504].pdf(1.0496585165527899)
Testing logNormal[M=-0.05900415185581043 S=3.3153861468205537].pdf(2.027671920922124)
Testing logNormal[M=0.7581356866492692 S=6.945555465813112].pdf(1.6186121658777295)
Testing logNormal[M=-4.993723514027918 S=7.39129686959008].pdf(0.7172897989599212)
Testing logNormal[M=3.8447003839669733 S=0.1331707360667389].pdf(1.7003067210053882)
Testing logNormal[M=-4.2357458413794635 S=3.6902026701190014].pdf(2.1321507565624205)
Testing logNormal[M=1.8683181658149568 S=9.138476154645756].pdf(0.8541347683183479)
Testing logNormal[M=-0.7477269540623697 S=7.493423931767943].pdf(1.9127881222019827)
Testing logNormal[M=1.973023491128334 S=7.025572514689031].pdf(1.6388248930163036)
Testing logNormal[M=0.034856091474027906 S=7.05582380996122].pdf(1.6555673854502118)
Testing logNormal[M=-3.490716381972611 S=8.21406446189381].pdf(2.038787835474823)
Testing logNormal[M=2.0508873112967745 S=7.301727966142524].pdf(1.3344777199221636)
Testing logNormal[M=-2.1192653509208914 S=5.1236816312073525].pdf(1.6139651035506872)
Testing logNormal[M=-3.0939092469094707 S=6.762948315345982].pdf(2.0342409159283075)
Testing logNormal[M=3.508301539692777 S=3.981065302309937].pdf(1.6222392337152447)
Testing logNormal[M=2.3852463679717406 S=9.721935117454226].pdf(0.1903127846597845)
Testing logNormal[M=-0.4401816416062516 S=9.364901534963776].pdf(0.8251991872554343)
Testing logNormal[M=-2.5430872521868544 S=6.282924507500397].pdf(2.0021158024281975)
Testing logNormal[M=4.5286005301244945 S=3.187404284905193].pdf(1.5869169054387762)
Testing logNormal[M=-3.4263056452624308 S=7.565755958664272].pdf(0.5351059660890899)
Testing logNormal[M=-1.9761619869875857 S=9.515221151346747].pdf(1.7547881245355792)
Testing logNormal[M=1.6332462077310472 S=3.3255574700297617].pdf(2.183388303466726)
Testing logNormal[M=-2.013700366727983 S=7.488736355519837].pdf(2.1364603428492477)
Testing logNormal[M=-2.1826520281596484 S=2.3422470017569443].pdf(1.8314119823100492)
Testing logNormal[M=-0.402408777029577 S=2.771919894971029].pdf(2.1703168198295475)
Testing logNormal[M=-4.405539326699113 S=2.060278263213341].pdf(1.8182042944081211)
Testing logNormal[M=4.603206740907726 S=8.819596562506325].pdf(2.2118879446271946)
Testing logNormal[M=-1.4164811045244843 S=2.3385109756880795].pdf(1.807347468450108)
Testing logNormal[M=2.9913632085279094 S=8.540941177235617].pdf(1.0521347993314767)
Testing logNormal[M=3.0883807813999695 S=3.1575752537506774].pdf(2.043950165153678)
Testing logNormal[M=0.7045769530415837 S=0.06834537589787026].pdf(1.3058069857606287)
Testing logNormal[M=0.6061653592694753 S=3.0969634987443264].pdf(2.2069678246634896)
Testing logNormal[M=1.8278717657575028 S=5.271074993265516].pdf(2.176932849865774)
Testing logNormal[M=2.479446781733495 S=6.798714526265135].pdf(1.718836236379349)
Testing logNormal[M=2.337523700267294 S=5.562677675819532].pdf(1.7549242850237547)
Testing logNormal[M=3.603294634244321 S=5.202913796063648].pdf(0.30327373890338455)
Testing logNormal[M=1.3592515255553108 S=1.4582979615653002].pdf(1.8536094286947304)
Testing logNormal[M=1.0923620646529706 S=8.808199065787864].pdf(1.9780342073760324)
Testing logNormal[M=1.1833535388480225 S=3.9983394509388024].pdf(2.0758957219044665)
Testing logNormal[M=-4.437470594358954 S=7.959413824277232].pdf(0.4053660598479776)
Testing logNormal[M=-0.9360941186179206 S=6.656673710781437].pdf(2.2151859415695263)
Testing logNormal[M=-1.7411976914555307 S=9.342270338697087].pdf(1.7760010359646827)
Testing logNormal[M=3.447259954358202 S=9.780328139396776].pdf(2.0626854476790113)
Testing logNormal[M=-4.66853168553989 S=3.518954306611517].pdf(1.416457823943104)
Testing logNormal[M=3.7140792133518037 S=2.0385403464250462].pdf(1.1888151456555378)
Testing logNormal[M=-1.0485646582065176 S=8.43579686497649].pdf(1.9444811089279053)
Testing logNormal[M=-1.7901216003750142 S=1.4518516478618726].pdf(1.3094928329945825)
Testing logNormal[M=0.019225781863792868 S=5.05940376304495].pdf(2.217418844222199)
Testing logNormal[M=-3.893074320502068 S=4.156381647497621].pdf(1.4654043145784528)
Testing logNormal[M=-2.9916651601425146 S=6.122107698861228].pdf(1.7943558889640527)
Testing logNormal[M=-1.2114100828478067 S=4.211257363488076].pdf(1.8083766143091224)
Testing logNormal[M=-3.8901487847176353 S=5.755381438937458].pdf(2.1003392920546897)
Testing logNormal[M=-0.7605855847416896 S=9.199858507830577].pdf(1.2362499955480144)
Testing logNormal[M=-2.0819538371147206 S=2.395858663936944].pdf(2.262725229073821)
Testing logNormal[M=-2.7406272346259652 S=6.901170068223381].pdf(0.8756762919113539)
Testing logNormal[M=-1.1225653496528318 S=2.1087122110291556].pdf(1.093211298302623)
Testing logNormal[M=3.510637255111064 S=6.068015898972003].pdf(1.975319271652588)
Testing logNormal[M=3.1522980590992944 S=8.026557935734806].pdf(1.8355005825630217)
Testing logNormal[M=0.9014223813427531 S=9.147382266611652].pdf(0.33801393428564563)
Testing logNormal[M=-2.129564260447471 S=5.071426683858097].pdf(2.0320083047551716)
Testing logNormal[M=2.8704160752351875 S=1.1353472297599077].pdf(2.068207659054605)
Testing logNormal[M=-4.042437790413654 S=4.210267518287693].pdf(2.0582977505899485)
Testing logNormal[M=-0.7628102742070384 S=6.212234692087969].pdf(1.7667197910021588)
Testing logNormal[M=-4.037470125151188 S=1.5511326352932187].pdf(1.7150678592391033)
Testing logNormal[M=1.6753037240267785 S=3.969779382146279].pdf(1.907933162924227)
Testing logNormal[M=1.3308459385875135 S=5.779078854957168].pdf(1.4394736270839927)
Testing logNormal[M=-1.382029013052061 S=1.0953603071279483].pdf(1.8786976564140516)
Testing logNormal[M=-0.8682506748432006 S=1.9783709218988688].pdf(1.8979687487497199)
Testing logNormal[M=-2.692667928900041 S=3.4876638343662067].pdf(2.081949859670097)
Testing logNormal[M=-4.8024721617764685 S=2.3060739389366667].pdf(0.5671600510694706)
Testing logNormal[M=-1.890713462853577 S=4.526136329050127].pdf(2.1755281597089504)
Testing logNormal[M=-4.868483085600604 S=7.643368383984551].pdf(1.597927923388917)
Testing logNormal[M=-3.720653612177134 S=3.741557614699632].pdf(2.2485812263306477)
Testing logNormal[M=-0.9386223396154314 S=6.347774750495976].pdf(1.8325684650296648)
Testing logNormal[M=-3.1802854231633972 S=2.0439768696995078].pdf(1.0513340071847899)
Testing logNormal[M=-4.778381823483892 S=3.8827137258657385].pdf(1.5736933982448738)
Testing logNormal[M=4.881801002735914 S=8.98222266651101].pdf(2.140517341959427)
Testing logNormal[M=-1.1080645599360972 S=1.6406547847447417].pdf(2.0512624675857087)
Testing logNormal[M=0.08578839389044646 S=7.370992785611602].pdf(2.027910490946356)
Testing logNormal[M=-0.31320397781998643 S=2.7591857883756807].pdf(1.2888691725264654)
Testing logNormal[M=2.612531870444343 S=4.630663828806728].pdf(2.116132991878542)
Testing logNormal[M=0.44653925973408803 S=1.9310259754372505].pdf(1.111254289613391)
Testing logNormal[M=0.6546891830985686 S=4.913690731017849].pdf(1.170231512216006)
Testing logNormal[M=4.249671868335788 S=9.123473398069414].pdf(1.8915096268145033)
Testing logNormal[M=-1.806102167938779 S=3.580835329448373].pdf(2.2562476387503527)
Testing logNormal[M=4.462911370185452 S=6.117872204483574].pdf(2.1654115969361416)
Testing logNormal[M=0.8501910139547437 S=9.318787361609846].pdf(2.2802182580807884)
Testing logNormal[M=-1.7625886346993158 S=8.614604428009999].pdf(1.7486014823612273)
Testing logNormal[M=-0.04937168351116039 S=0.5740411636725817].pdf(2.1635963574562833)
Testing logNormal[M=2.675597056782415 S=8.099958637188516].pdf(1.6942056778960284)
Testing logNormal[M=0.31608802980566786 S=0.79141948254558].pdf(0.7680959811026142)
Testing logNormal[M=-3.2581219147680818 S=3.9569315820970132].pdf(2.008072684722978)
Testing logNormal[M=-2.8258538379106266 S=2.616578420153056].pdf(1.4433423789010116)
Testing logNormal[M=0.8240393042120733 S=3.865748026849136].pdf(1.9735554514631015)
Testing logNormal[M=-1.4512153268700168 S=4.56437658121731].pdf(1.756738359220827)
Testing logNormal[M=-3.41779206502113 S=1.2087006464065053].pdf(2.084573854391971)
Testing logNormal[M=-3.1269838085716373 S=9.980539168837247].pdf(1.7104351808859304)
Testing logNormal[M=-3.810154845960362 S=8.705849418239147].pdf(2.074583319334463)
Testing logNormal[M=-0.39932665094680875 S=0.8066993371137055].pdf(0.3795434290214825)
Testing logNormal[M=2.507189169770445 S=5.9400580760587225].pdf(1.48196247170153)
Testing logNormal[M=3.683557246825318 S=2.2279437405680955].pdf(1.4707782982387347)
Testing logNormal[M=-2.2849696563304023 S=1.8570184846875537].pdf(2.016554591704501)
Testing logNormal[M=0.519048781360838 S=5.08301646402758].pdf(1.6924763926792574)
Testing logNormal[M=3.6504120842177024 S=9.14838220482452].pdf(0.5650053775287577)
Testing logNormal[M=4.699620962024603 S=7.320285662754076].pdf(1.9542696356296556)
Testing logNormal[M=-3.2292111318064265 S=6.5616966720386705].pdf(1.347984886157742)
Testing logNormal[M=0.382272368398092 S=0.7099039314291433].pdf(1.9846030164864632)
Testing logNormal[M=1.1694069582626154 S=3.5406608495074234].pdf(1.0626807926992425)
Testing logNormal[M=-4.6894458924766225 S=3.5003386882870133].pdf(1.8258458756125218)
Testing logNormal[M=-1.1384087153053288 S=1.1689172264972358].pdf(1.478160404591403)
Testing logNormal[M=-0.4353696131663316 S=3.409126691908355].pdf(1.614569327240945)
Testing logNormal[M=3.0605238266519734 S=3.5458542198737684].pdf(1.8586915753655393)
Testing logNormal[M=2.314646483550705 S=5.369403498006232].pdf(0.9179801970119716)
Testing logNormal[M=3.5466201839156284 S=7.038044200412634].pdf(2.04466771424111)
Testing logNormal[M=1.609448385586938 S=2.494739107617101].pdf(1.937403112846591)
Testing logNormal[M=1.587347989428718 S=8.79097425406288].pdf(2.2372794235673683)
Testing logNormal[M=-0.7537258142534942 S=4.768647354259265].pdf(2.1187790183923774)
Testing logNormal[M=1.6707523459133276 S=5.49169304957416].pdf(2.296705285571637)
Testing logNormal[M=0.19164576075795026 S=6.919479210810331].pdf(2.0813343326076)
Testing logNormal[M=2.576204924665568 S=4.487868052180481].pdf(1.1247110529594255)
Testing logNormal[M=3.950195115128853 S=7.141858467430994].pdf(1.8884167736182682)
Testing logNormal[M=1.3303122948519448 S=1.5186814790955538].pdf(2.287277049785155)
Testing logNormal[M=-0.7963261863187219 S=5.500568364597468].pdf(1.9479957196726116)
Testing logNormal[M=-2.6961904964295225 S=2.9952843294234874].pdf(0.12840596887070238)
Testing logNormal[M=0.01072010299586168 S=3.986238495909946].pdf(2.1788577370595688)
Testing logNormal[M=-0.386048325516545 S=9.642182684049589].pdf(0.27343654932783307)
Testing logNormal[M=0.42442318425367365 S=2.9565745568647426].pdf(1.9158818411875078)
Testing logNormal[M=0.021886326710055748 S=7.855815190662928].pdf(1.9832514738976534)
Testing logNormal[M=0.8278825832157448 S=3.1989527863017218].pdf(0.4826222219407005)
Testing logNormal[M=2.1998723003099165 S=9.245665168084752].pdf(1.586623643482454)
Testing logNormal[M=4.6925010774935725 S=8.71974720241798].pdf(2.176634756683019)
Testing logNormal[M=0.9481906969639446 S=0.6004095684063626].pdf(1.911160657037088)
Testing logNormal[M=4.13898904233014 S=6.3490352000763215].pdf(0.5441887158643084)
Testing logNormal[M=0.33968818152358615 S=4.625713391450815].pdf(1.5618379220808214)
Testing logNormal[M=-1.006843397567907 S=7.882097373380493].pdf(2.1798522376289013)
Testing logNormal[M=-0.47337140331381367 S=2.2321025811478745].pdf(1.151312299467492)
Testing logNormal[M=1.2583988745874066 S=7.269397179614615].pdf(2.2325951254197745)
Testing logNormal[M=0.24144906103208097 S=2.3460053313837417].pdf(1.7343767171342748)
Testing logNormal[M=-4.828869009772242 S=1.0028792914853657].pdf(0.7101527346233687)
Testing logNormal[M=-1.9819339143067696 S=9.307267883738747].pdf(2.118345458884799)
Testing logNormal[M=-4.998019692490382 S=0.7624653823015026].pdf(1.4135555724462925)
Testing logNormal[M=-0.6236644153209125 S=1.109335069363806].pdf(2.2697233600152993)
Testing logNormal[M=0.21267225895030695 S=3.5436999453643034].pdf(1.9841242420159844)
Testing logNormal[M=2.0634346748659773 S=6.7836851261312265].pdf(1.099499935136861)
Testing logNormal[M=3.1156016004314626 S=9.276290002456973].pdf(0.6314310041868187)
Testing logNormal[M=-2.0003457912072364 S=2.8950092846048117].pdf(0.3356816959781383)
Testing logNormal[M=3.368465362309932 S=7.325292762557818].pdf(1.4298814358329885)
Testing logNormal[M=-1.3731476633065034 S=9.065445268704698].pdf(2.1773363304177336)
Testing logNormal[M=4.53851603606515 S=6.960863333445284].pdf(1.7394130945451929)
Testing logNormal[M=-0.8231268720071832 S=6.140333870344729].pdf(2.217862185451628)
Testing logNormal[M=-4.998948314902302 S=2.0122155438919465].pdf(1.5041821452719788)
Testing logNormal[M=0.807383335363328 S=6.965424504155128].pdf(2.1302915417448243)
Testing logNormal[M=-3.0586781001050154 S=9.559851543127357].pdf(1.4825308398652741)
Testing logNormal[M=-0.588671338760534 S=3.292250177048924].pdf(1.8732334779192026)
Testing logNormal[M=-4.5165425184209385 S=0.5832075316067042].pdf(1.832452885378324)
Testing logNormal[M=1.2658000047956284 S=5.65240432148872].pdf(1.6406701531475816)
Testing logNormal[M=-3.5315166248240235 S=8.853391045973755].pdf(2.1204982075029477)
Testing logNormal[M=-1.912428097071519 S=2.94932723542923].pdf(1.4722047665954792)
Testing logNormal[M=0.39619303545866735 S=2.550576228180572].pdf(2.143980210058169)
Testing logNormal[M=-4.990797619213866 S=3.5907090997692306].pdf(1.583357212485626)
Testing logNormal[M=-1.931250049589516 S=7.5246176677854795].pdf(0.8738622439454048)
Testing logNormal[M=4.119321110314301 S=1.5784324529354343].pdf(2.0807487228445747)
Testing logNormal[M=-1.6085520867178085 S=3.2325461516670306].pdf(2.230872697359938)
Testing logNormal[M=2.793477837190176 S=2.865954900543813].pdf(2.260811881522396)
Testing logNormal[M=4.92404027003859 S=8.42272761419338].pdf(2.1866146862520126)
Testing logNormal[M=1.0420948976657884 S=6.7074904107737465].pdf(1.2574585717975921)
Testing logNormal[M=-4.86013132001006 S=1.2290504143635317].pdf(0.27611263756940385)
Testing logNormal[M=-1.9615392924467203 S=3.948834186742869].pdf(2.0334711921966795)
Testing logNormal[M=1.431330101279606 S=8.700248121491867].pdf(1.7108124537271476)
Testing logNormal[M=1.400138214364965 S=9.498405717385463].pdf(2.1574495428926856)
Testing logNormal[M=-2.1032522576488013 S=1.1755446854154783].pdf(1.2904981591643583)
Testing logNormal[M=-0.6240253182590481 S=9.166733911525593].pdf(1.9843082322630208)
Testing logNormal[M=3.2202154531915035 S=7.867414008428284].pdf(1.0773732435411023)
Testing logNormal[M=0.9819806795771111 S=6.177790112989773].pdf(0.8849063562977634)
Testing logNormal[M=4.336667643059684 S=3.5148939429838624].pdf(1.9585501065392492)
Testing logNormal[M=1.2744614156521692 S=9.396950520216642].pdf(2.147307554402296)
Testing logNormal[M=0.32422969287221015 S=4.171921363304023].pdf(1.0800931650004617)
Testing logNormal[M=-2.65914682307145 S=0.17880573556774415].pdf(2.1316157526409247)
Testing logNormal[M=-4.262946255029863 S=0.32672909979273634].pdf(2.0256775724948763)
Testing logNormal[M=-0.16732542671643102 S=5.366179603589948].pdf(2.051101420470542)
Testing logNormal[M=-2.68592840596241 S=7.7688365583982915].pdf(1.3538808431084692)
Testing logNormal[M=4.2682090510964095 S=6.3733680793693335].pdf(2.212729274960899)
Testing logNormal[M=4.163412120499158 S=8.006556636430785].pdf(1.1700065072121635)
Testing logNormal[M=3.8853316311134236 S=0.19130021602105196].pdf(1.8206851261378119)
Testing logNormal[M=3.7996458970321303 S=9.111032760439032].pdf(1.7716442188175003)
Testing logNormal[M=-3.625987334339522 S=6.87931932964986].pdf(2.031411096127877)
Testing logNormal[M=1.2684702855909435 S=8.250010698158656].pdf(1.9080001546790428)
Testing logNormal[M=3.7321227521874363 S=8.085375015136643].pdf(1.1723994622422824)
Testing logNormal[M=-0.9049470668428334 S=7.721774830970864].pdf(1.701497018923655)
Testing logNormal[M=-4.267891512292534 S=4.499582914870076].pdf(1.9661827898957176)
Testing logNormal[M=-3.350756998566331 S=7.578549774756684].pdf(0.1976668068594279)
Testing logNormal[M=-1.562721758983121 S=8.779740673696892].pdf(2.1272238284557217)
Testing logNormal[M=2.208042218336245 S=3.919034657305498].pdf(2.0488260877875177)
Testing logNormal[M=4.12927785437285 S=4.728880390944803].pdf(2.002785455740734)
Testing logNormal[M=2.4219412810385323 S=6.762876406278464].pdf(0.6296619781793115)
Testing logNormal[M=-1.905651241387675 S=5.03796671542538].pdf(1.9630388248364612)
Testing logNormal[M=-1.528336930334555 S=1.519929879958224].pdf(2.2854582184516254)
Testing logNormal[M=1.427123021532232 S=9.588960491864801].pdf(1.7364419694685822)
Testing logNormal[M=0.8692183539151852 S=0.1983230615495868].pdf(0.594508419749707)
Testing logNormal[M=0.6145488374929364 S=6.566407340862529].pdf(1.3833781229480784)
Testing logNormal[M=4.084693290826406 S=2.5066894330183107].pdf(1.379077207535548)
Testing logNormal[M=3.5120725600772005 S=6.706898427008687].pdf(2.222974812884463)
Testing logNormal[M=3.9318139631577473 S=7.896335899533372].pdf(2.1841861622905605)
Testing logNormal[M=-0.543189890242818 S=3.3905268131357804].pdf(2.241075434561479)
Testing logNormal[M=-0.48556233058704024 S=6.895016597770796].pdf(1.9167599217335736)
Testing logNormal[M=1.261591429063019 S=0.7038503568589993].pdf(1.4332686888309947)
Testing logNormal[M=-2.6612200781261643 S=6.08717750272339].pdf(1.4800630239263297)
Testing logNormal[M=1.5007263634070513 S=5.763647816535569].pdf(2.1628292143687253)
Testing logNormal[M=1.5642731666117236 S=0.8743206520626767].pdf(2.0251671273507315)
Testing logNormal[M=2.1041173061468026 S=0.7087586521081657].pdf(1.6852745826997753)
Testing logNormal[M=-4.464547715499312 S=0.07080827029175452].pdf(2.1794019108646983)
Testing logNormal[M=-0.5259301289509679 S=0.3102984128286712].pdf(1.9588174628063282)
Testing logNormal[M=-4.111562447170916 S=6.33759298329366].pdf(0.7848894160728119)
Testing logNormal[M=3.1251808436914743 S=8.695510425757725].pdf(1.737459661515997)
Testing logNormal[M=1.0035932729931032 S=2.537332692915596].pdf(0.46373637500747256)
Testing logNormal[M=4.422353938495348 S=6.024658773551932].pdf(0.5457509375466508)
Testing logNormal[M=1.4852077909688148 S=1.0369140889454131].pdf(0.9774950344907959)
Testing logNormal[M=2.7571745768564524 S=1.8300730611140603].pdf(2.258615588462989)
Testing logNormal[M=2.805147153574544 S=5.941884779281371].pdf(0.3144188578708629)
Testing logNormal[M=-2.42592339639772 S=6.488143251258434].pdf(1.0097944447039169)
Testing logNormal[M=-4.360369627470451 S=8.431047382329627].pdf(1.1339366722048123)
Testing logNormal[M=-3.321964536965094 S=6.399415462913698].pdf(0.8647603395766493)
Testing logNormal[M=-3.073222408186951 S=8.894666862888473].pdf(1.9147975554856602)
Testing logNormal[M=-2.7184347950293253 S=7.846201287334057].pdf(1.9596965773130455)
Testing logNormal[M=2.8809422678921166 S=4.8355111826973385].pdf(1.679112664427162)
Testing logNormal[M=-3.9440427379330636 S=0.5973109774622665].pdf(0.710074219526114)
Testing logNormal[M=-0.4795834770233798 S=6.906979226720784].pdf(2.0586909192017266)
Testing logNormal[M=-4.4708079973729316 S=7.283143162911896].pdf(2.070801944668507)
Testing logNormal[M=2.117641950545762 S=8.856747011639346].pdf(2.2777276371788933)
Testing logNormal[M=-0.35831426016761814 S=4.521560078470066].pdf(2.0905221357409007)
Testing logNormal[M=1.4376440902406449 S=1.3443336363244895].pdf(0.8248516242558783)
Testing logNormal[M=0.9684642692591607 S=5.485097327617099].pdf(1.7474104762627154)
Testing logNormal[M=-2.631028024835673 S=8.807194058000732].pdf(0.7850877404628809)
Testing logNormal[M=-4.4406032141352005 S=5.0925634869127165].pdf(2.287152019374101)
Testing logNormal[M=3.548632976567186 S=0.0357839809257654].pdf(1.716963155222261)
Testing logNormal[M=-2.260142001576649 S=2.5530256174914867].pdf(2.168229204260179)
Testing logNormal[M=3.1701910897963135 S=0.2727259459077125].pdf(2.2069728165141576)
Testing logNormal[M=4.751320215066201 S=7.5405770994252785].pdf(1.8900231921332171)
Testing logNormal[M=4.3282006566529105 S=5.01828901800355].pdf(0.08309672362373863)
Testing logNormal[M=-3.4748628968103312 S=2.3183355508162884].pdf(1.1130116116207247)
Testing logNormal[M=0.619048923544705 S=1.7272554127223783].pdf(0.3349130340265941)
Testing logNormal[M=3.069352235020453 S=1.2822894469597035].pdf(2.221482071557651)
Testing logNormal[M=1.3142752234464252 S=6.618798117011736].pdf(0.8638871700494313)
Testing logNormal[M=-2.8742601685483447 S=0.31674625799487877].pdf(0.8466020118758716)
Testing logNormal[M=-2.151153228128042 S=6.267435996373836].pdf(1.2903377717177238)
Testing logNormal[M=2.56883023447919 S=7.8747339754870485].pdf(0.7776701268516438)
Testing logNormal[M=0.5753310403881793 S=6.555270536544904].pdf(2.1758896530336567)
Testing logNormal[M=-1.9566463567200132 S=0.13049172796099295].pdf(1.6481446536544555)
Testing logNormal[M=0.8944215039466643 S=6.475890219608931].pdf(1.583881673002829)
Testing logNormal[M=-4.205344817917044 S=7.261848411095943].pdf(2.1662896362500748)
Testing logNormal[M=-3.1468570764614503 S=1.724230932302464].pdf(1.985663477780688)
Testing logNormal[M=-3.744388537533041 S=4.541043534051785].pdf(2.168493670929043)
Testing logNormal[M=-0.10603483596524654 S=4.508554354243329].pdf(1.7890367157339597)
Testing logNormal[M=0.844326803867494 S=6.105059051507931].pdf(0.7699482401379433)
Testing logNormal[M=1.6923452055812236 S=0.8574340105613931].pdf(1.9753981144903114)
Testing logNormal[M=0.1433032963228298 S=8.576543484767244].pdf(2.2078014251447367)
Testing logNormal[M=3.3654807278834493 S=1.5952555774979316].pdf(1.9614772663041344)
Testing logNormal[M=2.0131044109512413 S=2.937235257110884].pdf(1.7052751706251494)
Testing logNormal[M=0.5397794120714607 S=7.930679938441668].pdf(0.93982720425503)
Testing logNormal[M=-3.378186318372529 S=8.812134316990765].pdf(1.9074849314619828)
Testing logNormal[M=0.8032567198148843 S=5.66405746216132].pdf(1.0804714532778692)
Testing logNormal[M=1.570717028480841 S=7.042950701683872].pdf(1.433558263594245)
Testing logNormal[M=-3.771981624365578 S=9.507700576507869].pdf(2.199634397949731)
Testing logNormal[M=-0.9639635272270741 S=6.639701648277947].pdf(2.0523495716232776)
Testing logNormal[M=-2.6852577072921724 S=7.748156735562954].pdf(2.3011733077333347)
Testing logNormal[M=-3.7858798543590533 S=6.293834011895022].pdf(0.7229972280845385)
Testing logNormal[M=1.9091773974851654 S=0.14852239852575666].pdf(0.23549075334924052)
Testing logNormal[M=4.36572335570564 S=3.5466412692691653].pdf(0.0551402649974826)
Testing logNormal[M=-1.114286595809312 S=1.8935090826870804].pdf(0.9019612448948918)
Testing logNormal[M=-3.86592957561525 S=2.8307314973292073].pdf(2.179536163490984)
Testing logNormal[M=4.47603663568877 S=9.286590494447552].pdf(0.7255864375204473)
Testing logNormal[M=-3.2921361145602646 S=9.364507860997632].pdf(1.702871954458586)
Testing logNormal[M=3.186668542863112 S=1.2114684285279875].pdf(2.0319952008711435)
Testing logNormal[M=-3.2536792639756076 S=8.03779904770966].pdf(1.833206616129266)
Testing logNormal[M=2.8667408078915937 S=4.210235584888081].pdf(1.7164273692526586)
Testing logNormal[M=3.553703955152937 S=3.6018321020168056].pdf(2.100479830205362)
Testing logNormal[M=-1.4882056375744512 S=6.737957178388527].pdf(1.4930200935203186)
Testing logNormal[M=-0.4495570515058933 S=7.2039632988207325].pdf(2.2354847564376876)
Testing logNormal[M=3.8979997881168256 S=5.594590280512385].pdf(1.5532329986996183)
Testing logNormal[M=3.6551203981323965 S=0.41431107750074525].pdf(2.2737247236827614)
Testing logNormal[M=1.6229914770806877 S=8.171214725543145].pdf(1.7105217935656412)
Testing logNormal[M=0.0359386276400695 S=1.9093182312164259].pdf(1.1461245121159085)
Testing logNormal[M=-4.584025843521379 S=6.910598136106016].pdf(1.9441001042226551)
Testing logNormal[M=1.3526797046551176 S=2.000759330606272].pdf(0.4258474270362986)
Testing logNormal[M=-1.2774791928060547 S=4.846252237830482].pdf(0.7492617764590449)
Testing logNormal[M=4.830698179573048 S=0.4722798751188739].pdf(1.9196218499364994)
Testing logNormal[M=3.193223806154789 S=3.3442932499224156].pdf(1.6424523400631381)
Testing logNormal[M=-3.4636670866923094 S=2.132597622644521].pdf(1.8580143791320933)
Testing logNormal[M=-2.311251082884196 S=9.49962987135428].pdf(2.269257115011858)
Testing logNormal[M=2.178175746310865 S=9.716701959259627].pdf(1.484216872824136)
Testing logNormal[M=1.2440846109975867 S=3.2231811050050228].pdf(2.1988145332487514)
Testing logNormal[M=-1.6624059963900728 S=1.6857355675211194].pdf(1.8399807637357841)
Testing logNormal[M=-3.352294751272129 S=6.512008959605097].pdf(1.6901862360929718)
Testing logNormal[M=-0.3179730330241135 S=0.05562739999718347].pdf(1.2951685929152417)
Testing logNormal[M=0.7561270333207997 S=0.9791818455595702].pdf(1.955275293617894)
Testing logNormal[M=4.351881288644643 S=1.8056090873059671].pdf(2.044613260297174)
Testing logNormal[M=0.9688168173405254 S=6.1634067765908105].pdf(1.434997623583957)
Testing logNormal[M=-1.7788944424337383 S=4.580859751877061].pdf(0.2145152026956297)
Testing logNormal[M=0.13721823167696812 S=1.864610157290627].pdf(0.3827048024937496)
Testing logNormal[M=-4.572132963262088 S=0.08732339653797272].pdf(2.210534540014106)
Testing logNormal[M=0.6528309161595649 S=1.4252523608857304].pdf(1.1509581676584073)
Testing logNormal[M=4.024511187514753 S=6.228099302948287].pdf(1.683182569026117)
Testing logNormal[M=-2.3586031203440774 S=4.856671146837968].pdf(1.9791059066726375)
Testing logNormal[M=2.3460450926702006 S=1.5965660772682377].pdf(2.2142715817639935)
Testing logNormal[M=4.917883877080936 S=2.955932853333605].pdf(2.288405294387053)
Testing logNormal[M=0.7184366426887658 S=2.0785443203742404].pdf(2.082647585048809)
Testing logNormal[M=2.012378111751741 S=1.4044369290947711].pdf(2.1215219878944986)
Testing logNormal[M=4.746095804927403 S=9.442846221310088].pdf(1.4978369329544203)
Testing logNormal[M=3.190305525420186 S=1.2425865613953935].pdf(0.816011526690403)
Testing logNormal[M=-0.6252616419409405 S=7.793036148021946].pdf(1.9462753543236508)
Testing logNormal[M=4.948661810707437 S=3.8409722360556833].pdf(0.17625596899805)
Testing logNormal[M=0.29364365544901716 S=7.951873280063547].pdf(2.0599050319380114)
Testing logNormal[M=1.0613231052449805 S=5.109911757984923].pdf(0.13397320108490116)
Testing logNormal[M=0.6452876443629822 S=9.432187172447783].pdf(2.24191982334635)
Testing logNormal[M=-0.9588344576442847 S=1.4443632501226955].pdf(2.2151027547257485)
Testing logNormal[M=-1.536635683288341 S=2.0024005947454038].pdf(1.8617345176438553)
Testing logNormal[M=2.6060618743533306 S=6.935562765322719].pdf(0.7963264848674375)
Testing logNormal[M=4.990474853342871 S=5.005163185250615].pdf(0.08337236919378156)
Testing logNormal[M=3.264605581476868 S=0.5946416780761077].pdf(0.364128386687432)
Testing logNormal[M=2.840889774710508 S=2.230845150217254].pdf(2.0450822658583467)
Testing logNormal[M=2.8291631617582915 S=5.846097347626719].pdf(1.375525541381961)
Testing logNormal[M=-0.6028348539034223 S=8.449983830894643].pdf(2.2744280923730176)
Testing logNormal[M=2.8408372799787296 S=6.198191387823993].pdf(2.270639838924734)
Testing logNormal[M=-2.393833898822323 S=3.8049509296434767].pdf(1.943061333813838)
Testing logNormal[M=-2.6558555641562966 S=8.839798352186458].pdf(1.0760624780655124)
Testing logNormal[M=2.754607323979796 S=3.188399790130129].pdf(1.7814474246459484)
Testing logNormal[M=1.7243025314012534 S=1.0773426402472752].pdf(1.6720750982578947)
Testing logNormal[M=-3.271169444226565 S=0.7622786255017255].pdf(2.173265718677376)
Testing logNormal[M=-1.5250207830097096 S=6.814009982109375].pdf(1.3887417955463726)
Testing logNormal[M=-3.8764714395661115 S=9.14036038888103].pdf(1.8686471620234846)
Testing logNormal[M=4.895800081736322 S=4.45928608059152].pdf(1.7074109401570563)
Testing logNormal[M=-2.2391270876965574 S=3.8256145872440115].pdf(1.0950677897194094)
Testing logNormal[M=0.9284019124601963 S=4.594539394975109].pdf(2.0212958718773373)
Testing logNormal[M=-1.0674976994100538 S=4.9806175615106065].pdf(1.623088107993345)
Testing logNormal[M=-0.789550208308853 S=5.513501711854113].pdf(1.456470146641405)
Testing logNormal[M=2.0826354998187737 S=2.3163816553914804].pdf(0.876096528478158)
Testing logNormal[M=1.831948869112713 S=8.029993765259581].pdf(2.197289549387248)
Testing logNormal[M=3.989397609126515 S=8.661313274568862].pdf(2.168052596169901)
Testing logNormal[M=-1.9579004249318341 S=6.92616556467918].pdf(1.510849376910463)
Testing logNormal[M=-3.1490135008643483 S=5.861564891453849].pdf(2.267109865449634)
Testing logNormal[M=-0.6632955343468989 S=9.609096027030084E-4].pdf(1.4775115048055172)
Testing logNormal[M=-1.667920044877266 S=0.6649391169288132].pdf(1.5781015475869073)
Testing logNormal[M=-1.9197154305006316 S=0.5628917149283019].pdf(1.3295487622615831)
Testing logNormal[M=-1.3025993122724544 S=3.8154869602861528].pdf(2.233462579387387)
Testing logNormal[M=-3.1730935405006178 S=1.0940012374062524].pdf(1.8632437079760176)
Testing logNormal[M=0.7916764072414209 S=4.934493243820572].pdf(1.9898303357523672)
Testing logNormal[M=-4.3743237981443635 S=3.129993995617788].pdf(2.092783441352979)
Testing logNormal[M=2.2328548270174284 S=2.4843570950138725].pdf(0.5092066581950279)
Testing logNormal[M=-0.296733693048715 S=3.401982860542605].pdf(1.9961845391369128)
Testing logNormal[M=-4.8891429999536715 S=1.027529940961549].pdf(1.5373932746581291)
Testing logNormal[M=4.664921996470948 S=4.896783979047456].pdf(2.057820869272042)
Testing logNormal[M=-0.4112490447494723 S=8.548239994919943].pdf(1.2297424424441632)
Testing logNormal[M=3.933048681071181 S=1.650573240648413].pdf(1.2809104544733245)
Testing logNormal[M=4.0491028009546675 S=3.589628647855929].pdf(1.1499113223815431)
Testing logNormal[M=4.868344063084404 S=5.931203496765916].pdf(2.118902173562652)
Testing logNormal[M=-4.2291841813690025 S=7.1692725699647655].pdf(1.255483394125598)
Testing logNormal[M=-1.2559711086868974 S=2.5977307717729325].pdf(2.0286399238247217)
Testing logNormal[M=1.095837645678717 S=3.140485409498969].pdf(0.295100519009049)
Testing logNormal[M=0.2649313742841821 S=5.126658190617196].pdf(1.9924919430658774)
Testing logNormal[M=-2.32119241484531 S=6.647466906083944].pdf(1.7948863088229507)
Testing logNormal[M=0.45525840286216557 S=8.240258130265723].pdf(2.258220914918327)
Testing logNormal[M=-4.90416298620966 S=7.091551189140407].pdf(2.08002543661645)
Testing logNormal[M=0.8006425651969984 S=4.374080097101519].pdf(2.140259338644709)
Testing logNormal[M=-4.521280644200571 S=0.1618537240090001].pdf(1.0443079169263885)
Testing logNormal[M=2.8974931959844463 S=7.524882630036544].pdf(2.2194768490138013)
Testing logNormal[M=-0.4552868827431382 S=4.920502735967993].pdf(1.7378801808770281)
Testing logNormal[M=-2.6537153751713105 S=7.773707714815924].pdf(0.9632706529785475)
Testing logNormal[M=-3.736803383313174 S=2.5659256165760755].pdf(2.166185076517504)
Testing logNormal[M=-4.823569119359887 S=4.495430146385888].pdf(0.7758473112859159)
Testing logNormal[M=-3.0737772908225214 S=5.006156181048746].pdf(1.9285266838320763)
Testing logNormal[M=-1.078776641254878 S=7.543540730176131].pdf(1.9241369238134243)
Testing logNormal[M=0.15229519857484242 S=0.9572649819374102].pdf(1.6667179691425917)
Testing logNormal[M=-3.4877574802850364 S=4.675468677038255].pdf(0.07213912197620315)
Testing logNormal[M=-3.1423474463612777 S=8.136321753136913].pdf(1.6072135860977286)
Testing logNormal[M=-2.915573243295025 S=0.9407284193533549].pdf(2.292215782478089)
Testing logNormal[M=-3.7169200480261355 S=5.949033641746542].pdf(0.9375496560248376)
Testing logNormal[M=-3.3369347959326268 S=4.273482048140506].pdf(1.785736054073194)
Testing logNormal[M=-0.09433287730465523 S=0.343205082788246].pdf(1.898529629087353)
Testing logNormal[M=1.1099961351152494 S=6.977898225923159].pdf(1.2947469077456102)
Testing logNormal[M=-4.491920749228859 S=9.373887602746288].pdf(2.2773274122555773)
Testing logNormal[M=-4.155286372387522 S=5.775684926384278].pdf(0.8371845712790112)
Testing logNormal[M=4.305969773400427 S=4.650267454157514].pdf(2.0490951049563315)
Testing logNormal[M=1.4061104462168856 S=5.587768069684772].pdf(1.942401265445468)
Testing logNormal[M=2.08259650777351 S=2.9243416132984223].pdf(1.8664889533268856)
Testing logNormal[M=-2.6528623618994605 S=3.982691250245516].pdf(1.9163178757950488)
Testing logNormal[M=2.9344757963755512 S=2.0228796905587085].pdf(1.770708083286303)
Testing logNormal[M=1.8869582220771974 S=7.774818081592074].pdf(2.156482714873654)
Testing logNormal[M=0.09649539572371069 S=4.486189669273383].pdf(0.5892436565612056)
Testing logNormal[M=0.9585773834053404 S=2.011869604792431].pdf(2.221531059254994)
Testing logNormal[M=3.9616293526069644 S=0.747708721330157].pdf(1.966979966720496)
Testing logNormal[M=-3.2213734018995877 S=3.9384760122619875].pdf(1.4409319356092203)
Testing logNormal[M=-0.1197923477282723 S=5.77404528397714].pdf(1.3156849358851699)
Testing logNormal[M=3.5428216868132427 S=0.31377666158207806].pdf(1.9347779455871268)
Testing logNormal[M=2.62641940339587 S=9.811211792015149].pdf(1.83214183171026)
Testing logNormal[M=3.518942281528382 S=2.8670189689325443].pdf(0.03326840801835466)
Testing logNormal[M=0.4935466117477496 S=6.970902679675826].pdf(1.5266026295888904)
Testing logNormal[M=3.505830881427155 S=7.1363901805909435].pdf(2.1603840477302754)
Testing logNormal[M=-2.969891599749629 S=1.094550408720556].pdf(2.1298762792961092)
Testing logNormal[M=-4.92942470389396 S=8.467418048430021].pdf(2.1404837580035556)
Testing logNormal[M=3.670794506179181 S=6.604393806536648].pdf(1.8299726729636945)
Testing logNormal[M=-0.08572204454719312 S=1.9645372099545722].pdf(1.0981807547878153)
Testing logNormal[M=2.071466304602146 S=9.242507926725406].pdf(0.8591058111955121)
Testing logNormal[M=0.17439902390164264 S=2.141379662545422].pdf(2.1795802629834635)
Testing logNormal[M=2.643097891297831 S=9.003935396620129].pdf(0.6348368164329253)
Testing logNormal[M=-0.2591088457165345 S=8.253857015092832].pdf(0.6692540564241988)
Testing logNormal[M=-2.677702268223532 S=8.755096922121847].pdf(0.7957864367498063)
Testing logNormal[M=4.845432109758111 S=8.376019329682581].pdf(1.6945421717630624)
Testing logNormal[M=-1.5038726176923967 S=2.48682373092909].pdf(1.916231440432037)
Testing logNormal[M=-0.26626075295792795 S=0.8202459744212487].pdf(2.1606189396509596)
Testing logNormal[M=-4.171666174395449 S=4.275283763389039].pdf(1.8421069370650949)
Testing logNormal[M=-1.727821948009204 S=6.399606410981059].pdf(1.416289622683922)
Testing logNormal[M=3.4610831884812114 S=6.390749346496269].pdf(1.5730970582243717)
Testing logNormal[M=-4.858251204357272 S=1.9791174121939492].pdf(2.0254180118567624)
Testing logNormal[M=-4.781091720677775 S=6.742546009715302].pdf(2.049499464271007)
Testing logNormal[M=0.8447624102242557 S=0.7895199712624135].pdf(1.3707117223225727)
Testing logNormal[M=4.95150675050869 S=9.800890842571782].pdf(0.5796365253186554)
Testing logNormal[M=3.5706724185211183 S=3.3262287551434886].pdf(1.5410832972446615)
Testing logNormal[M=-0.416307284004235 S=3.6542883655862877].pdf(1.8694664614252372)
Testing logNormal[M=-3.7098091002590037 S=2.6455364818039206].pdf(1.7088987959016562)
Testing logNormal[M=4.498514580941681 S=4.107879762354209].pdf(1.635781499151352)
Testing logNormal[M=2.1281225396240693 S=4.715955847786512].pdf(1.2604250520140767)
Testing logNormal[M=3.5152973990000973 S=9.118445883345016].pdf(1.1892166914288698)
Testing logNormal[M=-3.8025852272341885 S=1.5027012191156763].pdf(1.6251431422576652)
Testing logNormal[M=-3.988609428420886 S=3.794751180158229].pdf(1.386542403953446)
Testing logNormal[M=-0.4649879844983218 S=7.189339713188438].pdf(1.6539914253651684)
Testing logNormal[M=3.8429362175491395 S=5.451231540915066].pdf(1.8552374241130578)
Testing logNormal[M=1.4876826247724049 S=5.569622930747507].pdf(0.7556055910962488)
Testing logNormal[M=1.890475334828774 S=1.4210104545449753].pdf(1.1343913533317262)
Testing logNormal[M=1.1199524835652497 S=5.802516849208512].pdf(1.2799657686720887)
Testing logNormal[M=1.1053148269919326 S=2.3273400138443012].pdf(1.0853829542661937)
Testing logNormal[M=-0.869050319825031 S=7.857746385120437].pdf(2.2833832357003194)
Testing logNormal[M=-2.4810473086085008 S=2.850117472535967].pdf(0.3130635621214774)
Testing logNormal[M=1.9766635981751897 S=3.8200728473809518].pdf(1.7016721133121637)
Testing logNormal[M=3.8117581593119745 S=3.8363089216228383].pdf(2.044140504761148)
Testing logNormal[M=3.9259474539312524 S=9.753617172983631].pdf(0.6306679715351973)
Testing logNormal[M=-2.0692217360244247 S=1.2368868791639631].pdf(1.3282352323638313)
Testing logNormal[M=-2.94691776431156 S=4.032431216536745].pdf(1.7680518192403236)
Testing logNormal[M=0.9913430907077956 S=9.78111561561995].pdf(0.5332634210089462)
Testing logNormal[M=2.6628764431403775 S=2.654800678901086].pdf(1.3236759048291182)
Testing logNormal[M=-4.63826916558964 S=4.010860610357327].pdf(1.5626814247392267)
Testing logNormal[M=1.1672963962178784 S=0.6311671333089153].pdf(1.7904284940691988)
Testing logNormal[M=4.790134813273358 S=0.04391283348644026].pdf(0.7028340045543403)
Testing logNormal[M=-0.9157671899113575 S=8.634772919441605].pdf(1.0534389539178977)
Testing logNormal[M=-2.7003390204669686 S=0.5329506427601571].pdf(1.7633091761171416)
Testing logNormal[M=3.855843869261463 S=0.7779764420832891].pdf(0.8648282703990562)
Testing logNormal[M=3.7592621494529883 S=7.940060183193357].pdf(0.047909008620789305)
Testing logNormal[M=-4.001083221140762 S=3.1592447029120994].pdf(1.630737988943226)
Testing logNormal[M=1.419488330062312 S=5.961770087137971].pdf(0.385019180913987)
Testing logNormal[M=-0.24340792256820176 S=7.009586886898558].pdf(1.164635955723337)
Testing logNormal[M=-0.32816144249178514 S=8.136888722083137].pdf(2.1235647948322853)
Testing logNormal[M=-4.629907686447537 S=3.5387042601873855].pdf(2.186194548786486)
Testing logNormal[M=3.135464188234401 S=4.812108472561931].pdf(1.1197017877222875)
Testing logNormal[M=2.3068557507070944 S=5.119949337525771].pdf(1.8384121749858957)
Testing logNormal[M=-1.1195607791202544 S=2.0239643069223465].pdf(2.109560307044153)
Testing logNormal[M=3.2469411362866705 S=4.481818140684053].pdf(0.6561871519233984)
Testing logNormal[M=-0.5300638186254467 S=9.055145856702083].pdf(1.7309864694550536)
Testing logNormal[M=2.867736377846077 S=7.519265065258774].pdf(1.9019540021138637)
Testing logNormal[M=2.4546511688146335 S=8.888604173412569].pdf(0.36419394777135616)
Testing logNormal[M=4.501388964565422 S=7.203679765796003].pdf(1.203460094004722)
Testing logNormal[M=4.1972006842235 S=7.214538154342806].pdf(0.8035973539902416)
Testing logNormal[M=-1.6421199046365267 S=9.944990346153737].pdf(1.3720759873343045)
Testing logNormal[M=3.733547538682048 S=2.98317385878092].pdf(2.2815537941289596)
Testing logNormal[M=1.8540962026030696 S=4.516860331940514].pdf(1.6594934864958588)
Testing logNormal[M=4.686494071155762 S=4.846542277274109].pdf(0.6689332496666712)
Testing logNormal[M=1.481029310141178 S=9.258011149865].pdf(1.9477892581408673)
Testing logNormal[M=-1.1113166064310533 S=8.66379011893989].pdf(1.795180159080951)
Testing logNormal[M=-0.8563534181690553 S=2.375292409134886].pdf(2.013834451954603)
Testing logNormal[M=0.21455254248836475 S=7.802607127959281].pdf(1.980824488341056)
Testing logNormal[M=-2.960382812591896 S=6.740416680641475].pdf(2.225120792212589)
Testing logNormal[M=-0.8552632652829439 S=2.1342071015755004].pdf(2.0752591894544365)
Testing logNormal[M=-4.735002355480563 S=9.93478086328709].pdf(1.8470815178431272)
Testing logNormal[M=2.120083704399077 S=1.3690430045896318].pdf(1.2035214036921622)
Testing logNormal[M=1.163362587282947 S=0.06497722715580911].pdf(2.096648233707964)
Testing logNormal[M=-3.4642580047230975 S=9.68584921878865].pdf(2.2494156712776574)
Testing logNormal[M=-3.789440853758592 S=5.461529921248638].pdf(2.1675217861614287)
Testing logNormal[M=-1.8537659878905153 S=9.470988435978601].pdf(1.3605524229809258)
Testing logNormal[M=4.483817098894674 S=9.131830162818488].pdf(0.9566410399674027)
Testing logNormal[M=3.7610233743527797 S=4.649853644741354].pdf(2.0331576209714175)
Testing logNormal[M=4.517959485486291 S=0.22107167970389807].pdf(1.5039970927860598)
Testing logNormal[M=1.8553231437242683 S=9.292987535436984].pdf(1.5544716493607158)
Testing logNormal[M=-2.243839381541574 S=9.68231383155511].pdf(0.4872266940728579)
Testing logNormal[M=1.0095140704470822 S=7.9024250257658855].pdf(1.6683457890930202)
Testing logNormal[M=-0.4469542806308944 S=8.864271078983776].pdf(2.297399177157792)
Testing logNormal[M=-0.361002556776997 S=8.144136561319538].pdf(2.138142927889237)
Testing logNormal[M=2.6721499868249685 S=1.510131074054123].pdf(1.4664725325296402)
Testing logNormal[M=-1.8033181506610987 S=1.591997039894858].pdf(0.6878570711292897)
Testing logNormal[M=-0.43223804569296753 S=7.079569821162314].pdf(1.2459349838559677)
Testing logNormal[M=-2.140062943314578 S=9.007296558913335].pdf(2.2872047730130283)
Testing logNormal[M=-0.9255939272580962 S=6.361584442130925].pdf(1.1831493260905426)
Testing logNormal[M=0.3968606964627517 S=6.930227702100335].pdf(0.9077682500106639)
Testing logNormal[M=-3.763312552571695 S=7.094469269637207].pdf(2.0322213237284203)
Testing logNormal[M=-3.0939818187735932 S=5.50954356846971].pdf(2.0073868977583658)
Testing logNormal[M=-0.3422869867517484 S=2.5265709550734528].pdf(0.7519054138537532)
Testing logNormal[M=-4.884060601437959 S=9.748834001290046].pdf(1.1487697061768936)
Testing logNormal[M=-1.4684373341903245 S=6.061719081466078].pdf(1.8511282196022916)
Testing logNormal[M=-1.5853049160290613 S=7.021801707030014].pdf(1.5849543537535065)
Testing logNormal[M=-4.25228008526184 S=3.709781911400727].pdf(1.2997950294413898)
Testing logNormal[M=-4.7765155297403785 S=3.0915857282264323].pdf(1.6231136454807507)
Testing logNormal[M=2.1737382082460623 S=8.414426716104359].pdf(2.113601672643318)
Testing logNormal[M=0.1305218887711881 S=8.807649685727077].pdf(2.17946350126956)
Testing logNormal[M=-4.625634704618486 S=1.9567712910723156].pdf(1.2731626897130064)
Testing logNormal[M=0.9436591050762679 S=8.27515114987824].pdf(2.2073221017404174)
Testing logNormal[M=-2.2032978728945984 S=4.625688081404432].pdf(1.4192062511723347)
Testing logNormal[M=-1.501343052107258 S=3.2336461751387247].pdf(1.7225499122759635)
Testing logNormal[M=1.2603172458050924 S=4.044698981596308].pdf(1.954364360373735)
Testing logNormal[M=0.9787359745030875 S=4.5190719243527235].pdf(1.4511385157532781)
Testing logNormal[M=-0.6317410819958171 S=3.575464969676545].pdf(0.6141535564743984)
Testing logNormal[M=4.133106800980215 S=9.945663325766912].pdf(0.6492804677029848)
Testing logNormal[M=2.1114374384477985 S=4.719615645665943].pdf(0.3855186600426447)
Testing logNormal[M=2.554661712126899 S=4.250390941074913].pdf(1.7209819996342532)
Testing logNormal[M=2.648951557752871 S=8.284674439694449].pdf(2.1909325945683196)
Testing logNormal[M=1.7814042641794794 S=7.318146497785609].pdf(1.0501523273938425)
Testing logNormal[M=3.0262985658570614 S=8.568363596959319].pdf(2.24589734001548)
Testing logNormal[M=-1.5691438752502385 S=8.04320546892653].pdf(2.1678673090564398)
Testing logNormal[M=-1.3046786008856914 S=0.04791609568731259].pdf(1.5872233507376885)
Testing logNormal[M=-1.0815257407440448 S=6.035968286508703].pdf(1.8875221823756732)
Testing logNormal[M=-1.556322190218248 S=3.6178243913667596].pdf(2.2153360917959892)
Testing logNormal[M=1.0825150321241317 S=5.441984722373965].pdf(2.0466015989333295)
Testing logNormal[M=-1.3607846277772087 S=8.843283059205215].pdf(1.7626645455022059)
Testing logNormal[M=-4.385771893592 S=6.433792793430559].pdf(2.2623425987729227)
Testing logNormal[M=-3.1044128623555087 S=5.8834087168753975].pdf(1.9868057010452427)
Testing logNormal[M=-4.527410307689355 S=2.043841610734467].pdf(0.7608041035403388)
Testing logNormal[M=3.9920346106533486 S=9.418082258971674].pdf(1.937957522013736)
Testing logNormal[M=-2.4713741757458907 S=0.835147971760487].pdf(2.2807660750043115)
Testing logNormal[M=-1.6527923827597646 S=1.2389068298338157].pdf(2.2715747626043923)
Testing logNormal[M=2.357365352731879 S=3.4088916004550796].pdf(1.5475889133512173)
Testing logNormal[M=0.7693996424306384 S=2.9281415734100102].pdf(2.068943794943205)
Testing logNormal[M=0.546106528495268 S=0.831878790057915].pdf(2.291541645572592)
Testing logNormal[M=-4.941059937664015 S=2.9736125619362586].pdf(1.6492043841033437)
Testing logNormal[M=3.3979974076911645 S=7.511749639007363].pdf(1.3829710076301087)
Testing logNormal[M=0.9455059233622984 S=9.877412768321602].pdf(1.506338970958655)
Testing logNormal[M=1.201410120230384 S=2.8447143578284395].pdf(2.112722486355651)
Testing logNormal[M=-2.681631808167201 S=4.378441946744846].pdf(1.9877924058887957)
Testing logNormal[M=1.0405995004450377 S=9.659731756047739].pdf(1.7095512545637754)
Testing logNormal[M=1.2394983091142464 S=8.075864235309782].pdf(0.9562770621226196)
Testing logNormal[M=-3.01904617957009 S=0.23075966466559295].pdf(1.3034480405873017)
Testing logNormal[M=3.533501226969806 S=0.22520052586019967].pdf(1.6050308496165246)
Testing logNormal[M=-2.9054680664057466 S=6.503796649669923].pdf(2.209141804013809)
Testing logNormal[M=4.853997887998606 S=7.4369084265213505].pdf(0.14215018279260216)
Testing logNormal[M=4.066069838253714 S=7.87560005600131].pdf(1.9824862508792813)
Testing logNormal[M=-4.805332466601461 S=9.12068179149805].pdf(1.7580078813668232)
Testing logNormal[M=-2.027022572116138 S=8.894663104319934].pdf(2.1139195983951637)
Testing logNormal[M=-2.3179119416444016 S=5.632915409343944].pdf(1.9327813824994688)
Testing logNormal[M=1.1333401795322278 S=0.6105390361409913].pdf(0.9728905360275864)
Testing logNormal[M=-2.834656709129766 S=9.597258366742862].pdf(1.960311036371279)
Testing logNormal[M=0.7290519222454552 S=1.086413575266193].pdf(1.037292209652487)
Testing logNormal[M=-0.4063651105991539 S=8.20114045793298].pdf(1.475984488410507)
Testing logNormal[M=0.04040113378908661 S=8.873874930310375].pdf(1.0459855410187706)
Testing logNormal[M=1.823866271338332 S=4.891250179664532].pdf(1.1026507419152223)
Testing logNormal[M=3.323029282082725 S=8.615276082203554].pdf(1.6833450091729323)
Testing logNormal[M=-2.651877412697025 S=0.5081408829279266].pdf(1.9026838450040122)
Testing logNormal[M=0.017952315204247782 S=4.19558519617297].pdf(0.6417866498561912)
Testing logNormal[M=-4.145555754047391 S=0.3340970905635354].pdf(1.6126454647712578)
Testing logNormal[M=4.334233546176424 S=4.700319551245853].pdf(1.3023315482832598)
Testing logNormal[M=2.4664552886311952 S=2.531658321585033].pdf(1.5481814513073064)
Testing logNormal[M=2.528070519015647 S=2.7428006405770358].pdf(1.9669932421442076)
Testing logNormal[M=0.9914498953578317 S=4.142866801151406].pdf(0.819673374692217)
Testing logNormal[M=-1.2817204121167904 S=4.2908105476092455].pdf(1.9448722604871882)
Testing logNormal[M=-4.994488209515854 S=6.700066525174035].pdf(2.0771931953577014)
Testing logNormal[M=4.698339645722131 S=7.946468516725833].pdf(1.802130057578663)
Testing logNormal[M=4.5776808638860835 S=1.6369110742996573].pdf(1.269147514824827)
Testing logNormal[M=0.3661420784881333 S=9.431274038656888].pdf(2.259809020034593)
Testing logNormal[M=-1.6914961795348251 S=0.26206817356488].pdf(1.4594284011390544)
Testing logNormal[M=-4.071318085958411 S=8.309023213110937].pdf(1.6318520540748138)
Testing logNormal[M=4.192338156468816 S=2.8722094596031242].pdf(0.9332280839483905)
Testing logNormal[M=-3.787717409665914 S=3.9333356556231145].pdf(1.3822774095658446)
Testing logNormal[M=4.393875683700392 S=6.236057988420466].pdf(2.1916743488154093)
Testing logNormal[M=-3.5883722980141943 S=7.108012973979364].pdf(2.001987216869483)
Testing logNormal[M=0.8737292377070469 S=2.3675193852097145].pdf(1.401936632734125)
Testing logNormal[M=-3.5663789068545517 S=0.3978100686448005].pdf(1.9287362172381441)
Testing logNormal[M=-4.712204930245631 S=2.846085080477776].pdf(1.9026115781550628)
Testing logNormal[M=4.8868947920618595 S=2.5322076381880034].pdf(2.130378979953818)
Testing logNormal[M=0.057561731770571 S=4.644002647996736].pdf(1.8526275972791701)
Testing logNormal[M=4.6662655948917635 S=6.782371508788955].pdf(1.823834380313706)
Testing logNormal[M=-4.640172585681189 S=7.12214498567638].pdf(1.3050989491218061)
Testing logNormal[M=-1.862005317988673 S=3.9151012606595104].pdf(2.288286407024601)
Testing logNormal[M=-2.7209746248409505 S=8.30686215350463].pdf(1.1046762835772665)
Testing logNormal[M=-3.765767864907248 S=6.565694866953616].pdf(1.4256920852705577)
Testing logNormal[M=-0.11172477058198105 S=7.158774322780137].pdf(1.9675851250165886)
Testing logNormal[M=1.6201736611320676 S=5.821598088067831].pdf(1.8383867583339646)
Testing logNormal[M=3.4299176278826753 S=1.9105849640772454].pdf(1.458432398218524)
Testing logNormal[M=-2.469405817490753 S=0.13643184803646125].pdf(1.5175671633037993)
Testing logNormal[M=-0.12507975562528983 S=9.022475257516968].pdf(1.4773159406844105)
Testing logNormal[M=-3.872284704715004 S=7.034306139264355].pdf(2.2215943636103805)
Testing logNormal[M=-0.7558582909668674 S=3.43709495321599].pdf(1.975253972297954)
Testing logNormal[M=0.2726813496459526 S=5.5207269444761895].pdf(1.9725895278039296)
Testing logNormal[M=-3.5671690643546206 S=5.887006873636251].pdf(2.1821462648468066)
Testing logNormal[M=1.6099185435396244 S=0.7611515954741732].pdf(1.8018900488782226)
Testing logNormal[M=0.6213800572053358 S=3.5098006796684187].pdf(0.38892377153617536)
Testing logNormal[M=3.737708907473902 S=6.9623735154277036].pdf(2.260405040910166)
Testing logNormal[M=2.377550039437061 S=4.172853768454139].pdf(0.9624424600698225)
Testing logNormal[M=-0.9014177659245268 S=2.005175630846087].pdf(1.8257861590519002)
Testing logNormal[M=-2.5758643990292707 S=5.132540250189108].pdf(1.5000554998977984)
Testing logNormal[M=0.9074915064128186 S=1.2075995540967788].pdf(0.48571341172208066)
Testing logNormal[M=-1.1038879253784195 S=2.1019396822460945].pdf(1.631121357630832)
Testing logNormal[M=8.392526611489259E-4 S=3.5940071572957057].pdf(1.6572661878471961)
Testing logNormal[M=0.346222939962642 S=3.845938855497173].pdf(2.1496669368635417)
Testing logNormal[M=0.7106532400616832 S=3.621865481887885].pdf(0.8722570807839174)
Testing logNormal[M=1.349979424402016 S=0.15092747672675766].pdf(0.659916882551517)
Testing logNormal[M=-1.260296280349925 S=3.8606522562348666].pdf(2.288763974527571)
Testing logNormal[M=3.35118664950836 S=1.7347137902911314].pdf(0.17671192575488492)
Testing logNormal[M=-1.7519816004918587 S=9.478940156046363].pdf(0.19039950268209999)
Testing logNormal[M=0.3871335409582253 S=0.39620500539106596].pdf(2.285060767589153)
Testing logNormal[M=-0.10929637944376047 S=6.398877001642366].pdf(0.45698959825031077)
Testing logNormal[M=3.0170078908420237 S=6.697973737304145].pdf(1.1057952407949418)
Testing logNormal[M=4.912922294435424 S=5.393234546577218].pdf(2.0275151935288527)
Testing logNormal[M=-2.3090729161624965 S=9.099071192199567].pdf(2.258267107114228)
Testing logNormal[M=0.685605209580058 S=6.055390875979062].pdf(1.774758810098531)
Testing logNormal[M=-0.18942312869875888 S=0.4478897952719585].pdf(1.9110356475891115)
Testing logNormal[M=2.1117567951807796 S=6.596576595247086].pdf(1.3664875966852341)
Testing logNormal[M=4.99924943699555 S=0.004188844527859281].pdf(2.0595415359147964)
Testing logNormal[M=-3.330610310605956 S=6.995291294340538].pdf(1.746508022086084)
Testing logNormal[M=3.457127129949896 S=5.768319662042676].pdf(2.0072399471811857)
Testing logNormal[M=4.3561868253128395 S=5.2483463792456755].pdf(1.3908478908602944)
Testing logNormal[M=-1.9648492745997248 S=5.81772994525967].pdf(1.5027581403498413)
Testing logNormal[M=-3.3318417674919076 S=9.265088266226499].pdf(1.3781798409837247)
Testing logNormal[M=1.2112045730077847 S=3.4525342276752315].pdf(1.520044032971011)
Testing logNormal[M=-1.5290193129478569 S=8.692166312690135].pdf(1.7250873432053624)
Testing logNormal[M=-2.2420073916207475 S=4.235320940121268].pdf(2.2083925945902814)
Testing logNormal[M=-0.07013306599662794 S=9.651495624851739].pdf(0.7705431451209394)
Testing logNormal[M=-0.31843822574095526 S=2.631215097025917].pdf(1.157741343080351)
Testing logNormal[M=4.216912582924097 S=6.814379221474911].pdf(1.6175813113120396)
Testing logNormal[M=4.996154286705098 S=5.6985034450297025].pdf(2.1308379786016762)
Testing logNormal[M=3.3216901468864926 S=2.5480575240927115].pdf(2.1721071046310376)
Testing logNormal[M=-0.023886169849879124 S=6.499790770618291].pdf(1.0537916135165097)
Testing logNormal[M=3.3152791107599224 S=4.210119620121116].pdf(0.9293388984072983)
Testing logNormal[M=-1.4261932205717187 S=6.8906811023842].pdf(1.0982841797325302)
Testing logNormal[M=-1.110645003790646 S=6.19103755686068].pdf(0.4325400656233847)
Testing logNormal[M=4.191066441604201 S=9.763509965595125].pdf(1.5445855015392647)
Testing logNormal[M=-1.050590438413325 S=8.54853754332527].pdf(0.7960836996118391)
Testing logNormal[M=4.069889042396381 S=0.03659603288156066].pdf(1.1005332269246146)
Testing logNormal[M=-2.7959589036537857 S=6.829652290809954].pdf(1.9613865407480418)
Testing logNormal[M=2.216405426641396 S=2.918642931418068].pdf(1.205599645446787)
Testing logNormal[M=3.53680811003057 S=6.366186358120323].pdf(1.9972703467326274)
Testing logNormal[M=-2.647499319329559 S=5.5200961196197165].pdf(2.039715591378914)
Testing logNormal[M=-0.9982157037627761 S=0.159744733273528].pdf(1.210062197205175)
Testing logNormal[M=3.4788121206860936 S=8.053871421104553].pdf(1.078629706763337)
Testing logNormal[M=-3.4341068121307594 S=4.995808008849531].pdf(1.0654733127499887)
Testing logNormal[M=-1.6635343248850254 S=4.363260193793435].pdf(1.4523648617029996)
Testing logNormal[M=-2.503455701342263 S=9.356807015016209].pdf(2.2403943347508797)
Testing logNormal[M=1.121003517578493 S=1.1812470679308695].pdf(2.032960840424029)
Testing logNormal[M=4.7116201299599965 S=9.156410756505727].pdf(1.0562822651010204)
Testing logNormal[M=4.970522626336461 S=3.7470021771262085].pdf(2.234973777416819)
Testing logNormal[M=0.019332944472722602 S=0.009631832179741728].pdf(1.8457933690989823)
Testing logNormal[M=-3.6377024362879187 S=4.414668359231825].pdf(0.4181390718945216)
Testing logNormal[M=1.8826820290234672 S=2.8373515879073796].pdf(0.8974981373822389)
Testing logNormal[M=2.109643527924966 S=6.262087772999997].pdf(1.4331258846190422)
Testing logNormal[M=-1.3753197033947586 S=3.2799424459300774].pdf(1.597854300088854)
Testing logNormal[M=-4.380161557487737 S=1.2294568394633842].pdf(1.148701932317419)
Testing logNormal[M=-4.007702417373643 S=7.210887104043643].pdf(1.096651937111164)
Testing logNormal[M=4.171953992797006 S=0.03561874320798242].pdf(2.1284345632586104)
Testing logNormal[M=4.428416756374055 S=4.549540619495271].pdf(1.4044443380301483)
Testing logNormal[M=4.7897718933905225 S=3.132131098604657].pdf(2.005305294999398)
Testing logNormal[M=1.2589149441775334 S=7.530659286740608].pdf(2.2710493526825655)
Testing logNormal[M=1.4126577123798887 S=4.558926854631631].pdf(1.3217475315095588)
Testing logNormal[M=2.383451796482115 S=0.10966243273790588].pdf(1.2260878732149743)
Testing logNormal[M=-4.5274028414434975 S=5.548078221639474].pdf(1.3776477058318566)
Testing logNormal[M=1.4568197523924509 S=4.281553578630124].pdf(1.7294886656535728)
Testing logNormal[M=-4.612043681782461 S=1.0179794841224243].pdf(0.37171042349627553)
Testing logNormal[M=-1.9264545718496384 S=1.643484737257066].pdf(1.8619571939044408)
Testing logNormal[M=1.4434325858751258 S=3.4791743763802216].pdf(1.7643921653338595)
Testing logNormal[M=0.8657837048090498 S=3.975070314068605].pdf(1.7547919376370893)
Testing logNormal[M=1.7558203095584615 S=6.795317281419791].pdf(1.6823402093524102)
Testing logNormal[M=3.8287118365529196 S=0.3803795859521175].pdf(0.05975653811117937)
Testing logNormal[M=4.302112257974496 S=1.7359063370378636].pdf(0.9275847595073006)
Testing logNormal[M=-3.8284057531151983 S=8.497987301747006].pdf(2.0341186445234007)
Testing logNormal[M=2.4115113511588104 S=9.266282759478575].pdf(1.4959238503783212)
Testing logNormal[M=0.2982029293937334 S=0.9348025201971677].pdf(2.245003730201476)
Testing logNormal[M=2.1217673100811982 S=4.89267055975441].pdf(0.6138383284971428)
Testing logNormal[M=1.3321848762516177 S=2.420036855514237].pdf(2.256040909103554)
Testing logNormal[M=3.4807144590740062 S=2.9042976295218734].pdf(1.910815852125591)
Testing logNormal[M=-3.667761813187449 S=8.738279065769847].pdf(2.0995829390769356)
Testing logNormal[M=-1.4993490634162923 S=1.376189753830117].pdf(1.8328212403014525)
Testing logNormal[M=-3.8081480367107146 S=3.4619222667914418].pdf(1.906136176293553)
Testing logNormal[M=1.164583557606992 S=1.3328991520053468].pdf(2.109366927313253)
Testing logNormal[M=-2.1056949355936716 S=9.887203668063261].pdf(1.721603300294593)
Testing logNormal[M=-2.457600259018715 S=9.800973539265632].pdf(2.2334477106720003)
Testing logNormal[M=-1.5539973726464895 S=9.175869894214712].pdf(2.0345715154621566)
Testing logNormal[M=1.0593151362154316 S=8.428933966749568].pdf(2.055301260206272)
Testing logNormal[M=0.2757484624619897 S=1.7046703592160128].pdf(0.45812538377383627)
Testing logNormal[M=1.9133336397770853 S=7.240960182847678].pdf(0.46154241399577856)
Testing logNormal[M=1.966795946302069 S=1.0699509512581218].pdf(1.7535697354518436)
Testing logNormal[M=4.381490300956214 S=4.551782711302305].pdf(1.828183549895392)
Testing logNormal[M=-1.0580411062252528 S=0.3095008557426637].pdf(1.1315996094543899)
Testing logNormal[M=-2.304158179202409 S=5.948659196856783].pdf(2.1689373467695012)
Testing logNormal[M=4.979614478480807 S=5.410838867145433].pdf(1.8116745420651024)
Testing logNormal[M=2.171650490617301 S=4.87962368693762].pdf(1.9438341760024678)
Testing logNormal[M=-1.8969084517565893 S=5.416068511545116].pdf(2.2930538177248607)
Testing logNormal[M=-1.406545484044365 S=0.74358834454754].pdf(2.145037720840747)
Testing logNormal[M=0.7957562186492249 S=2.1242374419230337].pdf(2.2651520429073586)
Testing logNormal[M=3.17508832239967 S=6.979873870568421].pdf(1.5501610278835871)
Testing logNormal[M=0.4494912364137047 S=6.214229338452996].pdf(2.165241163568176)
Testing logNormal[M=0.5306997821952466 S=1.6135570620888229].pdf(2.099794321365598)
Testing logNormal[M=-3.837788927186152 S=7.410225448239448].pdf(2.09967229883801)
Testing logNormal[M=0.09745063620724714 S=8.532424865252676].pdf(2.1902041750513073)
Testing logNormal[M=-4.262602570174198 S=2.0749153214797245].pdf(2.2206108522262946)
Testing logNormal[M=-1.8068474007897528 S=4.893584329645748].pdf(1.5325510601437278)
Testing logNormal[M=0.7704220297394571 S=5.428385769407836].pdf(1.5346180322030905)
Testing logNormal[M=1.5826303024653035 S=2.5910342227204497].pdf(2.2913197579059843)
Testing logNormal[M=-2.9331742709581556 S=2.434257834395793].pdf(0.24677455900873915)
Testing logNormal[M=2.8248566153131165 S=4.495124428348282].pdf(1.623207724658896)
Testing logNormal[M=-1.640332732261287 S=2.515551418591304].pdf(1.5371812320507816)
Testing logNormal[M=4.845506848093601 S=8.377270277874162].pdf(2.285920904990182)
Testing logNormal[M=-2.813958284884317 S=3.9049175862385486].pdf(1.652645478257013)
Testing logNormal[M=4.771869066831037 S=2.3687483615852836].pdf(1.424518870714757)
Testing logNormal[M=-4.651174504550047 S=9.679984747274728].pdf(0.06267953246882318)
Testing logNormal[M=3.9961787137752154 S=7.429908244354397].pdf(1.5607522289236961)
Testing logNormal[M=3.6160724227286956 S=5.4216340688799].pdf(2.076524464729135)
Testing logNormal[M=-4.468549592150327 S=9.251864927023547].pdf(2.0211976756923895)
Testing logNormal[M=2.9611984931899524 S=4.014469009434526].pdf(0.6694455460771565)
Testing logNormal[M=-0.23212373334243175 S=1.109195426857742].pdf(1.674438058495943)
Testing logNormal[M=-1.678481957997462 S=7.790802480385249].pdf(1.7224010684105733)
Testing logNormal[M=3.9694781930304295 S=2.929149824542814].pdf(2.151957889235094)
Testing logNormal[M=2.2190037257977338 S=4.435962197049617].pdf(1.927705568894641)
Testing logNormal[M=1.052159063298415 S=8.71822969734336].pdf(2.25203183866498)
Testing logNormal[M=0.817584761965656 S=2.2109310746664534].pdf(0.687312742900552)
Testing logNormal[M=0.08678982773614585 S=9.660061526567523].pdf(1.771003905214135)
Testing logNormal[M=2.064402608712788 S=9.85245593835755].pdf(0.7761945524811006)
Testing logNormal[M=3.7249318481550926 S=9.46030606039272].pdf(1.4967938659430144)
Testing logNormal[M=0.42544861513072885 S=6.443657317692345].pdf(1.6650254387196217)
Testing logNormal[M=4.719301223068644 S=5.624680457536288].pdf(0.648980551273527)
Testing logNormal[M=-3.2050380902918807 S=0.2915005794256176].pdf(2.211610483046752)
Testing logNormal[M=4.9940912416540115 S=9.543518416249228].pdf(1.7981413477365675)
Testing logNormal[M=4.817608191149329 S=3.8016207133899362].pdf(0.15706359572463685)
Testing logNormal[M=0.6183725770103345 S=6.717943866106241].pdf(1.1394657286432806)
Testing logNormal[M=-1.07876450894112 S=0.5744072660044497].pdf(2.1820757462801135)
Testing logNormal[M=1.9641131972347772 S=3.0890025747528824].pdf(2.116703528771234)
Testing logNormal[M=-2.7530700146362506 S=1.6359621617243325].pdf(0.9607312737467231)
Testing logNormal[M=-2.24797379673166 S=9.065203940701567].pdf(1.9901572863969916)
Testing logNormal[M=1.4506354230282277 S=7.942507518721925].pdf(1.8193055767153699)
Testing logNormal[M=4.166993294792746 S=9.958815246803157].pdf(2.0928562723657618)
Testing logNormal[M=2.432696875497493 S=8.155137948857156].pdf(2.272217870845343)
Testing logNormal[M=3.9057245776529346 S=7.343898856587977].pdf(2.059804382073804)
Testing logNormal[M=4.090541931786619 S=8.30959896274366].pdf(1.9417178702089823)
Testing logNormal[M=2.0749753287674944 S=2.0145244096202077].pdf(0.4252823757395488)
Testing logNormal[M=-4.0236325140453175 S=6.760023351067415].pdf(0.749497940704539)
Testing logNormal[M=-2.24458923996656 S=6.2325303668362375].pdf(1.8395263123049705)
Testing logNormal[M=-2.2281734494468672 S=4.898147848237475].pdf(2.2619864320580496)
Testing logNormal[M=2.1538994311560744 S=5.588162559280497].pdf(2.002416161780146)
Testing logNormal[M=-4.5697258951583795 S=0.6467869329190523].pdf(2.2060114531702935)
Testing logNormal[M=-1.2914243438603537 S=0.33447912254991774].pdf(0.6532692550698561)
Testing logNormal[M=-0.6420658447348888 S=4.321619745535452].pdf(1.9856239373260294)
Testing logNormal[M=-0.43771532174085603 S=6.091872692140652].pdf(1.8375692617882509)
Testing logNormal[M=-2.7263039847878945 S=5.784817639311522].pdf(0.2724492218810696)
Testing logNormal[M=-2.096722890596543 S=2.172275043413153].pdf(1.0773676317788698)
Testing logNormal[M=2.391159905029477 S=0.43583441667106815].pdf(2.130342892006888)
Testing logNormal[M=-0.3183452648659415 S=0.7958193024161508].pdf(2.2119323715437154)
Testing logNormal[M=-4.023369555762216 S=3.6271247286599806].pdf(1.950811738397419)
Testing logNormal[M=-3.9374082450955363 S=3.376371402080842].pdf(1.7649316603530447)
Testing logNormal[M=3.717061432112841 S=2.038625480383023].pdf(1.3508569385193534)
Testing logNormal[M=1.684559938448773 S=3.092378269841698].pdf(2.277805504092608)
Testing logNormal[M=-3.296460124962236 S=2.5904196442707783].pdf(0.5628549203397143)
Testing logNormal[M=1.9840964467478974 S=5.941389943775967].pdf(0.6529681825282739)
Testing logNormal[M=-2.624129493069427 S=4.345567021094745].pdf(1.6014518826110105)
Testing logNormal[M=-1.9014157796194486 S=5.208199404475684].pdf(0.9677128248746405)
Testing logNormal[M=1.1085895609679017 S=5.393644716306305].pdf(1.0773254028131702)
Testing logNormal[M=-3.029641811609407 S=9.126844419401216].pdf(1.489828452194115)
Testing logNormal[M=1.8654602382892937 S=1.0517294401962496].pdf(1.760651073472835)
Testing logNormal[M=0.7621917767329887 S=7.339300179800929].pdf(0.4465088959600296)
Testing logNormal[M=-1.9536903240675274 S=5.11704188152882].pdf(1.8396191877739951)
Testing logNormal[M=-3.5918276676324092 S=5.759624692395136].pdf(2.2021598692268745)
Testing logNormal[M=2.7634913275947524 S=8.352234719660148].pdf(0.8344238977227898)
Testing logNormal[M=0.3145619639844064 S=8.070889524230026].pdf(0.7928854845939345)
Testing logNormal[M=-2.4720707786818696 S=6.489700454982922].pdf(0.7332212300795471)
Testing logNormal[M=-2.040739692200504 S=2.326112609145894].pdf(1.9459171883571058)
Testing logNormal[M=4.712330921608931 S=3.6750763237720676].pdf(2.2506462904735933)
Testing logNormal[M=0.704558107338574 S=3.6501788982750427].pdf(1.1227264731178692)
Testing logNormal[M=-4.81152912144343 S=5.379432315946261].pdf(2.0599225317869854)
Testing logNormal[M=-4.1647230002762035 S=9.026470567716707].pdf(2.04717852609911)
Testing logNormal[M=-2.443587212783398 S=7.432751469767423].pdf(1.2721632271160683)
Testing logNormal[M=2.4816823747574066 S=0.15766888243370136].pdf(1.4440100436196355)
Testing logNormal[M=-0.15289091297427593 S=6.238231398229823].pdf(2.068036716175668)
Testing logNormal[M=4.716354477229352 S=2.6547229100312544].pdf(1.7786473962261757)
Testing logNormal[M=-1.1690203884962767 S=9.274382898099189].pdf(1.0749527493445357)
Testing logNormal[M=-0.12445137395131844 S=1.1668546634019172].pdf(1.7588067834621148)
Testing logNormal[M=4.683531835893952 S=7.890362863078641].pdf(1.584418764143278)
Testing logNormal[M=-4.617114726371481 S=3.8259887844312876].pdf(0.04302360587816273)
Testing logNormal[M=-1.3594742336467691 S=9.391749656126974].pdf(2.1529653066419594)
Testing logNormal[M=-3.9964847100384104 S=8.748825245527332].pdf(0.9048475132554502)
Testing logNormal[M=-2.63735633358689 S=2.3451691824478127].pdf(2.0040719703613585)
Testing logNormal[M=4.707877702246904 S=1.7552216480952676].pdf(1.154135955386631)
Testing logNormal[M=4.591186150499881 S=8.399057519338017].pdf(0.5772989555036434)
Testing logNormal[M=3.847474021372806 S=4.043962920188363].pdf(2.2428204793208195)
Testing logNormal[M=-3.19961431681537 S=6.035099431228742].pdf(0.5921639193465896)
Testing logNormal[M=-4.285775599737863 S=0.5521284277057392].pdf(1.4726440896857775)
Testing logNormal[M=-2.729822049036504 S=0.7713509896466375].pdf(1.9270922694909964)
Testing logNormal[M=-3.957074754716523 S=0.11951198895827408].pdf(2.088684961090089)
Testing logNormal[M=1.9782162764210334 S=4.587005307587166].pdf(2.2333727459688903)
Testing logNormal[M=-1.5427133364900958 S=3.7275900142111293].pdf(1.9828201622112585)
Testing logNormal[M=-1.2361514285137867 S=1.0680377532139462].pdf(2.0638159270414067)
Testing logNormal[M=-2.5018760475471824 S=2.618164332331575].pdf(1.893218481146517)
Testing logNormal[M=-2.4607521517543507 S=3.00721968402717].pdf(1.5412475638920737)
Testing logNormal[M=-4.876490917643244 S=3.7923427747332727].pdf(0.1724775740560337)
Testing logNormal[M=3.526860473025751 S=1.9345665796804845].pdf(0.7351192316410231)
Testing logNormal[M=3.629920525718239 S=7.055171883922805].pdf(1.850738401301963)
Testing logNormal[M=2.781024694678294 S=9.018384966447886].pdf(2.2678349945983336)
Testing logNormal[M=-4.208998673904446 S=1.1286329349107405].pdf(2.0215498550911435)
Testing logNormal[M=1.9921209951094818 S=8.657053007462231].pdf(0.44294932584798996)
Testing logNormal[M=-0.5844157270426678 S=8.096583788262677].pdf(1.6717431327547827)
Testing logNormal[M=-4.309575799273356 S=0.24950332113554352].pdf(1.5163391513073667)
Testing logNormal[M=1.3564187377985037 S=7.79809134278829].pdf(0.9161308898096521)
Testing logNormal[M=2.7757314599889256 S=5.4563898300642215].pdf(2.094565533951791)
Testing logNormal[M=3.1668875195611434 S=2.37018747478168].pdf(1.9489172617949668)
Testing logNormal[M=4.051220925290973 S=0.17152529244263803].pdf(1.2007476630446459)
Testing logNormal[M=1.6900876564173375 S=6.482360076972059].pdf(0.5424839124660862)
Testing logNormal[M=2.1219260117415786 S=1.63073021555042].pdf(1.3503915548267458)
Testing logNormal[M=0.48238479707868187 S=7.3772998524250575].pdf(0.19821983231466833)
Testing logNormal[M=4.3694445409597655 S=2.1250019374386953].pdf(1.2694076682791586)
Testing logNormal[M=2.9055300949305307 S=2.5696430149395857].pdf(1.7605831358163528)
Testing logNormal[M=2.456239627695264 S=7.5149961980832].pdf(0.982038757780187)
Testing logNormal[M=0.7095189780730013 S=8.015634813661768].pdf(1.159792995243639)
Testing logNormal[M=-3.201037602805743 S=8.333194791926509].pdf(1.7693998997745224)
Testing logNormal[M=3.2472685816418405 S=7.61619789578623].pdf(0.9347668461101322)
Testing logNormal[M=4.470021239671295 S=0.12389248808843512].pdf(1.8493057322819595)
Testing logNormal[M=3.415125179736364 S=9.940593044698424].pdf(1.2307545427239084)
Testing logNormal[M=4.383261516781708 S=7.819059183995445].pdf(0.1528150334302314)
Testing logNormal[M=-4.185393332908038 S=1.0893069544998657].pdf(1.9285616599147817)
Testing logNormal[M=4.9323028355785485 S=7.185018116995577].pdf(1.8378069512188566)
Testing logNormal[M=-1.4575879806193894 S=0.5698407354728519].pdf(0.91288784368939)
Testing logNormal[M=-0.48165960833364707 S=1.0052070749604491].pdf(1.4736431560366838)
Testing logNormal[M=-2.2186617336712713 S=1.0543848058139904].pdf(1.2984838147977982)
Testing logNormal[M=3.586001737933529 S=0.6506015818088784].pdf(1.7680806656035697)
Testing logNormal[M=3.638302291474808 S=1.9666197140685415].pdf(0.4109918936080064)
Testing logNormal[M=4.315614801318141 S=9.793903654626087].pdf(2.126523301146336)
Testing logNormal[M=-0.9084358908661416 S=4.4557504518096245].pdf(2.2247889668543657)
Testing logNormal[M=1.0939062970190534 S=0.9791308021217893].pdf(2.1958203285020206)
Testing logNormal[M=0.5087655227185284 S=2.482352981478292].pdf(2.2372745161294754)
Testing logNormal[M=1.1107762552345584 S=8.526405494844038].pdf(2.121880580336687)
Testing logNormal[M=-4.10928643306894 S=2.328785044623203].pdf(1.991151989640635)
Testing logNormal[M=-0.9991497534141285 S=2.603849692718061].pdf(1.9765856292988848)
Testing logNormal[M=4.329633094555973 S=4.07616512378651].pdf(1.9548490393324176)
Testing logNormal[M=-4.008118177052767 S=2.097537828663217].pdf(1.7817973048255968)
Testing logNormal[M=-2.2002021543395758 S=6.486210510584325].pdf(1.0735735901936583)
Testing logNormal[M=-1.3013669707048772 S=3.622311038468519].pdf(1.1883303453057366)
Testing logNormal[M=-4.259010718113859 S=1.9390091592266456].pdf(1.875996502784478)
Testing logNormal[M=4.233341529252181 S=3.3994559859335194].pdf(2.174632352427459)
Testing logNormal[M=-4.300112611785427 S=0.15962765441904447].pdf(0.9345619113339322)
Testing logNormal[M=4.5655636631123695 S=9.006698203964282].pdf(0.9916453084496061)
Testing logNormal[M=-3.9937858733068374 S=2.436625823578924].pdf(0.40624198275576145)
Testing logNormal[M=2.758001696670399 S=7.278565971764845].pdf(2.1474278780223606)
Testing logNormal[M=-4.7526801902554165 S=0.9355097666152246].pdf(2.2804035039056414)
Testing logNormal[M=4.118929856335434 S=2.1012253600109574].pdf(0.5814093360510697)
Testing logNormal[M=-1.6859474545086348 S=7.098872866655772].pdf(1.7409883436880138)
Testing logNormal[M=4.960581580707405 S=0.36934924952191417].pdf(2.159922630381638)
Testing logNormal[M=-4.460193541278448 S=8.553931422260678].pdf(1.5308513709251887)
Testing logNormal[M=-2.4522123673650285 S=0.9598343837590406].pdf(0.977288314361509)
Testing logNormal[M=-1.7451138003418754 S=9.632310054817777].pdf(1.9055012174824648)
Testing logNormal[M=3.8473887671351132 S=6.557115213537685].pdf(2.164679419026889)
Testing logNormal[M=2.451183949657141 S=9.623872877599547].pdf(0.8779548575673858)
Testing logNormal[M=4.7969065272653175 S=1.4024504968550966].pdf(0.9860730107673081)
Testing logNormal[M=-2.3061257004802327 S=5.278674619996584].pdf(1.9948295966707197)
Testing logNormal[M=3.680556578071087 S=8.543737171437575].pdf(0.7184824787241167)
Testing logNormal[M=-2.2313414904101068 S=1.2410565445695576].pdf(2.2633935702373718)
Testing logNormal[M=-0.25198413349234094 S=4.447703739316625].pdf(1.826509001068502)
Testing logNormal[M=4.469081831240562 S=4.502982879582965].pdf(2.032552512413831)
Testing logNormal[M=3.0909764451536876 S=4.443179898929918].pdf(1.7461150984355673)
Testing logNormal[M=2.7202280825304372 S=5.94195588723836].pdf(2.006724592688618)
Testing logNormal[M=-2.725622376784995 S=5.305649458044085].pdf(2.202189219362207)
Testing logNormal[M=2.989394888890482 S=0.5565835068049285].pdf(1.9262628595077604)
Testing logNormal[M=0.29685037349795973 S=6.6207029520837635].pdf(2.0773536420909613)
Testing logNormal[M=-3.9031527871844016 S=6.252185490251518].pdf(1.7452900391502244)
Testing logNormal[M=-1.4616475771482138 S=5.959824609577559].pdf(1.627556068869364)
Testing logNormal[M=-3.858499782883853 S=3.775434757996605].pdf(1.6907526318693626)
Testing logNormal[M=1.404570846363935 S=5.297513297400155].pdf(2.1821527987666407)
Testing logNormal[M=1.9254710866082778 S=9.569448399837835].pdf(0.8945924515404439)
Testing logNormal[M=-4.825376147005161 S=0.15571690294985285].pdf(2.164807796887032)
Testing logNormal[M=-2.030601464081492 S=5.335709964848633].pdf(0.6053988175191206)
Testing logNormal[M=-0.03226962616424167 S=5.270944989968264].pdf(1.4970016772436434)
Testing logNormal[M=4.265249327363735 S=8.45593131702238].pdf(1.8918916116078566)
Testing logNormal[M=-2.826474583189441 S=8.304012102299067].pdf(2.294630052409553)
Testing logNormal[M=3.6601648640792543 S=3.6718653564492].pdf(1.5335969076528955)
Testing logNormal[M=1.560590080619817 S=2.485895563520665].pdf(1.8301950086019305)
Testing logNormal[M=3.5289602815640357 S=7.575382034109774].pdf(1.952875253415759)
Testing logNormal[M=1.9991625505445656 S=2.55814334786903].pdf(2.114669981189779)
Testing logNormal[M=1.0779638696587623 S=4.416473282344081].pdf(2.2060716227752515)
Testing logNormal[M=-4.1426233754754325 S=0.9396320044986928].pdf(1.0379567943310177)
Testing logNormal[M=4.441848334839424 S=4.4865027108541735].pdf(0.14368929053441745)
Testing logNormal[M=4.608195075475809 S=2.877114148274773].pdf(1.7280573416540217)
Testing logNormal[M=-0.69089320660186 S=2.286005722379386].pdf(2.2412873316593394)
Testing logNormal[M=4.262720611530803 S=2.336401211948602].pdf(2.1311587397741207)
Testing logNormal[M=2.6994555705958625 S=5.505658010654361].pdf(0.5277365612170741)
Testing logNormal[M=-0.19104527929033388 S=5.843013252416673].pdf(0.7054425799953072)
Testing logNormal[M=-4.154244023467593 S=3.494340547520618].pdf(0.43530344817911304)
Testing logNormal[M=4.604638796936449 S=1.4699135554807619].pdf(1.619610798014546)
Testing logNormal[M=0.5392589487578823 S=1.4494644087631259].pdf(2.0199978368862572)
Testing logNormal[M=-0.9188998002715776 S=9.687720543124893].pdf(0.5058973227679402)
Testing logNormal[M=-0.2847519063893955 S=1.9615914076525076].pdf(1.4061125222178523)
Testing logNormal[M=-3.7170254420276616 S=8.96229802226201].pdf(1.4142347200881826)
Testing logNormal[M=-3.732172287720412 S=9.385370043365505].pdf(1.6842393737970505)
Testing logNormal[M=-4.481403704086453 S=8.277534218633814].pdf(1.313381042737028)
Testing logNormal[M=-3.809833962549308 S=9.13052115047645].pdf(1.4982606977471764)
Testing logNormal[M=-1.9193725707610563 S=0.549550246820053].pdf(1.318805540214986)
Testing logNormal[M=0.7695088261284111 S=2.9431832863367324].pdf(1.9590853320542922)
Testing logNormal[M=4.6426820467209815 S=8.064209783899589].pdf(2.2251758200506537)
Testing logNormal[M=2.40655633945969 S=9.341475111043788].pdf(2.0264724097812556)
Testing logNormal[M=-1.6025795737762785 S=6.801941388876176].pdf(1.861841492231073)
Testing logNormal[M=-2.4430676955954347 S=6.05308985919045].pdf(1.032920011645289)
Testing logNormal[M=0.6056306221559291 S=2.263994731628398].pdf(1.7326970047146826)
Testing logNormal[M=-4.141053508683639 S=3.9403268317417672].pdf(1.7520225109391632)
Testing logNormal[M=2.7891657349724692 S=8.832561065968198].pdf(0.6143244772955421)
Testing logNormal[M=-2.7918905739692024 S=5.9245192008348155].pdf(2.194298051876001)
Testing logNormal[M=0.08677137454554007 S=5.153522165154099].pdf(2.0761567848380955)
Testing logNormal[M=4.324648245936954 S=1.1485590594640027].pdf(0.8284563941099653)
Testing logNormal[M=-3.07218392172485 S=1.8112041430994552].pdf(1.881174081297244)
Testing logNormal[M=1.6472607500279306 S=1.7685707417022956].pdf(1.8189193368767511)
Testing logNormal[M=-3.9140746905085146 S=1.7651785735200731].pdf(0.7392451115712284)
Testing logNormal[M=2.491692957669204 S=6.8432984699478165].pdf(2.2741359999246886)
Testing logNormal[M=4.696221869945651 S=8.51096156968202].pdf(1.6495327548466185)
Testing logNormal[M=-4.425491306393305 S=6.591924963395686].pdf(1.6275626562267527)
Testing logNormal[M=0.43668809184822877 S=9.869135553554287].pdf(0.8477931873152176)
Testing logNormal[M=-1.8995466607646727 S=9.093575236397793].pdf(2.0858212932975078)
Testing logNormal[M=4.7006934879170394 S=4.918439842549186].pdf(1.0622559432676644)
Testing logNormal[M=-4.1801224848970495 S=9.861101701766867].pdf(2.246975627974274)
Testing logNormal[M=3.9833797795755306 S=3.192413208902397].pdf(1.950601418215041)
Testing logNormal[M=-1.1143657365353676 S=5.929193609587637].pdf(1.533109400396467)
Testing logNormal[M=-2.393826208163079 S=1.8115018054491439].pdf(2.13202572135527)
Testing logNormal[M=-1.6470159520791814 S=2.782762682454254].pdf(1.3243785262621173)
Testing logNormal[M=1.2015503064505548 S=8.261112864964739].pdf(1.7338631664771618)
Testing logNormal[M=-4.5404608240508075 S=8.809322403545032].pdf(1.3290319513509345)
Testing logNormal[M=-0.8283988795555208 S=9.039826934267396].pdf(2.1270653159163646)
Testing logNormal[M=2.8030040361862234 S=6.288255497987686].pdf(2.2460629949665885)
Testing logNormal[M=-2.8406094091131284 S=8.652029620181128].pdf(1.5928212848630023)
Testing logNormal[M=2.6747291884280466 S=6.365898560440709].pdf(2.244228589993855)
Testing logNormal[M=1.9859948907916225 S=3.1479904727365247].pdf(2.136891834809454)
Testing logNormal[M=-3.3409161888275376 S=5.709883508758793].pdf(2.2703814317007596)
Testing logNormal[M=-2.899131545039093 S=6.812787493378886].pdf(0.3507583303614963)
Testing logNormal[M=-0.7650644068781052 S=9.544241574068714].pdf(1.4843108697316953)
Testing logNormal[M=0.38395615171142694 S=5.020747287164276].pdf(1.3013820365487532)
Testing logNormal[M=3.3307991001259847 S=3.0916931213645036].pdf(1.6036358260951458)
Testing logNormal[M=3.0920368115125694 S=0.135334548306707].pdf(2.1830700832141767)
Testing logNormal[M=1.804001036785615 S=6.81797070064718].pdf(1.755042864222272)
Testing logNormal[M=4.9482194043578325 S=5.195648098550053].pdf(1.7086310652860837)
Testing logNormal[M=-3.4453179125885414 S=2.458536607476649].pdf(0.9162331232250578)
Testing logNormal[M=-3.6231065520212824 S=4.450767460826959].pdf(0.8948589780800994)
Testing logNormal[M=-3.4889549967590296 S=2.946351848056399].pdf(2.253388727858817)
Testing logNormal[M=0.43991088589270966 S=8.617702228381791].pdf(0.09712299722887423)
Testing logNormal[M=-3.4497266814829484 S=9.332105284317054].pdf(1.2119393506746061)
Testing logNormal[M=1.9379972509725363 S=1.4133771074158574].pdf(1.8874999053013155)
Testing logNormal[M=0.8835082711629951 S=2.8624194612495324].pdf(2.075400385226282)
Testing logNormal[M=-1.4559219970389559 S=2.0721365181208085].pdf(2.1538339779400886)
Testing logNormal[M=-0.11990641621068221 S=6.144838210356941].pdf(1.9805394247331949)
Testing logNormal[M=-0.1518856884049571 S=7.982895710967237].pdf(1.5153324699391344)
Testing logNormal[M=-1.7684932063927103 S=3.010504187033758].pdf(1.0501332492978956)
Testing logNormal[M=-4.392782558687177 S=0.32094995628863865].pdf(0.6555987367770402)
Testing logNormal[M=-0.7781162067116494 S=5.889875823547448].pdf(1.6518284165408958)
Testing logNormal[M=3.0699687273069713 S=8.383962752184026].pdf(2.1236340381845396)
Testing logNormal[M=3.815889584480125 S=7.561177906810529].pdf(2.220136026357979)
Testing logNormal[M=4.263936696555083 S=5.293241965678492].pdf(1.7234159737295331)
Testing logNormal[M=1.3786428592439268 S=4.2440392807746345].pdf(1.4374393166124377)
Testing logNormal[M=3.595209183208258 S=8.908601032218659].pdf(1.8461984940935932)
Testing logNormal[M=-2.698498715613237 S=5.65359312742883].pdf(0.3996520724508837)
Testing logNormal[M=-3.251275080809588 S=4.697033694234682].pdf(0.39617764746625994)
Testing logNormal[M=4.150136507659653 S=2.541978798539547].pdf(1.4838761793394026)
Testing logNormal[M=1.1685347187237136 S=9.120159748540441].pdf(1.6661143997237091)
Testing logNormal[M=-3.009917241723392 S=4.940540300840251].pdf(2.103955930599089)
Testing logNormal[M=1.8067561911490602 S=0.1692948662060334].pdf(1.979554233224643)
Testing logNormal[M=4.123271674548368 S=0.34487162505882574].pdf(2.1367428231388854)
Testing logNormal[M=3.5708789008729713 S=7.1500005045768855].pdf(2.2699665117954746)
Testing logNormal[M=0.7196030093249375 S=5.152213599471507].pdf(2.1371373994955754)
Testing logNormal[M=-1.3830176794372964 S=4.001474881862586].pdf(2.0691724507441838)
Testing logNormal[M=0.4446100060765943 S=4.124687857811193].pdf(0.11286661042689261)
Testing logNormal[M=4.436963204303305 S=9.590919702692172].pdf(1.9572737832048195)
Testing logNormal[M=4.787411971798532 S=4.56191089445677].pdf(0.899132000930717)
Testing logNormal[M=0.860203932675371 S=0.9275495739634343].pdf(1.1739730901302656)
Testing logNormal[M=0.8973184977757276 S=4.4639291538557995].pdf(1.6671587876256584)
Testing logNormal[M=-3.2484154329649817 S=8.074799565454528].pdf(2.160243171897634)
Testing logNormal[M=-2.6272628279761214 S=7.01872933262981].pdf(2.1692594810030443)
Testing logNormal[M=-4.118670785865399 S=7.931664873341329].pdf(1.9245779935876508)
Testing logNormal[M=2.606595392003218 S=6.642607024792092].pdf(0.7369777942123432)
Testing logNormal[M=3.208868896200892 S=2.311589948884696].pdf(2.1686542720455266)
Testing logNormal[M=2.691212903700273 S=4.389902403860341].pdf(2.1846330586191103)
Testing logNormal[M=2.672497614161072 S=4.895308998392661].pdf(0.5430240706545406)
Testing logNormal[M=0.45407580782418044 S=5.653331213988796].pdf(0.443087930426743)
Testing logNormal[M=0.9875821337596156 S=1.9166757788888944].pdf(1.6591703777743654)
Testing logNormal[M=-4.415326137009311 S=8.988345295702095].pdf(0.8544887302565553)
Testing logNormal[M=-2.624257937112561 S=4.82068008970862].pdf(1.7885602143856902)
Testing logNormal[M=-1.1093924228739294 S=7.874426110250749].pdf(1.9768731579825265)
Testing logNormal[M=0.49175218238938445 S=5.7921933582696745].pdf(0.5037891680783034)
Testing logNormal[M=4.076428323463906 S=4.001461063166922].pdf(1.604714884481304)
Testing logNormal[M=2.968708463184246 S=1.8928857209065486].pdf(2.2347723869006644)
Testing logNormal[M=4.877805732275398 S=0.937639281936341].pdf(2.2105074671856304)
Testing logNormal[M=3.318746476640463 S=2.681375668900384].pdf(1.58106266960943)
Testing logNormal[M=-2.5680104398337766 S=5.96265064376653].pdf(0.14117557586637297)
Testing logNormal[M=-0.27142116324469256 S=3.4658721340342566].pdf(1.8289268635855624)
Testing logNormal[M=0.16730907723291644 S=8.571138147369686].pdf(1.7980484229342295)
Testing logNormal[M=1.3673450781731944 S=9.806023070138192].pdf(1.552395757049955)
Testing logNormal[M=0.7125061430157658 S=0.2698604318987796].pdf(1.850510984023662)
Testing logNormal[M=-1.0614993019306986 S=3.3167514757796446].pdf(2.2139275738390034)
Testing logNormal[M=0.04267710698300675 S=8.380139078590776].pdf(1.8703785896314198)
Testing logNormal[M=-3.413766726607459 S=8.225706701965214].pdf(1.9372718188895734)
Testing logNormal[M=3.692902492161368 S=8.655888862954725].pdf(0.17938680161451592)
Testing logNormal[M=4.107450088130799 S=8.210454483544332].pdf(1.4288586073145806)
Testing logNormal[M=3.0023820075432965 S=7.646650894952111].pdf(1.479040769498998)
Testing logNormal[M=-1.2766643808960665 S=3.711329195752715].pdf(1.9932033663870565)
Testing logNormal[M=1.3530722532774817 S=0.8444433111412164].pdf(1.9048814462677977)
Testing logNormal[M=2.951409618230195 S=9.232025724044078].pdf(1.8951230768311291)
Testing logNormal[M=0.2864523206259353 S=1.43605091852127].pdf(2.1068725912478103)
Testing logNormal[M=-4.374773846812628 S=4.851660355612725].pdf(2.282147141677101)
Testing logNormal[M=1.4703503440036698 S=5.611210445587346].pdf(0.7898116473453104)
Testing logNormal[M=-4.328792835026896 S=6.396825299098828].pdf(1.4616699828479638)
Testing logNormal[M=2.095570837533625 S=1.761181535085351].pdf(2.1020797202181143)
Testing logNormal[M=-1.9951672717243718 S=6.357308541543051].pdf(1.8002871138081693)
Testing logNormal[M=4.813608175556688 S=7.751713328815921].pdf(1.864710444604335)
Testing logNormal[M=-4.889020532534543 S=0.038994757917794054].pdf(1.500630548906284)
Testing logNormal[M=1.350163577608667 S=9.08426276214404].pdf(1.0644603438430575)
Testing logNormal[M=-1.8021855838762857 S=3.681893717902416].pdf(0.02265119583708624)
Testing logNormal[M=-4.969416445382989 S=8.273537711366618].pdf(1.3233962836604438)
Testing logNormal[M=-4.895511937256152 S=4.883310700369311].pdf(0.38538935838998256)
Testing logNormal[M=-2.3071535632411635 S=2.9782729449579346].pdf(0.1741738834628898)
Testing logNormal[M=-3.52787744925127 S=3.148811094231836].pdf(1.6072658868070353)
Testing logNormal[M=1.5495154865362366 S=4.059284544560837].pdf(1.250710499683383)
Testing logNormal[M=-1.6473199246690031 S=0.8243983087885509].pdf(2.296186652440572)
Testing logNormal[M=4.045154297752749 S=2.489114527813051].pdf(2.105773297492807)
Testing logNormal[M=-1.9496803915891112 S=7.051969140030536].pdf(0.9826435035149973)
Testing logNormal[M=-3.693898502601438 S=0.8326726863641853].pdf(1.6926615193837324)
Testing logNormal[M=1.902736417589023 S=5.215165740985082].pdf(2.2203942405942367)
Testing logNormal[M=4.029961299937556 S=2.508549715904702].pdf(2.2991010781293624)
Testing logNormal[M=4.472343728418666 S=6.051457941506472].pdf(1.1995363442851923)
Testing logNormal[M=4.716221969580879 S=1.09527604338993].pdf(0.5701407808210481)
Testing logNormal[M=0.5044017535155962 S=8.11468785314643].pdf(1.509121284743557)
Testing logNormal[M=1.0693244795608887 S=5.15363327603996].pdf(1.8664282420582075)
Testing logNormal[M=3.4811825548520634 S=1.752281784057489].pdf(2.1043545433354187)
Testing logNormal[M=3.3577609219749043 S=6.2136569416936505].pdf(0.527794275734127)
Testing logNormal[M=-2.767065707274475 S=9.942360071332724].pdf(0.7561757924844189)
Testing logNormal[M=3.9768640373866617 S=0.5541435719862831].pdf(2.3014822934858743)
Testing logNormal[M=-2.9978513281356847 S=5.318908784454224].pdf(2.1066148550658643)
Testing logNormal[M=-2.0739960206348 S=3.248549259167959].pdf(0.5057083555338591)
Testing logNormal[M=4.411712234006229 S=7.144396808968207].pdf(2.015510650253947)
Testing logNormal[M=-2.9170887916600585 S=9.346172089696198].pdf(2.2243433097890457)
Testing logNormal[M=3.0029918352732246 S=1.399138428258293].pdf(2.207161390129972)
Testing logNormal[M=-3.825726539266454 S=6.0975345110172405].pdf(2.2857505078865468)
Testing logNormal[M=2.8827995747398862 S=7.194690705822535].pdf(0.8458941584877137)
Testing logNormal[M=-3.2278041081738373 S=4.383002838429702].pdf(1.9942849546120116)
Testing logNormal[M=3.655106704808688 S=2.3422148919931596].pdf(0.8084411352552768)
Testing logNormal[M=2.0043516028935553 S=5.773250014913832].pdf(2.155330048372852)
Testing logNormal[M=-0.023514398121996294 S=1.8097429218029915].pdf(1.3949065538672973)
Testing logNormal[M=-1.3628063749660946 S=1.1925409564824585].pdf(1.462713804484226)
Testing logNormal[M=4.041327429801335 S=6.381747550300512].pdf(2.0479555331237562)
Testing logNormal[M=4.221389987153829 S=6.4610467473178845].pdf(2.115690172072951)
Testing logNormal[M=-1.7676593098789475 S=5.3422919751204025].pdf(1.6558340571915955)
Testing logNormal[M=-0.44325141230139486 S=1.8241592068417323].pdf(2.1147116948416627)
Testing logNormal[M=-0.36736831359679734 S=9.91230695606157].pdf(2.235463553395849)
Testing logNormal[M=1.5275182541680827 S=1.0590643134002742].pdf(0.9866074459679796)
Testing logNormal[M=-2.469263849431732 S=2.7925692567477722].pdf(1.1387566183040596)
Testing logNormal[M=-2.920793818809085 S=5.955855794598213].pdf(2.1274457926084427)
Testing logNormal[M=1.5463804936546097 S=3.4896626825822743].pdf(1.7378616936738207)
Testing logNormal[M=1.927687765405044 S=9.553443941346176].pdf(2.020811972072343)
Testing logNormal[M=2.4249607615203406 S=1.4040364053080867].pdf(0.02982352008881246)
Testing logNormal[M=0.3072817866114317 S=4.151875582995226].pdf(1.905758381865753)
Testing logNormal[M=3.3147066546152217 S=3.7098183852766686].pdf(1.0052247454022771)
Testing logNormal[M=2.6770072769308264 S=8.821012961364698].pdf(0.91003475490269)
Testing logNormal[M=-3.397265059568398 S=1.1146531948582006].pdf(2.2898033614246542)
Testing logNormal[M=1.2763887732764712 S=1.8921664508431668].pdf(2.286150748018613)
Testing logNormal[M=-0.9031897874086834 S=3.3619829368762555].pdf(0.9220642945550671)
Testing logNormal[M=-0.16146463329862915 S=3.515865630873126].pdf(1.6964504198250787)
Testing logNormal[M=0.6907355641774977 S=2.052647284521978].pdf(1.409460749591083)
Testing logNormal[M=-3.548951121988763 S=3.1333972210595498].pdf(2.2507325058816)
Testing logNormal[M=-1.1129371607095573 S=1.652198455454783].pdf(1.545526355838875)
Testing logNormal[M=-4.204334307078145 S=2.198670171342391].pdf(2.0774441337597622)
Testing logNormal[M=-4.365908513856808 S=1.5184558708690465].pdf(1.4261720769594883)
Testing logNormal[M=-4.944885757448012 S=5.975774257783918].pdf(1.679213894182446)
Testing logNormal[M=0.04659421929585861 S=6.502783350911408].pdf(2.1257348960857354)
Testing logNormal[M=-3.779576366000319 S=6.01364406044964].pdf(2.1542872736040235)
Testing logNormal[M=-4.310576166127618 S=0.2241901793757639].pdf(0.9735632146422429)
Testing logNormal[M=-2.756785388098937 S=6.784071775283201].pdf(1.73160205275301)
Testing logNormal[M=-3.6400388945009263 S=7.524523427279959].pdf(1.3031601655550051)
Testing logNormal[M=-0.19022784297475948 S=4.517561614474502].pdf(2.2170816299137712)
Testing logNormal[M=-3.0248832676870774 S=8.598152285018749].pdf(2.130514045197663)
Testing logNormal[M=2.455012740071502 S=8.44932127233399].pdf(1.3393543496429008)
Testing logNormal[M=1.305738516672661 S=7.341305841605648].pdf(1.9294362848909263)
Testing logNormal[M=-2.7032810213227396 S=2.016897316863938].pdf(1.0541579111524733)
Testing logNormal[M=3.776199932080843 S=2.3045184407310657].pdf(1.493546102289859)
Testing logNormal[M=-0.6733359310458997 S=5.9177570619048865].pdf(2.276069856609131)
Testing logNormal[M=-2.5216747913791018 S=4.370302495114905].pdf(1.8351320221471352)
Testing logNormal[M=1.9531841505315573 S=3.4454865042916527].pdf(2.152793114296726)
Testing logNormal[M=-3.6516484869509256 S=5.10012604078144].pdf(2.2470465717991783)
Testing logNormal[M=-4.318215036113715 S=7.1379774229114865].pdf(2.2234135507709847)
Testing logNormal[M=-0.7281011953244478 S=6.650019404511686].pdf(1.9029898846460578)
Testing logNormal[M=-0.8369381615649418 S=0.25241344680417943].pdf(2.1511387295618913)
Testing logNormal[M=-2.800651121657156 S=2.8732690473115374].pdf(2.228809585511334)
Testing logNormal[M=-2.278497117325183 S=5.732941878388668].pdf(2.1901177296363206)
Testing logNormal[M=-1.3563630233960113 S=2.9831571525040967].pdf(1.2905252257638822)
Testing logNormal[M=3.59224799446023 S=2.8210909928726324].pdf(1.9816070034823445)
Testing logNormal[M=1.1535562698385373 S=8.400138591239948].pdf(2.2445060488502717)
Testing logNormal[M=0.21452168581240638 S=9.456812254422278].pdf(2.2743091714279458)
Testing logNormal[M=2.509762813865951 S=6.0979999729003165].pdf(2.2805757837017873)
Testing logNormal[M=-1.7680132591178301 S=4.537422892619781].pdf(1.6141728604422716)
Testing logNormal[M=-2.667723302205258 S=6.61461414056146].pdf(1.9254214824938851)
Testing logNormal[M=-1.4644480040001162 S=7.2804882956300165].pdf(1.4030671981094989)
Testing logNormal[M=-3.6567751581845584 S=2.3118359855494375].pdf(1.3106359872629498)
Testing logNormal[M=-1.9419115408258811 S=1.4563920460983781].pdf(0.449437029060455)
Testing logNormal[M=2.6462604398060723 S=4.027078382568102].pdf(0.9425199801100941)
Testing logNormal[M=-4.474142131438839 S=2.3371671172307353].pdf(1.7251372532414087)
Testing logNormal[M=-0.06876108888692656 S=4.543940962312522].pdf(1.8913812314152383)
Testing logNormal[M=2.4115497467865 S=9.170298428095268].pdf(1.4181647622681905)
Testing logNormal[M=4.6292368999220646 S=5.568534612252455].pdf(1.8080405055801425)
Testing logNormal[M=-4.435444985247779 S=3.7856798173036585].pdf(2.132066075025944)
Testing logNormal[M=3.3026464633682586 S=3.760777543635052].pdf(1.856728826490277)
Testing logNormal[M=2.607053148691519 S=2.546566853920446].pdf(1.5050190553990022)
Testing logNormal[M=-2.0884245399908408 S=6.527467226218735].pdf(1.3043018750496138)
Testing logNormal[M=0.27911665496368876 S=5.590732565770315].pdf(1.5280501285072472)
Testing logNormal[M=-1.595145904609069 S=5.8720364596325485].pdf(1.7808198718182817)
Testing logNormal[M=-4.108065390855225 S=5.669752346746203].pdf(2.088856129707457)
Testing logNormal[M=1.6120884888160827 S=4.438220372401284].pdf(1.803288538779333)
Testing logNormal[M=-3.9821911182906256 S=0.2939745196460586].pdf(1.442118517827429)
Testing logNormal[M=-2.487344628136363 S=9.276820918740187].pdf(1.4548758512943012)
Testing logNormal[M=4.594017548832568 S=0.26140683084055927].pdf(1.479736146854845)
Testing logNormal[M=-3.1569343908781313 S=3.2996526287150987].pdf(1.6444307331431203)
Testing logNormal[M=1.6352131302307482 S=3.379304291987543].pdf(1.2147674300010285)
Testing logNormal[M=0.22977400800299463 S=7.988622057965793].pdf(1.1813117401979023)
Testing logNormal[M=1.396170276738733 S=1.7963631049694728].pdf(2.213317508821577)
Testing logNormal[M=-4.104787379453164 S=4.679764507283969].pdf(2.2116316264533173)
Testing logNormal[M=-1.932553837143903 S=7.990956934580506].pdf(0.6229672486962264)
Testing logNormal[M=-2.5598810433811114 S=5.1148923385062215].pdf(1.990704535792132)
Testing logNormal[M=1.9150546928305054 S=2.4915983019222643].pdf(1.6340306817623353)
Testing logNormal[M=-2.7038437301500595 S=4.253976427662208].pdf(1.9990609640120542)
Testing logNormal[M=4.904441554309283 S=0.6932533056084178].pdf(2.15981795469286)
Testing logNormal[M=-4.820879569580292 S=5.594823572314327].pdf(1.9755426759610668)
Testing logNormal[M=-0.5004241584505378 S=8.085391553203994].pdf(2.2755472920548305)
Testing logNormal[M=1.6972250574434176 S=8.780692035975736].pdf(1.8341491289949117)
Testing logNormal[M=-4.742448238973549 S=4.708754918726138].pdf(1.3834087630477914)
Testing logNormal[M=2.2193770402131383 S=4.844965326682223].pdf(1.3727958151578254)
Testing logNormal[M=3.8172323064411025 S=4.836753212638013].pdf(1.5532245115723968)
Testing logNormal[M=-3.9478044412578663 S=2.999704308501061].pdf(2.11308195402121)
Testing logNormal[M=3.024575818352954 S=3.699059180991624].pdf(1.0033666534182744)
Testing logNormal[M=3.4337653979458835 S=1.9639050559391291].pdf(2.2750518290912196)
Testing logNormal[M=2.9767164631080343 S=7.207690902422322].pdf(2.072600767513287)
Testing logNormal[M=4.839728452125881 S=8.402012952654735].pdf(0.3426615505390089)
Testing logNormal[M=3.7047999396357216 S=3.518426466747133].pdf(2.1511013981859346)
Testing logNormal[M=1.1141026738561033 S=9.508848096991354].pdf(1.577281299334929)
Testing logNormal[M=-2.6052812329681077 S=7.3615858022339555].pdf(1.6916728962187249)
Testing logNormal[M=-4.01722720252134 S=7.764221920872393].pdf(1.9598248706447596)
Testing logNormal[M=-2.8340587144787364 S=3.168411687029782].pdf(0.8705839784680242)
Testing logNormal[M=1.1581810605257692 S=5.2673905311943505].pdf(1.9412613667190077)
Testing logNormal[M=-2.2955335197587354 S=9.573943635274286].pdf(1.00101309632321)
Testing logNormal[M=-3.784741444104381 S=9.36335509564512].pdf(1.9955420781393958)
Testing logNormal[M=3.91464318562444 S=2.6250480774042986].pdf(1.111045162687645)
Testing logNormal[M=-1.2786480690381206 S=6.196153074386058].pdf(2.1149654940126648)
Testing logNormal[M=-3.2695713645488933 S=9.084229271165233].pdf(2.2918575147398332)
Testing logNormal[M=-0.5065713681764166 S=9.22887471904989].pdf(1.9295659951627329)
Testing logNormal[M=0.7571127744252806 S=9.33361009457347].pdf(1.3271371963486769)
Testing logNormal[M=1.1230669661861654 S=8.597971387626844].pdf(1.277543563410556)
Testing logNormal[M=-2.5258615158560795 S=4.429330534453354].pdf(2.0454334821825837)
Testing logNormal[M=3.0657410299180334 S=5.188232137104327].pdf(2.1835779375284465)
Testing logNormal[M=1.8412675056329721 S=6.095909796133876].pdf(2.250867263362496)
Testing logNormal[M=-1.38074735109356 S=1.9575188734450844].pdf(1.7285332725987679)
Testing logNormal[M=-3.020482948627752 S=7.41888583646733].pdf(2.05943039720575)
Testing logNormal[M=3.454546108176771 S=2.4812761186310803].pdf(0.8921351789581395)
Testing logNormal[M=3.5509037038847406 S=2.3806152731386288].pdf(1.9049557771928307)
Testing logNormal[M=3.887587132086381 S=8.67547126584783].pdf(0.5280040294749857)
Testing logNormal[M=1.695015549118711 S=9.582200582676414].pdf(1.9594173562243975)
Testing logNormal[M=-2.104405586079159 S=0.5724379716682704].pdf(1.2171641796994204)
Testing logNormal[M=1.4326904341306683 S=1.405426347550467].pdf(1.2633823862277989)
Testing logNormal[M=1.998382563752048 S=0.3418371320049507].pdf(1.8098203589655275)
Testing logNormal[M=1.969375038956505 S=7.896027494409244].pdf(1.720902265238792)
Testing logNormal[M=-3.1362617968915774 S=4.496947319900264].pdf(2.2485120424001073)
Testing logNormal[M=-1.597447411172345 S=6.7284532687846905].pdf(2.2941072872092065)
Testing logNormal[M=-3.3055505795137465 S=1.6541757711435823].pdf(0.7807556843877113)
Testing logNormal[M=-4.559158883003809 S=2.3482695969691125].pdf(1.8827326080917073)
Testing logNormal[M=-1.1451045207688204 S=3.066671847256229].pdf(1.3369480159437643)
Testing logNormal[M=-0.603400012955464 S=1.700875776912406].pdf(2.027319039164084)
Testing logNormal[M=0.3532613856276612 S=8.526376837212759].pdf(2.056286124921134)
Testing logNormal[M=-1.1135393561297589 S=5.539056427320018].pdf(1.1157344113619356)
Testing logNormal[M=-2.914700661365676 S=0.22505489803434142].pdf(0.22444318799826643)
Testing logNormal[M=4.33487970332096 S=0.7281683616906376].pdf(1.4436071057252116)
Testing logNormal[M=-4.855033648150167 S=8.283306388936058].pdf(2.0564547242252424)
Testing logNormal[M=-4.059537844422943 S=7.322832572661017].pdf(0.5399556353009091)
Testing logNormal[M=-2.274369466593107 S=1.7234852093252229].pdf(2.043392812557661)
Testing logNormal[M=1.6621767548732924 S=4.021944320678593].pdf(2.2837428022204254)
Testing logNormal[M=-0.15476954561948197 S=5.918835980953723].pdf(1.503004279216776)
Testing logNormal[M=3.043288806914191 S=1.3325475046409896].pdf(1.4330725037498842)
Testing logNormal[M=-0.7007906040300496 S=1.359630833572174].pdf(2.1811823509604613)
Testing logNormal[M=1.5845133752514249 S=4.533637197102695].pdf(1.7059446921700505)
Testing logNormal[M=4.026343100674788 S=1.6866510058244277].pdf(1.8683082176143926)
Testing logNormal[M=2.809611605080562 S=0.2738628301997281].pdf(2.2576352216003346)
Testing logNormal[M=4.163916920690632 S=6.988013220028126].pdf(0.9475030668554225)
Testing logNormal[M=4.475954048254096 S=2.95264132554471].pdf(1.400273852383183)
Testing logNormal[M=3.5628195371286804 S=0.4390258986006046].pdf(0.5399135121951678)
Testing logNormal[M=1.954075513470162 S=4.24606740248859].pdf(1.8737254588092829)
Testing logNormal[M=-1.6733741795639103 S=9.4342239565025].pdf(1.1746988337329847)
Testing logNormal[M=1.9754281280662394 S=3.0945703503348176].pdf(2.297273335305996)
Testing logNormal[M=1.5719787425467775 S=6.8543184163552855].pdf(0.8397620687133078)
Testing logNormal[M=3.097522683554889 S=9.716615423893337].pdf(2.2025050744586685)
Testing logNormal[M=1.096414221501174 S=4.19699538512006].pdf(0.062229358413354585)
Testing logNormal[M=0.12566959703545244 S=9.115088142001447].pdf(1.3467751305791371)
Testing logNormal[M=0.018004696842162105 S=8.700316700728285].pdf(2.118354491489509)
Testing logNormal[M=-0.12881880780832589 S=3.688249572141473].pdf(1.4895335407914712)
Testing logNormal[M=0.90863150986962 S=9.703399262358568].pdf(2.301457008235751)
Testing logNormal[M=2.250383209163738 S=4.302556732827809].pdf(0.5798359923327403)
Testing logNormal[M=-1.6337641494037602 S=8.244495835755599].pdf(1.7559665763474284)
Testing logNormal[M=0.5387312142408307 S=5.655969350342922].pdf(1.811943311169193)
Testing logNormal[M=-1.4033845543004828 S=5.53590423210654].pdf(2.1550138134855796)
Testing logNormal[M=0.5161740091038558 S=7.756944670721878].pdf(0.7251939092536813)
Testing logNormal[M=1.6749953919530283 S=6.479688771440532].pdf(2.165386714879143)
Testing logNormal[M=2.0494607369792037 S=7.78821680726379].pdf(0.9749708228112328)
Testing logNormal[M=-0.9935989716560716 S=6.421623506142803].pdf(1.2467967149723673)
Testing logNormal[M=4.106152241661254 S=8.406105620636488].pdf(0.9073988629828094)
Testing logNormal[M=-1.3740392485689457 S=4.759813916851292].pdf(1.8078985108759489)
Testing logNormal[M=-2.5190289352632647 S=5.358411898115257].pdf(2.119316898448087)
Testing logNormal[M=-1.0051635748568155 S=7.838880668494296].pdf(1.798995675749904)
Testing logNormal[M=-3.696205156889565 S=9.118579106747962].pdf(0.44124679075315393)
Testing logNormal[M=4.19239045457177 S=6.248921392987369].pdf(2.2259987371941614)
Testing logNormal[M=-4.67515499085101 S=8.681090910786644].pdf(1.2937639819207625)
Testing logNormal[M=0.4370934360045595 S=1.6579662580515364].pdf(0.06335032361299658)
Testing logNormal[M=1.1399553741135158 S=6.612222306326947].pdf(1.7388363277181857)
Testing logNormal[M=2.962955141713822 S=4.553324525635353].pdf(0.7630937584857616)
Testing logNormal[M=0.9995015917890795 S=0.4891103297757682].pdf(1.8220103650120567)
Testing logNormal[M=-0.07094159003029343 S=3.635844975330934].pdf(1.7144389160153737)
Testing logNormal[M=-2.8203749679084877 S=8.795330681699696].pdf(1.350343876982626)
Testing logNormal[M=4.459975552033667 S=7.455212399389341].pdf(1.9421281856926205)
Testing logNormal[M=0.593586712719981 S=7.698142958838405].pdf(1.2768843652696533)
Testing logNormal[M=-0.463896996821477 S=9.516220131729714].pdf(0.07491260196978404)
Testing logNormal[M=-2.6370691342893258 S=6.655422681997127].pdf(0.6113051536411349)
Testing logNormal[M=2.425644897117458 S=5.316528650811726].pdf(1.8307953098062013)
Testing logNormal[M=2.3999019434895903 S=4.951960771240388].pdf(0.8657510023644023)
Testing logNormal[M=4.043252404561379 S=7.355498706388261].pdf(2.090633967674183)
Testing logNormal[M=-3.909743224203295 S=1.7268738854624488].pdf(1.4139764591176465)
Testing logNormal[M=4.122067630735129 S=6.309794197350862].pdf(2.135464412806199)
Testing logNormal[M=3.294009278839008 S=9.226763693974592].pdf(2.211115460817262)
Testing logNormal[M=-0.297212516095251 S=0.5018416999942443].pdf(1.083245477237255)
Testing logNormal[M=-2.4778894583686215 S=3.572915390826832].pdf(2.104222124706846)
Testing logNormal[M=-0.8420551050728307 S=0.4774779596178258].pdf(2.245304240106787)
Testing logNormal[M=-4.904922256413525 S=4.357698663180958].pdf(0.8976468026993254)
Testing logNormal[M=3.398626055196125 S=3.622537691505473].pdf(0.5139567702440868)
Testing logNormal[M=-0.8979230599820207 S=7.490327515812209].pdf(1.7306300836434771)
Testing logNormal[M=3.528135183957179 S=2.562177614337653].pdf(2.219351994850963)
Testing logNormal[M=4.009516917905 S=4.401216694289694].pdf(1.6103226368183923)
Testing logNormal[M=-3.9347153893871756 S=9.047822432483208].pdf(1.0500005710764422)
Testing logNormal[M=-0.8097839417960344 S=1.8734068642375068].pdf(2.0370473564588294)
Testing logNormal[M=-1.3751329537661547 S=4.731622885247335].pdf(1.1518245486889123)
Testing logNormal[M=-2.946498056204434 S=2.0203694604933196].pdf(2.044802271337611)
Testing logNormal[M=-2.7267966707476887 S=0.30420971345154535].pdf(1.9315525057273923)
Testing logNormal[M=1.5385160373086286 S=7.291606442070427].pdf(1.9265341761893318)
Testing logNormal[M=-1.927190919151359 S=4.090497670046721].pdf(1.634027117800174)
Testing logNormal[M=-1.4014940707170478 S=0.9555874070897574].pdf(1.9508928777651962)
Testing logNormal[M=-2.5999524273355687 S=1.2512780408493362].pdf(2.1909244071032967)
Testing logNormal[M=2.5502242352316884 S=6.797996880282846].pdf(1.346026854722982)
Testing logNormal[M=-0.6171583746470226 S=8.494532749645408].pdf(1.9887202665352137)
Testing logNormal[M=-2.2120302542841586 S=1.5269934294854781].pdf(2.245110999083942)
Testing logNormal[M=-1.7863472446098436 S=6.185720032157511].pdf(1.9002164373878525)
Testing logNormal[M=4.011496651524604 S=7.628772703669532].pdf(1.200257484289766)
Testing logNormal[M=-2.611014848744592 S=7.062650570536175].pdf(0.7372159240712887)
Testing logNormal[M=-4.115324278825986 S=9.19206205502904].pdf(0.4774346670877854)
Testing logNormal[M=1.7821628964710516 S=6.316023237028899].pdf(0.8760389277893713)
Testing logNormal[M=1.8886409106991273 S=4.148751439843302].pdf(0.2816920504931302)
Testing logNormal[M=-1.5617663772326429 S=4.245218274973677].pdf(2.24793260884159)
Testing logNormal[M=2.9893458677575797 S=0.6802089634324737].pdf(0.4420333597780029)
Testing logNormal[M=2.7736647161931662 S=9.755495013128934].pdf(2.1646594726567354)
Testing logNormal[M=-2.1594199134692538 S=3.777390831625891].pdf(1.58911293359627)
Testing logNormal[M=-1.570840570389179 S=1.3562027542769006].pdf(0.3666220672036975)
Testing logNormal[M=-0.28025243781169884 S=3.7569218509946123].pdf(2.0054267382493074)
Testing logNormal[M=-4.666397769445069 S=9.313423299691618].pdf(1.428720557100519)
Testing logNormal[M=4.268158057701934 S=1.9678807066630555].pdf(2.2661191240372904)
Testing logNormal[M=-1.4886458616023246 S=2.2677013819541134].pdf(2.119346982624181)
Testing logNormal[M=0.7818348034624423 S=4.565777276114299].pdf(2.2932352828870655)
Testing logNormal[M=1.3831531501106245 S=7.746727424382451].pdf(1.779532545125646)
Testing logNormal[M=2.2414854460421916 S=7.089801585849925].pdf(1.9563717545843846)
Testing logNormal[M=-2.8428959022851483 S=6.204593725082118].pdf(1.5169837671801496)
Testing logNormal[M=-0.5127047455096934 S=0.9327338485179548].pdf(0.33842842275951657)
Testing logNormal[M=-3.6132968809693944 S=6.10564598301921].pdf(1.8499253521005856)
Testing logNormal[M=4.1363253465694445 S=0.6419835070344182].pdf(1.3246326753497404)
Testing logNormal[M=0.8060808840388445 S=8.338680634072258].pdf(1.6577472445732404)
Testing logNormal[M=-0.6961089827664608 S=6.093123917994329].pdf(0.6396512013855118)
Testing logNormal[M=-3.255007166892713 S=7.367506273563747].pdf(0.5899273753138177)
Testing logNormal[M=1.0404108655792879 S=9.013389432901102].pdf(2.066640594778921)
Testing logNormal[M=-1.2435838368070442 S=8.144228446461355].pdf(0.7004135264102332)
Testing logNormal[M=-3.828444558322185 S=0.4703514904202988].pdf(1.9819502538533327)
Testing logNormal[M=-0.6071812126302669 S=1.6785220889639652].pdf(2.1185959881547185)
Testing logNormal[M=-1.7616875390835607 S=3.4430620325628336].pdf(1.764473016589161)
Testing logNormal[M=2.5633827342652102 S=2.998531416459281].pdf(1.774304985594034)
Testing logNormal[M=-3.686252380970616 S=2.788794651712836].pdf(2.0588070490912287)
Testing logNormal[M=-1.7874600493862545 S=6.337117755912082].pdf(2.0720079330134715)
Testing logNormal[M=-0.8380265983007096 S=0.6323960758676239].pdf(2.0904380579947452)
Testing logNormal[M=-4.015580241050944 S=5.100604825758549].pdf(2.078759725386172)
Testing logNormal[M=-2.655540724794391 S=1.4756109438263376].pdf(1.2133490737951058)
Testing logNormal[M=1.8727195692679874 S=4.944492316568205].pdf(0.96808783775936)
Testing logNormal[M=-1.960110116370275 S=2.7765330027430246].pdf(1.4805807955168964)
Testing logNormal[M=1.6177331555072332 S=6.240144800694491].pdf(1.8767814730964556)
Testing logNormal[M=-1.1877692267949644 S=9.69407534146107].pdf(2.014322606217096)
Testing logNormal[M=0.5195329154830155 S=9.088276164568507].pdf(2.288350265688665)
Testing logNormal[M=0.106091927500783 S=2.5398823227494005].pdf(1.6836492949856245)
Testing logNormal[M=-2.7669874643725114 S=7.825382044895971].pdf(0.8506367365883145)
Testing logNormal[M=1.5737404804611952 S=2.078498581519943].pdf(1.9211765257847744)
Testing logNormal[M=1.477512327168987 S=6.724601072193902].pdf(2.1859416596861605)
Testing logNormal[M=1.2845896090434605 S=5.955401267366447].pdf(2.0175999940211713)
Testing logNormal[M=-3.487929912057839 S=4.528273906508174].pdf(2.0388716908971793)
Testing logNormal[M=-4.451006432627444 S=3.19724479138784].pdf(0.6112277856395808)
Testing logNormal[M=0.11964877242436778 S=8.841300425123125].pdf(2.0884725786175893)
Testing logNormal[M=-4.859793818525718 S=5.7476195881023955].pdf(2.0441096149448743)
Testing logNormal[M=-0.2977493233423969 S=4.47320590109225].pdf(2.071825630264152)
Testing logNormal[M=-3.9209365468677904 S=0.6055556343643542].pdf(1.828641953908425)
Testing logNormal[M=2.6894511128146164 S=5.480016983268584].pdf(0.5962281045924123)
Testing logNormal[M=-1.9177838062470975 S=1.257323180164932].pdf(0.2094213143810845)
Testing logNormal[M=-0.0752864019754913 S=1.4343632402360562].pdf(1.1757844377201765)
Testing logNormal[M=1.4325445405662371 S=5.166464341817891].pdf(1.0076745944666836)
Testing logNormal[M=-4.145221068813551 S=7.322198082798752].pdf(1.0923121590362457)
Testing logNormal[M=1.544532273845027 S=4.262810414158578].pdf(1.7722665393289918)
Testing logNormal[M=-1.7359183982129256 S=9.374419589364313].pdf(2.2710085142402794)
Testing logNormal[M=-1.5286538491209187 S=6.017639472680015].pdf(1.9086439671794244)
Testing logNormal[M=2.5074906385259403 S=4.491653874374084].pdf(0.957990216788677)
Testing logNormal[M=-1.103003886888846 S=6.808121148528344].pdf(1.9543482443536915)
Testing logNormal[M=3.25368408345507 S=6.3622290838821325].pdf(2.2937262809029195)
Testing logNormal[M=-2.9448087306668325 S=9.864754692648294].pdf(2.1732981014566852)
Testing logNormal[M=4.962308424424624 S=0.5926563667816143].pdf(1.6422345587428837)
Testing logNormal[M=-3.9090294639436873 S=9.144842538915956].pdf(2.0109594715081394)
Testing logNormal[M=4.5520677740527695 S=5.454966476217659].pdf(2.280747261357885)
Testing logNormal[M=-0.688077930500044 S=6.821824817401303].pdf(1.5404595228045237)
Testing logNormal[M=3.7706641400725207 S=6.8401367225573395].pdf(1.3665708065309188)
Testing logNormal[M=-4.233052078608925 S=4.089304963791621].pdf(1.8965230888305606)
Testing logNormal[M=-0.5171625158136273 S=8.835330681652607].pdf(1.3350141816398964)
Testing logNormal[M=1.4759365692786721 S=6.49041861491988].pdf(1.6819083943887447)
Testing logNormal[M=-2.393148342186293 S=5.740632677087621].pdf(2.2646502118904155)
Testing logNormal[M=-2.5580441220523733 S=8.088380457346819].pdf(1.0671155987664178)
Testing logNormal[M=1.93732982244644 S=3.5501424818406155].pdf(0.023800215795950458)
Testing logNormal[M=-3.7499777454576497 S=7.973226346758107].pdf(0.2901507616842082)
Testing logNormal[M=-1.485540339410715 S=6.245301308715029].pdf(1.9277784635160176)
Testing logNormal[M=4.190474510519614 S=2.5105513952567895].pdf(2.151356174216115)
Testing logNormal[M=-2.1395766397499028 S=1.681827928321139].pdf(1.1302064305241608)
Testing logNormal[M=3.5208141515308036 S=2.540986915866296].pdf(0.409231685826676)
Testing logNormal[M=0.4082441884479824 S=3.7043365006171913].pdf(1.1370920247469318)
Testing logNormal[M=-1.1261450771984483 S=1.4307928513066281].pdf(1.6973208348095252)
Testing logNormal[M=-1.9211059747862769 S=2.813967981447388].pdf(1.1220101054419107)
Testing logNormal[M=0.04607586562567079 S=2.3007282043704746].pdf(2.0374295921115526)
Testing logNormal[M=-4.1042276014678825 S=4.867421910091226].pdf(1.8881345280738053)
Testing logNormal[M=-2.742165109748993 S=3.704621161126803].pdf(1.987729700206027)
Testing logNormal[M=-2.2130657313319437 S=3.566633329872111].pdf(0.999117769577149)
Testing logNormal[M=2.288849515124353 S=8.828654859339267].pdf(0.5431321533947426)
Testing logNormal[M=-4.441139725494373 S=3.5417761380630997].pdf(2.073057035940512)
Testing logNormal[M=-0.5060247729570584 S=7.095592503839217].pdf(0.33217898125073647)
Testing logNormal[M=-2.2602041568145994 S=5.323560493121651].pdf(1.687639826602209)
Testing logNormal[M=-4.855814924886105 S=2.0827210393806075].pdf(2.1173956600224444)
Testing logNormal[M=-0.3214462333966779 S=9.746148321990978].pdf(1.7386174997170065)
Testing logNormal[M=-4.92022330772913 S=3.099619042303794].pdf(2.043346094297825)
Testing logNormal[M=2.453909186048544 S=5.985328919550083].pdf(1.0651927353456219)
Testing logNormal[M=-2.3235545861403084 S=5.04827001057661].pdf(1.7330500989113073)
Testing logNormal[M=4.7034553920574815 S=0.7865956354940662].pdf(0.923542651199576)
Testing logNormal[M=-4.3748349928655355 S=3.481788088947102].pdf(2.118196724794541)
Testing logNormal[M=2.014650849245351 S=6.754091149043715].pdf(1.8988772312876872)
Testing logNormal[M=0.5092925819722769 S=8.388630673616651].pdf(1.795425661349641)
Testing logNormal[M=-3.5359512389087246 S=3.7906317848263926].pdf(2.11323155887498)
Testing logNormal[M=1.6569293955109803 S=9.973002216375368].pdf(1.1153818810722096)
Testing logNormal[M=-1.4957944571943615 S=8.040532944322235].pdf(2.133850031583439)
Testing logNormal[M=3.263201158585293 S=7.20770840344358].pdf(1.9366247873271796)
Testing logNormal[M=3.660434322349385 S=5.0059069363042905].pdf(2.284161877615747)
Testing logNormal[M=-0.426332319826086 S=7.733305933612225].pdf(0.46645636614665353)
Testing logNormal[M=-3.6856371659086196 S=9.939641161827248].pdf(0.39347380590865744)
Testing logNormal[M=0.5402829487347081 S=3.176182970513468].pdf(1.9540963919224958)
Testing logNormal[M=-1.6563586440632116 S=7.164978136920635].pdf(1.4968787459927446)
Testing logNormal[M=-3.566026147647471 S=7.82576629625645].pdf(0.6866690654834027)
Testing logNormal[M=2.975793667326837 S=7.068461140783552].pdf(2.2343778322431156)
Testing logNormal[M=-3.3515361299430344 S=7.446739494321115].pdf(2.097582636259083)
Testing logNormal[M=3.4688441370615486 S=4.5542193471846275].pdf(2.298974009794091)
Testing logNormal[M=1.2181473600263404 S=5.551257031888669].pdf(1.7606314666564418)
Testing logNormal[M=1.98315819156627 S=6.077026239723597].pdf(2.1828773368092715)
Testing logNormal[M=-4.625112789746765 S=7.2677039352301165].pdf(1.65419599857284)
Testing logNormal[M=-3.5340051412122584 S=5.107574546449891].pdf(1.5329754167549652)
Testing logNormal[M=1.8246281589862 S=9.039219680030776].pdf(2.039726195852392)
Testing logNormal[M=-0.4958472599220629 S=6.799549719958163].pdf(2.046056233252101)
Testing logNormal[M=-2.751605486060491 S=7.236675922070042].pdf(0.762139092669932)
Testing logNormal[M=-0.4149879175602509 S=4.463598955553209].pdf(1.0364433802762794)
Testing logNormal[M=3.7160758035264294 S=5.291884003012285].pdf(0.4750210177394163)
Testing logNormal[M=-3.8077670307369624 S=3.8450642032843305].pdf(1.341172886030266)
Testing logNormal[M=1.313323375254666 S=4.7118530470701].pdf(0.029268659317995417)
Testing logNormal[M=0.6445957427692939 S=6.307664685010731].pdf(1.499938390888011)
Testing logNormal[M=-3.453002369873195 S=1.8632777946874923].pdf(1.8314000188522597)
Testing logNormal[M=-4.753709901381629 S=0.46743202881523116].pdf(1.5349612150705956)
Testing logNormal[M=-3.1335712749858367 S=4.337247850614142].pdf(0.978699855879638)
Testing logNormal[M=0.17979385913810297 S=1.2661252281553614].pdf(1.3223587315427932)
Testing logNormal[M=2.738560251052152 S=4.355335067269684].pdf(0.9842254289825912)
Testing logNormal[M=-4.1175421961696195 S=1.555849878131914].pdf(0.9723433480043451)
Testing logNormal[M=-1.5641463302321599 S=2.6163601915958514].pdf(1.775184783449744)
Testing logNormal[M=-4.632082586065115 S=0.09018948317639275].pdf(2.2615179189760397)
Testing logNormal[M=2.2963896830484334 S=1.4836693202966067].pdf(1.671049079083424)
Testing logNormal[M=-2.734857104233168 S=0.4540977125459844].pdf(1.4239424185246372)
Testing logNormal[M=-1.5755593869526239 S=7.9697929871106235].pdf(0.6295765643278274)
Testing logNormal[M=4.1516815149034 S=2.456111499564182].pdf(1.371651814531279)
Testing logNormal[M=-0.6858254206813292 S=2.801819140589581].pdf(2.0340553291543637)
Testing logNormal[M=-0.827394120346586 S=3.361889951049447].pdf(1.522206557333827)
Testing logNormal[M=2.865086913710403 S=4.3783092021502314].pdf(1.2089206427359334)
Testing logNormal[M=-4.199271158844824 S=4.046179668809934].pdf(2.095597659176314)
Testing logNormal[M=-4.149981407735671 S=4.80753698333381].pdf(1.8060051504570467)
Testing logNormal[M=3.963442184367839 S=0.6283256644296131].pdf(0.10090098958398765)
Testing logNormal[M=-2.3012783827106142 S=7.81635112427284].pdf(1.688700938393678)
Testing logNormal[M=1.85038809382635 S=2.5101708941145895].pdf(1.6538299567340848)
Testing logNormal[M=2.9610902090951363 S=6.138819426205119].pdf(1.747733745505259)
Testing logNormal[M=0.8058386552269168 S=0.8858790809526851].pdf(1.4403215014195756)
Testing logNormal[M=-2.5075720449898222 S=4.550252396968068].pdf(1.8347796986282827)
Testing logNormal[M=-2.5343740448013454 S=2.7822669737867214].pdf(1.0671279221400047)
Testing logNormal[M=0.9613503107649688 S=0.2505893295480688].pdf(2.0326607568054085)
Testing logNormal[M=-0.4992646087392547 S=5.728294209931125].pdf(0.7600741012071486)
Testing logNormal[M=3.352324381909785 S=9.327099265855258].pdf(1.690103621431482)
Testing logNormal[M=2.732680076885506 S=0.6956807923292596].pdf(0.520773377058722)
Testing logNormal[M=-2.805006313629618 S=6.223730046739819].pdf(2.115696144739641)
Testing logNormal[M=4.280574700653306 S=1.015938075124937].pdf(1.6805248930856387)
Testing logNormal[M=1.1989479072244436 S=7.444770297345422].pdf(1.8821285026390437)
Testing logNormal[M=-3.3464836745492645 S=6.07138842246996].pdf(1.9679393951511157)
Testing logNormal[M=0.49677631345868356 S=6.426839820631729].pdf(2.1678277495259985)
Testing logNormal[M=-3.9055258859796824 S=6.572435503347792].pdf(0.9874024258040398)
Testing logNormal[M=3.50833370038967 S=5.396935244958547].pdf(2.2069353854375793)
Testing logNormal[M=-0.42421472381203085 S=4.066546180583288].pdf(1.2470175817832878)
Testing logNormal[M=1.0536821325751786 S=2.4682813837980655].pdf(0.8923931866964647)
Testing logNormal[M=2.704206044984735 S=0.3150461617014866].pdf(0.3492916711071412)
Testing logNormal[M=-4.48236320156094 S=6.915480766913101].pdf(1.194617186137443)
Testing logNormal[M=4.611479943329165 S=0.9878421901486345].pdf(1.290851822232462)
Testing logNormal[M=1.856668563056064 S=4.749711512202346].pdf(1.1562679081717442)
Testing logNormal[M=3.126572852121189 S=7.0477082202427].pdf(2.2796103409727926)
Testing logNormal[M=-4.038976272274256 S=0.8477081850815826].pdf(0.9831215660493359)
Testing logNormal[M=2.224755436717424 S=9.839434081240457].pdf(1.932014025652363)
Testing logNormal[M=-1.099155190633787 S=9.260743258999762].pdf(1.7546574088557165)
Testing logNormal[M=1.2762198940700218 S=9.556587999180756].pdf(2.2296168350371226)
Testing logNormal[M=1.3889554520799683 S=9.71027227788198].pdf(0.8677802502368457)
Testing logNormal[M=-0.19216731079532323 S=2.008970793544931].pdf(1.088656925732566)
Testing logNormal[M=1.37985634043467 S=4.74990009411442].pdf(2.2576869274287037)
Testing logNormal[M=3.014601906907881 S=9.758289338839077].pdf(2.1436027101746578)
Testing logNormal[M=2.4390382219029565 S=9.629808859842381].pdf(1.0984432486716973)
Testing logNormal[M=-3.8511404976021124 S=9.78099440738198].pdf(1.3601613470753628)
Testing logNormal[M=2.94024702875154 S=9.589651980758525].pdf(1.2917272609397772)
Testing logNormal[M=-4.506759144846186 S=0.38097078505453075].pdf(2.17893418786123)
Testing logNormal[M=-1.8550024427748033 S=4.283872707170712].pdf(1.7428465114935394)
Testing logNormal[M=-2.998761023539717 S=0.6303654194527408].pdf(1.0685574337563861)
Testing logNormal[M=-0.6692038743600968 S=7.949100775578636].pdf(1.7656136555761501)
Testing logNormal[M=1.169623245194141 S=1.1677122056226652].pdf(0.4451553203045582)
Testing logNormal[M=-4.088397828486162 S=9.83272793441342].pdf(0.48676345388763487)
Testing logNormal[M=1.2831001233082562 S=0.4569084200883411].pdf(0.26143672314550653)
Testing logNormal[M=-0.647921913395237 S=5.996661676358082].pdf(1.2492550777137574)
Testing logNormal[M=1.9311521390332222 S=9.837014120742365].pdf(1.2183188988150664)
Testing logNormal[M=1.000872727975545 S=1.2909492758496022].pdf(0.9940096244966037)
Testing logNormal[M=-0.05333912816336106 S=1.0685525733149903].pdf(1.8863623791742106)
Testing logNormal[M=-0.38888329899305063 S=8.677629819864947].pdf(1.823567388710707)
Testing logNormal[M=1.6811010343207622 S=4.2730120406855026].pdf(2.181580336195846)
Testing logNormal[M=1.1006982433258115 S=3.5136720520302567].pdf(1.4001731618585764)
Testing logNormal[M=-2.196664518670104 S=5.853520088244607].pdf(1.8440030413014281)
Testing logNormal[M=3.4298508290381005 S=3.7975551729307453].pdf(2.2057367071874348)
Testing logNormal[M=0.7778639624824599 S=3.678392007047658].pdf(1.257971539645217)
Testing logNormal[M=-2.6547171817093904 S=9.274394136002828].pdf(2.1576298783595713)
Testing logNormal[M=-2.1692612975160106 S=4.326655745721898].pdf(2.012174984571686)
Testing logNormal[M=1.4292334725273665 S=6.252413374316723].pdf(0.4028882031856016)
Testing logNormal[M=3.6191613468092054 S=4.112251355628786].pdf(1.9238761700724907)
Testing logNormal[M=-1.3243962352121006 S=8.90961962793827].pdf(2.1779706975607303)
Testing logNormal[M=-0.7080388878970485 S=9.921256606527018].pdf(2.278746954971455)
Testing logNormal[M=-0.37714802500708267 S=2.47768327581921].pdf(1.4175357161643802)
Testing logNormal[M=2.4431026709855184 S=8.766239251442814].pdf(2.219541010665053)
Testing logNormal[M=-1.2166043399850777 S=3.399742036192843].pdf(1.0178058041295637)
Testing logNormal[M=-3.004623143986932 S=7.2185610653577506].pdf(1.870108079795253)
Testing logNormal[M=-2.0890912546188387 S=0.9128795124668376].pdf(1.4681269742518026)
Testing logNormal[M=-3.6004394094418526 S=7.5003622596350805].pdf(0.2604704218048174)
Testing logNormal[M=-1.5807355519072228 S=1.2111720285226313].pdf(1.1440025357929302)
Testing logNormal[M=1.8775671024148597 S=1.7494215768913046].pdf(1.7593734088753334)
Testing logNormal[M=-4.620161747483317 S=6.365449350363596].pdf(0.18499777075936297)
Testing logNormal[M=-2.961937716164047 S=9.84403656822281].pdf(1.5587127713378626)
Testing logNormal[M=-4.410173315896736 S=5.9489513166465136].pdf(1.262694551888677)
Testing logNormal[M=-1.1280451725713725 S=5.529353109242738].pdf(0.8109824398210009)
Testing logNormal[M=-2.5326474304183257 S=5.478694011234562].pdf(1.1332459196025975)
Testing logNormal[M=-3.815904401417871 S=0.977841432409996].pdf(1.4107363304942528)
Testing logNormal[M=-2.047749805169108 S=8.434062345691155].pdf(1.8239377538470025)
Testing logNormal[M=3.620277509586339 S=9.385691202122139].pdf(1.9955486025429086)
Testing logNormal[M=1.8292161146745478 S=3.0910133933895425].pdf(1.6278758364662183)
Testing logNormal[M=2.593746329326347 S=4.9052740171695834].pdf(1.2906995617651191)
Testing logNormal[M=-4.250459317753849 S=3.376236906164026].pdf(2.1613409429352117)
Testing logNormal[M=2.201729631124775 S=4.747236898789582].pdf(0.2486159134632293)
Testing logNormal[M=-3.567995432849486 S=2.2044438693209703].pdf(2.152960598472822)
Testing logNormal[M=-4.583170422599339 S=8.947331909303747].pdf(1.9452529780731118)
Testing logNormal[M=4.403332624346859 S=0.5686967443736213].pdf(0.11100091346911933)
Testing logNormal[M=4.350071720235116 S=8.452361350289468].pdf(1.3323318252846752)
Testing logNormal[M=-1.5104649139865467 S=3.7821378997278767].pdf(1.9202826895187022)
Testing logNormal[M=4.946202266481766 S=1.3142688270332659].pdf(1.940998909247815)
Testing logNormal[M=2.3871153338843776 S=2.9256486555977435].pdf(1.8665451199683327)
Testing logNormal[M=3.067117893292137 S=0.9784899463016516].pdf(2.2312210200499214)
Testing logNormal[M=-2.2500708424161484 S=9.626319637148647].pdf(1.9614770826556198)
Testing logNormal[M=4.069751951330328 S=3.2422077289927187].pdf(1.3292279730073264)
Testing logNormal[M=0.5224184216357921 S=0.864050867081978].pdf(2.224956518906184)
Testing logNormal[M=3.0666186503076904 S=3.4371362873689226].pdf(1.0870699329146396)
Testing logNormal[M=-0.7317838535489258 S=4.881311796235731].pdf(1.5674194702890945)
Testing logNormal[M=-0.5741524816494179 S=7.7911392504419315].pdf(2.1554275886491654)
Testing logNormal[M=-3.002324372194114 S=0.15948895748472913].pdf(1.2228108262568504)
Testing logNormal[M=0.17628000495681118 S=7.71977391006866].pdf(2.066608914277645)
Testing logNormal[M=-2.4976948727556914 S=8.738345924119704].pdf(1.4296109555843264)
Testing logNormal[M=-0.4071992175641137 S=0.3728698299893507].pdf(0.9398326827644828)
Testing logNormal[M=4.952543184434234 S=4.777644392554688].pdf(1.3080465600059679)
Testing logNormal[M=-4.111469006942668 S=9.91912604728957].pdf(1.2932073111822697)
Testing logNormal[M=4.7206723248635125 S=1.5454869909985125].pdf(0.7466864173418026)
Testing logNormal[M=-1.8563693356821434 S=5.318831783463709].pdf(1.8694260509164118)
Testing logNormal[M=-4.711339992677931 S=0.7531643446438252].pdf(1.4941050580183786)
Testing logNormal[M=-1.9732173130489672 S=6.800880417726196].pdf(1.2491102687890097)
Testing logNormal[M=-0.23091116543802492 S=0.5314006934347548].pdf(1.780493170023982)
Testing logNormal[M=-3.7879628604755133 S=0.8770172013780508].pdf(0.456598253402091)
Testing logNormal[M=2.8618043412974057 S=8.459190600022403].pdf(1.9854097798055934)
Testing logNormal[M=1.7899818402710599 S=7.3085180879323195].pdf(1.719951606428519)
Testing logNormal[M=2.5171107179194605 S=7.953022352813894].pdf(1.9671678757086024)
Testing logNormal[M=3.023941358128301 S=4.387527887085384].pdf(1.1806312971632646)
Testing logNormal[M=2.4113013561106182 S=3.9004993089323268].pdf(0.8387041747957963)
Testing logNormal[M=3.255914103881482 S=2.2889942998877197].pdf(2.068058586490972)
Testing logNormal[M=3.7710508516794334 S=0.25004365283397556].pdf(0.3040940971152832)
Testing logNormal[M=1.9160770013489312 S=5.881807383873332].pdf(2.2024496474940913)
Testing logNormal[M=2.2663906856914053 S=3.7018505441116423].pdf(1.7550261725728449)
Testing logNormal[M=1.887241423986083 S=4.415964067045897].pdf(0.36613001488626123)
Testing logNormal[M=-2.1812427645436228 S=9.831672558056967].pdf(1.9860075912768231)
Testing logNormal[M=0.37711284590189464 S=9.900168335111545].pdf(0.8528830197986612)
Testing logNormal[M=1.3847395608387743 S=6.21191370620471].pdf(0.7981370929163674)
Testing logNormal[M=-3.454238880473115 S=9.15836402211847].pdf(0.7918551169960808)
Testing logNormal[M=-0.6252571356449064 S=4.640820953528345].pdf(1.3160610301413804)
Testing logNormal[M=-3.5027428611856637 S=9.452251525378303].pdf(1.8529821005324463)
Testing logNormal[M=3.862902552736312 S=4.6094456760614815].pdf(1.0668874671224402)
Testing logNormal[M=-0.620212222819366 S=8.039344410866862].pdf(1.7991754424792525)
Testing logNormal[M=3.682465566578493 S=9.875117709787457].pdf(2.2452521776511256)
Testing logNormal[M=3.1707631984856697 S=0.9180740681638466].pdf(0.5447279157321099)
Testing logNormal[M=-2.820061675517386 S=2.5036821561216014].pdf(2.2189989826708243)
Testing logNormal[M=4.798092210210145 S=6.3596571056802].pdf(2.0628890089074656)
Testing logNormal[M=-2.6540699226547115 S=4.848458719655195].pdf(2.187700131925938)
Testing logNormal[M=-4.768765121877248 S=0.7944484406560548].pdf(2.0135525675610113)
Testing logNormal[M=-4.214260805762869 S=6.575767911763627].pdf(1.5229163557091374)
Testing logNormal[M=-0.6322139896646926 S=9.635680160540936].pdf(2.093909259306678)
Testing logNormal[M=-1.7030059837799385 S=8.50955700637687].pdf(1.6830501820843342)
Testing logNormal[M=-3.375729794912793 S=8.14059823004764].pdf(0.9640452305532902)
Testing logNormal[M=-3.363265984903381 S=7.942257913894429].pdf(2.1727029066936927)
Testing logNormal[M=-3.3534757504356127 S=0.3895900796927665].pdf(2.0096464574630852)
Testing logNormal[M=-4.379505121162134 S=2.4749214767817063].pdf(1.4757233393768283)
Testing logNormal[M=-0.669364890766051 S=1.313127630214791].pdf(1.0464634072960932)
Testing logNormal[M=2.491305601430459 S=7.981081104905101].pdf(1.6391754408564623)
Testing logNormal[M=-3.832707179458319 S=4.476770230065715].pdf(1.6777925015604365)
Testing logNormal[M=-4.063138015920953 S=8.069561630720974].pdf(1.8597984491826176)
Testing logNormal[M=-4.088095305632629 S=7.523447002649459].pdf(1.7720795991992098)
Testing logNormal[M=-1.557688954226605 S=2.2713797510319544].pdf(1.0589606458036622)
Testing logNormal[M=-3.437739257424429 S=0.9437963775752733].pdf(0.4743562823441456)
Testing logNormal[M=0.7845764503024721 S=6.642629315250069].pdf(2.012957120644219)
Testing logNormal[M=4.58435755364842 S=4.68573063980072].pdf(1.9036476670315712)
Testing logNormal[M=3.8162553737541316 S=9.899446773671722].pdf(0.8748437454362157)
Testing logNormal[M=-2.0789486240832487 S=6.722386511501355].pdf(2.214461927755771)
Testing logNormal[M=-3.5208264132972023 S=3.564684894681923].pdf(1.731991997833297)
Testing logNormal[M=-0.6464589108206056 S=0.08103081283662328].pdf(0.9194211006654842)
Testing logNormal[M=3.966589833567552 S=5.532293273314169].pdf(1.81292981356777)
Testing logNormal[M=1.3294395928719727 S=5.3280672866754735].pdf(1.8606875377420582)
Testing logNormal[M=-3.6967320097682785 S=8.199913913754134].pdf(0.43594373013603466)
Testing logNormal[M=0.7708665295032375 S=8.184385597936146].pdf(2.19905224620134)
Testing logNormal[M=-0.7258220737873575 S=8.760989911956475].pdf(2.2057436479891144)
Testing logNormal[M=3.2213398555919213 S=5.606713971858792].pdf(1.4281416602362056)
Testing logNormal[M=-1.1733914390435398 S=6.20406267638797].pdf(2.2806316311058614)
Testing logNormal[M=-4.237132865987952 S=8.37834716920781].pdf(1.6398592815307904)
Testing logNormal[M=0.3918503566553433 S=3.867632279528231].pdf(2.236847031688562)
Testing logNormal[M=2.70564084459219 S=3.5323135701548924].pdf(1.7836161765666951)
Testing logNormal[M=-4.531021413177831 S=4.996262696748967].pdf(2.1570671987058425)
Testing logNormal[M=-3.1803466322678684 S=4.334840075047167].pdf(2.198087927755565)
Testing logNormal[M=-1.34508900929006 S=0.17823078324845754].pdf(1.9398056688902194)
Testing logNormal[M=-3.084958755379399 S=8.482530842282966].pdf(0.7113006354351314)
Testing logNormal[M=-3.2429974224549385 S=5.416218847653335].pdf(1.6875480200882942)
Testing logNormal[M=0.5101937002700403 S=9.50252174631985].pdf(1.83770379058689)
Testing logNormal[M=-3.148934439548462 S=3.0769960333003796].pdf(1.4438539239160042)
Testing logNormal[M=-3.1756370913185683 S=2.1064491598256465].pdf(1.2188893594604697)
Testing logNormal[M=1.657557891333191 S=6.124079177995988].pdf(1.921452069304742)
Testing logNormal[M=-0.486414640787201 S=1.4224339048942924].pdf(0.9333790483029853)
Testing logNormal[M=-4.882424088701382 S=9.28119389396318].pdf(2.2178838751165397)
Testing logNormal[M=0.2531743909737294 S=8.364358677849209].pdf(0.6990866075398003)
Testing logNormal[M=4.662590416333879 S=6.638130712357411].pdf(1.2952860219870679)
Testing logNormal[M=-0.9139862880382594 S=9.703640851442522].pdf(1.5120614653760853)
Testing logNormal[M=-3.610747574014208 S=9.145660267182866].pdf(2.0318379954781185)
Testing logNormal[M=-0.128378202863912 S=1.9650187250293882].pdf(2.209073904070622)
Testing logNormal[M=-1.9816550963038226 S=4.612358771363889].pdf(1.8796258988074852)
Testing logNormal[M=4.160425830402069 S=5.605237251834145].pdf(1.9714627344394733)
Testing logNormal[M=2.908571454788164 S=9.788167090146663].pdf(1.8613580733945803)
Testing logNormal[M=2.4659536717301354 S=8.079793155150737].pdf(1.8733279645882372)
Testing logNormal[M=4.437329120360085 S=6.390290834553953].pdf(1.8216794215316263)
Testing logNormal[M=-1.4736765144367894 S=1.8270277900823317].pdf(1.7305291935954423)
Testing logNormal[M=-3.8257733743698297 S=5.736533778668294].pdf(1.972188474559317)
Testing logNormal[M=-3.3833337236780103 S=6.423075839856386].pdf(1.5480234952733576)
Testing logNormal[M=1.1219680667532375 S=3.847251145425028].pdf(1.645294988582002)
Testing logNormal[M=3.0477588506027367 S=5.429225188333245].pdf(1.9953669565173922)
Testing logNormal[M=3.6743239846886393 S=8.51641423958441].pdf(2.1118434709043363)
Testing logNormal[M=-4.873918851430488 S=1.3686174327600953].pdf(2.1330056606295824)
Testing logNormal[M=-0.39798683617146313 S=6.710238183043278].pdf(0.2402407397801827)
Testing logNormal[M=2.738361794766532 S=3.4042183682153415].pdf(1.8556840528028142)
Testing logNormal[M=1.5529654927109968 S=8.722537990693297].pdf(1.6690922074151624)
Testing logNormal[M=4.759849906962684 S=3.6855795029967062].pdf(2.193495724485307)
Testing logNormal[M=2.440856528366705 S=0.5123487674708016].pdf(1.8589980217419624)
Testing logNormal[M=-0.7108201576791631 S=9.997919827383603].pdf(2.236556461623828)
Testing logNormal[M=2.5030317299294556 S=7.572375268654767].pdf(1.5307543943945183)
Testing logNormal[M=-0.23806460041440847 S=4.996016595092413].pdf(1.9388608428907734)
Testing logNormal[M=3.48344511130653 S=6.089807820389232].pdf(0.8935561516632629)
Testing logNormal[M=2.0438212023676137 S=7.021299507587283].pdf(2.0155606269732385)
Testing logNormal[M=-2.0100385752103254 S=5.946604666024323].pdf(1.1756347758135322)
Testing logNormal[M=-1.0417800569211466 S=6.085316997894217].pdf(1.5558665874262454)
Testing logNormal[M=2.251028637800548 S=2.712209198249489].pdf(1.0451298735850099)
Testing logNormal[M=2.5670140277354214 S=3.097297186963398].pdf(1.2259045507734883)
Testing logNormal[M=-0.7497429376581035 S=2.78764589923713].pdf(1.8938099144720135)
Testing logNormal[M=-4.552473929307201 S=1.847710079652407].pdf(0.21110773661310958)
Testing logNormal[M=3.444624170758887 S=6.633205667073433].pdf(2.0601420097186858)
Testing logNormal[M=4.067622805089934 S=8.73152671682806].pdf(1.3726208602160554)
Testing logNormal[M=0.33976639873255365 S=2.548033384724453].pdf(2.171112885160173)
Testing logNormal[M=-0.7708431995626173 S=9.067620113620363].pdf(1.4813379780044407)
Testing logNormal[M=3.215317876737739 S=3.9979212704220766].pdf(2.219397415289894)
Testing logNormal[M=2.2983790397642965 S=9.718584611011625].pdf(2.2544203407846624)
Testing logNormal[M=2.164087073868563 S=0.14224756281167705].pdf(1.1312621130423286)
Testing logNormal[M=1.8147948081760523 S=7.253475873376749].pdf(1.8377258301346993)
Testing logNormal[M=-2.9058564078006555 S=5.9291315761145995].pdf(1.5049331501724827)
Testing logNormal[M=-3.4667639846286114 S=4.481499798955616].pdf(0.7384598345735383)
Testing logNormal[M=0.5239444759065703 S=9.302517073437704].pdf(1.250289594832628)
Testing logNormal[M=-2.174548686250107 S=1.6090648302489852].pdf(2.0429989641215047)
Testing logNormal[M=-0.7021255347372382 S=4.986885875866759].pdf(1.4898532251732304)
Testing logNormal[M=-4.035953210920614 S=8.966274915846414].pdf(2.133469327636947)
Testing logNormal[M=-2.2947134780625844 S=0.5979535624852106].pdf(1.7540925860836314)
Testing logNormal[M=2.979854602566176 S=2.622602852665149].pdf(1.5563737526832946)
Testing logNormal[M=0.5280705868014932 S=4.154221860682254].pdf(1.5300986380010846)
Testing logNormal[M=4.472864002634228 S=3.259931366190653].pdf(1.5721377702363544)
Testing logNormal[M=-2.035609103659799 S=7.8027588440398565].pdf(2.1185729296528066)
Testing logNormal[M=-0.9143028206437966 S=9.145582931731841].pdf(2.116407175238963)
Testing logNormal[M=4.4070509652468655 S=4.254427601420573].pdf(0.03618582171760075)
Testing logNormal[M=2.6712350525817428 S=9.598425281512021].pdf(1.9701760170658404)
Testing logNormal[M=3.9578255931358406 S=7.032607074050387].pdf(1.7036059074899)
Testing logNormal[M=3.859380579973104 S=3.034765994460773].pdf(2.0150796800390864)
Testing logNormal[M=2.0771946650398103 S=9.773979253822848].pdf(2.071886053037208)
Testing logNormal[M=2.1630881680332212 S=4.5555314031255065].pdf(1.846799003562814)
Testing logNormal[M=-1.5666626694586796 S=3.6608589810867667].pdf(1.784777213244009)
Testing logNormal[M=-2.110793691947052 S=4.301555370030545].pdf(1.3979435001581733)
Testing logNormal[M=-0.39569776545106716 S=7.005138860320931].pdf(0.22995286320704278)
Testing logNormal[M=1.2939485059619251 S=8.673905267279709].pdf(1.6841019062728757)
Testing logNormal[M=0.17479188076448082 S=4.917660964387415].pdf(1.8036921689491854)
Testing logNormal[M=-3.147903473127658 S=0.5964088861071981].pdf(1.8763854564846447)
Testing logNormal[M=1.5295367925600178 S=3.825787376837612].pdf(2.2850240247520963)
Testing logNormal[M=4.460480194686031 S=8.804093501739782].pdf(1.9376989284838964)
Testing logNormal[M=3.5020651492544346 S=0.4785338826294383].pdf(2.031795256646862)
Testing logNormal[M=-2.892906462257324 S=4.905775068002867].pdf(0.5146847547506734)
Testing logNormal[M=2.1541861870561476 S=3.4949220117837623].pdf(1.9230128085406624)
Testing logNormal[M=-4.244753170176549 S=0.9217242510361157].pdf(1.4326894754198298)
Testing logNormal[M=4.885696118732573 S=2.005710327923189].pdf(1.0094390109115767)
Testing logNormal[M=-1.0129126598694214 S=2.808361634186629].pdf(2.0271665639308742)
Testing logNormal[M=-0.17837160617805292 S=8.277898895561211].pdf(1.4485750982191195)
Testing logNormal[M=-3.7275168503125666 S=8.920312856720402].pdf(0.15763905909838008)
Testing logNormal[M=-0.2743178351450375 S=7.750517780965167].pdf(1.8629813256111298)
Testing logNormal[M=2.8042995270368642 S=9.014487701777686].pdf(0.9328945276704141)
Testing logNormal[M=-4.119873534142796 S=4.082927278137863].pdf(1.235827660452627)
Testing logNormal[M=-0.7253226558343062 S=3.382392366347574].pdf(1.4982676806961068)
Testing logNormal[M=-2.0681255732368973 S=7.416299187481758].pdf(1.7142816432897834)
Testing logNormal[M=2.8678994245998677 S=5.363262900815132].pdf(1.9927409131878466)
Testing logNormal[M=3.4412359374579005 S=0.6901516695956422].pdf(1.0117279770014531)
Testing logNormal[M=-3.044880359507686 S=1.3441655511709272].pdf(1.8131120991549352)
Testing logNormal[M=0.5988736318603465 S=7.031755994933048].pdf(0.7266340361720358)
Testing logNormal[M=-3.7716120062722833 S=5.097930053264575].pdf(0.21606962885077824)
Testing logNormal[M=-1.5407430677689238 S=8.67666397031645].pdf(2.15205475767681)
Testing logNormal[M=-2.8946418134356167 S=9.483374798927615].pdf(1.632862805222005)
Testing logNormal[M=-4.9911861834229985 S=4.113279168479327].pdf(0.7353431363787089)
Testing logNormal[M=-2.4808483805889026 S=2.6699801574419393].pdf(1.970109402559085)
Testing logNormal[M=-4.34497272415535 S=9.702575264785944].pdf(1.8128457193076704)
Testing logNormal[M=2.725673817217573 S=0.3561785287626196].pdf(1.496446206776771)
Testing logNormal[M=1.169632585685065 S=7.028149022576846].pdf(2.300192531074812)
Testing logNormal[M=-1.5560400100061411 S=0.06430059262820031].pdf(1.4943751246436205)
Testing logNormal[M=3.9874514061103437 S=1.8754364169424154].pdf(1.93411026275537)
Testing logNormal[M=-1.9735599730990572 S=9.878880801923785].pdf(1.123744378380101)
Testing logNormal[M=2.004601905841225 S=5.503338459481992].pdf(2.224289117852955)
Testing logNormal[M=1.8708344493803795 S=2.7857415162048174].pdf(2.124822292656803)
Testing logNormal[M=-0.22506440850208786 S=1.067698834103582].pdf(2.1728274625238093)
Testing logNormal[M=-1.2249130726957445 S=2.817238238019024].pdf(1.9168817114050438)
Testing logNormal[M=4.917862134693875 S=5.309392134382904].pdf(0.8912141106000202)
Testing logNormal[M=1.4014794154295114 S=8.354064651241739].pdf(2.1662233153261656)
Testing logNormal[M=-1.628437158766527 S=5.083631721331226].pdf(1.8716223537216563)
Testing logNormal[M=-1.4751131168537022 S=0.3928068131346274].pdf(1.6805938924296666)
Testing logNormal[M=-0.5491303749688301 S=1.0409669776224217].pdf(1.8877322049429388)
Testing logNormal[M=-2.9234824587673747 S=7.520467800040297].pdf(0.7669519990019699)
Testing logNormal[M=4.53874895941858 S=2.4064639504502807].pdf(2.130474644428991)
Testing logNormal[M=3.826573577891855 S=2.7702069371813343].pdf(2.1321246188224636)
Testing logNormal[M=2.947826548791207 S=8.744524025991891].pdf(1.6009464278531484)
Testing logNormal[M=-1.6797687313823948 S=2.4051256710913673].pdf(2.0424961180991468)
Testing logNormal[M=-4.7183808316746445 S=1.8769006569470514].pdf(2.094173215543069)
Testing logNormal[M=-4.80046824258077 S=9.090193269249127].pdf(1.2619892860179005)
Testing logNormal[M=-0.5148254945307489 S=5.238544892744871].pdf(1.074040168756338)
Testing logNormal[M=2.087947697814812 S=5.06774860690626].pdf(1.9573266269610692)
Testing logNormal[M=3.4667752042452715 S=4.7828550486966614].pdf(0.6026976340520341)
Testing logNormal[M=-2.6354938518690787 S=9.902007015367367].pdf(1.5543094679280933)
Testing logNormal[M=-2.7519934222756524 S=3.391448094585996].pdf(0.517355273332482)
Testing logNormal[M=2.3174042226194977 S=0.36216301236746684].pdf(2.0413825024424797)
Testing logNormal[M=-4.87676309297022 S=8.589721655956058].pdf(1.2892035460225562)
Testing logNormal[M=-3.7074895149925826 S=8.98065809645274].pdf(0.3774542916922599)
Testing logNormal[M=1.889952066799415 S=5.913363172333042].pdf(1.9066454824994155)
Testing logNormal[M=-1.0808794621597895 S=0.715319228763518].pdf(2.232029557838998)
Testing logNormal[M=4.1570149000613075 S=6.06198745785382].pdf(2.022137096217771)
Testing logNormal[M=-1.9796357374669347 S=7.940634049603555].pdf(2.048883536169257)
Testing logNormal[M=-3.693470462166567 S=4.449245361313267].pdf(2.1405429559543547)
Testing logNormal[M=2.1558244255226384 S=4.146411020940822].pdf(2.1661916522719777)
Testing logNormal[M=-3.2502531671461146 S=6.468586357326176].pdf(2.208791672950316)
Testing logNormal[M=1.4959670112441472 S=0.011874483996879848].pdf(2.162605321196586)
Testing logNormal[M=-3.5766217552627113 S=5.14341945681579].pdf(1.770144732702449)
Testing logNormal[M=4.798570268375249 S=9.56411347698782].pdf(1.1032558680571094)
Testing logNormal[M=-1.437767770709526 S=8.926313133275254].pdf(1.2786878332006153)
Testing logNormal[M=3.540432575335508 S=7.936154001128863].pdf(1.5862132206714648)
Testing logNormal[M=4.906382705900276 S=5.892064925089356].pdf(1.405132103192673)
Testing logNormal[M=-0.7611877485846383 S=3.959032421538946].pdf(1.3154898452947894)
Testing logNormal[M=-1.5518834562050143 S=7.653399011598438].pdf(2.0886418903925055)
Testing logNormal[M=-1.1391621216387673 S=3.1350450624541115].pdf(1.0326558252823566)
Testing logNormal[M=4.779451269142061 S=2.2335129326385115].pdf(1.141611267813518)
Testing logNormal[M=-0.8606598176794433 S=7.162620636955891].pdf(1.68679479014962)
Testing logNormal[M=-2.0531884316939952 S=1.9552429969240714].pdf(0.5151899185986704)
Testing logNormal[M=-3.001212032801559 S=2.8239317964677535].pdf(1.8028019896191605)
Testing logNormal[M=0.5384619220806357 S=0.06259745037748621].pdf(1.9147772018344764)
Testing logNormal[M=-3.0474224092827615 S=0.4701068717544088].pdf(2.0761927748356297)
Testing logNormal[M=-0.6070715324418599 S=0.7148275825497297].pdf(1.9081058263760848)
Testing logNormal[M=3.8351042591439377 S=5.633612678759996].pdf(2.026659079495284)
Testing logNormal[M=1.8170456848173728 S=5.570812805669828].pdf(2.158811536959694)
Testing logNormal[M=2.619832883768165 S=5.769716451451662].pdf(1.9128462365050163)
Testing logNormal[M=-1.7466686177637145 S=1.265872430072743].pdf(0.3548123368654622)
Testing logNormal[M=-3.6422307565216885 S=3.8042554715280943].pdf(1.9663895125594795)
Testing logNormal[M=-4.130250734972422 S=3.4964173378834285].pdf(1.4841637511129309)
Testing logNormal[M=-1.072183134731608 S=6.287428642129629].pdf(2.069870729203089)
Testing logNormal[M=0.2109819462379292 S=8.461158099144301].pdf(0.8730675351973851)
Testing logNormal[M=4.768744785466302 S=3.485823017150189].pdf(0.9569448926805352)
Testing logNormal[M=4.718213679740993 S=2.320653768227323].pdf(1.6618277291653978)
Testing logNormal[M=1.9779329103295087 S=2.869080319085644].pdf(1.1575204446744618)
Testing logNormal[M=0.8583191630533324 S=0.5874077444567705].pdf(2.3025284571472318)
Testing logNormal[M=-0.9361483094648086 S=3.759666450054888].pdf(1.578366976626466)
Testing logNormal[M=4.352892817185236 S=5.581228308973248].pdf(2.2591708785508406)
Testing logNormal[M=3.654894142264988 S=4.462409518630034].pdf(0.6784423745861594)
Testing logNormal[M=0.6577710972845896 S=4.636181919642137].pdf(2.1853219397595733)
Testing logNormal[M=2.8144651377831433 S=8.891655447510171].pdf(2.022504822591213)
Testing logNormal[M=2.8863371511247538 S=0.6545467808538175].pdf(1.5253142284285404)
Testing logNormal[M=1.6473521592033888 S=6.49458885135899].pdf(1.752356621829577)
Testing logNormal[M=-3.8736279861468805 S=6.950430030367856].pdf(1.872953458819111)
Testing logNormal[M=4.059169791820418 S=2.83010122418362].pdf(1.8215549347307693)
Testing logNormal[M=2.6923284592825816 S=0.6399274115186593].pdf(1.04809332678293)
Testing logNormal[M=-0.6784085164271598 S=9.006796770993292].pdf(1.0791870302271545)
Testing logNormal[M=1.57375568972716 S=7.886531913307503].pdf(2.2552533146766653)
Testing logNormal[M=0.19371606334095848 S=9.471071931096159].pdf(1.4457851971879503)
Testing logNormal[M=-4.107882245878114 S=6.133131322549939].pdf(0.7347526032654833)
Testing logNormal[M=3.9887042887140662 S=0.6411010940733664].pdf(0.7533357474959641)
Testing logNormal[M=-3.3277491604975564 S=0.2893871912225776].pdf(2.1654008058163763)
Testing logNormal[M=-3.801674030477926 S=2.0577172217456594].pdf(1.4653181515063127)
Testing logNormal[M=4.380853866955739 S=1.9866448003957848].pdf(1.9244860081135333)
Testing logNormal[M=-4.695225914200566 S=2.260784104828172].pdf(1.733510801838321)
Testing logNormal[M=1.8864533562918187 S=7.060678131121093].pdf(0.111429901098342)
Testing logNormal[M=3.8792652533344025 S=5.623197119429445].pdf(0.918898574668971)
Testing logNormal[M=-4.934195937082892 S=0.4395006459938511].pdf(2.296519172128054)
Testing logNormal[M=2.2649044829758926 S=5.77910164713181].pdf(1.429979790283356)
Testing logNormal[M=0.9505532737586799 S=8.010931077280743].pdf(1.400600895736891)
Testing logNormal[M=-4.392122052754239 S=1.1010465191305963].pdf(2.0381245300105815)
Testing logNormal[M=4.3266193953374295 S=7.29289865465365].pdf(2.0816487815949625)
Testing logNormal[M=-2.0518261382376455 S=1.7249788326793325].pdf(0.24251641447864342)
Testing logNormal[M=-2.1076437573848574 S=7.7111928005983685].pdf(1.444508999441932)
Testing logNormal[M=-0.881287451441831 S=1.2273985489067096].pdf(1.756868884229793)
Testing logNormal[M=-2.530102023076669 S=4.126004847770496].pdf(0.03026734790617738)
Testing logNormal[M=3.0674907161012612 S=3.440377105217637].pdf(2.1048291278324744)
Testing logNormal[M=1.2934654454438412 S=2.0636456514185464].pdf(1.3959267128601507)
Testing logNormal[M=1.7159099354552554 S=1.6388364615735607].pdf(1.1782924423250267)
Testing logNormal[M=-0.8920888730356982 S=8.17012307793774].pdf(0.8757145987265504)
Testing logNormal[M=0.8256790871927429 S=4.0059304687728705].pdf(1.9641686113350723)
Testing logNormal[M=-1.9293885189973303 S=7.525208459399151].pdf(0.4249044399897352)
Testing logNormal[M=2.823879515047974 S=1.0496727798830952].pdf(1.9779124040020428)
Testing logNormal[M=3.4999670419209927 S=8.100068688399048].pdf(0.6636397041659936)
Testing logNormal[M=1.450384731748108 S=3.0234573449115465].pdf(1.1380087286964287)
Testing logNormal[M=2.2522682521213513 S=5.7507089897514625].pdf(2.24705207479316)
Testing logNormal[M=0.9379215485130086 S=5.279554290337046].pdf(1.5918910690675527)
Testing logNormal[M=-0.5234378542181206 S=2.5200046263373785].pdf(0.2137884822589613)
Testing logNormal[M=-3.574415543890128 S=4.21157078312416].pdf(0.7447676328490135)
Testing logNormal[M=-1.795838465762578 S=5.198382752965703].pdf(1.511207722662438)
Testing logNormal[M=4.873179901426656 S=6.341503426765193].pdf(2.167249960563176)
Testing logNormal[M=-1.34590277248659 S=7.811392363419002].pdf(2.2037161709517856)
Testing logNormal[M=-3.9632220466310253 S=3.970386635056448].pdf(0.35664341305657504)
Testing logNormal[M=-3.7746077827429705 S=0.42436388732489894].pdf(2.0595715444896103)
Testing logNormal[M=-0.5455517759860165 S=6.398436405267791].pdf(1.8108602862705805)
Testing logNormal[M=-4.682455700837586 S=1.0617482237396136].pdf(1.962335891863206)
Testing logNormal[M=-4.036796075619479 S=0.2595011819398263].pdf(1.6656291103000171)
Testing logNormal[M=-0.24318647815592787 S=8.03192189561537].pdf(1.1640398997143842)
Testing logNormal[M=-3.1429127119475075 S=4.561330230906848].pdf(1.8158680545603112)
Testing logNormal[M=3.5987675990140193 S=1.160179597043649].pdf(1.5387604994554867)
Testing logNormal[M=-2.545361761471457 S=5.874940254323658].pdf(1.2707360791809748)
Testing logNormal[M=-4.908938638169065 S=5.574007662755416].pdf(1.8529292498761905)
Testing logNormal[M=-0.5848363708686541 S=4.429102448170812].pdf(0.6024169155670986)
Testing logNormal[M=4.95299576609489 S=1.2219337215811832].pdf(1.598303331429567)
Testing logNormal[M=2.239810216106413 S=9.113807928640078].pdf(0.868429094209567)
Testing logNormal[M=1.1161277681833806 S=3.148064027317672].pdf(0.9495114769421181)
Testing logNormal[M=-1.0693460138295774 S=7.880924697047005].pdf(2.2980783065188324)
Testing logNormal[M=-4.607871489991091 S=0.8000689373676406].pdf(1.9170507373869672)
Testing logNormal[M=-2.0361545843697204 S=9.795054050129647].pdf(1.0522631465517085)
Testing logNormal[M=-1.8340270660878022 S=2.22144664361124].pdf(2.2876978108582495)
Testing logNormal[M=-3.5581486296248235 S=9.548308733626946].pdf(1.2650298998559057)
Testing logNormal[M=-3.524950516936655 S=2.527671863653395].pdf(2.1122475898515805)
Testing logNormal[M=-1.3590413511438824 S=1.2767688748091377].pdf(1.4007871343986107)
Testing logNormal[M=-2.8281844241739273 S=0.8962354347731927].pdf(2.2468119246200366)
Testing logNormal[M=4.3487086929126875 S=8.584852007782818].pdf(0.40882811935585633)
Testing logNormal[M=2.7378840769391077 S=6.718579597276895].pdf(2.097161736552561)
Testing logNormal[M=1.9006677701707986 S=2.7806612979993095].pdf(1.7616796179395402)
Testing logNormal[M=-1.6100432054575609 S=5.354842306749697].pdf(1.6966647688128098)
Testing logNormal[M=-0.08768987478489798 S=9.93320638079251].pdf(1.224512122086152)
Testing logNormal[M=4.436433116113841 S=7.4237756706469336].pdf(1.329560667928989)
Testing logNormal[M=-4.208719709142525 S=3.5643665468994614].pdf(0.7234821300555255)
Testing logNormal[M=1.0264930340689826 S=1.1782425153331744].pdf(1.536914193233913)
Testing logNormal[M=-4.210048280923492 S=8.263928407994204].pdf(1.820595541530525)
Testing logNormal[M=-2.449777783875029 S=2.4842027242799336].pdf(1.6670881014244776)
Testing logNormal[M=4.959852448269633 S=2.9269333905510395].pdf(2.1504696264784053)
Testing logNormal[M=1.6894348463079947 S=5.624503734942189].pdf(1.7084797418948605)
Testing logNormal[M=1.4245783187616459 S=5.731490043050103].pdf(1.7461376673846185)
Testing logNormal[M=-3.3288190552071253 S=8.094981429867714].pdf(1.338622873865034)
Testing logNormal[M=2.874860025193332 S=5.1505743816772025].pdf(2.2244327839141795)
Testing logNormal[M=1.0764661011526009 S=7.826110459293422].pdf(1.8405975994343962)
Testing logNormal[M=3.8815676064916644 S=7.732405169479661].pdf(1.2693752675245409)
Testing logNormal[M=4.2760743512438495 S=7.482156805149241].pdf(1.846913531281063)
Testing logNormal[M=-0.35712322554641673 S=9.473947756783879].pdf(2.273464205766106)
Testing logNormal[M=1.482124907808073 S=0.628333196231381].pdf(1.7581561785281208)
Testing logNormal[M=4.5810271250034145 S=9.796188418551685].pdf(2.1845835451852604)
Testing logNormal[M=-4.640624000459466 S=0.5660035420999687].pdf(1.6329894152967717)
Testing logNormal[M=2.0975613314913506 S=6.305044718129284].pdf(2.086864331333833)
Testing logNormal[M=-1.7911144623770845 S=1.487740038639448].pdf(0.7871162516044272)
Testing logNormal[M=-0.15340728800745396 S=8.034503056678336].pdf(1.9412813892089322)
Testing logNormal[M=-4.707878325821654 S=2.444802096607482].pdf(2.201487132815218)
Testing logNormal[M=1.1417874703697608 S=0.05877906719227943].pdf(2.0756408601214464)
Testing logNormal[M=4.340949272631324 S=1.6845066297192635].pdf(2.143850166900808)
Testing logNormal[M=0.3122016532113676 S=6.69657878881597].pdf(1.7676245632283543)
Testing logNormal[M=-3.35964739267971 S=6.081250870651916].pdf(2.252216643200411)
Testing logNormal[M=1.7587581708411273 S=2.564158792730351].pdf(0.7479094483172654)
Testing logNormal[M=3.7891672723798884 S=2.7161191812761922].pdf(2.29976993706349)
Testing logNormal[M=4.033316886242609 S=8.27118516595416].pdf(1.5909417247071287)
Testing logNormal[M=-3.4467404621103004 S=7.013095663429876].pdf(1.4519477295203926)
Testing logNormal[M=-2.048258988908879 S=3.8485396375390835].pdf(1.5813536169054734)
Testing logNormal[M=-3.3042811876587996 S=4.676889803310068].pdf(0.26001018177107044)
Testing logNormal[M=-4.1038226245770275 S=8.997772493120928].pdf(2.04884651027534)
Testing logNormal[M=-2.7949398459853336 S=5.6716663916114465].pdf(1.1745522562428727)
Testing logNormal[M=-0.11993487658732516 S=8.815784266590125].pdf(0.936805952143392)
Testing logNormal[M=1.5984430720202178 S=0.2861052808343756].pdf(1.0044823164679422)
Testing logNormal[M=-0.30567384478922044 S=2.4747981433365895].pdf(1.9591378829080481)
Testing logNormal[M=3.8219924319736656 S=9.918076407302127].pdf(2.1672692905498634)
Testing logNormal[M=-3.493298837238108 S=0.47299674086810906].pdf(2.0962995481052706)
Testing logNormal[M=3.1739887819616417 S=2.2338581551887082].pdf(1.8694453129165822)
Testing logNormal[M=4.561830238048055 S=1.3039333580325352].pdf(1.671891919216105)
Testing logNormal[M=0.7368137502399179 S=4.600695547564827].pdf(0.2243232640377298)
Testing logNormal[M=0.4985801798820635 S=9.573223153904493].pdf(2.098001253606511)
Testing logNormal[M=0.6808023825475642 S=1.8458540918283117].pdf(1.6241103677566233)
Testing logNormal[M=-4.793077216230922 S=5.588277538265051].pdf(1.8217064982514686)
Testing logNormal[M=-2.8371246830328856 S=2.618930502948309].pdf(2.016716882989698)
Testing logNormal[M=2.456755797013205 S=7.149722407104897].pdf(1.7183353322668087)
Testing logNormal[M=-4.165991751661917 S=4.750910051298673].pdf(2.2849202709600225)
Testing logNormal[M=-2.2434891220858 S=7.387474356244716].pdf(1.1951630985193906)
Testing logNormal[M=2.652166693899975 S=7.427344727198428].pdf(1.8030921234949064)
Testing logNormal[M=-4.163130927930377 S=4.966998366212488].pdf(0.41707616810675774)
Testing logNormal[M=2.4484784209406163 S=5.98923221727302].pdf(2.0914557439602084)
Testing logNormal[M=-2.9978633728163695 S=4.36525934301092].pdf(1.4905578143988139)
Testing logNormal[M=0.5551559908162931 S=7.916362066352845].pdf(2.085274916286738)
Testing logNormal[M=3.4466979718109183 S=9.470200699728313].pdf(2.2568470850315556)
Testing logNormal[M=-0.6040200251251227 S=7.8937349184576755].pdf(2.2125880041655552)
Testing logNormal[M=0.44163171284183544 S=0.8254457345633848].pdf(1.8317238123945523)
Testing logNormal[M=3.6697341562054646 S=3.4547120690330493].pdf(1.9889893397605756)
Testing logNormal[M=-4.324802738941478 S=2.6051578033855183].pdf(2.1648588134219975)
Testing logNormal[M=-2.2200651467654575 S=3.5053655006924855].pdf(2.301079694696996)
Testing logNormal[M=-1.5751803850940647 S=0.42726969215758137].pdf(0.03472962782119677)
Testing logNormal[M=-1.8441890851138307 S=3.422801110928513].pdf(1.6267707404357752)
Testing logNormal[M=2.0252077820483567 S=7.952950365391796].pdf(1.0985854084193638)
Testing logNormal[M=3.2639904821461325 S=0.9216345494004896].pdf(1.5446908102716317)
Testing logNormal[M=0.43683740250998415 S=5.323465880702188].pdf(2.141826374131819)
Testing logNormal[M=1.222457210093979 S=0.39321395529554937].pdf(2.2207128193932353)
Testing logNormal[M=-0.873756415409634 S=3.128853910095195].pdf(1.636032703308748)
Testing logNormal[M=2.6518795361858585 S=4.853028800569646].pdf(0.7214662943172743)
Testing logNormal[M=-4.012617998407194 S=6.835268833225202].pdf(2.213563258255682)
Testing logNormal[M=-0.012506352670085263 S=0.01046788239992269].pdf(0.04253374988569645)
Testing logNormal[M=1.1328815174025921 S=7.045799405156611].pdf(2.2864019005160747)
Testing logNormal[M=-3.7692181738286648 S=8.055770580727074].pdf(0.8487748451174879)
Testing logNormal[M=-4.261921403531458 S=2.3807812033408693].pdf(0.3664103334320772)
Testing logNormal[M=-4.2976809383931736 S=1.7258297727098315].pdf(0.9240346422917599)
Testing logNormal[M=-4.08698583109027 S=9.74977504697115].pdf(2.1362688920126964)
Testing logNormal[M=-4.792980914830537 S=7.529438336878634].pdf(1.5900588628472296)
Testing logNormal[M=3.8232091713150744 S=3.651991194423685].pdf(1.4332236259662914)
Testing logNormal[M=-4.332552662958155 S=7.43517695975277].pdf(1.3538450554046741)
Testing logNormal[M=2.3652812158022476 S=1.0347064225259028].pdf(2.120583609434704)
Testing logNormal[M=-4.948709560186899 S=7.6271941958993885].pdf(2.2368044522582413)
Testing logNormal[M=1.6625568320240838 S=2.745544072993443].pdf(1.6229191226112332)
Testing logNormal[M=-1.8335175153520913 S=8.007188334288518].pdf(1.7789231987678367)
Testing logNormal[M=4.390459674425891 S=7.272646423010992].pdf(1.8982243039648916)
Testing logNormal[M=-3.050761331716111 S=8.727118831312291].pdf(2.2606586344990993)
Testing logNormal[M=-2.8327549072486535 S=4.57301530779458].pdf(1.7299829075595823)
Testing logNormal[M=2.309853386767462 S=6.606735563010564].pdf(1.3214492885661826)
Testing logNormal[M=-1.441013801199408 S=7.818032090350929].pdf(1.49260795656691)
Testing logNormal[M=-2.3265698373872223 S=1.979565547218779].pdf(2.0512072790730125)
Testing logNormal[M=4.882214986343701 S=1.8239161419494154].pdf(1.4293703807509148)
Testing logNormal[M=0.9268430999583295 S=6.580310114433269].pdf(1.9416508686988292)
Testing logNormal[M=1.8592990068251716 S=9.965325562995536].pdf(2.2085029011510184)
Testing logNormal[M=3.1470814378313516 S=7.264194055774728].pdf(1.7166585508261996)
Testing logNormal[M=0.1752703272874605 S=4.3927913981240945].pdf(2.2487047955193775)
Testing logNormal[M=1.0463594849296438 S=3.3319407570916235].pdf(1.5470834884654576)
Testing logNormal[M=3.4539114753346247 S=4.508394659770978].pdf(2.202911631838856)
Testing logNormal[M=2.188734493728406 S=6.363825579462636].pdf(1.2348106019887108)
Testing logNormal[M=-0.26311643963238573 S=9.6760020020197].pdf(2.2062522556468434)
Testing logNormal[M=2.1265482467179497 S=2.0961748443526362].pdf(2.0435526281701244)
Testing logNormal[M=-1.3615717401377547 S=0.8695362955436658].pdf(1.7561423103667702)
Testing logNormal[M=4.332896738713236 S=6.917214618492964].pdf(1.06996588453301)
Testing logNormal[M=-2.7974486058600343 S=6.749920608916193].pdf(2.2964996629297296)
Testing logNormal[M=4.621652674228546 S=1.775197569251008].pdf(0.8250980191125127)
Testing logNormal[M=-3.802598533942164 S=2.6468941212209716].pdf(1.2523445357560288)
Testing logNormal[M=0.02544855096117349 S=8.609811181848253].pdf(1.5597693336249399)
Testing logNormal[M=-0.7280260701051144 S=1.1122567940613448].pdf(0.46304829285661037)
Testing logNormal[M=-1.516151198763386 S=5.038622191395529].pdf(1.593371835282054)
Testing logNormal[M=-4.630250907487161 S=4.065844610919317].pdf(1.3256269094452569)
Testing logNormal[M=-4.350202930361417 S=5.382843422302609].pdf(2.2768603197095505)
Testing logNormal[M=2.5039399436470244 S=7.908408968072202].pdf(2.1340026314537077)
Testing logNormal[M=1.8367438335481907 S=6.192162530721184].pdf(0.6861784170115995)
Testing logNormal[M=-3.1221885926064266 S=9.197615163919334].pdf(0.4196172040530041)
Testing logNormal[M=4.354509600859306 S=1.1813105016135739].pdf(0.567212257681075)
Testing logNormal[M=0.27904888625244073 S=1.591838340725057].pdf(0.7052792221750884)
Testing logNormal[M=0.5855835324955603 S=2.867305798749383].pdf(1.8583350539559231)
Testing logNormal[M=-2.6951996563224534 S=7.487418979558651].pdf(2.237695990289582)
Testing logNormal[M=-2.2244519468571378 S=5.790045468286824].pdf(1.7709032656630912)
Testing logNormal[M=2.51075287687069 S=8.134575394988836].pdf(1.530314480289259)
Testing logNormal[M=-4.480097270599477 S=9.072786228615852].pdf(2.2862863490652994)
Testing logNormal[M=-0.8418673268359349 S=8.165646418876625].pdf(1.3950441868395196)
Testing logNormal[M=4.3813796589164475 S=5.180356975705967].pdf(2.049166144829191)
Testing logNormal[M=-0.5395867434929027 S=7.775894856776212].pdf(1.6439924163886912)
Testing logNormal[M=3.7422906203882356 S=3.4776723670933576].pdf(0.9760376380710318)
Testing logNormal[M=-2.321008473471513 S=3.3496309216606592].pdf(1.1576025337578695)
Testing logNormal[M=-2.1203322127313537 S=5.964042526788931].pdf(2.227397147631138)
Testing logNormal[M=4.125210820665796 S=4.429552334119188].pdf(0.7226217195073724)
Testing logNormal[M=-1.7865859399590378 S=2.088564029967862].pdf(1.6301403670080095)
Testing logNormal[M=2.610346549082778 S=1.3061286000111416].pdf(1.6322100026276831)
Testing logNormal[M=3.9092997098103766 S=3.9855604834016822].pdf(1.8819850957968702)
Testing logNormal[M=-3.5571160843182383 S=2.317274739213583].pdf(2.0967759009569282)
Testing logNormal[M=-0.28323692238045695 S=4.215268869396219].pdf(0.13651856638566862)
Testing logNormal[M=2.7256525940040106 S=2.7444729721117413].pdf(1.8705652483017967)
Testing logNormal[M=-0.1577918637110507 S=0.23854248527756416].pdf(2.11887849609109)
Testing logNormal[M=-0.18291749547138547 S=3.074581942817124].pdf(0.590153166417098)
Testing logNormal[M=-1.7766318554401241 S=0.007126280302798271].pdf(0.892289063582139)
Testing logNormal[M=0.7264703186331412 S=0.3675539774986636].pdf(1.3848511771808698)
Testing logNormal[M=-4.435912563868744 S=6.550563954171389].pdf(1.579283163008741)
Testing logNormal[M=0.4290656410118405 S=8.845393527136476].pdf(1.2661691751691109)
Testing logNormal[M=3.2305609887086177 S=3.66306225114526].pdf(0.15232898305545015)
Testing logNormal[M=4.782711915955296 S=2.3581430387052826].pdf(0.9780203249018794)
Testing logNormal[M=-0.27877053898103465 S=7.857257457019957].pdf(1.6984857340703694)
Testing logNormal[M=2.926309365329627 S=3.195561665413995].pdf(1.9086759389779195)
Testing logNormal[M=4.068484580265503 S=8.860235930961881].pdf(1.566571105553317)
Testing logNormal[M=-3.816378085323068 S=7.863677043755669].pdf(1.1782836458862815)
Testing logNormal[M=-4.839832298844685 S=1.5761040373159552].pdf(1.9715576918347535)
Testing logNormal[M=-1.7447257394626572 S=0.1649837978563129].pdf(0.6454772625918885)
Testing logNormal[M=-1.6311767747657124 S=5.525765864649401].pdf(1.431337366949391)
Testing logNormal[M=1.5684762678628372 S=3.866995472993474].pdf(1.8590388300642178)
Testing logNormal[M=1.3190694586201799 S=4.915799650600373].pdf(0.533479422777326)
Testing logNormal[M=-1.2133084739231403 S=2.1829448915071827].pdf(2.162976233568799)
Testing logNormal[M=-0.5733892197549295 S=5.755174706704497].pdf(1.6348139329566307)
Testing logNormal[M=4.597006606132744 S=1.689968827686169].pdf(0.6201762609726169)
Testing logNormal[M=3.6879285472358987 S=5.328205003525829].pdf(1.193905416201849)
Testing logNormal[M=0.06605251768672815 S=7.863511508109279].pdf(0.8189447346399015)
Testing logNormal[M=1.5223211336944997 S=1.4532552302135782].pdf(1.9915310416715126)
Testing logNormal[M=1.3448014800761685 S=0.8114987432541876].pdf(2.1907752789346646)
Testing logNormal[M=-4.470470670674982 S=1.7160844241274875].pdf(1.9657193455176725)
Testing logNormal[M=-3.558089293700201 S=8.113681721757715].pdf(1.444752395968033)
Testing logNormal[M=-1.2898687423850816 S=1.9791321274250906].pdf(1.696626602384683)
Testing logNormal[M=4.322850315266148 S=7.007005590326823].pdf(1.6881743360141181)
Testing logNormal[M=3.315879673014308 S=2.9056082924369067].pdf(1.442619217806796)
Testing logNormal[M=-3.5857727179354315 S=6.018609086188508].pdf(1.3774273757363686)
Testing logNormal[M=-2.188546881384661 S=4.2266064453749905].pdf(1.0828406724457476)
Testing logNormal[M=1.9502888264173155 S=3.1233644486765577].pdf(1.5643253896102387)
Testing logNormal[M=0.8320299662949537 S=6.030656571275941].pdf(1.4374642933030835)
Testing logNormal[M=-2.050932050798658 S=2.042331638483045].pdf(0.14399086867271477)
Testing logNormal[M=2.968420297530084 S=3.967922372139423].pdf(1.7888797838581425)
Testing logNormal[M=-4.325973135567627 S=1.4479508905096228].pdf(1.3523307653240337)
Testing logNormal[M=3.340964423510476 S=6.207109615261263].pdf(0.3026662221560182)
Testing logNormal[M=-2.5913453388069807 S=6.630043271089518].pdf(1.434551171850708)
Testing logNormal[M=4.626364631167837 S=8.402629918001477].pdf(1.3829592908192212)
Testing logNormal[M=0.18020734079544454 S=4.063717165304892].pdf(0.40171893069041614)
Testing logNormal[M=2.227693281609757 S=6.157558541454006].pdf(1.2047951473444167)
Testing logNormal[M=1.59603797060708 S=4.467720874892423].pdf(1.3063956494292481)
Testing logNormal[M=-3.5223822896730503 S=1.9514810009397154].pdf(1.9769076828478687)
Testing logNormal[M=0.3229465133337257 S=2.9474938984829846].pdf(2.2523057354541223)
Testing logNormal[M=-3.1633565687959075 S=4.727951533292918].pdf(1.7403308891959666)
Testing logNormal[M=1.753322539734131 S=0.37842636566995935].pdf(0.5440400407025641)
Testing logNormal[M=1.345392617209761 S=2.4231113850093333].pdf(0.45868302492560736)
Testing logNormal[M=-3.4130500956975016 S=8.467651238623526].pdf(1.543074189752737)
Testing logNormal[M=3.4348824165016048 S=9.502948559258323].pdf(0.8745095662574937)
Testing logNormal[M=4.158335788517999 S=0.07182786344531067].pdf(1.6005641599255842)
Testing logNormal[M=-2.6175375147914712 S=6.118336859232097].pdf(0.7834710423609085)
Testing logNormal[M=2.8191960950824955 S=4.947355835590943].pdf(0.6847485418378468)
Testing logNormal[M=-2.4402095197135996 S=0.4842641277883797].pdf(1.6536331779758826)
Testing logNormal[M=-4.2594654337527 S=9.497695116014658].pdf(2.1536574712735237)
Testing logNormal[M=-3.7080716561122484 S=9.632020280338674].pdf(0.8683386129546171)
Testing logNormal[M=1.7293908368158561 S=5.024069866490976].pdf(0.7019810926965738)
Testing logNormal[M=4.6838615246898065 S=0.21073052296370354].pdf(1.8521693416947291)
Testing logNormal[M=3.6159726763836275 S=2.9296316586592996].pdf(0.8745722800527688)
Testing logNormal[M=-0.4422612428573336 S=0.2651646806394381].pdf(2.2202484375606346)
Testing logNormal[M=-2.983591166458177 S=1.853703428509409].pdf(1.9001675947459933)
Testing logNormal[M=1.5038941553580223 S=5.973546386466162].pdf(2.2723646976104765)
Testing logNormal[M=3.6531772641578613 S=9.90445755334536].pdf(1.7532921276520723)
Testing logNormal[M=3.4265782625573955 S=5.265001446472837].pdf(1.382228802455283)
Testing logNormal[M=1.5358687103106705 S=1.72582150314596].pdf(2.037929209227762)
Testing logNormal[M=-3.422971831691658 S=8.620048693455418].pdf(2.2794422219314194)
Testing logNormal[M=0.5080152863222711 S=2.066846508631235].pdf(1.1636753266994828)
Testing logNormal[M=-4.792760176475934 S=2.4926007496041116].pdf(1.0625799062352164)
Testing logNormal[M=-0.20819356457544558 S=4.6543733393881395].pdf(1.2098457626368644)
Testing logNormal[M=1.4637008319678042 S=5.6567889188061695].pdf(2.2420383907457864)
Testing logNormal[M=-0.09801173653566941 S=0.8815419430283578].pdf(2.2375270352642183)
Testing logNormal[M=-2.020396399802232 S=0.44059395213813635].pdf(1.9481636449409139)
Testing logNormal[M=-1.684026848046798 S=9.729638199731571].pdf(2.0883310695798176)
Testing logNormal[M=1.2796136420151623 S=2.8642724384766938].pdf(2.15570755181158)
Testing logNormal[M=-4.661085455062413 S=3.2143415068409].pdf(1.1475878164754685)
Testing logNormal[M=3.2647577459724744 S=4.727181221762495].pdf(1.497295506000975)
Testing logNormal[M=2.9187700982799836 S=4.483777618248772].pdf(0.6827015185729249)
Testing logNormal[M=-3.9032179447170456 S=8.722832293336559].pdf(1.6487127953907024)
Testing logNormal[M=-3.0555773460935356 S=4.2077883763855795].pdf(0.6598291319042834)
Testing logNormal[M=2.370586945753404 S=4.718628833696103].pdf(1.6089041500470702)
Testing logNormal[M=0.4657965524588361 S=5.017123715572252].pdf(2.1053139557357476)
Testing logNormal[M=3.8879473456689038 S=1.8922556616865338].pdf(1.2412479972086845)
Testing logNormal[M=-3.0566668187495427 S=0.1282575396948049].pdf(2.2770847916541292)
Testing logNormal[M=-0.8176961973995365 S=0.9183759196720154].pdf(2.022903091989801)
Testing logNormal[M=-4.831279154913945 S=6.793347320531762].pdf(0.9656542580066677)
Testing logNormal[M=-0.5316129229035003 S=1.7631650158704937].pdf(2.2410904669405918)
Testing logNormal[M=-0.02835571331092357 S=5.433406957072812].pdf(0.967958574430546)
Testing logNormal[M=1.3959058457294766 S=2.75501723864921].pdf(1.5643510257457856)
Testing logNormal[M=-1.947338862323329 S=5.636447705164694].pdf(1.8060622467203093)
Testing logNormal[M=-2.1889463927663533 S=9.79052286022497].pdf(0.03823900323332747)
Testing logNormal[M=-1.6812830982160998 S=5.7958102671467335].pdf(1.58074214248195)
Testing logNormal[M=-3.666938094640382 S=0.11641276619436147].pdf(2.1300685076713957)
Testing logNormal[M=-1.7292666725774253 S=5.818186186177254].pdf(0.6671970610594429)
Testing logNormal[M=0.1342574259478999 S=1.4726522431835831].pdf(1.5071820639182274)
Testing logNormal[M=2.4491130533735683 S=9.014482196116361].pdf(0.5785406076043023)
Testing logNormal[M=-2.4204819784007823 S=7.580506026353159].pdf(1.6126301082662298)
Testing logNormal[M=3.00699849475083 S=1.298383232805549].pdf(1.1114729306520843)
Testing logNormal[M=1.1450457514464496 S=3.7731768760875606].pdf(1.3861372519875295)
Testing logNormal[M=-0.5335678365141074 S=9.654617324489175].pdf(2.0977111698266824)
Testing logNormal[M=-1.9740196767116016 S=8.184092478822652].pdf(2.2668510902537804)
Testing logNormal[M=3.8395745416890765 S=6.925175519760735].pdf(1.807707961779432)
Testing logNormal[M=-3.09160547036608 S=1.9434437726700193].pdf(1.685420000714962)
Testing logNormal[M=-2.8142442904922236 S=6.525138633248096].pdf(2.1470271202906313)
Testing logNormal[M=-1.7899442210742453 S=9.580930482462701].pdf(1.3936563205233914)
Testing logNormal[M=-2.1250013958569633 S=3.3459718547676065].pdf(0.4536767551836014)
Testing logNormal[M=-3.9140973248728974 S=3.3247737723481396].pdf(1.338865201785495)
Testing logNormal[M=2.153401232501259 S=2.55005684680215].pdf(2.116283871977338)
Testing logNormal[M=-2.6384151619799567 S=6.6313783060057006].pdf(2.042111892867479)
Testing logNormal[M=-4.450472825551147 S=8.090570653805027].pdf(1.7526222666935394)
Testing logNormal[M=4.842699989897444 S=9.883217952965722].pdf(2.233948561348565)
Testing logNormal[M=2.4366280890739755 S=9.95914282662222].pdf(0.7392760406765648)
Testing logNormal[M=-2.3417277232511235 S=8.279957203325676].pdf(2.001041490241505)
Testing logNormal[M=-1.8952576305711788 S=8.692250604405787].pdf(1.4252562170405068)
Testing logNormal[M=-2.5869134514037917 S=1.2636535303457275].pdf(1.9162694695951261)
Testing logNormal[M=-2.8501213813447945 S=8.347112654864532].pdf(2.0091901703465322)
Testing logNormal[M=-3.1080302193360954 S=8.826007352816996].pdf(1.361651416776888)
Testing logNormal[M=-2.7762613777460885 S=3.748629262816366].pdf(1.4370518884743375)
Testing logNormal[M=4.29603414531444 S=1.425664620156325].pdf(0.026247172547677507)
Testing logNormal[M=3.2946443906483225 S=3.5392453583228733].pdf(1.9735818887913388)
Testing logNormal[M=4.881002310619309 S=2.3969428707145424].pdf(1.3779044853476687)
Testing logNormal[M=3.85517016423681 S=9.630725580530937].pdf(1.1831281854781028)
Testing logNormal[M=4.277155697912891 S=6.073989292644369].pdf(2.079417359018868)
Testing logNormal[M=-1.2732417832428657 S=5.808396839065475].pdf(1.855604752374177)
Testing logNormal[M=4.755883248508566 S=3.2308477985844295].pdf(0.20779039940114305)
Testing logNormal[M=3.292798348111603 S=4.327656520450212].pdf(0.925629732421507)
Testing logNormal[M=4.512673976621054 S=9.941875347881469].pdf(1.6479994134021085)
Testing logNormal[M=3.79814325089335 S=3.11669375379374].pdf(1.9069255968257297)
Testing logNormal[M=-4.664800358011528 S=6.265243077835928].pdf(1.2526070051360338)
Testing logNormal[M=0.31718279980995767 S=7.313191562140483].pdf(1.4090145447992786)
Testing logNormal[M=0.45691872639387565 S=0.14689596141580719].pdf(2.218449449588382)
Testing logNormal[M=0.5372919361354791 S=5.381282519196794].pdf(2.260176833867955)
Testing logNormal[M=-4.671174079021114 S=6.249451457934594].pdf(1.938378504080855)
Testing logNormal[M=-3.031820940017952 S=2.2779399571231185].pdf(2.0095502895583164)
Testing logNormal[M=-2.2558843561228556 S=3.066514510372802].pdf(0.6643952332591927)
Testing logNormal[M=-4.162611320109385 S=8.47111669037784].pdf(0.8580734676909139)
Testing logNormal[M=-3.8153269747504224 S=8.49128191304768].pdf(0.3352142226457333)
Testing logNormal[M=4.714138862441388 S=9.68630335322247].pdf(1.4686912769301754)
Testing logNormal[M=-1.1593115426803404 S=6.1682049196156985].pdf(0.6220856756102668)
Testing logNormal[M=2.1354381267096016 S=1.8744033717028397].pdf(2.0001235292770994)
Testing logNormal[M=-1.6017989962784984 S=0.3408435206634264].pdf(0.3809922054099271)
Testing logNormal[M=-1.455432898876917 S=8.550806050572778].pdf(1.5860825485371632)
Testing logNormal[M=-3.4933244876103595 S=3.8780798106341576].pdf(1.2176450835970862)
Testing logNormal[M=3.884527641587452 S=7.211244821135673].pdf(1.7481876638036684)
Testing logNormal[M=1.7634978462376178 S=4.682227789644459].pdf(0.7452314642040464)
Testing logNormal[M=4.660872926041582 S=2.5847890913082305].pdf(2.231348166079354)
Testing logNormal[M=-3.568272272061276 S=9.70772396277301].pdf(1.6662257879884679)
Testing logNormal[M=-0.4004200644925273 S=2.5448500378384242].pdf(0.3452483507761393)
Testing logNormal[M=2.5680725657713435 S=9.665592387741182].pdf(0.6129611365156679)
Testing logNormal[M=-0.16345005805720092 S=6.604042676111915].pdf(2.0000445811304193)
Testing logNormal[M=3.5381253484470037 S=9.597947181649104].pdf(1.0683304418377957)
Testing logNormal[M=3.132213041803528 S=4.4882900326757404].pdf(2.0620534333209077)
Testing logNormal[M=0.1720442836945244 S=3.674106732568995].pdf(0.8370042597718331)
Testing logNormal[M=-4.1235475432852455 S=0.2669490503658878].pdf(1.47387805811209)
Testing logNormal[M=-2.184793777034856 S=0.5996890002865007].pdf(1.8453882174135168)
Testing logNormal[M=-4.236796434147273 S=2.4713146197402045].pdf(1.5912555804520117)
Testing logNormal[M=2.892819204170233 S=0.4650004709717248].pdf(1.7993872622995746)
Testing logNormal[M=-0.9518127907005898 S=9.200018773677163].pdf(1.9935572671780208)
Testing logNormal[M=-0.25933417237601475 S=6.446810164139886].pdf(2.1245352104026276)
Testing logNormal[M=4.449060556426778 S=3.0813304301698974].pdf(2.2788030175612137)
Testing logNormal[M=4.403082401263742 S=8.223129250695928].pdf(0.7469953019064677)
Testing logNormal[M=1.0531915234356735 S=7.077144475088292].pdf(1.4547742640520724)
Testing logNormal[M=4.559119011275376 S=4.117790554169417].pdf(1.174829606977025)
Testing logNormal[M=3.6180921202887557 S=6.620366238853767].pdf(1.5457123521002007)
Testing logNormal[M=3.2416923887513285 S=5.698596403540902].pdf(1.4402330569531927)
Testing logNormal[M=1.1853996818705212 S=4.759787851571897].pdf(1.4187112662044892)
Testing logNormal[M=-0.8320001603990876 S=7.385184467338028].pdf(1.9392282903733584)
Testing logNormal[M=0.15169305228556862 S=6.11796801478385].pdf(1.9569056548821373)
Testing logNormal[M=-0.5567804302947943 S=9.698056045713546].pdf(1.3140041903523885)
Testing logNormal[M=3.8561936898197615 S=2.8024461581674576].pdf(1.5232504632272672)
Testing logNormal[M=1.48396902234483 S=7.127187833970561].pdf(0.07006329147617998)
Testing logNormal[M=-0.5799393044899217 S=2.799582017491228].pdf(1.576439821290307)
Testing logNormal[M=1.234052161905864 S=1.6626960313026462].pdf(2.057215445232294)
Testing logNormal[M=-1.0509392360867178 S=7.347586848869892].pdf(2.0229580204693924)
Testing logNormal[M=-4.28525142661589 S=9.861198690338659].pdf(2.093356533531291)
Testing logNormal[M=-4.698425220357263 S=0.3538715613215193].pdf(2.1659190396995514)
Testing logNormal[M=-4.646308085195454 S=9.13113123925758].pdf(2.230327547171308)
Testing logNormal[M=-2.1420907747350726 S=9.173816193050746].pdf(2.1269483506297546)
Testing logNormal[M=3.6254195038040375 S=5.085102140105258].pdf(2.005650002342757)
Testing logNormal[M=4.086643303020459 S=7.979385523405332].pdf(2.1412639870702983)
Testing logNormal[M=3.2385212609736147 S=2.691357923631714].pdf(1.4359930723983094)
Testing logNormal[M=-3.424658377744214 S=9.4061878071625].pdf(1.5852713098651372)
Testing logNormal[M=-1.6089893430297875 S=1.1438187986405324].pdf(2.1462003629792004)
Testing logNormal[M=1.6238604686326665 S=2.7604623264011785].pdf(0.9323562125083247)
Testing logNormal[M=4.270880262077389 S=9.188505532379331].pdf(0.16012677093678074)
Testing logNormal[M=-4.357184923878339 S=6.323747378682506].pdf(1.1390311156852304)
Testing logNormal[M=2.863383319581999 S=5.355194585600493].pdf(0.47588927160234945)
Testing logNormal[M=2.304929786919777 S=2.6271811302935557].pdf(2.206886747600407)
Testing logNormal[M=-3.944297251867951 S=9.232750744703615].pdf(2.2927674305600463)
Testing logNormal[M=3.3344907963109645 S=2.2013841206188123].pdf(1.0263952818342825)
Testing logNormal[M=-4.835207543493155 S=4.122065884281439].pdf(1.9692747279672738)
Testing logNormal[M=-2.510833214878616 S=3.433298787597602].pdf(0.44353280876536133)
Testing logNormal[M=0.944851942109338 S=3.8509924601582535].pdf(0.26895980549564297)
Testing logNormal[M=2.0257640574993294 S=0.539121309824645].pdf(2.0865135381616797)
Testing logNormal[M=0.9426902373476578 S=2.6512181604374776].pdf(0.23910778406542557)
Testing logNormal[M=0.2078680203731409 S=6.606644334191079].pdf(0.47165261134693603)
Testing logNormal[M=-2.1549097424782246 S=4.653311621728449].pdf(1.962132400026846)
Testing logNormal[M=-0.5020368139543692 S=9.206946872392374].pdf(0.9946413794892046)
Testing logNormal[M=-4.739521215470273 S=6.745540013642211].pdf(1.1057138122341947)
Testing logNormal[M=2.754879212785114 S=8.640396751884477].pdf(2.196405984688294)
Testing logNormal[M=2.7700091693946858 S=0.3524031591800991].pdf(1.5586563756345035)
Testing logNormal[M=3.0234448451784033 S=7.850181571211965].pdf(0.05160225943656329)
Testing logNormal[M=2.111579999903271 S=3.4267757283772458].pdf(1.5740796117911875)
Testing logNormal[M=-2.930086188472285 S=3.261526819654328].pdf(1.8155643152025072)
Testing logNormal[M=1.0341204977866436 S=9.640513261690831].pdf(1.6156245538858545)
Testing logNormal[M=3.6157238922429755 S=5.108698711473858].pdf(1.0333198167190427)
Testing logNormal[M=1.1571799679077603 S=2.646468034160062].pdf(0.988854258878421)
Testing logNormal[M=-4.096181903326009 S=7.485813959111257].pdf(2.255465214943224)
Testing logNormal[M=1.3330044021031542 S=0.35971126539452447].pdf(1.7343559739474612)
Testing logNormal[M=-1.3388342952009236 S=1.5965018127421848].pdf(1.5081026034139045)
Testing logNormal[M=3.3819044548181285 S=7.529525044391812].pdf(2.2329394728462484)
Testing logNormal[M=-2.1432576447682052 S=1.1347264712579075].pdf(0.4708520456225562)
Testing logNormal[M=-2.927569234982607 S=1.734385120684293].pdf(2.2216661959327935)
Testing logNormal[M=0.41211852359962275 S=4.1225498367252715].pdf(0.7722085328248373)
Testing logNormal[M=2.2673981747606744 S=8.179453551089143].pdf(0.14319571406292833)
Testing logNormal[M=-0.8090337071670595 S=2.3955288159232966].pdf(1.899732593729553)
Testing logNormal[M=-0.2907264128203222 S=4.02337480062935].pdf(0.9818038050745926)
Testing logNormal[M=4.3838167029692805 S=7.612100827700177].pdf(0.09207225442768811)
Testing logNormal[M=-3.797752726172466 S=2.2097346004748273].pdf(1.1930972247413938)
Testing logNormal[M=-4.884068631825968 S=0.9392362062026716].pdf(1.194385437381693)
Testing logNormal[M=1.7352532917417705 S=1.3685804914140176].pdf(0.8884794753717145)
Testing logNormal[M=-3.943525692936495 S=7.138840028214398].pdf(0.09338078547593015)
Testing logNormal[M=2.1052328266561275 S=2.2994864469352327].pdf(1.0861738633874813)
Testing logNormal[M=-2.4143769343566945 S=1.5008957809765133].pdf(1.6341627028238481)
Testing logNormal[M=2.842398866638426 S=7.729622539192944].pdf(1.3213303643151257)
Testing logNormal[M=-0.980404757473492 S=2.0610854000293632].pdf(2.124749845772361)
Testing logNormal[M=-2.84846476261313 S=3.2387645736776083].pdf(2.0673316915795295)
Testing logNormal[M=1.3983085893989022 S=7.166996248146934].pdf(2.0921233822096568)
Testing logNormal[M=3.8158205129969396 S=1.7491294565759263].pdf(0.8303431023222057)
Testing logNormal[M=-2.146212810776278 S=1.680946600357669].pdf(2.056578134213451)
Testing logNormal[M=1.43145647092547 S=8.051140242523312].pdf(2.165798103304225)
Testing logNormal[M=-0.48447175097084294 S=0.1105440606103325].pdf(1.5348767511064532)
Testing logNormal[M=0.15340357852445674 S=7.011359475918159].pdf(0.021574833100701272)
Testing logNormal[M=-0.6008200821688199 S=0.6944801598561445].pdf(0.9252929042313587)
Testing logNormal[M=-1.1138923942530834 S=1.9113709141877977].pdf(1.8795666241427995)
Testing logNormal[M=-4.442690033322984 S=4.391651256074887].pdf(0.2803170665098416)
Testing logNormal[M=2.855747206901479 S=0.6619266445977601].pdf(2.064181634589322)
Testing logNormal[M=2.5963363671960673 S=0.9004178056125534].pdf(1.786055139328531)
Testing logNormal[M=-1.1139512362479644 S=8.336941171981398].pdf(1.613732954920562)
Testing logNormal[M=-4.56435590864206 S=4.329030412932387].pdf(2.2043844135447785)
Testing logNormal[M=3.985419231085544 S=6.821512112640846].pdf(2.0252346050712897)
Testing logNormal[M=1.1209179677927352 S=8.580651307090436].pdf(2.076422407054094)
Testing logNormal[M=-1.2013090093992087 S=9.046052585593298].pdf(1.0580164972563086)
Testing logNormal[M=-1.1357886620711022 S=0.8867217839176789].pdf(2.2566536397492607)
Testing logNormal[M=0.6001609686865201 S=3.2824042256962107].pdf(1.1756226759061228)
Testing logNormal[M=-4.756453403837407 S=1.572501201386849].pdf(0.9797762297187327)
Testing logNormal[M=-0.6172057562374009 S=1.0426688027885689].pdf(1.5667145039649544)
Testing logNormal[M=-1.9591152499192344 S=1.0166529073281083].pdf(1.8415419298651183)
Testing logNormal[M=-1.3145627725105316 S=0.2193906497134368].pdf(0.08872428734261609)
Testing logNormal[M=-3.65130442727044 S=2.532416842926235].pdf(1.7413162623481202)
Testing logNormal[M=-4.305465146591155 S=3.2757076799054516].pdf(1.6403843096130308)
Testing logNormal[M=-2.947070495913006 S=3.6033407851041743].pdf(1.0476953918598426)
Testing logNormal[M=4.911773774659963 S=7.681271041720526].pdf(1.4834502525616187)
Testing logNormal[M=0.2936139538001754 S=4.692584580615513].pdf(1.6884070651095402)
Testing logNormal[M=4.774129632656175 S=4.060474821075345].pdf(1.9835522339289064)
Testing logNormal[M=1.9690671211741098 S=7.616266582294654].pdf(2.284006162404631)
Testing logNormal[M=-0.9807231208798299 S=2.011416694259683].pdf(1.9249428596805733)
Testing logNormal[M=-4.013825521295357 S=5.384999375772011].pdf(1.200476580107798)
Testing logNormal[M=-2.2711853817403957 S=6.650003612465422].pdf(1.8388711447791575)
Testing logNormal[M=1.4843718199105496 S=0.5447326717214496].pdf(1.953887635740805)
Testing logNormal[M=-3.3946641586113744 S=7.020157503090262].pdf(2.19137665530608)
Testing logNormal[M=-0.588816645124095 S=3.849856389876644].pdf(0.8461535002810533)
Testing logNormal[M=1.7500192048945156 S=2.7293911332629883].pdf(0.3076489112033941)
Testing logNormal[M=-4.1635627400619 S=0.6749940013326017].pdf(1.360325377079316)
Testing logNormal[M=-0.32269946144021056 S=5.549652129112591].pdf(1.5143245218755914)
Testing logNormal[M=2.3458599583923023 S=0.30636762008041885].pdf(1.7834828036052766)
Testing logNormal[M=-2.6942361672871264 S=4.218432333369421].pdf(1.2667474721146894)
Testing logNormal[M=1.4679394397508378 S=9.532952053953847].pdf(1.5081789149844835)
Testing logNormal[M=2.2888315171635796 S=9.06170125422066].pdf(2.023292153408532)
Testing logNormal[M=2.175043678534486 S=0.3110090721272252].pdf(2.2152709194441518)
Testing logNormal[M=3.534681710684197 S=8.239545024992974].pdf(1.2866013872662105)
Testing logNormal[M=-1.9790850752873013 S=4.088381775130012].pdf(0.9571368438799264)
Testing logNormal[M=-3.4222382622170744 S=5.504351100912597].pdf(1.134147248921052)
Testing logNormal[M=4.564471551054725 S=7.509854754812855].pdf(2.1743024427818374)
Testing logNormal[M=4.371086912453796 S=2.791957846154448].pdf(1.4059899314164903)
Testing logNormal[M=-0.9965563249211948 S=8.258118060746412].pdf(1.9667466931571393)
Testing logNormal[M=4.723987806734595 S=2.7994218809212756].pdf(1.646246999697931)
Testing logNormal[M=3.1185643789953374 S=3.852891820486941].pdf(1.1691438213455958)
Testing logNormal[M=3.9535601538750207 S=3.840665662987396].pdf(2.0170834693573294)
Testing logNormal[M=-4.106090737247396 S=1.0214774571708007].pdf(1.6097764982693674)
Testing logNormal[M=-2.087100991414731 S=7.167696853470656].pdf(1.942507161229037)
Testing logNormal[M=-1.3239955740963483 S=0.057895559835126065].pdf(2.2851581893794783)
Testing logNormal[M=-4.507718703467749 S=8.175078386197146].pdf(1.64892302624403)
Testing logNormal[M=1.1830996838417196 S=8.682439827018609].pdf(1.2630828161817995)
Testing logNormal[M=-3.1686251623617148 S=7.684041105602077].pdf(0.6573224403683402)
Testing logNormal[M=-2.5522107469001956 S=2.795409220741477].pdf(1.3719694686991175)
Testing logNormal[M=-0.4064706614360887 S=0.8810934927728176].pdf(0.46772328367121935)
Testing logNormal[M=1.6488785373348716 S=6.400116501918015].pdf(1.7669512449359772)
Testing logNormal[M=0.484067748579438 S=5.242623437136233].pdf(1.8629130901963165)
Testing logNormal[M=-2.884853545918269 S=9.224469140030568].pdf(0.7297244713569199)
Testing logNormal[M=4.447332660550211 S=2.3321692895216084].pdf(1.7814671478283473)
Testing logNormal[M=-1.9722590698209839 S=6.900696498259018].pdf(0.5485712020098399)
Testing logNormal[M=-0.26578932239179753 S=0.116278940414829].pdf(2.2763923684505074)
Testing logNormal[M=-2.9163883156387405 S=1.5068576360118724].pdf(1.9865266438391225)
Testing logNormal[M=1.4487939944706998 S=6.331810540786513].pdf(1.6132544750591549)
Testing logNormal[M=-0.5868146537427901 S=0.34025257363200057].pdf(1.8220211421490802)
Testing logNormal[M=4.830578633958307 S=9.479785778874511].pdf(2.18258105906042)
Testing logNormal[M=0.7546541395286681 S=0.8607111416069102].pdf(1.3285541613048364)
Testing logNormal[M=-0.8198855937017697 S=3.2018361699255316].pdf(1.1856811878105886)
Testing logNormal[M=-4.657467417747153 S=8.055100171374288].pdf(2.012219547531602)
Testing logNormal[M=0.35489983017128424 S=0.010420352317712656].pdf(2.123442168567867)
Testing logNormal[M=3.5709464621519054 S=9.52654720656643].pdf(1.6050484246847823)
Testing logNormal[M=4.2681090236864385 S=7.241409693556188].pdf(1.5310389523089378)
Testing logNormal[M=-4.954329748085822 S=6.84775245833295].pdf(2.2271773381392834)
Testing logNormal[M=-0.051753144925981154 S=7.600680397882317].pdf(2.21906549381519)
Testing logNormal[M=4.5882306666137325 S=7.9920836031539775].pdf(2.2608389764368244)
Testing logNormal[M=1.3599457941888655 S=1.1350730352082905].pdf(0.2666371366064608)
Testing logNormal[M=3.0871210079093245 S=8.962715650983412].pdf(1.1654007492204468)
Testing logNormal[M=-4.552322340682375 S=9.714632112130777].pdf(1.8213734297695108)
Testing logNormal[M=-1.0814602406853968 S=4.143164695335271].pdf(2.1088969742537023)
Testing logNormal[M=-2.091814764482407 S=1.987594677295429].pdf(2.28576216273568)
Testing logNormal[M=-1.1166529221165575 S=3.305914090889175].pdf(1.303462303238855)
Testing logNormal[M=-2.3463515302545335 S=7.58232419033976].pdf(1.0449707819461422)
Testing logNormal[M=-3.195947266531215 S=3.5424004521661754].pdf(1.1973750432720784)
Testing logNormal[M=-1.1866160771966507 S=4.93497008939314].pdf(2.035293613159539)
Testing logNormal[M=-3.134188722927982 S=9.911118758016604].pdf(1.917965725963627)
Testing logNormal[M=-2.44364249053067 S=5.027865080701249].pdf(1.3670480770724425)
Testing logNormal[M=2.6346232025470293 S=6.772634659210616].pdf(2.2952590382838745)
Testing logNormal[M=3.8378815673966766 S=1.5100497034457094].pdf(1.1556157577035622)
Testing logNormal[M=4.578978553822109 S=6.741274781531333].pdf(1.881124055350999)
Testing logNormal[M=3.4381792794653485 S=7.085108901675924].pdf(0.5776365418455159)
Testing logNormal[M=2.461567382376799 S=9.302316677708578].pdf(2.0514370416280028)
Testing logNormal[M=-1.85654795127682 S=3.1087313200178732].pdf(2.173500770640357)
Testing logNormal[M=0.7276690802121983 S=1.5085298436082661].pdf(1.7566153894018053)
Testing logNormal[M=-4.384195680915321 S=8.423835526134546].pdf(2.053938904052561)
Testing logNormal[M=-2.962570620183395 S=8.08756402337482].pdf(1.8332549290278901)
Testing logNormal[M=1.1197503279131524 S=9.428236766758966].pdf(1.5054357561685554)
Testing logNormal[M=-3.6197562639947414 S=3.787317230935562].pdf(2.1059978839787252)
Testing logNormal[M=0.7517089245274056 S=4.040956773103534].pdf(0.2226169188919979)
Testing logNormal[M=-2.895789390011343 S=2.967120409862094].pdf(0.5907019703147522)
Testing logNormal[M=-4.100610301601403 S=5.600838588962038].pdf(2.1566470914674776)
Testing logNormal[M=1.999968761140675 S=1.2680969079520288].pdf(1.1119936673924626)
Testing logNormal[M=-2.57769055772937 S=5.588988445902934].pdf(1.6899401728238963)
Testing logNormal[M=4.532173904389669 S=5.774663329995969].pdf(1.4404722719163303)
Testing logNormal[M=-3.126088093633922 S=5.69724695659314].pdf(0.8655231450459341)
Testing logNormal[M=0.9920070024839855 S=7.437470992697702].pdf(1.9727643507024646)
Testing logNormal[M=-3.984940387913598 S=1.2638479426005156].pdf(2.08104079522037)
Testing logNormal[M=3.376471129215167 S=1.1433807759802683].pdf(2.178737182512559)
Testing logNormal[M=2.4853513524299187 S=3.8304359990677828].pdf(1.3148300717014791)
Testing logNormal[M=-0.6052632078645264 S=5.214493109641596].pdf(1.3516337425710045)
Testing logNormal[M=2.0461929639371963 S=2.651729954627924].pdf(0.9414109883658938)
Testing logNormal[M=-2.806753515736091 S=1.2748172135401203].pdf(0.5270500119187578)
Testing logNormal[M=-3.335119647534124 S=4.574295815067978].pdf(1.7675819214756419)
Testing logNormal[M=-3.493946406945061 S=8.134899393169988].pdf(1.9670760421589135)
Testing logNormal[M=-2.009947658395487 S=6.587280901729981].pdf(1.9160496350480303)
Testing logNormal[M=-3.207636061832214 S=7.670379861312008].pdf(2.050084207286203)
Testing logNormal[M=0.8095910118805758 S=9.606823958535776].pdf(1.6014387504724725)
Testing logNormal[M=4.494352398916854 S=0.028708382444962988].pdf(2.2168862978437467)
Testing logNormal[M=-0.8463401375596913 S=7.4716834680780675].pdf(0.8966414193475524)
Testing logNormal[M=-1.862318140340924 S=6.462476968018352].pdf(0.9861165605490603)
Testing logNormal[M=4.643675144120332 S=7.007808415433541].pdf(2.0737265337369277)
Testing logNormal[M=0.24158145749368476 S=2.4891175540884323].pdf(1.0257343643581167)
Testing logNormal[M=-3.587197750840593 S=1.4830050998330169].pdf(1.191828629759977)
Testing logNormal[M=-0.27543327513378824 S=1.8091158565394105].pdf(1.6464931914071632)
Testing logNormal[M=2.5280196975396745 S=1.4193027689141113].pdf(2.2818441337008273)
Testing logNormal[M=-4.964475920593411 S=7.985088094038781].pdf(0.8175455768513967)
Testing logNormal[M=0.4699014294148265 S=6.558922345346211].pdf(2.2283099266866877)
Testing logNormal[M=0.5229513210341583 S=8.386466202388739].pdf(0.29932327438512374)
Testing logNormal[M=-1.3038574201332875 S=9.823292078765345].pdf(0.4162797218508822)
Testing logNormal[M=-1.707050195416957 S=2.9415288137249505].pdf(2.0358794425731026)
Testing logNormal[M=4.299749685518892 S=0.2798360408213607].pdf(1.457230839699451)
Testing logNormal[M=-4.477853811751044 S=5.724307316572817].pdf(2.1058143253494945)
Testing logNormal[M=3.856224133026698 S=8.932607471960418].pdf(0.9280883529149392)
Testing logNormal[M=-2.109934239695057 S=6.649310833255086].pdf(1.8176940396742083)
Testing logNormal[M=4.019237147248232 S=7.001166646422643].pdf(1.7543862855070267)
Testing logNormal[M=-4.126146592875819 S=3.2247843827274725].pdf(1.7591195162281354)
Testing logNormal[M=-3.834104630573459 S=3.8223481959144756].pdf(1.5765336839725816)
Testing logNormal[M=-2.9951637884412485 S=5.546081936871211].pdf(1.9078213982860293)
Testing logNormal[M=-0.854381077800416 S=4.894146628196125].pdf(0.9409093589721519)
Testing logNormal[M=-4.72431139406576 S=9.457747648582231].pdf(2.078171169723268)
Testing logNormal[M=4.977584218060411 S=0.247542903437028].pdf(2.0797360875630417)
Testing logNormal[M=2.8333540331590266 S=2.1903014772889473].pdf(2.0220606897693547)
Testing logNormal[M=1.6349568356016722 S=6.522122965138334].pdf(1.6827323351707346)
Testing logNormal[M=-4.954276009112006 S=2.0050052973943346].pdf(2.100597953109641)
Testing logNormal[M=-1.7449736651001002 S=1.9157444154731684].pdf(1.1315321543316048)
Testing logNormal[M=-3.123340338764491 S=3.375418410032193].pdf(0.8605142740834892)
Testing logNormal[M=-1.5346099753957034 S=4.2792962546682745].pdf(0.8748250156649686)
Testing logNormal[M=-4.4438451821608735 S=6.641942325098501].pdf(1.017505661009494)
Testing logNormal[M=4.262332298936261 S=5.140391602212779].pdf(1.7334554575961354)
Testing logNormal[M=4.27471328051613 S=6.518310852854702].pdf(1.7374307454397733)
Testing logNormal[M=-0.008839834041092232 S=6.381219868895707].pdf(1.873219706235576)
Testing logNormal[M=-4.761205898756091 S=1.275869432965332].pdf(0.6455990282974433)
Testing logNormal[M=-4.0992973590442165 S=7.998583573882929].pdf(1.9956579673123596)
Testing logNormal[M=0.6207477859101314 S=9.190508630392145].pdf(2.1329471418212136)
Testing logNormal[M=-2.3340905755090446 S=1.7847095213987896].pdf(1.44757643821434)
Testing logNormal[M=3.7501904381888647 S=1.8538099047934042].pdf(1.4527228007556388)
Testing logNormal[M=-4.281495866189427 S=9.416141817557847].pdf(0.9965840081154979)
Testing logNormal[M=1.7872268740532977 S=5.049554557643559].pdf(1.3394049915474286)
Testing logNormal[M=-1.1380163402549726 S=9.256545121198528].pdf(1.5115412850998098)
Testing logNormal[M=-3.5707482150309433 S=2.5577321865896963].pdf(1.1049242324348576)
Testing logNormal[M=1.1086507188202663 S=5.817952936457692].pdf(1.0514281124881506)
Testing logNormal[M=-3.511131526397795 S=4.91783887309741].pdf(2.0753680588636856)
Testing logNormal[M=0.06636254659827756 S=0.15304483065319507].pdf(1.9180348954203064)
Testing logNormal[M=-2.283861451644219 S=7.777593647736454].pdf(2.2559260341556016)
Testing logNormal[M=3.5935231072468863 S=1.0562877858848774].pdf(1.6461966244092976)
Testing logNormal[M=2.5180852767993613 S=4.8569894040058585].pdf(1.3584622932709154)
Testing logNormal[M=-1.62643365104881 S=2.6409150042101484].pdf(1.2427065614307)
Testing logNormal[M=-3.875659840288297 S=8.779841694194486].pdf(0.7151649007190252)
Testing logNormal[M=2.1570792913549885 S=2.7377363100192156].pdf(0.7410294840721903)
Testing logNormal[M=2.832968612961225 S=4.537152606307261].pdf(0.929711590843437)
Testing logNormal[M=0.5683043573146467 S=0.8628237020407048].pdf(0.9997971781010135)
Testing logNormal[M=-1.6045989268333494 S=2.8480985961272918].pdf(1.6563262557809006)
Testing logNormal[M=1.8714001651617398 S=4.559349541280638].pdf(1.065560831948512)
Testing logNormal[M=-3.563827798274044 S=2.504197178692392].pdf(1.9586589568421204)
Testing logNormal[M=4.110997501087537 S=3.956914362566637].pdf(1.275020548735436)
Testing logNormal[M=3.9931031246362547 S=1.7641104450419043].pdf(1.7756555905152107)
Testing logNormal[M=0.7695854824781758 S=0.8308926173883224].pdf(1.7795970447466936)
Testing logNormal[M=3.3436081581188333 S=6.349452094544002].pdf(1.8979503168931553)
Testing logNormal[M=2.964535777807143 S=5.339596744622451].pdf(2.177228876529356)
Testing logNormal[M=4.976204427001294 S=3.8440059338041586].pdf(1.1033447828802283)
Testing logNormal[M=0.142068819252966 S=8.609470728337152].pdf(1.5315284461710041)
Testing logNormal[M=2.676263663704562 S=9.090059404661321].pdf(2.1169077178162667)
Testing logNormal[M=1.8480348047946507 S=9.950168937552796].pdf(1.9674761463893022)
Testing logNormal[M=1.1526903894973684 S=6.019777074384072].pdf(2.2965911276271247)
Testing logNormal[M=2.716004077543416 S=0.699824164645555].pdf(0.8459448685217463)
Testing logNormal[M=3.8523651633098517 S=9.980275803116157].pdf(2.170182517765011)
Testing logNormal[M=-4.681574657614478 S=0.344262310664325].pdf(1.9449701765916438)
Testing logNormal[M=-4.696999006012033 S=0.6614409212567052].pdf(2.2879667765885743)
Testing logNormal[M=2.103630612164781 S=7.9193626863086894].pdf(2.2751100343834953)
Testing logNormal[M=2.1016968925241475 S=2.8437271516468177].pdf(1.894334826554124)
Testing logNormal[M=-4.306010729447827 S=5.5649979477152485].pdf(1.9838938050740185)
Testing logNormal[M=-2.7183974674969678 S=3.9501578550603256].pdf(1.8361048978564751)
Testing logNormal[M=1.103090946169023 S=2.9346624361839124].pdf(1.918551632703753)
Testing logNormal[M=2.1343938347514264 S=6.031959829177865].pdf(2.1515982261094333)
Testing logNormal[M=1.805444628907786 S=0.8919399246702475].pdf(1.3473072909615187)
Testing logNormal[M=1.6214557256146929 S=3.447922587815402].pdf(2.1999114246711406)
Testing logNormal[M=1.8928711321387324 S=0.508489580112651].pdf(1.1343897799470537)
Testing logNormal[M=2.296518859993374 S=5.600271206713815].pdf(0.995076256335595)
Testing logNormal[M=2.188076781986256 S=0.35348263881979314].pdf(1.9663182998024706)
Testing logNormal[M=4.677090272118896 S=5.017584765064964].pdf(1.6862682411803158)
Testing logNormal[M=0.14360553625440087 S=7.3827526678682].pdf(1.4718196957007308)
Testing logNormal[M=3.6856406332924525 S=1.8880189329056063].pdf(1.6695781902454223)
Testing logNormal[M=1.5461444955339 S=7.522495245495119].pdf(2.193557835811262)
Testing logNormal[M=2.663365262492256 S=0.43923570247439203].pdf(1.575581109015139)
Testing logNormal[M=4.36765676104374 S=0.9911282604124194].pdf(2.2078025890345887)
Testing logNormal[M=-2.1027849398882625 S=9.120516477941296].pdf(2.148140441844349)
Testing logNormal[M=0.861088211358779 S=7.8457679614753575].pdf(2.2403005550771717)
Testing logNormal[M=-1.8023270530454094 S=1.9582259645433264].pdf(1.9079632066506742)
Testing logNormal[M=-4.413435822994672 S=1.7205911004265195].pdf(1.7910568149548267)
Testing logNormal[M=-0.4118359242234835 S=8.355730133605412].pdf(1.8761210420672274)
Testing logNormal[M=1.9057131933170188 S=9.565395421096701].pdf(2.067113666846981)
Testing logNormal[M=-3.4044417707977246 S=5.737212936033687].pdf(1.9091606858438142)
Testing logNormal[M=-1.8150472335036536 S=8.463309695723476].pdf(1.5917220746850242)
Testing logNormal[M=3.2544458771277522 S=8.24434650304499].pdf(0.40351259581364185)
Testing logNormal[M=-1.7169461897674343 S=7.766624232741463].pdf(1.9094426715634434)
Testing logNormal[M=-1.0318855662037918 S=6.124679866490544].pdf(2.048719583984525)
Testing logNormal[M=0.9759421976928664 S=4.40432469533011].pdf(2.0644753148111876)
Testing logNormal[M=-2.212252774600426 S=0.015347046931039054].pdf(1.6818712190610305)
Testing logNormal[M=-0.7050514449377729 S=4.273655477980456].pdf(1.269738542092279)
Testing logNormal[M=-0.451087857131947 S=2.8885170196844445].pdf(0.2846389299632916)
Testing logNormal[M=-0.6066001059000943 S=0.5815103344145744].pdf(2.1001604241268645)
Testing logNormal[M=4.808464038320192 S=6.694482806396841].pdf(2.105913822004557)
Testing logNormal[M=0.4287278099522007 S=8.752633199988399].pdf(1.6310712887281438)
Testing logNormal[M=3.3787708758458237 S=3.5909883447734323].pdf(1.8061605582569609)
Testing logNormal[M=-1.1042364099819704 S=2.42954177762448].pdf(2.2106952613747786)
Testing logNormal[M=-4.393540079041276 S=3.8239344612957984].pdf(1.599439489129681)
Testing logNormal[M=-2.9894893305464345 S=0.08977843814221287].pdf(2.2434748844241237)
Testing logNormal[M=-1.5396152408473296 S=7.511191779467822].pdf(2.0509553512588803)
Testing logNormal[M=4.982351260147809 S=3.5283064322828395].pdf(1.247731271388304)
Testing logNormal[M=-3.885535303206332 S=7.228894730557538].pdf(1.244645676938106)
Testing logNormal[M=-4.646127117214319 S=6.86007591778552].pdf(1.1214091431864497)
Testing logNormal[M=3.2733856347626276 S=3.6692238540607547].pdf(2.2439506831431872)
Testing logNormal[M=1.3901598188276898 S=5.896252046024927].pdf(1.5813146777466756)
Testing logNormal[M=-3.6932016544385893 S=0.8536849727824369].pdf(1.9738272090486222)
Testing logNormal[M=-4.033652063680723 S=4.5888657217471955].pdf(1.7987968775952863)
Testing logNormal[M=-3.462528159342826 S=8.162768742580553].pdf(1.5531491434045805)
Testing logNormal[M=-3.8614547878420638 S=8.088185805939371].pdf(1.8630181828520849)
Testing logNormal[M=0.5813169331723289 S=8.37304580296444].pdf(1.5272658470317522)
Testing logNormal[M=-1.8677231370212666 S=0.44722414627129226].pdf(2.1699647380398086)
Testing logNormal[M=-2.8712166601978453 S=9.642431549028565].pdf(1.1767846014776138)
Testing logNormal[M=0.7292518898808424 S=1.9482881905753002].pdf(1.1954179516980006)
Testing logNormal[M=-1.3927766332205138 S=2.800590586324513].pdf(2.1999441685740533)
Testing logNormal[M=-2.973942432753357 S=1.497431456515168].pdf(0.008645627057334291)
Testing logNormal[M=1.4232234357640507 S=2.450337537152274].pdf(2.283000148271933)
Testing logNormal[M=-0.34078090054090815 S=5.918527871580856].pdf(1.7382624603410382)
Testing logNormal[M=1.1744283604428816 S=9.646555987808261].pdf(1.7133758178832919)
Testing logNormal[M=-3.185810812922183 S=5.553870034016727].pdf(0.5888084525315684)
Testing logNormal[M=-4.4330753202123105 S=2.4278365025926094].pdf(1.5615013253641776)
Testing logNormal[M=-2.3421173239372295 S=9.976852988128368].pdf(0.8569041177146868)
Testing logNormal[M=-1.2125216650257906 S=0.5781066660276923].pdf(0.7147561487370677)
Testing logNormal[M=1.3485319544634589 S=8.539186185397273].pdf(1.6152149550171022)
Testing logNormal[M=2.1755727593342735 S=5.966028835042064].pdf(0.5699492583791905)
Testing logNormal[M=4.623598656399924 S=6.0980355113828875].pdf(2.211392800481024)
Testing logNormal[M=-4.245816998372165 S=1.449170119641866].pdf(1.4288318401526512)
Testing logNormal[M=-0.6617180392840947 S=7.377480129530846].pdf(1.3578390587425955)
Testing logNormal[M=0.9249834515401432 S=3.9389195210062002].pdf(2.1047291876612433)
Testing logNormal[M=2.650394521807949 S=7.340562501087591].pdf(1.7812695093657385)
Testing logNormal[M=4.682005790056888 S=0.06561696928529925].pdf(2.0002677444225285)
Testing logNormal[M=-3.1001019982104405 S=6.2641850800889785].pdf(1.7578490162411884)
Testing logNormal[M=-0.6788556981813496 S=9.218251634854392].pdf(1.9980899365425058)
Testing logNormal[M=-1.8667191794020277 S=6.755593212265884].pdf(2.2669067594513885)
Testing logNormal[M=-2.5497186524487194 S=8.673292458658132].pdf(1.4878279320125674)
Testing logNormal[M=-2.553002376104171 S=2.0082421921331663].pdf(2.299038177003871)
Testing logNormal[M=3.4271681427723752 S=9.62944295556335].pdf(1.8988348526929555)
Testing logNormal[M=4.833264516653857 S=6.269991988650086].pdf(1.0905193186489255)
Testing logNormal[M=0.42932320064959395 S=8.504686145369847].pdf(1.027270709091463)
Testing logNormal[M=2.187245232813635 S=8.860079268035259].pdf(2.2557383509332176)
Testing logNormal[M=-1.0793906907999529 S=1.3231037845572036].pdf(1.2050175241299002)
Testing logNormal[M=-1.5225188035376034 S=6.664189259419414].pdf(0.09272256526630385)
Testing logNormal[M=2.0200982703075194 S=8.634464024635266].pdf(1.6855613821199367)
Testing logNormal[M=2.9104304204024425 S=9.368953242470708].pdf(0.7436288958731705)
Testing logNormal[M=-3.6336667606082083 S=6.601140508923256].pdf(0.4605583714981128)
Testing logNormal[M=0.07309695153810392 S=9.74686165600973].pdf(1.0324667582784925)
Testing logNormal[M=1.6389167221435494 S=5.804935309651187].pdf(1.796718574401188)
Testing logNormal[M=-2.4284133397055863 S=4.017161338438767].pdf(0.4402065188235734)
Testing logNormal[M=-3.6600411004792743 S=6.131163518373185].pdf(1.8521325981262884)
Testing logNormal[M=1.103806975258407 S=6.897298810322686].pdf(1.7841959980973756)
Testing logNormal[M=-0.9047000833247578 S=0.9015080793956665].pdf(1.353965730905657)
Testing logNormal[M=2.578827661120899 S=9.641824759050559].pdf(1.9012566571880538)
Testing logNormal[M=-1.4884153213214333 S=0.6317384713956964].pdf(1.6116934470997133)
Testing logNormal[M=1.838803728713395 S=1.2937730128612546].pdf(1.7394506519823532)
Testing logNormal[M=1.3953461506685336 S=2.4430422278102903].pdf(2.071160621975049)
Testing logNormal[M=0.6670850648682194 S=0.7133995082228084].pdf(2.0468885675887027)
Testing logNormal[M=0.6909065758689437 S=4.913820540614056].pdf(1.9816246880809008)
Testing logNormal[M=2.653545334803135 S=8.224910495224492].pdf(1.0704680842602414)
Testing logNormal[M=3.361632882186834 S=3.015049679558989].pdf(1.8150059928487112)
Testing logNormal[M=-0.9246949619537856 S=8.16008593391824].pdf(2.1918835401993175)
Testing logNormal[M=1.8109752874751575 S=6.6798039050955005].pdf(2.084027948759916)
Testing logNormal[M=0.24921890268556712 S=0.12300370529756632].pdf(0.8887201951055393)
Testing logNormal[M=2.646939416972085 S=0.8734768340912891].pdf(0.7223363208855578)
Testing logNormal[M=4.4041828902632965 S=4.826691152191617].pdf(1.746455640574623)
Testing logNormal[M=3.406966984611987 S=2.334336961341641].pdf(2.14086296493565)
Testing logNormal[M=3.55394153894569 S=1.8537140124821572].pdf(2.035183068867296)
Testing logNormal[M=3.505203789232551 S=1.1172586516737493].pdf(2.0915670319150146)
Testing logNormal[M=-0.5521088329478427 S=9.633254127826492].pdf(2.0328108609174214)
Testing logNormal[M=-1.2019642394584773 S=0.010440229746806473].pdf(0.8907340182483598)
Testing logNormal[M=2.5761194607935263 S=8.88915192340037].pdf(0.619174888485909)
Testing logNormal[M=0.2493894333097577 S=2.4260724374691667].pdf(1.1902216910250156)
Testing logNormal[M=-3.3995258644453874 S=7.396217856861957].pdf(1.4563666481871946)
Testing logNormal[M=-1.649300585895018 S=9.91148888349902].pdf(0.317174335744097)
Testing logNormal[M=1.969832785671441 S=6.569478324610727].pdf(1.7854811419441752)
Testing logNormal[M=-2.3915380696817645 S=8.220478242315174].pdf(1.3712663103802898)
Testing logNormal[M=4.188293597207268 S=9.022502451101989].pdf(1.6609062707688835)
Testing logNormal[M=3.204086892808821 S=5.994635265686604].pdf(2.1992610295858515)
Testing logNormal[M=-0.6968750206020129 S=2.725140101513772].pdf(2.2105524507853502)
Testing logNormal[M=0.7595308334972657 S=8.786005967578483].pdf(1.0183159430618436)
Testing logNormal[M=2.6370095245033456 S=0.475660221864318].pdf(0.8256404049522907)
Testing logNormal[M=-2.6791636490197424 S=9.678411002906294].pdf(0.6900568946584579)
Testing logNormal[M=-2.721195600206655 S=3.4983618935901495].pdf(2.118593358803324)
Testing logNormal[M=4.444742729915511 S=8.76533876998472].pdf(0.761573553654657)
Testing logNormal[M=-2.5644161015564935 S=8.966202046322781].pdf(1.8386288882822386)
Testing logNormal[M=-2.5444199282678683 S=6.823673791896012].pdf(0.47788025282612473)
Testing logNormal[M=-4.409944096549743 S=8.516502332911134].pdf(1.9233719053522238)
Testing logNormal[M=3.174842832640504 S=1.1173150963523137].pdf(1.8042692160133262)
Testing logNormal[M=3.7532692256347993 S=9.614096068309939].pdf(1.7411180547510694)
Testing logNormal[M=-0.7614835742045587 S=6.0613478823347755].pdf(1.8465532588315248)
Testing logNormal[M=0.48653025700552277 S=9.10757894582089].pdf(1.9774662444165085)
Testing logNormal[M=4.3486963545820085 S=0.7564101232237741].pdf(1.6620685466359277)
Testing logNormal[M=-1.6430504306164528 S=7.832732965438357].pdf(0.7155399590020834)
Testing logNormal[M=-0.5915312419491725 S=3.2845620001866127].pdf(1.31431041415779)
Testing logNormal[M=-2.5981105126411617 S=9.40081810980548].pdf(2.170514487241342)
Testing logNormal[M=1.5112154108257938 S=2.9857575569406567].pdf(2.2136937882006817)
Testing logNormal[M=2.9735634165119507 S=3.1634177946004174].pdf(1.3165954514586988)
Testing logNormal[M=-2.6789519377763735 S=5.7101339415812085].pdf(2.15116702834079)
Testing logNormal[M=4.213135053311156 S=7.252113166248664].pdf(0.23515041259665995)
Testing logNormal[M=-1.0086824064800206 S=2.9025835781137554].pdf(0.29110547097275763)
Testing logNormal[M=1.8321795333622601 S=9.440586461174165].pdf(2.2790417223401347)
Testing logNormal[M=1.998391134345992 S=3.6273627910006248].pdf(2.1570211242073136)
Testing logNormal[M=-2.686357834651486 S=8.23760898513634].pdf(2.24966767037208)
Testing logNormal[M=-1.7082496718310458 S=0.06887884213749418].pdf(1.5336691072141486)
Testing logNormal[M=-1.9809721740848163 S=0.12874308429315584].pdf(1.0160356808658704)
Testing logNormal[M=-4.756798080160301 S=1.1015282322497055].pdf(0.743576842823317)
Testing logNormal[M=-1.98562694236192 S=3.3098345933793993].pdf(2.12231026585635)
Testing logNormal[M=1.0016846562735964 S=5.215902619480362].pdf(2.1982335888348468)
Testing logNormal[M=4.622521252875547 S=2.958705702885076].pdf(1.2401131421637914)
Testing logNormal[M=-3.569487118574386 S=9.07315243033352].pdf(1.5960776581188574)
Testing logNormal[M=-2.1426048931696062 S=2.9657704004862397].pdf(0.8130453422291031)
Testing logNormal[M=4.782325283041441 S=5.479781163985935].pdf(2.189077671227381)
Testing logNormal[M=-4.062438800604632 S=9.916517155041277].pdf(1.4044906119998488)
Testing logNormal[M=-2.258591045158338 S=3.860154735101781].pdf(1.548351632336138)
Testing logNormal[M=-0.603814932074215 S=2.38935725285513].pdf(1.5560563652111876)
Testing logNormal[M=4.550816846853959 S=1.8866746958359715].pdf(2.1697376965947943)
Testing logNormal[M=1.9203353499404763 S=7.857430448517835].pdf(0.9403593491656841)
Testing logNormal[M=-1.884692356133125 S=2.8313829134801374].pdf(2.213022050131774)
Testing logNormal[M=2.629547430739178 S=2.2184098273123753].pdf(2.2421316727292675)
Testing logNormal[M=-1.9846289335283904 S=0.1614107157988498].pdf(1.0528720878653812)
Testing logNormal[M=-4.940551211429614 S=6.674059372510327].pdf(2.18454100688976)
Testing logNormal[M=-4.5222955411449925 S=6.36707547234539].pdf(2.2120166964146004)
Testing logNormal[M=3.517946991054661 S=2.945370223596302].pdf(1.72405215318009)
Testing logNormal[M=-1.6629600401094513 S=1.2571289709389732].pdf(1.8936251218592806)
Testing logNormal[M=2.571438569067464 S=3.979347031360275].pdf(2.0164779213591246)
Testing logNormal[M=-2.138160116147322 S=1.2273497246324083].pdf(1.1956267490118027)
Testing logNormal[M=-3.836393090725881 S=3.542979042416985].pdf(2.026978166390441)
Testing logNormal[M=-4.545097706584969 S=1.9752730406449281].pdf(1.4124131419582662)
Testing logNormal[M=-0.6898763646837134 S=7.229751343631311].pdf(1.5147114299254039)
Testing logNormal[M=1.583401561312333 S=4.0072394127757525].pdf(1.6024347927261011)
Testing logNormal[M=3.046576778410726 S=9.237871450660212].pdf(1.4696868393384048)
Testing logNormal[M=4.720037961963477 S=3.8664885530812256].pdf(2.210302450815935)
Testing logNormal[M=1.1155469709662693 S=0.4932374415586971].pdf(0.5750989067958601)
Testing logNormal[M=3.177197283453591 S=3.7045923944525305].pdf(2.214272649881903)
Testing logNormal[M=4.848942323559605 S=5.062185488329245].pdf(1.848938457238496)
Testing logNormal[M=-1.9536156185470288 S=6.451932273035883].pdf(0.8970179641360184)
Testing logNormal[M=1.5737318896792356 S=0.3536961069732514].pdf(2.1295255596773983)
Testing logNormal[M=-2.147049159161567 S=8.188088117341227].pdf(2.056070966900552)
Testing logNormal[M=2.994555927809391 S=4.142990290930399].pdf(1.0445674860726177)
Testing logNormal[M=4.842962923469482 S=3.745314293245877].pdf(1.9676150319716907)
Testing logNormal[M=3.070577268504014 S=0.7410940903692054].pdf(0.42287292948431565)
Testing logNormal[M=4.51267869020103 S=7.454758157328776].pdf(1.8002024030662995)
Testing logNormal[M=4.390994785035506 S=2.565986850340213].pdf(2.0667811365403876)
Testing logNormal[M=-0.002442376785630529 S=8.444122124057285].pdf(0.8942630011244411)
Testing logNormal[M=4.019054226558463 S=6.8735592613331855].pdf(1.3427178459960378)
Testing logNormal[M=-3.697528242812239 S=9.314207066331864].pdf(2.045704851106135)
Testing logNormal[M=-1.2442729044984224 S=4.609789300126327].pdf(1.5492477834490466)
Testing logNormal[M=-1.3610015956180241 S=8.942615007852812].pdf(1.7910117745578182)
Testing logNormal[M=0.9379510693953517 S=1.825217369981984].pdf(2.0653159801106984)
Testing logNormal[M=1.2840176065854303 S=0.4773874547362078].pdf(0.33161950996711287)
Testing logNormal[M=4.337842388624987 S=0.1514387216427615].pdf(1.816881332964866)
Testing logNormal[M=1.9393683101085646 S=6.245241761126813].pdf(1.2066782323472804)
Testing logNormal[M=-4.566585534226908 S=8.292263910150831].pdf(2.164112793996411)
Testing logNormal[M=0.7483107921844017 S=1.488854140583219].pdf(1.94685369752138)
Testing logNormal[M=1.9049527813514722 S=0.8146640889561529].pdf(1.5119402301366398)
Testing logNormal[M=0.5943045658457962 S=8.909013006338427].pdf(2.274306380739801)
Testing logNormal[M=4.747044721254861 S=8.606939640152516].pdf(0.8535946009551343)
Testing logNormal[M=4.572170995360976 S=6.051905213090777].pdf(1.728278919324594)
Testing logNormal[M=-1.575049382496445 S=8.436158147809945].pdf(2.1418297446062398)
Testing logNormal[M=0.016624197016491316 S=1.5201269666167716].pdf(1.8703316549507971)
Testing logNormal[M=0.680237715273984 S=3.734215356503532].pdf(1.0007748279559225)
Testing logNormal[M=-3.244948432918171 S=7.245508073341107].pdf(1.1427732159920645)
Testing logNormal[M=-3.9920580084845856 S=0.9410054196182172].pdf(0.5585772071742688)
Testing logNormal[M=-2.404299656112525 S=1.5585216763029386].pdf(2.146891006368033)
Testing logNormal[M=-1.9779571635642776 S=6.622443671467943].pdf(1.08627825462277)
Testing logNormal[M=3.4076800712062774 S=0.03466171325838596].pdf(1.7855906297069173)
Testing logNormal[M=-3.0701697182961185 S=2.2637491030176013].pdf(2.21663603511333)
Testing logNormal[M=-4.031842528183121 S=6.237060536551904].pdf(1.2951099924233391)
Testing logNormal[M=3.732445893000543 S=4.432853256787309].pdf(1.6931768013135824)
Testing logNormal[M=4.907705818678176 S=0.746227970928004].pdf(2.2327772956312386)
Testing logNormal[M=-2.834925972880653 S=8.342597018976912].pdf(2.2470279171036744)
Testing logNormal[M=3.5550250792817604 S=3.713874807283645].pdf(1.9712448416770474)
Testing logNormal[M=-4.793273071016762 S=8.686950766057475].pdf(2.0956677398744143)
Testing logNormal[M=0.1551853368661522 S=8.404017049250486].pdf(2.2421451723099537)
Testing logNormal[M=-2.205623497289768 S=4.71676808754201].pdf(2.2330355404256483)
Testing logNormal[M=-0.6073502366702721 S=0.3939976579781912].pdf(0.8982218395826425)
Testing logNormal[M=2.4478094651483273 S=2.062284206477006].pdf(1.6081336165204427)
Testing logNormal[M=3.5420147317485924 S=3.2242616828251727].pdf(1.3631575559914453)
Testing logNormal[M=-2.1115080215334068 S=4.758775801025251].pdf(0.44914662320424814)
Testing logNormal[M=4.50126399081854 S=9.505005220649947].pdf(0.36525044573374377)
Testing logNormal[M=-2.9792528453298015 S=8.67521799163001].pdf(0.746269101105398)
Testing logNormal[M=1.838701150787756 S=1.4492403800427023].pdf(1.9239493796677092)
Testing logNormal[M=-1.582497277970878 S=8.47348277883363].pdf(0.40250885031445255)
Testing logNormal[M=2.486101877679424 S=7.753139849913927].pdf(1.0412957848572517)
Testing logNormal[M=3.6357789060593078 S=7.906015556933189].pdf(0.4757288558630801)
Testing logNormal[M=0.0034373379509675672 S=6.468057061772687].pdf(1.9423453129630563)
Testing logNormal[M=4.6332620273028144 S=3.6401082077116245].pdf(0.41433552884072894)
Testing logNormal[M=-4.406931797686886 S=4.13055919553705].pdf(1.2923979412786617)
Testing logNormal[M=-0.5020924777883824 S=6.389103162838511].pdf(1.532883732981364)
Testing logNormal[M=-4.137930060003965 S=0.1915401102713099].pdf(2.296527762432944)
Testing logNormal[M=-4.670491967186746 S=5.467961881387826].pdf(1.026807861426454)
Testing logNormal[M=-4.006480081514202 S=2.26635728869074].pdf(1.1414721946524509)
Testing logNormal[M=-4.425491731424238 S=9.685723839912852].pdf(1.393291944044765)
Testing logNormal[M=1.1582131919218464 S=3.063407753774271].pdf(2.254036475654031)
Testing logNormal[M=4.410792373458284 S=9.857114510795645].pdf(1.8474769917484348)
Testing logNormal[M=1.0707588601746494 S=3.026089116795979].pdf(1.0929657345647914)
Testing logNormal[M=2.287392769784188 S=7.613484814691178].pdf(1.6366679821975254)
Testing logNormal[M=-0.07288214813168192 S=5.453233172372965].pdf(1.943058340432633)
Testing logNormal[M=0.157940584401417 S=6.472904651598801].pdf(0.793346789967167)
Testing logNormal[M=-3.4358646148443506 S=9.171241419068831].pdf(1.6874962010312233)
Testing logNormal[M=-4.762146526671028 S=2.1128543360085383].pdf(1.7280263990502822)
Testing logNormal[M=-1.9659875254765122 S=2.9614415356929893].pdf(2.246239389571827)
Testing logNormal[M=4.91412950927897 S=2.767570549723315].pdf(1.007304230404936)
Testing logNormal[M=-2.664769676399196 S=2.8615006917604893].pdf(1.9889085961472954)
Testing logNormal[M=3.6123027848214324 S=8.905479997349385].pdf(1.9024313963579298)
Testing logNormal[M=4.341734327637322 S=8.882475329827347].pdf(0.9421709217031181)
Testing logNormal[M=0.5588067016068212 S=5.050569537922749].pdf(1.2565792235332753)
Testing logNormal[M=-0.8937963137042342 S=4.035489152492895].pdf(0.294660905823557)
Testing logNormal[M=0.5746321967725994 S=2.280342878918077].pdf(1.357533763402669)
Testing logNormal[M=-1.996231666950047 S=2.2661649854224653].pdf(0.18261166832588474)
Testing logNormal[M=2.800436843813703 S=0.5221438879461748].pdf(2.273100618228149)
Testing logNormal[M=-3.9063786523412913 S=7.541693849931834].pdf(0.45376573807487086)
Testing logNormal[M=3.9422302870147305 S=6.044858572232413].pdf(1.3862000705956072)
Testing logNormal[M=-3.6500638586053116 S=9.7968154411381].pdf(0.5748956845586496)
Testing logNormal[M=-4.856711323673748 S=0.13354971766816437].pdf(2.2603546957916665)
Testing logNormal[M=1.0980124278541652 S=3.909532559534359].pdf(1.6213253653258113)
Testing logNormal[M=-0.9174087969956197 S=3.928607047545527].pdf(2.183849767906047)
Testing logNormal[M=-4.48268415185975 S=9.784744924743249].pdf(1.422624100151023)
Testing logNormal[M=-4.9621313196428645 S=8.269467202263382].pdf(1.7753987200129633)
Testing logNormal[M=-3.7493179055361003 S=3.1597541706740815].pdf(2.043009708392914)
Testing logNormal[M=-1.956817452000191 S=0.552206998733904].pdf(2.2452231744303215)
Testing logNormal[M=-1.9365692457462313 S=2.9433327429839826].pdf(0.9239625393254456)
Testing logNormal[M=-3.576131483488255 S=0.06897775702469966].pdf(2.204778985580015)
Testing logNormal[M=3.8531321524878965 S=2.2854019521707802].pdf(2.2492465737977456)
Testing logNormal[M=-4.959135055280834 S=4.132028401398178].pdf(2.232274519818116)
Testing logNormal[M=-2.8054557633506496 S=2.0701098277552554].pdf(2.1814911787348894)
Testing logNormal[M=0.08708111317169998 S=6.038127836161877].pdf(2.0242507020242715)
Testing logNormal[M=-2.567226511303936 S=4.681473497028184].pdf(1.9414810581576971)
Testing logNormal[M=3.5032964043689656 S=0.02267753009578599].pdf(2.0597598648606614)
Testing logNormal[M=3.100421023346019 S=4.621490991435531].pdf(1.731390226104733)
Testing logNormal[M=-4.873761367694569 S=8.409200599710982].pdf(2.1702267712810945)
Testing logNormal[M=-0.16595431975228792 S=8.247041554406673].pdf(2.224258336106996)
Testing logNormal[M=-1.4055685645567886 S=4.147583310327253].pdf(1.9269536737328603)
Testing logNormal[M=-3.3432665023704544 S=8.05275444536406].pdf(1.052029400126536)
Testing logNormal[M=0.007909298558304911 S=1.8703482102292812].pdf(2.026976391046884)
Testing logNormal[M=-2.1568979966028587 S=8.230456309998882].pdf(0.08893190823772774)
Testing logNormal[M=-2.725716558455493 S=3.689800516051238].pdf(1.3365132605643035)
Testing logNormal[M=-0.7162744148711786 S=4.904343498591858].pdf(1.9391375055985407)
Testing logNormal[M=2.944458751202829 S=2.489028556789811].pdf(1.4708811957760837)
Testing logNormal[M=-3.4603891755406533 S=0.952576523372235].pdf(0.7647672343065087)
Testing logNormal[M=3.587275258368118 S=4.747337281596132].pdf(2.269908012086329)
Testing logNormal[M=-2.022818471939025 S=1.9297535106576158].pdf(1.8881574290487322)
Testing logNormal[M=-3.6082514271897113 S=1.1045657265429365].pdf(2.0938457689054344)
Testing logNormal[M=2.5668086744937035 S=8.709746231892789].pdf(1.2982124737838328)
Testing logNormal[M=-2.8870127603391804 S=1.4377743033035972].pdf(2.1975898909374654)
Testing logNormal[M=3.568586602171914 S=3.6570430763808757].pdf(0.0876587368446931)
Testing logNormal[M=-1.6731006714504328 S=2.9428912006800747].pdf(0.5769781301534949)
Testing logNormal[M=0.31760228121422074 S=9.62865970409459].pdf(1.3089992434608244)
Testing logNormal[M=-3.880205839310645 S=9.382345491079407].pdf(2.108105639409719)
Testing logNormal[M=-1.1572469803305028 S=0.7653989908606651].pdf(1.7397117015110055)
Testing logNormal[M=-0.4478319155825137 S=5.010569052991443].pdf(0.9194618264643666)
Testing logNormal[M=-2.396460738775147 S=3.6911672459753984].pdf(1.902702589290845)
Testing logNormal[M=-4.615122822639176 S=5.155694167966212].pdf(2.187096446615847)
Testing logNormal[M=-1.9872627038239257 S=5.7182001713245185].pdf(1.9528323205852591)
Testing logNormal[M=-4.317458306695069 S=5.712899496046308].pdf(1.8516674936461082)
Testing logNormal[M=-0.251060781385668 S=7.787381372542531].pdf(1.840699059135485)
Testing logNormal[M=-3.076884892321127 S=4.3472442754047504].pdf(1.2838960066888396)
Testing logNormal[M=-3.3295988113206496 S=4.730318100956091].pdf(1.9602986185567766)
Testing logNormal[M=3.1284895879614574 S=2.719818675800897].pdf(1.8372819738676134)
Testing logNormal[M=0.2921550659567984 S=2.0048511314974693].pdf(1.8627596761174083)
Testing logNormal[M=-3.3918884891002032 S=1.5118789083243234].pdf(0.8362580155635062)
Testing logNormal[M=-1.3371971701201693 S=2.910409455160823].pdf(1.7252427821219327)
Testing logNormal[M=-1.4290320899298803 S=5.5798384725454415].pdf(2.130850085645059)
Testing logNormal[M=0.3601219370498576 S=1.4129561142480374].pdf(2.1979092703921737)
Testing logNormal[M=2.3652720078140437 S=6.866080811276927].pdf(1.5960761016188068)
Testing logNormal[M=1.6433248171981019 S=7.6634174984911905].pdf(1.629083830561326)
Testing logNormal[M=-3.1298668463922033 S=8.532973736758832].pdf(1.0125643651901444)
Testing logNormal[M=4.697277931843281 S=1.5159172221836525].pdf(1.257508126429642)
Testing logNormal[M=3.751829311309571 S=4.195537247668742].pdf(0.5576986485080752)
Testing logNormal[M=0.007681025359653759 S=3.4941796171688555].pdf(1.999562817408734)
Testing logNormal[M=3.1461856159350834 S=3.670787153948598].pdf(1.5000276276491296)
Testing logNormal[M=-1.0213545125760435 S=5.189105651638714].pdf(1.306452794225763)
Testing logNormal[M=2.9984908227184643 S=1.7114827871660054].pdf(2.2373403953526347)
Testing logNormal[M=-1.6458111028277722 S=6.415265741276102].pdf(1.7028510364113378)
Testing logNormal[M=4.018012544076166 S=8.281482254770197].pdf(0.8751613397969568)
Testing logNormal[M=-0.35354853174287637 S=5.666591350739064].pdf(1.9748797148046702)
Testing logNormal[M=2.2844996517049694 S=6.819462132373342].pdf(1.6442262556424168)
Testing logNormal[M=2.6111865197384976 S=7.834955608964885].pdf(1.8003078683626488)
Testing logNormal[M=-4.269492481686999 S=7.170029569025166].pdf(1.0286670827418767)
Testing logNormal[M=3.6508852255224653 S=9.324149227215372].pdf(1.7399521459500813)
Testing logNormal[M=0.17817203793245717 S=4.553495978628189].pdf(2.159791850791657)
Testing logNormal[M=2.5386643774223128 S=5.241186219140835].pdf(2.1347519960277554)
Testing logNormal[M=-1.4239662009978336 S=2.7996459804523486].pdf(1.4351508955319927)
Testing logNormal[M=2.0302449976011037 S=1.0264154548733884].pdf(1.5892194902218548)
Testing logNormal[M=-1.5352489620952534 S=8.067215526719652].pdf(0.9804776852733652)
Testing logNormal[M=0.6976047488443484 S=9.653593814978674].pdf(1.6641823913373561)
Testing logNormal[M=4.000431311177341 S=4.429120885897083].pdf(2.0181044588180814)
Testing logNormal[M=2.192636000424857 S=6.376940685092731].pdf(1.1417318527646467)
Testing logNormal[M=2.1185360971805096 S=6.2964819562476535].pdf(1.7077802131929603)
Testing logNormal[M=1.6797493115889681 S=5.120710037699576].pdf(0.13835077558135025)
Testing logNormal[M=3.03933571334116 S=4.476523352323819].pdf(0.7348736833715348)
Testing logNormal[M=4.905825695929101 S=0.6149273677196609].pdf(0.7866618121359067)
Testing logNormal[M=1.6050879880836089 S=3.2209070862468616].pdf(1.9744230038092212)
Testing logNormal[M=-3.834569937866854 S=6.240989512571539].pdf(1.4933113481047684)
Testing logNormal[M=1.112722525235191 S=2.4628687176661956].pdf(0.566064221312338)
Testing logNormal[M=1.9366257587727764 S=3.540265956663861].pdf(0.23945159888932604)
Testing logNormal[M=-1.344487421672115 S=8.414293008177442].pdf(1.3757874555951364)
Testing logNormal[M=-1.8600282826422787 S=2.5678706096363824].pdf(1.4895579071033997)
Testing logNormal[M=0.5216496159664077 S=7.529521703819176].pdf(1.6725502408606383)
Testing logNormal[M=-0.7954492030212057 S=1.0938685648491087].pdf(1.743690800161529)
Testing logNormal[M=-4.7651592242935745 S=2.360863246781437].pdf(1.4467240774693095)
Testing logNormal[M=2.515416862573195 S=7.592056391242058].pdf(0.5021844256914347)
Testing logNormal[M=3.155209097829733 S=4.1637443190100685].pdf(2.0782198815367834)
Testing logNormal[M=2.2981696953665285 S=4.621931834525908].pdf(1.7452858752526026)
Testing logNormal[M=-0.7304339919033831 S=9.215246150866996].pdf(1.6097460241011872)
Testing logNormal[M=-3.668035686094676 S=8.19483366225046].pdf(2.16667994233622)
Testing logNormal[M=-2.53879708164481 S=7.825990324528414].pdf(1.2949496548822206)
Testing logNormal[M=1.2429945627657037 S=4.769463254634546].pdf(2.007784431210254)
Testing logNormal[M=4.1735686645623815 S=9.000160697285063].pdf(0.5121799882641266)
Testing logNormal[M=2.887014118503533 S=3.973200535562611].pdf(1.2702271277467323)
Testing logNormal[M=-3.8480897245067625 S=8.800673564606159].pdf(1.1798827492097255)
Testing logNormal[M=0.9024976070956958 S=4.512445767145817].pdf(1.978404960600414)
Testing logNormal[M=-4.3991441352603555 S=3.1407285134523866].pdf(2.011736786772259)
Testing logNormal[M=-0.17392010978616756 S=8.418653786645846].pdf(0.9001717025745672)
Testing logNormal[M=3.4442586182707995 S=9.831297871054868].pdf(0.6479211170803432)
Testing logNormal[M=0.7638513903322339 S=3.3340583948787805].pdf(2.162355156366667)
Testing logNormal[M=4.565057671282544 S=7.767086121890163].pdf(2.258408927722421)
Testing logNormal[M=-2.3501322253749137 S=0.24603352395820122].pdf(1.3463760230170827)
Testing logNormal[M=-1.4879034919922285 S=9.067537169052585].pdf(2.2948618385958413)
Testing logNormal[M=-3.41178549529217 S=9.762942015421896].pdf(0.5044174523803027)
Testing logNormal[M=-4.295739813048983 S=9.943155754250245].pdf(1.5089092095764534)
Testing logNormal[M=-1.407542246526925 S=0.2697875089893609].pdf(0.8960689762317819)
Testing logNormal[M=-4.800238149948567 S=7.424385797655146].pdf(1.059281695286322)
Testing logNormal[M=-1.340543258205745 S=3.240980498559595].pdf(1.3734031190310765)
Testing logNormal[M=-4.721430096526895 S=0.3219538467405014].pdf(1.9512443745473216)
Testing logNormal[M=1.7598886762825163 S=0.37412237841362606].pdf(1.5939532514411094)
Testing logNormal[M=2.1751247788986117 S=7.299029157223556].pdf(0.3992835220602672)
Testing logNormal[M=-4.359707258461267 S=6.074835951059838].pdf(1.5033105813404737)
Testing logNormal[M=0.4260891316676556 S=0.18742492803160427].pdf(1.1260722861741836)
Testing logNormal[M=-4.936111484646792 S=7.468927836504539].pdf(1.201117943914283)
Testing logNormal[M=-4.260892938132419 S=6.1276160874421635].pdf(2.0867510035749985)
Testing logNormal[M=-3.9108680311241195 S=8.488406822047182].pdf(1.6761719865298124)
Testing logNormal[M=2.7659869791867724 S=0.9333095783100875].pdf(0.006846991997127681)
Testing logNormal[M=-0.09933064913492551 S=4.544870739076532].pdf(1.7622085631374993)
Testing logNormal[M=4.450542777854906 S=4.854720346215883].pdf(2.2818853290048815)
Testing logNormal[M=-2.8475752480391425 S=0.46476245442833575].pdf(2.1041918462357607)
Testing logNormal[M=2.6734251058035055 S=5.764227061556603].pdf(2.259757325801168)
Testing logNormal[M=-0.31654309917495826 S=0.30492537736988456].pdf(1.053323918773305)
Testing logNormal[M=-2.249512231643127 S=2.946086368725447].pdf(0.9720753715998799)
Testing logNormal[M=-2.798454798018853 S=5.883198017500813].pdf(2.197063868103905)
Testing logNormal[M=-3.5550150647440493 S=0.5384238399516272].pdf(0.8014766717286472)
Testing logNormal[M=-0.6155785350407337 S=4.205425115806371].pdf(1.2065187597472857)
Testing logNormal[M=4.33627859543984 S=7.315359221944044].pdf(1.005709407395911)
Testing logNormal[M=2.917657279154982 S=6.580470023358017].pdf(2.154482852339617)
Testing logNormal[M=4.594984306330618 S=8.925982517724378].pdf(1.4012336317865117)
Testing logNormal[M=-0.546696873322996 S=8.039829690703215].pdf(1.8653965634126082)
Testing logNormal[M=-3.794610539311031 S=0.5681248241675785].pdf(2.1867832462717947)
Testing logNormal[M=2.368559826644548 S=5.480393347333989].pdf(1.3525829896179442)
Testing logNormal[M=0.5608990235152547 S=7.59412249475239].pdf(2.286452682032714)
Testing logNormal[M=-0.7326899521592694 S=1.7846696764773906].pdf(1.771147861464102)
Testing logNormal[M=-1.9386193211988667 S=1.6939213115550178].pdf(1.724101252419586)
Testing logNormal[M=3.2311260604383847 S=6.571203595969221].pdf(0.34350497814939984)
Testing logNormal[M=-3.2311026879210303 S=0.942980779232373].pdf(1.2084203793743697)
Testing logNormal[M=-3.0014412149311998 S=6.365216636919823].pdf(1.8214054943457882)
Testing logNormal[M=1.7589215653529688 S=4.245738826375664].pdf(1.2289754000140176)
Testing logNormal[M=3.3176220580246696 S=9.770879014606699].pdf(1.7728146521920443)
Testing logNormal[M=-0.40676732811911265 S=0.9986796943435883].pdf(2.065344113400715)
Testing logNormal[M=1.7331872252117062 S=0.11424425378359304].pdf(1.5367842514730012)
Testing logNormal[M=-2.6333275128737696 S=1.0286464417943098].pdf(0.015250306520324396)
Testing logNormal[M=-3.3452209370896546 S=3.7952633779747194].pdf(2.2066655425780692)
Testing logNormal[M=-4.665882739493059 S=1.7419663334628255].pdf(2.298455521379972)
Testing logNormal[M=3.1866566324416254 S=3.568478705398496].pdf(1.1792561815893923)
Testing logNormal[M=1.0599093456026534 S=3.567329472884826].pdf(1.9154787499741859)
Testing logNormal[M=1.9164581894403385 S=9.830974965420317].pdf(1.3532287236081622)
Testing logNormal[M=-0.8281355533229906 S=7.528087421053233].pdf(2.1800704027117965)
Testing logNormal[M=-3.104777252300841 S=5.367732727078436].pdf(1.69711603602749)
Testing logNormal[M=-2.5631678155062287 S=0.6943500911892364].pdf(1.9715582270035326)
Testing logNormal[M=-0.6368262447691366 S=5.992171544134931].pdf(1.9585853973544516)
Testing logNormal[M=-1.7355839203018553 S=3.6173450292594422].pdf(0.16805620392027493)
Testing logNormal[M=4.563898191514323 S=0.19567565477679572].pdf(1.3912083212657549)
Testing logNormal[M=-3.3816387243312276 S=5.132114677047985].pdf(2.110096397198262)
Testing logNormal[M=-1.8551371100198755 S=9.8252669341411].pdf(0.8512787305244435)
Testing logNormal[M=3.0710526377000154 S=4.283730099164023].pdf(1.239271413412575)
Testing logNormal[M=-4.1616414364670025 S=2.5166141676417677].pdf(2.26254937517668)
Testing logNormal[M=-3.0917081743864196 S=3.6455487730998923].pdf(2.0100366295920944)
Testing logNormal[M=-2.594825323275841 S=4.609278433720551].pdf(2.205532010202847)
Testing logNormal[M=-0.9536385286258895 S=8.622243549924598].pdf(1.068550339944366)
Testing logNormal[M=3.50945174770008 S=5.6201451080003135].pdf(1.637444402703609)
Testing logNormal[M=4.150878284832411 S=5.8083161000349115].pdf(1.1210758756684374)
Testing logNormal[M=-2.7966386667063823 S=6.220965327948932].pdf(2.2727316074142765)
Testing logNormal[M=-4.680593775377711 S=9.086268051144899].pdf(1.6102178900335102)
Testing logNormal[M=-3.4555764874572805 S=3.699935331187403].pdf(2.2355950049360214)
Testing logNormal[M=-0.9237230775075487 S=3.333302482795361].pdf(1.856346244062827)
Testing logNormal[M=-2.937558402523781 S=0.9933114795117015].pdf(1.2181259952760843)
Testing logNormal[M=0.48749620015595685 S=3.509885777749717].pdf(2.113545043457595)
Testing logNormal[M=0.4339137621188982 S=5.358315882279603].pdf(2.019122319063526)
Testing logNormal[M=-2.280025393213183 S=3.232394338314224].pdf(1.9959615619083804)
Testing logNormal[M=4.25740035819887 S=3.648198164133393].pdf(0.5212452329393976)
Testing logNormal[M=-2.1832388570864447 S=7.435617680339465].pdf(1.8492924032903069)
Testing logNormal[M=-2.9224857672289506 S=6.57504457488785].pdf(0.6386587883311368)
Testing logNormal[M=4.774591907481588 S=0.8056077774880599].pdf(1.1999979242569179)
Testing logNormal[M=2.261149794227485 S=4.165007019728718].pdf(1.4655162625751144)
Testing logNormal[M=-2.1672726689055297 S=0.6356132666035186].pdf(0.8381129003119936)
Testing logNormal[M=-4.012300332941216 S=4.2960683921107945].pdf(1.5633670575504575)
Testing logNormal[M=4.6841742929387244 S=1.6901761908808155].pdf(2.1150722332038954)
Testing logNormal[M=2.9409077582843555 S=3.642331200849691].pdf(2.1640050697369015)
Testing logNormal[M=-2.240778558968901 S=5.7941877736481935].pdf(2.071724818510201)
Testing logNormal[M=2.465384388077167 S=6.88995851162705].pdf(2.259802885630827)
Testing logNormal[M=4.384726186599153 S=0.7029307481614988].pdf(1.9856153984504326)
Testing logNormal[M=0.6377727847472965 S=1.0619565443454526].pdf(0.7483368076120573)
Testing logNormal[M=4.389365181784996 S=8.740202552146744].pdf(2.2990758802448847)
Testing logNormal[M=-3.1352786142350784 S=4.602083799729224].pdf(1.968303148890977)
Testing logNormal[M=-4.1830806270842755 S=4.285300129209424].pdf(1.8190696755720934)
Testing logNormal[M=-4.599053013146874 S=1.9376723914431526].pdf(2.179296585726007)
Testing logNormal[M=0.08961105499971289 S=1.5859088433036383].pdf(1.256437819554582)
Testing logNormal[M=4.1071303604985445 S=0.6381430944047028].pdf(1.6366020731531856)
Testing logNormal[M=-1.61378296778833 S=0.8870329329173976].pdf(2.1587843342123665)
Testing logNormal[M=2.0740714676687544 S=0.5849245874250808].pdf(2.2827790896139795)
Testing logNormal[M=-0.0064439734623231715 S=9.539238923180056].pdf(0.7836814856066188)
Testing logNormal[M=-4.20196931543609 S=0.49717612363810004].pdf(1.2331711687170963)
Testing logNormal[M=-0.1289949965731978 S=6.764293582062237].pdf(2.1854791652609658)
Testing logNormal[M=-2.0095762332118774 S=8.444672461789459].pdf(0.22755602737402286)
Testing logNormal[M=3.5206996329674034 S=4.0131540246679].pdf(1.6345660483576352)
Testing logNormal[M=-4.350372340623342 S=4.3217245421397665].pdf(1.1112040559979517)
Testing logNormal[M=-0.165449357608197 S=4.469339795208694].pdf(1.9489425785436627)
Testing logNormal[M=3.2389997065974487 S=3.8200654083245453].pdf(2.157286007394584)
Testing logNormal[M=-2.784601897666885 S=4.067904846982922].pdf(0.20652754078879076)
Testing logNormal[M=0.44745582618652247 S=3.3590226704294848].pdf(1.746512566888712)
Testing logNormal[M=0.473131512196483 S=9.090542260932178].pdf(1.8748709716908891)
Testing logNormal[M=-2.6884755421181095 S=1.751831152891471].pdf(1.967331283855692)
Testing logNormal[M=0.5621163933531959 S=7.437774844010664].pdf(1.168407644411295)
Testing logNormal[M=-0.7231858272021219 S=6.367252186490927].pdf(2.2525623902204335)
Testing logNormal[M=0.09072752232052395 S=3.861222013926139].pdf(1.8706973050908153)
Testing logNormal[M=-4.86379705849063 S=6.644231319037769].pdf(1.958104077968098)
Testing logNormal[M=-3.950916119491632 S=2.599164567387956].pdf(1.9735980523579844)
Testing logNormal[M=1.8568168915138195 S=0.966612401979241].pdf(1.1136156855603303)
Testing logNormal[M=1.6535345407133883 S=8.842549525010604].pdf(1.8493501422111822)
Testing logNormal[M=3.159042887466766 S=7.2417849630790165].pdf(1.5859237621838451)
Testing logNormal[M=-4.740957992602678 S=8.238121085797397].pdf(0.30980190413446174)
Testing logNormal[M=-2.8741436073701276 S=3.6877468714149506].pdf(1.8886597167258377)
Testing logNormal[M=-1.2710958620966406 S=3.0494520054710783].pdf(1.5709471552703629)
Testing logNormal[M=-2.174214403336876 S=3.9443624187520134].pdf(1.7134752679906333)
Testing logNormal[M=-2.8002060123731134 S=6.206082467239628].pdf(1.8508826942376158)
Testing logNormal[M=-2.608692878505013 S=9.7132880768397].pdf(1.6696982852912967)
Testing logNormal[M=4.981138197462915 S=0.04483005770242632].pdf(0.8234972229096192)
Testing logNormal[M=2.159233925052453 S=6.633000392596495].pdf(1.6625085834656173)
Testing logNormal[M=-1.2377443552188172 S=1.1649466690201393].pdf(1.9097425690393863)
Testing logNormal[M=-0.8035920687411515 S=0.4223664560324836].pdf(1.8929257222805993)
Testing logNormal[M=2.9700964186641183 S=2.5700601625532116].pdf(1.7925353793818048)
Testing logNormal[M=4.462169009058725 S=3.475787870399749].pdf(2.0671131361193984)
Testing logNormal[M=2.4576780360464 S=3.060757490058643].pdf(1.322654007474171)
Testing logNormal[M=-1.2360973137015252 S=3.447063972440713].pdf(0.15484599881281658)
Testing logNormal[M=2.5101835337232226 S=4.128579991450701].pdf(0.32075847548978537)
Testing logNormal[M=0.02955520771638298 S=4.991411245746625].pdf(0.9054972770650244)
Testing logNormal[M=0.6917098152530796 S=9.644299295992841].pdf(2.151656917717745)
Testing logNormal[M=-2.2206674266377044 S=2.145139401132947].pdf(2.295575557489612)
Testing logNormal[M=4.006569182241936 S=4.808763641530521].pdf(1.4284251766398957)
Testing logNormal[M=3.700979883770504 S=9.913731469411342].pdf(0.9033509366471354)
Testing logNormal[M=2.9888324441657392 S=5.32559916043189].pdf(1.6010936831491873)
Testing logNormal[M=0.5385330915678619 S=1.8972538824882668].pdf(2.2163737417221467)
Testing logNormal[M=4.941818788447085 S=6.173988448355169].pdf(1.8830985626020533)
Testing logNormal[M=-4.001014751862341 S=6.096850269311402].pdf(1.907691802038595)
Testing logNormal[M=2.0843015114825096 S=1.3588284951409335].pdf(1.0819577593784317)
Testing logNormal[M=-4.326729697840782 S=7.402276746961485].pdf(2.103124975506217)
Testing logNormal[M=-3.4859899916811776 S=9.092909888172171].pdf(1.7102898857034028)
Testing logNormal[M=2.6952023736204254 S=8.783497518217823].pdf(0.2507668771107961)
Testing logNormal[M=-1.470012330510868 S=8.023437522692706].pdf(0.49522996806513503)
Testing logNormal[M=-4.522636235541516 S=0.9945958156223478].pdf(1.759749609853611)
Testing logNormal[M=-0.46369726304597414 S=9.182821624770215].pdf(1.9335780362875685)
Testing logNormal[M=2.82205697748196 S=5.723053179127958].pdf(0.3264487866632011)
Testing logNormal[M=-1.8798074774110471 S=3.650411378259084].pdf(1.560001822825009)
Testing logNormal[M=2.9966098161602552 S=9.609463353682942].pdf(2.1167288059571123)
Testing logNormal[M=3.9874883383926054 S=7.734855687731414].pdf(0.6922229285175829)
Testing logNormal[M=3.188554320782572 S=7.5809515991172285].pdf(1.9054071418685081)
Testing logNormal[M=-2.6312820771723153 S=7.4504126226325464].pdf(1.2961052340382213)
Testing logNormal[M=1.5872558810997877 S=5.6841585848851075].pdf(1.8636230294592122)
Testing logNormal[M=-3.2959305949377438 S=8.73482288989959].pdf(2.186786575224406)
Testing logNormal[M=2.6416388484925077 S=5.409147147161665].pdf(1.9262623487209671)
Testing logNormal[M=-2.4646604439980213 S=2.1540165903737885].pdf(1.1636236202204358)
Testing logNormal[M=4.638449054488792 S=5.060810324220669].pdf(1.9455725081241784)
Testing logNormal[M=3.938523294036191 S=7.61086140569833].pdf(1.2706604487540816)
Testing logNormal[M=3.7109160783498893 S=1.3488961606854344].pdf(0.5311448339534155)
Testing logNormal[M=-0.6294952472330664 S=3.1663528899977536].pdf(1.9749360710952777)
Testing logNormal[M=2.300828047551718 S=4.163278029304847].pdf(1.9286152009405406)
Testing logNormal[M=-2.1185344089247615 S=9.410823262111249].pdf(2.0006190866692197)
Testing logNormal[M=0.38783409256557455 S=9.561737140118694].pdf(1.7682400384434007)
Testing logNormal[M=-0.8237216221720924 S=9.81287611158645].pdf(1.7692313558918507)
Testing logNormal[M=2.6362785228459824 S=3.913251335147084].pdf(1.2850148124833198)
Testing logNormal[M=2.855298059000143 S=7.6077653035806].pdf(1.3428204645881014)
Testing logNormal[M=2.696448534606086 S=0.49423249283997994].pdf(0.42949892421494507)
Testing logNormal[M=3.3277309555627674 S=3.5366738540329736].pdf(1.875814430493852)
Testing logNormal[M=3.148442184427271 S=4.602651746152069].pdf(2.1278910374081983)
Testing logNormal[M=3.2665112599686914 S=2.3267684108962183].pdf(2.1008095932604745)
Testing logNormal[M=1.3934530540633965 S=6.52334739447328].pdf(1.0956793900458042)
Testing logNormal[M=-3.531360866546928 S=3.0134619892425993].pdf(0.3748262386780652)
Testing logNormal[M=4.196051487069402 S=4.375418612811889].pdf(1.855299305916116)
Testing logNormal[M=1.631493767908645 S=9.675990898379114].pdf(1.2983606135085441)
Testing logNormal[M=-0.5965344552571299 S=4.662935163458112].pdf(1.2958152292891214)
Testing logNormal[M=-1.1369453601443427 S=2.553932695267674].pdf(2.119165463891482)
Testing logNormal[M=2.8408041637943278 S=1.7517009208089673].pdf(1.9196265459258648)
Testing logNormal[M=3.4522640717634374 S=4.249315649345112].pdf(1.0904632395050333)
Testing logNormal[M=-3.4373793128267103 S=8.82027804620913].pdf(1.923828102888337)
Testing logNormal[M=-1.4920881722478607 S=9.661557841688483].pdf(2.27294567468187)
Testing logNormal[M=-1.1548735970821502 S=0.42419565589843833].pdf(2.0512382657936534)
Testing logNormal[M=0.7131833325196313 S=2.3506482588041964].pdf(1.4598960082617838)
Testing logNormal[M=1.1110506461141334 S=3.827852164511105].pdf(1.9957959701351862)
Testing logNormal[M=-3.790615191750822 S=8.586915650571973].pdf(0.08824548784840196)
Testing logNormal[M=2.606590901763191 S=5.599188067271285].pdf(1.8563635048559664)
Testing logNormal[M=2.2458447410228386 S=6.70405170501888].pdf(1.928737275753563)
Testing logNormal[M=0.1243562956937474 S=6.708120225231246].pdf(2.207921180751684)
Testing logNormal[M=-3.731806764931952 S=3.1651143713886642].pdf(1.7837278744922185)
Testing logNormal[M=1.9604627053268455 S=7.5838813887495835].pdf(1.9819208939071111)
Testing logNormal[M=1.8729948557431477 S=5.892816620856821].pdf(2.1853933063720876)
Testing logNormal[M=-0.8890165025955614 S=4.4086656598248055].pdf(1.7265007197220574)
Testing logNormal[M=-0.8659813979472517 S=4.447566588237243].pdf(1.5409752594588648)
Testing logNormal[M=1.778907109163228 S=8.025888824411043].pdf(2.2386070553264434)
Testing logNormal[M=4.621226268809787 S=2.753396801556003].pdf(1.4088382701550546)
Testing logNormal[M=2.765971888322519 S=4.780316090023256].pdf(2.166434624644729)
Testing logNormal[M=-0.97026981304343 S=1.2576860304734938].pdf(1.7869201196456115)
Testing logNormal[M=-4.810821577947868 S=8.850450972169739].pdf(1.6987171043086813)
Testing logNormal[M=-3.1056932012011087 S=3.4643316924533307].pdf(2.1671123165643205)
Testing logNormal[M=3.955517080921089 S=0.18595982573294534].pdf(1.752193449770567)
Testing logNormal[M=3.550333421157193 S=0.7863628493179509].pdf(2.0036869717490204)
Testing logNormal[M=1.2510964170782115 S=4.422892339169778].pdf(2.1932476143035036)
Testing logNormal[M=-2.7741642121149757 S=4.475253409066735].pdf(1.9009429615074938)
Testing logNormal[M=-3.3952115361341018 S=0.23760273199175952].pdf(0.8119709291701975)
Testing logNormal[M=3.5695791784830373 S=1.3615607539953956].pdf(2.081831597834039)
Testing logNormal[M=-3.636982475347975 S=6.87151675694416].pdf(0.23148924119643427)
Testing logNormal[M=2.9664870784970168 S=2.552944742516395].pdf(1.8753500604862219)
Testing logNormal[M=-1.0798444008288586 S=3.418259883323657].pdf(2.041676743704464)
Testing logNormal[M=-1.0745359167477222 S=0.6265335785719239].pdf(2.1621971270271576)
Testing logNormal[M=1.3410459989284371 S=6.336483321636822].pdf(2.208616506717545)
Testing logNormal[M=2.531164603486797 S=7.041382096050167].pdf(1.2282375524500226)
Testing logNormal[M=0.5185011078345774 S=7.228768846335624].pdf(1.2095147886635411)
Testing logNormal[M=3.250878919056408 S=8.45974797423821].pdf(0.09862241156277322)
Testing logNormal[M=-4.70084064472505 S=2.0392550695301956].pdf(1.30726466528311)
Testing logNormal[M=-3.3597825486235386 S=5.758550248609568].pdf(1.7701116262303591)
Testing logNormal[M=3.395523587945144 S=3.8841897360111433].pdf(2.103573757322862)
Testing logNormal[M=4.398795540049642 S=2.2705002759996917].pdf(1.2430724963798485)
Testing logNormal[M=1.1441719721864114 S=9.996022146521096].pdf(0.8433073840510259)
Testing logNormal[M=-2.098922787667774 S=8.451188349579008].pdf(0.5681941948733419)
Testing logNormal[M=-1.6622549665062039 S=3.474636459212995].pdf(2.284271198285148)
Testing logNormal[M=-4.198336010574427 S=5.3343947841912325].pdf(0.95694412608069)
Testing logNormal[M=3.035011286137374 S=5.895993994158978].pdf(1.7192299086514375)
Testing logNormal[M=2.0803521161864156 S=6.143545047794307].pdf(0.7255534990112698)
Testing logNormal[M=-3.0240952144964997 S=8.252883043065216].pdf(0.9052405634077807)
Testing logNormal[M=2.974751017143583 S=5.5358345619247915].pdf(0.7087693997566022)
Testing logNormal[M=-3.0098159743930877 S=2.17840550279086].pdf(2.162068803838665)
Testing logNormal[M=-4.914211726440509 S=5.366762051694936].pdf(1.9433954823340298)
Testing logNormal[M=0.19675618373321058 S=3.7047513834868298].pdf(0.30466117949227745)
Testing logNormal[M=-1.4074701957128988 S=5.311970264918192].pdf(1.4784597810785223)
Testing logNormal[M=-0.08797226399845925 S=7.769363850013214].pdf(1.6925538198101933)
Testing logNormal[M=2.21781121990168 S=2.7885126661536286].pdf(0.41338406087717183)
Testing logNormal[M=2.210686023824424 S=6.6702689371584265].pdf(1.8357725322488476)
Testing logNormal[M=2.352487288249632 S=2.3059609279617854].pdf(1.071110240367873)
Testing logNormal[M=-2.42271972163407 S=5.546470488503951].pdf(0.9561735220075053)
Testing logNormal[M=1.9332382692485766 S=9.922895802161921].pdf(1.026825219456038)
Testing logNormal[M=-4.816197984978937 S=1.1567425916893426].pdf(1.2121004080649953)
Testing logNormal[M=3.385509014130484 S=1.4145590597743896].pdf(0.4648681718786595)
Testing logNormal[M=-4.280816301873792 S=5.275596351240691].pdf(0.8420576702749378)
Testing logNormal[M=-0.6040944329838354 S=9.483632523072343].pdf(1.2741600978058654)
Testing logNormal[M=1.7516884772493002 S=9.07315674281295].pdf(1.5827696462110574)
Testing logNormal[M=-0.516575000324945 S=5.7934911632371].pdf(1.5390105675150665)
Testing logNormal[M=1.52932654490216 S=3.277816500877462].pdf(1.9169919535997069)
Testing logNormal[M=-0.07943626093792044 S=6.3663243473802975].pdf(0.08236285300980967)
Testing logNormal[M=-1.9564156267787358 S=3.499723609878961].pdf(0.9911030440160646)
Testing logNormal[M=1.4490070893776261 S=0.4760778374619934].pdf(1.9008817790909818)
Testing logNormal[M=4.370850832106239 S=6.396654709657884].pdf(1.668628775824077)
Testing logNormal[M=0.48798868112426863 S=2.4894713738505048].pdf(1.7744550090998956)
Testing logNormal[M=4.04530862430067 S=2.5026101461945984].pdf(1.8396057394303271)
Testing logNormal[M=0.8966917738000308 S=0.875675047484965].pdf(2.2754480889240334)
Testing logNormal[M=2.892724631508907 S=3.2951687602800184].pdf(1.0938112477150512)
Testing logNormal[M=3.5563703490375786 S=5.739157482744398].pdf(1.1985053541636341)
Testing logNormal[M=-4.332310825906282 S=5.335298163951947].pdf(1.7814470584159805)
Testing logNormal[M=1.4608412299709794 S=3.5863815934022183].pdf(1.71975867856624)
Testing logNormal[M=4.27795943667342 S=7.683761307194311].pdf(2.2643024235125147)
Testing logNormal[M=0.8191988364505596 S=1.966981408528008].pdf(2.2328215834363316)
Testing logNormal[M=0.7006092975663369 S=5.3367139993257675].pdf(1.9767340673331104)
Testing logNormal[M=-4.797167770878069 S=8.011236066916371].pdf(0.07371225629392036)
Testing logNormal[M=4.274611511089855 S=6.786511493924623].pdf(2.016921244101063)
Testing logNormal[M=2.5501635722676843 S=6.234690333812435].pdf(2.183450237758302)
Testing logNormal[M=0.16520571340053714 S=0.3321939903838833].pdf(1.1532772090327414)
Testing logNormal[M=-3.6370178263930244 S=5.382186702323619].pdf(1.7956971557111907)
Testing logNormal[M=-2.6466308982259 S=5.72888280635154].pdf(1.7181842444402549)
Testing logNormal[M=-1.2118505475896968 S=3.220889602294438].pdf(2.283038986872062)
Testing logNormal[M=-0.8749749814861794 S=3.569792890404988].pdf(0.6651939099098955)
Testing logNormal[M=4.201129466599337 S=3.9262675327413863].pdf(1.8342284356573686)
Testing logNormal[M=1.2454213451387002 S=5.982215332617679].pdf(2.0848690221618362)
Testing logNormal[M=0.13861475112736255 S=8.800364632874295].pdf(2.297277019883095)
Testing logNormal[M=0.14091406112524218 S=0.979110283703718].pdf(1.3491145532496225)
Testing logNormal[M=-0.8164041733069567 S=6.002759929427493].pdf(1.5518666266129217)
Testing logNormal[M=-2.214264395236584 S=1.3201456870638506].pdf(1.874410011331546)
Testing logNormal[M=2.0152739381282316 S=8.491258969925168].pdf(0.43475113792451475)
Testing logNormal[M=-3.6762829556771406 S=8.142240167837603].pdf(2.188660699731505)
Testing logNormal[M=2.8332946674134227 S=4.966708682171573].pdf(2.298462802093535)
Testing logNormal[M=1.873638508806037 S=7.549258102851743].pdf(1.3364339318334366)
Testing logNormal[M=-1.5086527362078526 S=4.746289592838151].pdf(1.7152945854951065)
Testing logNormal[M=-1.6279923875721005 S=7.533583536463443].pdf(1.984817769599032)
Testing logNormal[M=2.0093805875783346 S=3.505361693800053].pdf(2.1436949778427823)
Testing logNormal[M=-1.3629769324373808 S=0.5524274626800074].pdf(1.808568612248302)
Testing logNormal[M=-2.959238136306581 S=2.041834966874405].pdf(1.9139399774497674)
Testing logNormal[M=-1.9823231899620444 S=1.6788901223936536].pdf(1.120038126566455)
Testing logNormal[M=2.2570918695295585 S=5.891899450227554].pdf(1.972842052909336)
Testing logNormal[M=4.9115303585442405 S=6.69136377370732].pdf(1.307469921090084)
Testing logNormal[M=4.380027929939949 S=7.255870006445976].pdf(2.033732082608542)
Testing logNormal[M=-2.577409227984716 S=8.403318709499775].pdf(1.6003553866879303)
Testing logNormal[M=-3.126639023420048 S=0.8692926458921457].pdf(0.4333452277797473)
Testing logNormal[M=4.575807383613245 S=1.5702332312685185].pdf(0.8035582203217501)
Testing logNormal[M=0.8721902054998623 S=6.018475543034762].pdf(2.1686141177292804)
Testing logNormal[M=-2.8459070051821844 S=5.800469651547778].pdf(1.957030907668267)
Testing logNormal[M=-0.18158282139869808 S=0.3777416798864941].pdf(1.027430278004028)
Testing logNormal[M=4.876876736595131 S=9.111281387765128].pdf(1.9763627365986216)
Testing logNormal[M=2.2929675062513795 S=6.478381254700093].pdf(1.1400979873321955)
Testing logNormal[M=-2.0961874056039376 S=4.70402065819656].pdf(2.1873662215818803)
Testing logNormal[M=1.9703171487249822 S=4.761914067156756].pdf(1.9533564961134005)
Testing logNormal[M=-2.9680856077103424 S=6.6629682878256515].pdf(2.220344769737341)
Testing logNormal[M=4.391447070975818 S=1.1787975297040798].pdf(1.8333670077005377)
Testing logNormal[M=-1.9182672916017496 S=5.385422857427775].pdf(1.6917635985355228)
Testing logNormal[M=1.6123034745228262 S=1.4476843322338417].pdf(2.263348537635503)
Testing logNormal[M=-3.6115496165037966 S=3.5574349906804024].pdf(1.977515072549577)
Testing logNormal[M=0.10861056037252403 S=6.9336946437064295].pdf(0.4930268708267516)
Testing logNormal[M=-3.8119821324144643 S=3.3516756688548908].pdf(2.207023106146312)
Testing logNormal[M=1.2137975693613097 S=9.710103538117085].pdf(1.669157503653875)
Testing logNormal[M=0.7980073227806326 S=1.5339256881811625].pdf(2.1744951940709663)
Testing logNormal[M=-2.1601365889895585 S=8.590002589697342].pdf(1.4337389680712271)
Testing logNormal[M=-3.7612009952774796 S=6.558829979581287].pdf(0.7137660672195177)
Testing logNormal[M=0.3237637924930876 S=3.8575402050333962].pdf(0.5135371205598358)
Testing logNormal[M=-3.0759999263400237 S=4.00773546495916].pdf(2.2954776422619467)
Testing logNormal[M=-0.9482258385189155 S=7.859940224078144].pdf(0.9560172655166813)
Testing logNormal[M=-2.661614563073117 S=7.605870610668371].pdf(1.7181842948214934)
Testing logNormal[M=4.973000522589992 S=0.650176199271113].pdf(1.6136303826441214)
Testing logNormal[M=-2.7831752269797407 S=3.0126526832997746].pdf(0.4593428710154602)
Testing logNormal[M=0.5462222379902233 S=0.02759815194984916].pdf(1.4864201553712257)
Testing logNormal[M=-4.456693276132651 S=1.0247704109917632].pdf(1.6767304670493346)
Testing logNormal[M=-3.7055742029712024 S=8.764623753758455].pdf(2.2307136005681225)
Testing logNormal[M=-0.4850817483781409 S=0.8186701549522024].pdf(1.6664520031380359)
Testing logNormal[M=-2.6208627599183076 S=5.533739270222346].pdf(1.8745136768933195)
Testing logNormal[M=0.5709093347862817 S=5.082922579001428].pdf(1.5241540198610362)
Testing logNormal[M=-4.081564195115382 S=8.685953881726267].pdf(2.2095076329024668)
Testing logNormal[M=4.446020864314461 S=8.251037329299743].pdf(1.2539992166690765)
Testing logNormal[M=1.149833031818991 S=7.526879292012088].pdf(1.3484628365386486)
Testing logNormal[M=4.831804949810122 S=3.4706756934643623].pdf(1.643426681656996)
Testing logNormal[M=0.3079684047886566 S=4.524492263536482].pdf(1.6235797449677203)
Testing logNormal[M=0.863859080746403 S=4.0706870482245385].pdf(1.39477325495829)
Testing logNormal[M=-3.4616450579461375 S=9.519999314906965].pdf(1.6565345373499685)
Testing logNormal[M=-0.7403768084800149 S=2.216440641281462].pdf(0.6875187415026144)
Testing logNormal[M=2.561929848423061 S=5.7754727038086715].pdf(1.379141623022391)
Testing logNormal[M=-1.307708187812553 S=5.248837531893416].pdf(2.0167079741960245)
Testing logNormal[M=-3.1305207492762888 S=9.073189946255654].pdf(2.1086120634393897)
Testing logNormal[M=-0.19813974226060704 S=8.424165706537458].pdf(1.3752890727415996)
Testing logNormal[M=2.6573544224886634 S=8.29477663924607].pdf(2.274235044178408)
Testing logNormal[M=1.2334998493360327 S=8.920375533339222].pdf(2.1722982607815764)
Testing logNormal[M=3.682305937753233 S=6.384983585655214].pdf(1.7303827437492318)
Testing logNormal[M=4.094223906958465 S=8.028917026108736].pdf(2.1116303025647394)
Testing logNormal[M=-1.151508954070768 S=8.49558569634594].pdf(2.0859470543159726)
Testing logNormal[M=2.287817936773198 S=7.357269097398019].pdf(1.8928375693252386)
Testing logNormal[M=2.247280378384392 S=2.778636961241019].pdf(0.7364346844719927)
Testing logNormal[M=-0.8993581986283639 S=7.041696831973411].pdf(1.2311243630388056)
Testing logNormal[M=4.122666143940817 S=3.84303178531154].pdf(1.6853630220688134)
Testing logNormal[M=-4.838684851231626 S=3.7973978351067594].pdf(1.2036397252593565)
Testing logNormal[M=2.8728660639536816 S=8.610650581643382].pdf(2.1936089275300827)
Testing logNormal[M=-0.904196510118255 S=3.731897858830985].pdf(1.6551182354645977)
Testing logNormal[M=-4.134342345265879 S=5.803252799887279].pdf(2.2402656720160548)
Testing logNormal[M=0.3049206794890438 S=1.6819840074840675].pdf(1.1337613166914218)
Testing logNormal[M=3.9236785914726617 S=5.32234132993243].pdf(1.83867397678945)
Testing logNormal[M=2.8758881334283366 S=2.794094673335615].pdf(2.285230708073891)
Testing logNormal[M=0.9190631511973315 S=9.934700851979489].pdf(2.23148910022729)
Testing logNormal[M=-4.948852344462214 S=1.8403948206134757].pdf(1.471414736546197)
Testing logNormal[M=0.5328333187902912 S=5.991306130671527].pdf(2.0289577670740178)
Testing logNormal[M=1.0169775126132317 S=7.821156954864845].pdf(1.372576277307953)
Testing logNormal[M=0.2345576481621876 S=6.0985330234074215].pdf(0.5415847068364993)
Testing logNormal[M=-1.9076013885077536 S=9.715270276684269].pdf(1.3763206417841858)
Testing logNormal[M=1.0816651831725066 S=6.7548577467777795].pdf(0.669216665502152)
Testing logNormal[M=-3.0233138561613835 S=5.043888368185122].pdf(0.8123317699902248)
Testing logNormal[M=-0.5459763385337109 S=5.9185872281357454].pdf(1.3524834041198552)
Testing logNormal[M=-2.247776983113119 S=1.1019761214937662].pdf(0.4037544151160809)
Testing logNormal[M=0.6172247838939118 S=2.9562471073975582].pdf(0.48513292773531796)
Testing logNormal[M=-1.1792729982797399 S=7.857481675977931].pdf(1.8940864556410044)
Testing logNormal[M=-3.551974750295923 S=4.77496259850016].pdf(1.3640822200727363)
Testing logNormal[M=-1.8998683578510276 S=8.55605700036534].pdf(0.7082453478451927)
Testing logNormal[M=-0.005315397462344329 S=4.596015848980101].pdf(1.3510411229037451)
Testing logNormal[M=-0.29151203479818033 S=1.2730988155430467].pdf(2.0870861899722093)
Testing logNormal[M=-0.35956746465025535 S=0.783451810799648].pdf(2.0477879395049334)
Testing logNormal[M=-1.5965268472364813 S=4.949925839279006].pdf(1.8297701947656089)
Testing logNormal[M=-4.3630074578385605 S=8.09581182616412].pdf(0.043767675378800955)
Testing logNormal[M=-1.062962038351769 S=5.734800348316136].pdf(0.8030846985336989)
Testing logNormal[M=-1.517789297343831 S=5.69215759941116].pdf(1.2239470809710078)
Testing logNormal[M=2.7874327748540377 S=4.696051771552021].pdf(1.1491901306213588)
Testing logNormal[M=-2.7241910288812554 S=9.582569864114625].pdf(1.921268009273339)
Testing logNormal[M=3.855193191546448 S=0.9072823605225688].pdf(2.205593305688118)
Testing logNormal[M=-0.028533914528586557 S=0.7397446700761134].pdf(0.8853533266393698)
Testing logNormal[M=2.8062815055188137 S=1.753063760843766].pdf(2.209111571231021)
Testing logNormal[M=-2.723869600291274 S=8.857345436128933].pdf(1.9157785349599916)
Testing logNormal[M=0.7397331666773752 S=7.798237350905824].pdf(0.8430179027326006)
Testing logNormal[M=0.901132280454469 S=5.013607231428799].pdf(2.0461373980922097)
Testing logNormal[M=-2.1916765718631925 S=3.0574528274801405].pdf(2.039941275814634)
Testing logNormal[M=1.5352903147622232 S=0.976893885613398].pdf(1.8607692160508766)
Testing logNormal[M=-2.333846657430895 S=6.523229980651304].pdf(1.698228758682044)
Testing logNormal[M=4.838382821481451 S=1.4010274695443636].pdf(1.980698602034473)
Testing logNormal[M=2.7277205587958084 S=4.203472652756788].pdf(1.6304597064108803)
Testing logNormal[M=1.9492668249859708 S=6.26133826801889].pdf(0.37164331563857744)
Testing logNormal[M=2.5294054409620337 S=4.380957319832712].pdf(1.436735343064072)
Testing logNormal[M=-0.7774528546629478 S=0.08969484934441052].pdf(0.15177138169545207)
Testing logNormal[M=3.1776894592608613 S=2.5519500106376505].pdf(1.6176643043455263)
Testing logNormal[M=-3.2963048396017003 S=0.5115202089836257].pdf(1.684548526983058)
Testing logNormal[M=-3.95286814250992 S=4.326874384727185].pdf(1.9047311389828572)
Testing logNormal[M=0.42264024736110795 S=1.832241146072966].pdf(0.8418428842597213)
Testing logNormal[M=-4.288244502755316 S=6.312755858479435].pdf(1.7549404145625243)
Testing logNormal[M=4.832141795897346 S=7.436347961440502].pdf(0.4572623290439837)
Testing logNormal[M=-3.5774643047783927 S=9.425858047189944].pdf(1.6410656287688845)
Testing logNormal[M=-3.0140093292704915 S=4.481775835141658].pdf(1.7980227566947502)
Testing logNormal[M=0.04754262066658743 S=7.466087823374553].pdf(0.07176429138879198)
Testing logNormal[M=-2.6494503026835456 S=8.86299771143573].pdf(1.5941347883590544)
Testing logNormal[M=2.5788821124916685 S=1.8091757900742356].pdf(0.20433199060128762)
Testing logNormal[M=2.857773327052265 S=8.925394430349233].pdf(1.8526804220232649)
Testing logNormal[M=-0.5645424803604939 S=1.8486914182022274].pdf(0.9402466323924775)
Testing logNormal[M=-0.15742110524467812 S=7.747901812761484].pdf(2.051206102183289)
Testing logNormal[M=3.876711281692419 S=2.575523574242581].pdf(1.3240210945562003)
Testing logNormal[M=-4.223288024406433 S=4.979728981340611].pdf(0.5156069861557284)
Testing logNormal[M=3.701822776194252 S=4.53848873966345].pdf(1.776603545208445)
Testing logNormal[M=-0.37967304081240716 S=1.3058227872860484].pdf(1.9846017827645983)
Testing logNormal[M=-0.08350339900711123 S=0.6049376916310334].pdf(0.8189775807928207)
Testing logNormal[M=-2.0027199421762996 S=6.0975644889880325].pdf(1.637679768913525)
Testing logNormal[M=-3.465655401719393 S=4.999044991551658].pdf(2.0339166853298156)
Testing logNormal[M=-2.701828511658737 S=2.058834929261849].pdf(0.6769671149420982)
Testing logNormal[M=-0.10207990672261058 S=9.476772827294504].pdf(1.860490750342824)
Testing logNormal[M=-1.8899183402532183 S=4.1649223217817175].pdf(1.6272996980300116)
Testing logNormal[M=-2.8692140396988686 S=2.2864613117188615].pdf(1.2815318110420857)
Testing logNormal[M=-1.8775549317027815 S=7.351314321064814].pdf(2.0188369127655013)
Testing logNormal[M=-2.0633490993282266 S=3.943198726896534].pdf(0.5865575934089325)
Testing logNormal[M=-3.46499160001792 S=0.05490877994567378].pdf(2.0099810066513992)
Testing logNormal[M=-0.11284296195296051 S=0.8694137001404212].pdf(1.9323343947718257)
Testing logNormal[M=0.7959365867709938 S=5.193185886724889].pdf(2.2953323154877583)
Testing logNormal[M=-2.2861435719096326 S=1.0325607239082801].pdf(1.9543862443523754)
Testing logNormal[M=1.7766156041774277 S=3.3743523826753306].pdf(2.3023620237833287)
Testing logNormal[M=-2.4536890275947276 S=1.9362820377001755].pdf(0.7288696590983927)
Testing logNormal[M=-3.0723383865449048 S=9.46620255306594].pdf(2.0645878652054996)
Testing logNormal[M=2.6782746265159885 S=6.894068788406718].pdf(2.215879418300397)
Testing logNormal[M=1.5875241700698766 S=4.257864483847246].pdf(0.9154151189384082)
Testing logNormal[M=-4.053535074494082 S=4.7851083538363675].pdf(1.9713544798402405)
Testing logNormal[M=-1.1370990761356103 S=3.444549844019379].pdf(0.5796428662511708)
Testing logNormal[M=3.7121625233894324 S=7.285986658029926].pdf(1.9923512517284616)
Testing logNormal[M=-2.3243543897215835 S=8.748164796394134].pdf(0.02969455198046834)
Testing logNormal[M=2.598332627380846 S=0.5083594482635034].pdf(1.4772260521397738)
Testing logNormal[M=2.6992985081473453 S=8.322188065146403].pdf(1.5464561774671792)
Testing logNormal[M=0.37639725685605274 S=1.3894872257942203].pdf(2.022283408460901)
Testing logNormal[M=4.233972424043852 S=1.3123441180556983].pdf(2.2391321481330193)
Testing logNormal[M=0.008209057734850589 S=3.6363019262398097].pdf(0.937645800372943)
Testing logNormal[M=-4.3411869829166 S=1.4422867384271387].pdf(1.9586812694856517)
Testing logNormal[M=-4.2101674893506305 S=8.111038334565624].pdf(1.8066065971646526)
Testing logNormal[M=3.003274981560107 S=9.86542146551421].pdf(0.9338582406979734)
Testing logNormal[M=-3.450525395681616 S=0.005986500787203974].pdf(1.3546610008437812)
Testing logNormal[M=4.446035053853725 S=5.627511907838438].pdf(2.2040560490347465)
Testing logNormal[M=-1.9113201003614888 S=6.962586598310946].pdf(1.963376930219104)
Testing logNormal[M=-1.6054677909343038 S=0.47285722847243306].pdf(0.5122475071481687)
Testing logNormal[M=-0.8632380678651019 S=8.193818287614741].pdf(0.348386667320026)
Testing logNormal[M=-0.166732911630306 S=9.732259367445119].pdf(2.0839380089917428)
Testing logNormal[M=-4.7539106604739185 S=3.837745683077538].pdf(1.0640851306380008)
Testing logNormal[M=4.973819429222409 S=4.013987832769182].pdf(0.279771961725395)
Testing logNormal[M=2.2790839052086307 S=2.0477453363369946].pdf(2.168531085442703)
Testing logNormal[M=-2.171801205899384 S=7.512993175360377].pdf(2.2079250846352143)
Testing logNormal[M=0.823068187743722 S=2.2345482400230923].pdf(1.1542425518935686)
Testing logNormal[M=-4.8259617916562005 S=6.525546090632927].pdf(1.1459502311917495)
Testing logNormal[M=-1.7202650160926094 S=9.618413903440835].pdf(1.2526581487399746)
Testing logNormal[M=-4.818801996216734 S=6.89115102325851].pdf(1.0314947867212456)
Testing logNormal[M=-4.832666779242598 S=0.12252555742907512].pdf(2.157880705787699)
Testing logNormal[M=2.7465303990236425 S=0.05860302018872443].pdf(2.234404852646975)
Testing logNormal[M=-4.760191761914511 S=9.645454106630908].pdf(1.4726650393742973)
Testing logNormal[M=3.6722115673166567 S=2.69350962341076].pdf(1.5337697518860136)
Testing logNormal[M=-2.0779974562759476 S=6.735150873830115].pdf(1.7578859855781326)
Testing logNormal[M=0.12181271832774421 S=6.509431930536982].pdf(0.4712896485878241)
Testing logNormal[M=2.221149096021575 S=3.3755207525428945].pdf(1.7403772262686248)
Testing logNormal[M=-1.4682115587224907 S=2.722994957970233].pdf(1.8669887284101743)
Testing logNormal[M=1.491066760573318 S=6.819521257679061].pdf(1.0157969016747452)
Testing logNormal[M=0.019884346259936514 S=4.386391047666663].pdf(1.9613499148422477)
Testing logNormal[M=1.2312475695871905 S=6.671500442217409].pdf(0.479735319430655)
Testing logNormal[M=-1.9408379559625955 S=1.4819380657343562].pdf(1.9016175102679025)
Testing logNormal[M=-1.3726338225456902 S=3.5059604954400516].pdf(1.6621695376017143)
Testing logNormal[M=4.373691331953058 S=3.529057700735497].pdf(2.275400518502081)
Testing logNormal[M=-0.09923663531905014 S=2.3706679753230486].pdf(2.12068928465519)
Testing logNormal[M=1.2855612508768672 S=2.9384973820519678].pdf(1.3591086182129268)
Testing logNormal[M=2.273605276465503 S=4.9146315265700125].pdf(1.545074226417859)
Testing logNormal[M=4.151580795100244 S=7.600796700470028].pdf(0.2217046587045315)
Testing logNormal[M=0.4776666885483971 S=0.5852957692815852].pdf(1.3470590781029506)
Testing logNormal[M=3.884788241569158 S=5.469974449997164].pdf(1.173940417845112)
Testing logNormal[M=3.329838510973129 S=6.8958202948454].pdf(2.122532922504765)
Testing logNormal[M=4.935775312419816 S=8.513027405578338].pdf(1.9378475371292732)
Testing logNormal[M=-4.28611642609357 S=6.260385396958803].pdf(1.0462594617330883)
Testing logNormal[M=-0.5766992123134518 S=6.521254891088097].pdf(0.7243451694165501)
Testing logNormal[M=1.2719408419794824 S=0.6196055809040713].pdf(1.7574721348406728)
Testing logNormal[M=1.1948422167143926 S=0.1290964476354628].pdf(1.077649910322021)
Testing logNormal[M=1.045110146974567 S=8.378643244671357].pdf(1.6852921651663777)
Testing logNormal[M=4.0096305456257735 S=1.0661984511703293].pdf(1.401891176662148)
Testing logNormal[M=0.9688028389207108 S=2.036319155123296].pdf(1.7234774469066612)
Testing logNormal[M=3.8390920597232796 S=2.8158574304751083].pdf(2.2431355990571413)
Testing logNormal[M=-1.5910941291195058 S=0.035614752242667524].pdf(1.9487429040790256)
Testing logNormal[M=-0.4585434017307275 S=3.6229234106721284].pdf(0.6962628995769748)
Testing logNormal[M=-3.9545390778019196 S=0.5330164176578589].pdf(2.073925505403273)
Testing logNormal[M=-1.6358608837465538 S=3.9529874215933036].pdf(0.6625248681610425)
Testing logNormal[M=4.031329176356973 S=8.951779451713604].pdf(2.0968714358553906)
Testing logNormal[M=-0.33958312459503315 S=8.488582343281308].pdf(1.9008003537461502)
Testing logNormal[M=-2.6987630241800655 S=7.229797426964676].pdf(0.6726948043483526)
Testing logNormal[M=4.625300566470722 S=7.7124472336708365].pdf(1.908553687006164)
Testing logNormal[M=1.868598634672117 S=6.43804627637749].pdf(1.0024203217930105)
Testing logNormal[M=-4.112974159475641 S=8.16146372477098].pdf(2.2549843122391566)
Testing logNormal[M=-1.63257691762843 S=3.476381994013349].pdf(1.875914865478161)
Testing logNormal[M=3.366931050200874 S=6.359885920782951].pdf(1.541066936758589)
Testing logNormal[M=-1.547101735162164 S=7.093909123610272].pdf(1.5048356096056181)
Testing logNormal[M=3.591999112909434 S=7.548019052449508].pdf(2.2948073874417365)
Testing logNormal[M=-1.5857694516411422 S=0.49411694942584905].pdf(1.9392577481559632)
Testing logNormal[M=-0.5197937326006397 S=2.872276476937794].pdf(1.0158117333607222)
Testing logNormal[M=-1.6070516220398168 S=3.452130170123693].pdf(1.7361992756508546)
Testing logNormal[M=-0.8931134862557535 S=4.423101289029678].pdf(1.9971737701302577)
Testing logNormal[M=-3.1760046450704604 S=9.093144138393539].pdf(0.58505417822132)
Testing logNormal[M=1.9072628547227444 S=6.0958469094319785].pdf(1.753844641962662)
Testing logNormal[M=0.47898541667577366 S=1.3765302958860437].pdf(0.9730873863291525)
Testing logNormal[M=2.701488869485172 S=4.872361102295708].pdf(0.12029065878420621)
Testing logNormal[M=-3.886706344212414 S=2.7371268939553826].pdf(1.7206426016680407)
Testing logNormal[M=-0.08749869877306082 S=5.328265735970157].pdf(1.7904568696096967)
Testing logNormal[M=0.31048135537468635 S=3.8815850707041086].pdf(2.2416276551009973)
Testing logNormal[M=0.9925067521255997 S=0.2557640238785419].pdf(2.1386180611298546)
Testing logNormal[M=-1.5708091075612463 S=4.762808601173426].pdf(2.204374282733875)
Testing logNormal[M=-1.511065751342271 S=3.406485535662603].pdf(1.4356112429238064)
Testing logNormal[M=-3.5230670340621604 S=1.1150135702923814].pdf(1.2103136017238725)
Testing logNormal[M=2.5447647042803894 S=2.3640691827311313].pdf(1.620986375219288)
Testing logNormal[M=-4.522629619325301 S=9.29470281492157].pdf(0.3414057298875508)
Testing logNormal[M=-4.806046206557891 S=7.196036657174444].pdf(2.2081706426949474)
Testing logNormal[M=-4.556488941526565 S=5.222274356714065].pdf(1.3664502864870516)
Testing logNormal[M=-1.868458869019698 S=8.433573550330367].pdf(1.675227278199175)
Testing logNormal[M=-4.091981402672662 S=6.471956435175379].pdf(2.241975662276999)
Testing logNormal[M=4.726568375873789 S=2.9246374350903914].pdf(0.6962782183856676)
Testing logNormal[M=3.108399930349613 S=0.8158738141638366].pdf(1.8229439335457198)
Testing logNormal[M=1.2261447753187174 S=2.531954685338543].pdf(0.8503887404969359)
Testing logNormal[M=-1.9519099150709196 S=9.972598823759334].pdf(1.0105589881289598)
Testing logNormal[M=-4.044267870584223 S=6.193606931374315].pdf(0.9734714280973272)
Testing logNormal[M=-4.683516652008289 S=1.884538230115358].pdf(0.5332290374817215)
Testing logNormal[M=-1.5618981109987926 S=2.4749102148335247].pdf(1.676114411788145)
Testing logNormal[M=3.677275004807676 S=8.81681956316778].pdf(2.2367306628296646)
Testing logNormal[M=0.23932562122067758 S=1.3724750198205893].pdf(2.266073945307414)
Testing logNormal[M=3.6983237875833073 S=7.851545726932871].pdf(1.1909799759341846)
Testing logNormal[M=3.608739672671531 S=1.9158594349744729].pdf(2.0091501190352106)
Testing logNormal[M=2.9105227941044607 S=0.7863207699495023].pdf(1.9787528900601548)
Testing logNormal[M=-3.6808161301291467 S=0.8414757758457292].pdf(0.49101624069746835)
Testing logNormal[M=2.757681376351682 S=7.6441734492636755].pdf(1.6673029652367135)
Testing logNormal[M=2.1283440253260597 S=1.0127737253049274].pdf(2.294034374962703)
Testing logNormal[M=-4.683081293408526 S=1.7986973045567756].pdf(0.09547174221016604)
Testing logNormal[M=1.9979239272617502 S=2.4457930815131323].pdf(2.00029191201431)
Testing logNormal[M=0.8574680264923646 S=7.019029230608295].pdf(2.1563009876036396)
Testing logNormal[M=-3.824248550230318 S=4.41823452828968].pdf(0.989471573009393)
Testing logNormal[M=-0.8116494025022183 S=4.715239533092027].pdf(1.3418548562375285)
Testing logNormal[M=3.352393384209851 S=0.11304820596213405].pdf(0.5075151670592275)
Testing logNormal[M=-3.557876198206975 S=2.940299918738871].pdf(1.7706716621133034)
Testing logNormal[M=-0.5502039369552687 S=9.403462423837052].pdf(1.759909488421382)
Testing logNormal[M=-4.18011927557785 S=1.670434882582078].pdf(1.8147441649299412)
Testing logNormal[M=3.2875332543180917 S=5.982336687555306].pdf(1.4192764997028438)
Testing logNormal[M=0.8783516686175465 S=2.819943448232214].pdf(1.8167686712143867)
Testing logNormal[M=-2.4609898808471256 S=1.4388658270835941].pdf(2.2529567885390493)
Testing logNormal[M=-2.1027763474615515 S=9.672670894213832].pdf(1.7338690442995623)
Testing logNormal[M=3.946984594448681 S=9.84026339550137].pdf(2.2809310177841358)
Testing logNormal[M=4.010721773880528 S=0.9031653081133728].pdf(1.77938900505965)
Testing logNormal[M=-1.3634643820938486 S=9.806575622815783].pdf(1.3303878789053016)
Testing logNormal[M=2.4653793558258306 S=8.908493001118682].pdf(1.7106021182964393)
Testing logNormal[M=-1.524614162416845 S=6.513315529871946].pdf(1.0014427909824515)
Testing logNormal[M=-0.24952990126792507 S=5.497680320350492].pdf(2.18185232205156)
Testing logNormal[M=0.8893828845782492 S=5.505014418396286].pdf(1.2114423831144363)
Testing logNormal[M=2.735171212120113 S=8.03240133483434].pdf(2.162898399758248)
Testing logNormal[M=1.157238753306812 S=4.613666545482636].pdf(2.085452465854243)
Testing logNormal[M=-3.098887613362603 S=4.0597306971593845].pdf(1.297299793232383)
Testing logNormal[M=1.3505410522773085 S=4.803452858595509].pdf(2.218050400725917)
Testing logNormal[M=-2.8653691246473634 S=1.200668551475853].pdf(1.8050253891769608)
Testing logNormal[M=3.819135786609438 S=0.5562951643706759].pdf(1.2732209813864805)
Testing logNormal[M=-0.7764764603411303 S=6.180717411872736].pdf(1.95913994186016)
Testing logNormal[M=2.556853911261686 S=4.236043342267047].pdf(1.0815280993006668)
Testing logNormal[M=0.3432373743901529 S=8.222037562602104].pdf(2.1559346929324334)
Testing logNormal[M=-3.2407168832906486 S=7.5314802740704865].pdf(1.9523071500344489)
Testing logNormal[M=-2.6009285612476085 S=7.589733358404576].pdf(2.093205571301649)
Testing logNormal[M=-4.857960461981458 S=1.738783812550807].pdf(0.7951541924904386)
Testing logNormal[M=-0.433181774418836 S=5.444191748961274].pdf(1.709310524359984)
Testing logNormal[M=4.3337097287036315 S=3.8255197246518624].pdf(2.202215206346637)
Testing logNormal[M=-2.986772458926591 S=3.373096468546104].pdf(1.1434360557896797)
Testing logNormal[M=4.022308410831965 S=6.397798021526887].pdf(1.3158596691908495)
Testing logNormal[M=-4.363440377959772 S=9.974739582218284].pdf(0.925269477554905)
Testing logNormal[M=3.4868276417956494 S=4.297583745234067].pdf(1.6678174259106953)
Testing logNormal[M=-2.1418313943318834 S=6.764995205128573].pdf(1.5028678115620986)
Testing logNormal[M=2.6762271491814804 S=5.639204245625922].pdf(1.6639472888895295)
Testing logNormal[M=4.961169541803347 S=1.3131828549444713].pdf(0.5414344654623391)
Testing logNormal[M=-2.749828265779477 S=7.736860514340345].pdf(1.6173692784870168)
Testing logNormal[M=4.169129426014495 S=8.804525786832468].pdf(1.687621122107974)
Testing logNormal[M=3.1220614848041706 S=7.424286349246151].pdf(2.0635768165855746)
Testing logNormal[M=0.3587832884033464 S=4.419225009569734].pdf(1.4623792268820586)
Testing logNormal[M=-4.385290788110025 S=5.014167318353645].pdf(2.2475952487842323)
Testing logNormal[M=3.76212149682053 S=0.8182231159312936].pdf(1.391260738724545)
Testing logNormal[M=4.370178510282365 S=9.040560214423504].pdf(2.1375106148131233)
Testing logNormal[M=4.256091982206897 S=0.06405295299723224].pdf(0.4777715261072467)
Testing logNormal[M=-0.2960112691227845 S=1.1681857641678683].pdf(2.111788826197917)
Testing logNormal[M=-3.48868267227879 S=0.4176225928650523].pdf(0.8156331830656546)
Testing logNormal[M=4.975022835029177 S=1.6741463880146756].pdf(0.7576736943866145)
Testing logNormal[M=3.5841295851613157 S=4.3925964484707825].pdf(1.754046752460377)
Testing logNormal[M=1.1507232090372987 S=6.639254254058773].pdf(2.3018273956837474)
Testing logNormal[M=0.8957993553746713 S=5.54113686878141].pdf(1.7295516565969011)
Testing logNormal[M=-0.8465928087652994 S=7.893922561218459].pdf(0.9009683939812325)
Testing logNormal[M=-0.19361142883114102 S=4.199398176877698].pdf(1.9842965989306427)
Testing logNormal[M=4.900521372075644 S=7.0683357413945656].pdf(1.8980048810510934)
Testing logNormal[M=-4.763692446473958 S=4.986471079622246].pdf(1.7445852874391325)
Testing logNormal[M=1.6645697524339118 S=6.7141953591962995].pdf(1.1333969746938402)
Testing logNormal[M=3.4100786199544615 S=5.352350014079042].pdf(0.6407446111136703)
Testing logNormal[M=-1.3995878692702544 S=4.664451746081143].pdf(1.8526476146938675)
Testing logNormal[M=2.9652856229731315 S=0.16564009668668223].pdf(1.5248756070828922)
Testing logNormal[M=4.445287618077849 S=7.31015467116062].pdf(2.13889690391146)
Testing logNormal[M=-3.6220569009641945 S=2.2517731651043182].pdf(2.1199821333017703)
Testing logNormal[M=-4.704012066398499 S=6.162359028788939].pdf(2.0470613337537165)
Testing logNormal[M=-4.483940541671483 S=1.9529136046160722].pdf(1.3587840449212711)
Testing logNormal[M=1.1103662856964114 S=4.974985949470268].pdf(2.0749852360615777)
Testing logNormal[M=2.6555288565048034 S=6.534249024272455].pdf(0.35100854996712183)
Testing logNormal[M=-0.7490268724248619 S=9.177724742517572].pdf(2.287909732633935)
Testing logNormal[M=-4.729845652567628 S=6.082365640472698].pdf(2.254317977888078)
Testing logNormal[M=4.016236372614964 S=0.7580358074646987].pdf(1.6122555233706533)
Testing logNormal[M=0.30313866703179393 S=5.6895615751271915].pdf(1.1355550089092437)
Testing logNormal[M=3.6003604353576275 S=5.254990983437713].pdf(2.1293330937209234)
Testing logNormal[M=0.6459973824893508 S=4.030127225080873].pdf(1.5068171462279383)
Testing logNormal[M=1.210193257253116 S=9.599811126053966].pdf(1.0346287948092485)
Testing logNormal[M=-3.8347662291088245 S=9.617180022160914].pdf(1.100532652192749)
Testing logNormal[M=-2.9429601366704103 S=4.310925420760845].pdf(1.7395646468169907)
Testing logNormal[M=3.4032723458193725 S=5.821534873481358].pdf(2.2319742463705845)
Testing logNormal[M=-0.6817430766660992 S=5.672206354962137].pdf(0.0452578578572813)
Testing logNormal[M=-2.037360012318258 S=8.994287772880448].pdf(1.4226652923957552)
Testing logNormal[M=4.244000153607187 S=3.3139206807729304].pdf(1.6749747627384695)
Testing logNormal[M=1.6337330556161405 S=6.147791471252038].pdf(1.8012445191900002)
Testing logNormal[M=2.8142745830708025 S=1.4135026853438815].pdf(1.588919609595138)
Testing logNormal[M=3.570278371392373 S=0.9914255212156275].pdf(1.362950603321963)
Testing logNormal[M=3.813956147136972 S=3.9310090462940006].pdf(1.9267376391488669)
Testing logNormal[M=1.0240256234200515 S=5.7837691537031874].pdf(2.1564584975146905)
Testing logNormal[M=4.533311079969856 S=4.536180237018548].pdf(2.2072966778568808)
Testing logNormal[M=-4.228001040823765 S=3.805690059916297].pdf(0.8659178494710958)
Testing logNormal[M=0.823069105917094 S=9.873850988378038].pdf(2.089110975313466)
Testing logNormal[M=-2.1475265986584544 S=6.694670739789986].pdf(1.5864020820261442)
Testing logNormal[M=-0.5096091847544306 S=8.115926418247074].pdf(1.8857455633056843)
Testing logNormal[M=1.575781927967248 S=0.1398902798609447].pdf(1.5897131888133156)
Testing logNormal[M=-1.5751106035603302 S=6.550621473533957].pdf(0.4018734418642473)
Testing logNormal[M=-2.527358513553297 S=4.0035345464035395].pdf(1.7548447817543962)
Testing logNormal[M=-4.54836859146316 S=0.0035931413914680466].pdf(2.2542818903797115)
Testing logNormal[M=-3.2486437889900097 S=4.53540659115315].pdf(1.1760976404038017)
Testing logNormal[M=-4.937019130057713 S=4.8150239046008725].pdf(1.7274867787021773)
Testing logNormal[M=-1.85873965929395 S=6.857589213122321].pdf(0.19796016697294383)
Testing logNormal[M=-3.6952743340646443 S=2.4195524444119396].pdf(1.3268335729076595)
Testing logNormal[M=-2.7246200481238727 S=0.4015695311268941].pdf(2.249967187590676)
Testing logNormal[M=-0.821729449367675 S=6.6770165217218285].pdf(2.269903536709225)
Testing logNormal[M=-1.9484790289996177 S=7.788494130720539].pdf(1.731809897926038)
Testing logNormal[M=-3.31732270148263 S=4.834723861400087].pdf(0.9078306408665437)
Testing logNormal[M=3.717608358789448 S=4.77950018070466].pdf(0.8434186626458419)
Testing logNormal[M=4.989634888396445 S=1.1887195546813245].pdf(1.6330522966330183)
Testing logNormal[M=3.2326240331947496 S=0.6314728953608284].pdf(1.1683168039825398)
Testing logNormal[M=1.8714369828069897 S=8.443255729727877].pdf(0.366640538089119)
Testing logNormal[M=-0.793826512040229 S=1.4370296100120128].pdf(1.7255324099825404)
Testing logNormal[M=-0.7441376975785197 S=5.7041715813612655].pdf(2.1470589015174113)
Testing logNormal[M=-3.6664175485054007 S=4.98765385310015].pdf(0.8111071191086244)
Testing logNormal[M=0.7116624563842482 S=3.14018599653038].pdf(1.7235231877594914)
Testing logNormal[M=-2.7239177453896546 S=9.7043616386912].pdf(0.7022296424768638)
Testing logNormal[M=2.5888428958001395 S=2.0221785384429225].pdf(1.622837486029146)
Testing logNormal[M=-0.24376526008860555 S=1.5244843159490873].pdf(2.252828438404588)
Testing logNormal[M=4.239206713669244 S=2.4619286118554253].pdf(2.288097978857526)
Testing logNormal[M=2.1589036850596646 S=6.40084173690028].pdf(1.9648981083914219)
Testing logNormal[M=-3.1374782448568803 S=1.3803588051604987].pdf(2.2020806455229605)
Testing logNormal[M=-4.025260761677804 S=1.4538190148832564].pdf(2.119915357173336)
Testing logNormal[M=-2.7210116622165237 S=9.176586300534048].pdf(1.9404447206678592)
Testing logNormal[M=-4.136021245318186 S=4.590816601423664].pdf(1.7566822898777643)
Testing logNormal[M=0.26524515030424745 S=1.7727382152418858].pdf(0.9712828148425129)
Testing logNormal[M=-2.328261883906121 S=6.869862615608521].pdf(1.9237202132925486)
Testing logNormal[M=-2.3989669552105832 S=3.9238498913856477].pdf(1.4727105133635616)
Testing logNormal[M=0.8550701246040653 S=4.399727157951753].pdf(1.9044271059020066)
Testing logNormal[M=0.13033113425837595 S=8.904394443958658].pdf(2.1404284373749634)
Testing logNormal[M=-3.495830275393046 S=5.349322244667745].pdf(2.1442538860080558)
Testing logNormal[M=-4.916335612978403 S=9.74215269496127].pdf(2.0471994253446577)
Testing logNormal[M=1.0980986893371645 S=7.699230126533802].pdf(1.206227257337783)
Testing logNormal[M=4.264319115476617 S=4.011742805138249].pdf(1.8661204952381758)
Testing logNormal[M=0.3955481378323302 S=5.393794441936633].pdf(0.4736502579154711)
Testing logNormal[M=0.22408490624842514 S=9.005273512697068].pdf(1.6460824491863015)
Testing logNormal[M=1.2261531310025555 S=3.700263737222955].pdf(1.0315644567557856)
Testing logNormal[M=-2.595402752403111 S=1.3386879798759521].pdf(1.6648146496728464)
Testing logNormal[M=1.28118666509729 S=1.4077378799852047].pdf(1.4588966018413956)
Testing logNormal[M=1.86950956754354 S=9.839866599525788].pdf(0.19365197017337688)
Testing logNormal[M=1.638101675212055 S=9.600047020099737].pdf(0.2046291851941026)
Testing logNormal[M=0.775517141368935 S=1.4261990203405428].pdf(1.3901231385648922)
Testing logNormal[M=-3.1585999682811607 S=4.881683191104347].pdf(2.103905150817818)
Testing logNormal[M=4.275113011841134 S=3.480766178201856].pdf(1.584069797975918)
Testing logNormal[M=0.5879895032931959 S=5.870447198971166].pdf(2.2263022912887145)
Testing logNormal[M=-4.260016537271647 S=4.063582730840101].pdf(2.1662298205575987)
Testing logNormal[M=1.009406056300679 S=6.2800435271348825].pdf(2.1424943131273424)
Testing logNormal[M=-2.0817934597032672 S=9.146584053015669].pdf(1.9560256656289634)
Testing logNormal[M=-1.7407279069973205 S=7.387792460312466].pdf(1.700112081592316)
Testing logNormal[M=-3.313190026943733 S=9.918476232718353].pdf(1.0764724142320143)
Testing logNormal[M=-1.5657247414835416 S=0.27849349755692754].pdf(0.8395020940289334)
Testing logNormal[M=4.587405105861098 S=5.425153149599736].pdf(1.7950083387973068)
Testing logNormal[M=-4.185541302655499 S=4.984024181481653].pdf(0.5540314731783696)
Testing logNormal[M=-0.8542376671957417 S=2.8521255155496137].pdf(2.2807919728095802)
Testing logNormal[M=-3.892810701201589 S=5.368647226249288].pdf(1.7117687596489217)
Testing logNormal[M=3.3517208345735234 S=8.53334556112452].pdf(1.6656708966434268)
Testing logNormal[M=-4.108880633473828 S=2.930103079655444].pdf(1.9712124274283696)
Testing logNormal[M=4.107867099319609 S=4.1706867443988465].pdf(1.998668197351336)
Testing logNormal[M=2.3227613775595373 S=1.4030354418979962].pdf(0.05041811722753645)
Testing logNormal[M=-2.8431221861872666 S=2.123681362273231].pdf(1.397038921527315)
Testing logNormal[M=4.8987433142041485 S=5.6895176194652555].pdf(1.9269152514880028)
Testing logNormal[M=-3.600084432749825 S=1.3021936500586928].pdf(2.14356079718357)
Testing logNormal[M=0.6399095408625586 S=0.9455610619558275].pdf(2.104421913793)
Testing logNormal[M=0.7724233934754903 S=6.9565196833384].pdf(2.2025916191836092)
Testing logNormal[M=1.426447266141519 S=0.08539427049094717].pdf(2.0558324723776034)
Testing logNormal[M=1.3181780475775824 S=7.269740681745346].pdf(0.8791028757583487)
Testing logNormal[M=-1.2178387688411405 S=4.208615269535857].pdf(2.2910657610776424)
Testing logNormal[M=-3.6554960145167725 S=4.75074975622494].pdf(0.44831482615314955)
Testing logNormal[M=-4.090535593494407 S=7.47354430521455].pdf(2.112315415751611)
Testing logNormal[M=-0.8619392929975138 S=5.310885698695136].pdf(2.273317488622591)
Testing logNormal[M=-2.0365719390635437 S=3.646659539946655].pdf(1.9171187805978311)
Testing logNormal[M=-2.1247441422243685 S=4.3836409034464].pdf(1.200992523655556)
Testing logNormal[M=-1.0154756608019078 S=3.1293580919013775].pdf(1.8492153400010054)
Testing logNormal[M=-4.147532705546224 S=8.609541890666609].pdf(1.277129725813317)
Testing logNormal[M=3.393059870688605 S=8.921264103210774].pdf(2.0528177343315135)
Testing logNormal[M=1.616380818351776 S=9.152514088889948].pdf(1.4262139531763527)
Testing logNormal[M=-2.9921140772437695 S=2.5023502314347867].pdf(2.1505598633012686)
Testing logNormal[M=1.515218199211188 S=3.8652183767493566].pdf(2.2705043814520467)
Testing logNormal[M=1.5984655747993877 S=3.882978504005811].pdf(2.288949449821015)
Testing logNormal[M=1.523166168637732 S=0.24577590209583722].pdf(1.864366407756043)
Testing logNormal[M=-1.1567800972479523 S=2.804350675428553].pdf(1.986902435066807)
Testing logNormal[M=-1.550373943146953 S=2.6385327461173325].pdf(1.5169374956588189)
Testing logNormal[M=-3.589616096175466 S=6.842545367195659].pdf(1.7340693391451838)
Testing logNormal[M=0.8575787392123155 S=7.069167080724119].pdf(0.7372843347375702)
Testing logNormal[M=0.5262722656794097 S=5.752965257724703].pdf(2.2925168040321044)
Testing logNormal[M=4.226599244889972 S=3.468705075048234].pdf(0.7642883330387097)
Testing logNormal[M=4.005700748115645 S=4.910129587493256].pdf(1.0586127703396457)
Testing logNormal[M=1.5827910243601337 S=7.7365664798110885].pdf(1.8943370650696083)
Testing logNormal[M=3.9250765138847683 S=5.497088707824097].pdf(2.1751566639850326)
Testing logNormal[M=2.202970508276085 S=9.47997314097083].pdf(0.5024569771024503)
Testing logNormal[M=4.788205245910719 S=1.8060257190302431].pdf(0.8801615319816006)
Testing logNormal[M=-2.224939173207705 S=6.071733738776733].pdf(1.2232073889099722)
Testing logNormal[M=1.7360456188842797 S=3.9912554867703043].pdf(1.9770487035760536)
Testing logNormal[M=-0.7226646875360441 S=2.626852595479805].pdf(1.969348864722878)
Testing logNormal[M=-2.7728219424956246 S=3.836892091608365].pdf(2.1232743254037976)
Testing logNormal[M=0.33128706723654133 S=2.291529063525879].pdf(1.6364997816036861)
Testing logNormal[M=-2.0613996623663455 S=5.749030932047569].pdf(2.2703955330434082)
Testing logNormal[M=-2.7452102109007646 S=7.782789657019574].pdf(1.6398023297832904)
Testing logNormal[M=2.19173230216766 S=8.01520254385377].pdf(2.1456728503849662)
Testing logNormal[M=4.056364193135892 S=2.19443565647911].pdf(2.1454128971082604)
Testing logNormal[M=-4.1048971862095875 S=3.5671779239763235].pdf(1.272892601259002)
Testing logNormal[M=0.7327504472026671 S=3.120519787270192].pdf(1.6641551572435571)
Testing logNormal[M=4.935707398037083 S=1.7380913220711147].pdf(2.2623781100730698)
Testing logNormal[M=-3.045426993460807 S=7.919211701378187].pdf(1.7596399646686023)
Testing logNormal[M=-4.047534311063977 S=8.620287750372524].pdf(1.9073780256652302)
Testing logNormal[M=-2.4338026752107753 S=9.608859407740265].pdf(1.822036422924424)
Testing logNormal[M=4.568299408402922 S=3.2756543545621897].pdf(0.8360647285014335)
Testing logNormal[M=0.41699791829069355 S=5.96912290759497].pdf(1.7157205251354488)
Testing logNormal[M=-1.1944484302901817 S=1.660716100033719].pdf(2.0741997889004504)
Testing logNormal[M=1.7051418446249356 S=4.762926882084766].pdf(1.6904656002069427)
Testing logNormal[M=-3.4298144811904208 S=3.9088808657113825].pdf(1.7452013821786658)
Testing logNormal[M=4.798662168736076 S=8.63839962773527].pdf(2.1602407092312625)
Testing logNormal[M=-0.6971156392681266 S=1.9817770650791466].pdf(1.1010489146321025)
Testing logNormal[M=2.311796125777371 S=6.053967536835448].pdf(2.094180552640004)
Testing logNormal[M=2.467889625196486 S=3.5436575329241773].pdf(0.8777511415034683)
Testing logNormal[M=-2.1666959925657716 S=9.237753118304866].pdf(1.6521324341428147)
Testing logNormal[M=4.57208490843837 S=9.689555737755434].pdf(1.2056977178896962)
Testing logNormal[M=-0.026165454964761636 S=4.711583931367215].pdf(2.1817808615897345)
Testing logNormal[M=0.09802813825085188 S=9.331422260417284].pdf(1.4183677202303748)
Testing logNormal[M=-0.7113487952217614 S=0.853348159614068].pdf(1.8761835558562396)
Testing logNormal[M=3.175137823528173 S=3.7560291340689114].pdf(1.1659201470159533)
Testing logNormal[M=1.0657417105153772 S=7.4768649876003295].pdf(0.050792385201371935)
Testing logNormal[M=-1.4720483677430085 S=8.341288857943313].pdf(1.9023989514756239)
Testing logNormal[M=-0.4473804424674803 S=2.339225666769642].pdf(2.07036135615912)
Testing logNormal[M=-1.640438312680541 S=0.6825866000580882].pdf(0.9468048722515553)
Testing logNormal[M=-4.849197371777176 S=5.134643274898119].pdf(1.3778436979786264)
Testing logNormal[M=1.2033024941345243 S=8.464463679559914].pdf(1.4631792808013198)
Testing logNormal[M=0.8092253906734204 S=5.637848356147935].pdf(2.016861258852813)
Testing logNormal[M=1.547336379352667 S=8.542671573327105].pdf(1.9407364304267534)
Testing logNormal[M=2.0569737623458586 S=1.0489770867693349].pdf(1.7788223930914862)
Testing logNormal[M=4.355561506769423 S=3.282228480364775].pdf(1.3437086244006775)
Testing logNormal[M=2.402576173995935 S=3.9335835655155194].pdf(0.47667866139576553)
Testing logNormal[M=-1.3756498980540965 S=4.737821613524749].pdf(2.044628882985624)
Testing logNormal[M=0.040610001594706624 S=7.8101067611356525].pdf(1.6278757111503799)
Testing logNormal[M=0.5204899724641425 S=8.394466686745938].pdf(1.8122990755339012)
Testing logNormal[M=2.297515590419728 S=0.2125458061529395].pdf(1.7687847602566236)
Testing logNormal[M=-1.3816970141511788 S=0.10362230498698666].pdf(2.0773542691759865)
Testing logNormal[M=-0.8950323294059022 S=9.089432621101064].pdf(0.26782460659647805)
Testing logNormal[M=-4.354102449661039 S=0.8077127729008171].pdf(1.6247916840750944)
Testing logNormal[M=-0.5882119903884675 S=3.852934081510835].pdf(2.211777276917476)
Testing logNormal[M=-4.230882502708871 S=5.155728497212232].pdf(1.871928375577204)
Testing logNormal[M=-3.29537583940146 S=9.721729090128312].pdf(1.2984733228694492)
Testing logNormal[M=-1.3691963325165721 S=3.9681966071024446].pdf(2.224600673196506)
Testing logNormal[M=-2.5974557653954298 S=5.589462770914832].pdf(1.9327348000275664)
Testing logNormal[M=-1.0331181371817646 S=8.303509191949095].pdf(2.0648605115361787)
Testing logNormal[M=1.6579800489474774 S=9.612234121351566].pdf(2.1294662672376985)
Testing logNormal[M=-1.2285793465956263 S=2.7123510392524985].pdf(0.2963840307077837)
Testing logNormal[M=-4.2492689509221435 S=1.3777178813491187].pdf(0.7413542245450802)
Testing logNormal[M=2.7865366945300654 S=3.410497183113076].pdf(0.5967524381754358)
Testing logNormal[M=-2.6828778737835837 S=6.641389729899524].pdf(1.9774405887172588)
Testing logNormal[M=-4.300786081480016 S=5.025571978035933].pdf(2.005022461982202)
Testing logNormal[M=-2.6911020931722485 S=4.616837680607807].pdf(2.1274109649432877)
Testing logNormal[M=-2.2798584645449127 S=6.3739440318789065].pdf(2.231229877889209)
Testing logNormal[M=3.542512233807299 S=5.62196284127735].pdf(1.8340144316669071)
Testing logNormal[M=4.471642940326605 S=9.200379850085284].pdf(2.1895601988036453)
Testing logNormal[M=-3.6483448441617305 S=9.458013728258777].pdf(2.2050912967004184)
Testing logNormal[M=3.608475654209725 S=1.845349415759504].pdf(0.3801772690778505)
Testing logNormal[M=2.164432532179264 S=3.9243609847928527].pdf(1.484896794124854)
Testing logNormal[M=-2.37713678836848 S=7.332313178854416].pdf(2.238080010209913)
Testing logNormal[M=-2.181685679269086 S=5.427164333270444].pdf(1.5276305097492113)
Testing logNormal[M=3.918306362270229 S=1.186505958634736].pdf(1.8538239005151882)
Testing logNormal[M=2.5864717156050308 S=1.3714401417426891].pdf(1.1934289987146667)
Testing logNormal[M=1.3788435216447983 S=3.0678250844655155].pdf(1.9357126343264286)
Testing logNormal[M=-2.965155615524808 S=2.3939967613473856].pdf(0.35009873072088843)
Testing logNormal[M=3.655958877228107 S=9.365354228007106].pdf(1.4704242725331156)
Testing logNormal[M=-1.2487359386480303 S=9.555905124762159].pdf(2.166216795179534)
Testing logNormal[M=-2.2928670301027076 S=4.863310313792296].pdf(1.6764025078697504)
Testing logNormal[M=3.445933725094477 S=2.1429835339208925].pdf(2.213254930499386)
Testing logNormal[M=0.42977028987976507 S=7.020058750783572].pdf(1.4320215141448498)
Testing logNormal[M=-4.854915182889687 S=9.71538463399769].pdf(2.129857549322149)
Testing logNormal[M=1.942278305006523 S=8.34432996013324].pdf(1.9347430317177847)
Testing logNormal[M=3.3839270277234714 S=3.2156042957661812].pdf(1.765488199123993)
Testing logNormal[M=-4.210423476575449 S=0.815635170935366].pdf(2.230277420692408)
Testing logNormal[M=-3.8828754901866125 S=4.219802796254704].pdf(1.8656144572185256)
Testing logNormal[M=0.4311626659861396 S=1.7576472826982592].pdf(2.05394046877843)
Testing logNormal[M=0.13971313202008417 S=5.450549349338449].pdf(2.111672313850437)
Testing logNormal[M=3.3627008162084966 S=6.4812512709703105].pdf(2.044498304353617)
Testing logNormal[M=2.2521454964048875 S=5.329194047478057].pdf(1.2631592617877523)
Testing logNormal[M=-3.597694519232131 S=8.284086119425247].pdf(1.9948873877808502)
Testing logNormal[M=3.282279450713151 S=2.2208472699904047].pdf(1.4820425657188339)
Testing logNormal[M=4.534433485919735 S=7.910465731076892].pdf(2.2885854318880625)
Testing logNormal[M=-2.0643756323641504 S=1.9211152380651098].pdf(1.803774677871022)
Testing logNormal[M=-0.5395657413986443 S=9.69310153497648].pdf(1.1784506051769483)
Testing logNormal[M=-1.2072104299590682 S=3.3766446570954822].pdf(1.8959752492118724)
Testing logNormal[M=-4.912999754114576 S=0.6383045434199464].pdf(2.0684607021483807)
Testing logNormal[M=4.742393971589019 S=7.470352878436185].pdf(0.7229578182521498)
Testing logNormal[M=-2.864317828054129 S=0.3496326808814332].pdf(1.7473861928640664)
Testing logNormal[M=-2.685461991689685 S=8.87822664699804].pdf(2.092362504026315)
Testing logNormal[M=4.3229774682718425 S=9.63945690116543].pdf(1.4204423535237782)
Testing logNormal[M=1.842737845853696 S=0.13745553637211305].pdf(0.7009298828663441)
Testing logNormal[M=-2.116569541942809 S=6.759877885106695].pdf(2.138963359482241)
Testing logNormal[M=1.6726126593547805 S=2.1086558774613176].pdf(1.1741924934737005)
Testing logNormal[M=3.987452805335286 S=3.1327764772947173].pdf(2.180792549469604)
Testing logNormal[M=1.1270957989179022 S=9.008479473102856].pdf(2.272219133933064)
Testing logNormal[M=-3.056761024505903 S=3.188082195248839].pdf(1.8872116521988687)
Testing logNormal[M=-6.768260901637291E-4 S=9.942910721620411].pdf(1.0477897087639483)
Testing logNormal[M=-0.2884361963606299 S=0.37643323278964913].pdf(1.9137360868138389)
Testing logNormal[M=-4.001304677164149 S=9.0906518065789].pdf(1.8013182252536013)
Testing logNormal[M=-4.19690280901442 S=3.5360659823650065].pdf(2.0680756712709134)
Testing logNormal[M=-1.2389410177830928 S=2.697995517069235].pdf(0.4719143174044561)
Testing logNormal[M=-2.840425137828607 S=1.1667518236330243].pdf(0.9273768060959242)
Testing logNormal[M=4.068165148630994 S=7.237115072854369].pdf(2.208940119927079)
Testing logNormal[M=1.5212533524958625 S=2.5955262742879723].pdf(2.0505566218448394)
Testing logNormal[M=-4.3705094966295395 S=9.696861363102462].pdf(1.1040996148916846)
Testing logNormal[M=4.718245347771976 S=2.214430607306536].pdf(0.28455874704824885)
Testing logNormal[M=-2.0009758262583355 S=5.997479222664537].pdf(0.25489549520854665)
Testing logNormal[M=1.4273038113526662 S=0.07989258711497582].pdf(1.5227532367958234)
Testing logNormal[M=-4.01261483707103 S=7.895382142376496].pdf(1.7934590381530193)
Testing logNormal[M=-4.188053112693508 S=2.555873926686667].pdf(1.1187473398445922)
Testing logNormal[M=3.887295840072275 S=8.256626888919861].pdf(0.987585468044563)
Testing logNormal[M=0.44637151294976185 S=1.1529998646970896].pdf(0.9893043061195838)
Testing logNormal[M=4.919436786794616 S=9.342998363850505].pdf(2.006483531188348)
Testing logNormal[M=3.5039470627953566 S=5.584105587925481].pdf(2.094420690596223)
Testing logNormal[M=-3.9895189972285907 S=3.230743380578506].pdf(2.1954410116233714)
Testing logNormal[M=-4.654972882287755 S=2.120046500488911].pdf(2.0241554655247977)
Testing logNormal[M=-1.9708759666050337 S=6.872603590606321].pdf(1.5781906454100214)
Testing logNormal[M=-3.1060458548537317 S=3.0103037267450294].pdf(2.2959339319582552)
Testing logNormal[M=3.1190929864395383 S=6.951823992300365].pdf(1.5457080872846445)
Testing logNormal[M=-3.5209793948758916 S=7.1301253374225935].pdf(1.9158827060947947)
Testing logNormal[M=3.8962815662329024 S=0.2666566741940257].pdf(1.9581767108172021)
Testing logNormal[M=1.7966495592596612 S=4.389202270862383].pdf(1.9705256104477207)
Testing logNormal[M=2.2827690103502896 S=7.347916682141817].pdf(1.7992137968743869)
Testing logNormal[M=4.802980387532344 S=4.183592530585571].pdf(2.126815909280953)
Testing logNormal[M=-1.9949706537961855 S=3.8121050023979244].pdf(2.2745574896489305)
Testing logNormal[M=-2.2791487290335324 S=0.650634065917638].pdf(1.2135810575411046)
Testing logNormal[M=0.8047591679830246 S=6.751901893836506].pdf(1.556888345627058)
Testing logNormal[M=-1.0651931218294672 S=7.150792266135873].pdf(1.7568053182876744)
Testing logNormal[M=-4.852992056852946 S=0.43909034656514745].pdf(1.8933148849135677)
Testing logNormal[M=0.9114067509508894 S=9.59500305595087].pdf(2.010952813759662)
Testing logNormal[M=2.9828431379518383 S=8.798244504006993].pdf(1.2854446086955689)
Testing logNormal[M=-4.384889879939205 S=8.738299463550767].pdf(1.1356881042823839)
Testing logNormal[M=-2.590834756386883 S=6.297759811046842].pdf(1.9226291653791256)
Testing logNormal[M=-0.29308938104025817 S=0.8131144036170412].pdf(1.8583813031398313)
Testing logNormal[M=1.6787836521100328 S=5.91356790183624].pdf(1.7305462863456862)
Testing logNormal[M=-1.8376716433907179 S=6.685141605679835].pdf(1.966301382484421)
Testing logNormal[M=-4.390470703165045 S=8.96722309906443].pdf(2.181554299951171)
Testing logNormal[M=-2.620601061070559 S=7.7875902941250565].pdf(1.8122525116750565)
Testing logNormal[M=-2.7944567604965433 S=3.8473370632659765].pdf(1.8258307430455598)
Testing logNormal[M=-4.068617965600429 S=6.172342093280178].pdf(2.0123553427626892)
Testing logNormal[M=2.435211674122301 S=7.31417193615907].pdf(1.8749140510375235)
Testing logNormal[M=0.599081755526429 S=6.65061354686234].pdf(0.78027543507209)
Testing logNormal[M=0.11823369772253756 S=3.0554053310453533].pdf(2.096078002363749)
Testing logNormal[M=-2.8399532781591406 S=8.993758018271565].pdf(2.109129827835469)
Testing logNormal[M=-2.870807496322423 S=1.4214167881916062].pdf(0.956431687550849)
Testing logNormal[M=4.7215280381461415 S=2.1502407325725126].pdf(2.0117585421786948)
Testing logNormal[M=3.1059063271214686 S=1.4365256290760708].pdf(2.286424829367313)
Testing logNormal[M=-0.11471311225214809 S=7.163843404593679].pdf(2.211508238133401)
Testing logNormal[M=1.201918256119062 S=6.626165443032224].pdf(1.4390997349811745)
Testing logNormal[M=-2.615968446793712 S=5.910360094911197].pdf(1.4673268735839218)
Testing logNormal[M=3.7428276356971697 S=8.530315307554934].pdf(1.4545199601941534)
Testing logNormal[M=3.1941502770369556 S=0.7723532970742575].pdf(1.4771836797984261)
Testing logNormal[M=4.730039418876739 S=9.528432289882167].pdf(1.803618894889842)
Testing logNormal[M=4.263932349389021 S=8.019208073083679].pdf(1.4994722430574643)
Testing logNormal[M=-0.17085257448609426 S=8.151686013518479].pdf(2.1412222000658523)
Testing logNormal[M=-0.0768614399885319 S=0.4304371534087392].pdf(1.916968565796692)
Testing logNormal[M=1.697306354468041 S=3.7369182972346637].pdf(1.0844531906872024)
Testing logNormal[M=-3.2145606907138546 S=1.8404306671799475].pdf(1.6185669594140828)
Testing logNormal[M=0.42506820109120724 S=7.060734802404044].pdf(1.1741797863141203)
Testing logNormal[M=1.5230136424075322 S=9.43565168790759].pdf(1.6577467727457993)
Testing logNormal[M=-1.2157338861406064 S=0.03808188274317614].pdf(1.8318505042684012)
Testing logNormal[M=-0.09582668127232985 S=8.992816892556021].pdf(1.8155439293929883)
Testing logNormal[M=2.953018085520207 S=2.54150005264564].pdf(1.7109911052155666)
Testing logNormal[M=-3.0052861584038606 S=3.894289681633775].pdf(2.1405636593130546)
Testing logNormal[M=1.0869583291021776 S=0.37282715314507664].pdf(1.2403972539209063)
Testing logNormal[M=0.47972052954558464 S=1.4071230767071852].pdf(1.5656698412433003)
Testing logNormal[M=4.378280878148113 S=4.936557463885403].pdf(1.1472373901284023)
Testing logNormal[M=2.810909264195808 S=2.8296284963358023].pdf(1.6912367434645832)
Testing logNormal[M=4.167980040696273 S=7.5332291183273705].pdf(2.2721893102123545)
Testing logNormal[M=-2.2787941914100984 S=2.214312038072306].pdf(0.6487742509346126)
Testing logNormal[M=-4.4249238158309865 S=6.30519304702836].pdf(2.1147069923366497)
Testing logNormal[M=3.7409659926514944 S=0.7856652077798665].pdf(2.2208436223614223)
Testing logNormal[M=2.870421361425831 S=2.7099962415059387].pdf(2.2489406205607225)
Testing logNormal[M=-1.5812516787759923 S=8.350850403119253].pdf(0.6994562619560789)
Testing logNormal[M=-1.0094480113739532 S=4.239029253724656].pdf(1.947438962945606)
Testing logNormal[M=3.6220107823636702 S=8.187720439262431].pdf(1.9571048183203172)
Testing logNormal[M=-4.951772720237345 S=7.761642122064395].pdf(0.7502907026344785)
Testing logNormal[M=0.8535363652894112 S=0.6788017306156502].pdf(2.1350014317624764)
Testing logNormal[M=2.4624270233031655 S=0.11363402397462141].pdf(1.5141564227154651)
Testing logNormal[M=2.5013003503904887 S=0.8151666363153542].pdf(0.8234139340418254)
Testing logNormal[M=-2.08121752905164 S=6.752511651152049].pdf(2.149596179866705)
Testing logNormal[M=-2.394754845313838 S=4.3159046322754335].pdf(1.0903500602747276)
Testing logNormal[M=-3.886040414109436 S=0.17656458622252513].pdf(2.0525914082707417)
Testing logNormal[M=2.6799059200012305 S=0.7734861369975676].pdf(1.7771572528341684)
Testing logNormal[M=-1.180158500777556 S=7.23504866410773].pdf(2.2970809801396763)
Testing logNormal[M=4.110007215106702 S=9.034581355826296].pdf(1.4269401382294027)
Testing logNormal[M=1.6925104726067177 S=7.277405023914305].pdf(1.864579211047163)
Testing logNormal[M=3.9950939096061795 S=7.693050658592087].pdf(1.367210058907235)
Testing logNormal[M=3.244390371647352 S=0.3732937410977555].pdf(1.0340254745894797)
Testing logNormal[M=4.5247648696401335 S=8.288271526882596].pdf(2.169285750161274)
Testing logNormal[M=4.0448806986388615 S=4.223033254355482].pdf(1.8921115108102844)
Testing logNormal[M=-4.601642852487075 S=6.6703830561785535].pdf(2.186870749275261)
Testing logNormal[M=-3.103378683089425 S=5.125214576032077].pdf(2.030724009228603)
Testing logNormal[M=-0.004940194381432228 S=1.2641599990670316].pdf(2.2580284864650353)
Testing logNormal[M=-3.268526702693393 S=5.27644595908462].pdf(2.25496518696472)
Testing logNormal[M=0.6054473137809202 S=0.7169736642003088].pdf(1.4783004032651101)
Testing logNormal[M=1.9886443962157232 S=4.836368356105231].pdf(2.2688014666623086)
Testing logNormal[M=1.3509636915568617 S=4.263570048897556].pdf(1.7186058641067588)
Testing logNormal[M=2.0746356458213366 S=0.04743445348098896].pdf(0.17513956373704595)
Testing logNormal[M=-1.117935843503938 S=0.7355175192126318].pdf(0.7171909915144715)
Testing logNormal[M=-1.8934405716346578 S=4.975592734566518].pdf(1.818683040910751)
Testing logNormal[M=-4.62006508596668 S=2.533485540127689].pdf(1.941596274549728)
Testing logNormal[M=1.1452420342676959 S=1.9721260666091511].pdf(1.8488479415045933)
Testing logNormal[M=-0.5489528376604955 S=4.949426098547196].pdf(0.2150849760259471)
Testing logNormal[M=3.554015696008694 S=5.525124657975596].pdf(2.123811845808987)
Testing logNormal[M=2.138068254228525 S=6.513842387529195].pdf(0.8166120211486054)
Testing logNormal[M=-3.8050651518155965 S=1.2928147884381525].pdf(1.4716896589453492)
Testing logNormal[M=-3.869634621018635 S=7.192666430644174].pdf(1.9396463819185934)
Testing logNormal[M=-2.589221841116114 S=1.6647827803146498].pdf(1.9610369733638233)
Testing logNormal[M=-3.740277354716326 S=1.992540828409266].pdf(0.8023713701906633)
Testing logNormal[M=-4.567126851699417 S=3.3535742398620405].pdf(0.7181702879141876)
Testing logNormal[M=3.0623491694112026 S=3.566884610609441].pdf(1.0564017495584503)
Testing logNormal[M=-2.9789329459086797 S=3.2245064488440436].pdf(0.6416932766002859)
Testing logNormal[M=2.0557442953574325 S=6.021807700001127].pdf(2.175021197017233)
Testing logNormal[M=1.2493929772228256 S=5.570954562209415].pdf(1.9678130679818666)
Testing logNormal[M=-1.0970798396124382 S=3.348491252479212].pdf(0.8975019602576206)
Testing logNormal[M=4.440793400550003 S=9.78904133043031].pdf(0.9312673411554047)
Testing logNormal[M=-0.5737907742001482 S=1.6657040401245249].pdf(2.042300772730561)
Testing logNormal[M=3.378237885730899 S=9.144466222432635].pdf(1.008314081855929)
Testing logNormal[M=1.6784749509341594 S=6.450121751304313].pdf(1.1725249131328859)
Testing logNormal[M=-0.299008501508915 S=3.3436399076403145].pdf(0.8413382069940294)
Testing logNormal[M=1.3842769664969143 S=4.483579490469552].pdf(1.207083253057372)
Testing logNormal[M=-2.3635002404017538 S=4.753246182116335].pdf(1.8905873401671234)
Testing logNormal[M=0.6764665690847336 S=2.024708712978567].pdf(1.9983588047168657)
Testing logNormal[M=4.623833765264788 S=2.5575914283708965].pdf(0.7357383353985733)
Testing logNormal[M=-0.5208789584014877 S=1.5990546269960848].pdf(2.1543041439957227)
Testing logNormal[M=-0.6665228724867767 S=6.604111314479415].pdf(0.33985730311636125)
Testing logNormal[M=-0.04108008536509722 S=7.125936928304467].pdf(2.2149178230294653)
Testing logNormal[M=4.933173405498726 S=5.439573927833229].pdf(2.0590963424800854)
Testing logNormal[M=2.8029835303649966 S=2.5000743757319297].pdf(1.6224064536659173)
Testing logNormal[M=0.35132812746124387 S=6.2606742942124125].pdf(1.9915870352474343)
Testing logNormal[M=-2.3405869734763174 S=4.713426178595271].pdf(2.2745069652927192)
Testing logNormal[M=2.0075070084352653 S=3.1212328571908876].pdf(1.6812660226983418)
Testing logNormal[M=-1.3089902671937237 S=9.538789912043176].pdf(2.0379369132276457)
Testing logNormal[M=1.695563040836559 S=0.32631673964662933].pdf(1.1048075035926401)
Testing logNormal[M=-0.9285850191709173 S=9.695528903080815].pdf(0.5676515675175963)
Testing logNormal[M=-1.5807893332499088 S=2.5423340763018087].pdf(0.6090054947345428)
Testing logNormal[M=-2.4065432866385206 S=7.992304665680102].pdf(2.0078144967518665)
Testing logNormal[M=-2.3883712500492105 S=1.771275897266169].pdf(2.0546456477753066)
Testing logNormal[M=4.027861580908072 S=1.1234920163827733].pdf(2.0284852796377604)
Testing logNormal[M=-3.3422417174654138 S=4.4552903374253265].pdf(1.2339440263500843)
Testing logNormal[M=3.1014144725927633 S=0.23544734064274708].pdf(0.8905588487951167)
Testing logNormal[M=1.5370619763992472 S=3.0419665287896205].pdf(1.301392610862549)
Testing logNormal[M=-3.939322344960879 S=7.945118094884368].pdf(1.1983637794558748)
Testing logNormal[M=2.990966415844433 S=4.2670718407146815].pdf(1.5512324562245008)
Testing logNormal[M=2.8227568541643775 S=5.7745297260424024].pdf(2.121900395877721)
Testing logNormal[M=-1.612808348166923 S=8.084802899135505].pdf(1.4808693853777968)
Testing logNormal[M=1.229347020826113 S=2.7670915647854564].pdf(1.7841496102164545)
Testing logNormal[M=-4.384429417599435 S=3.9493925708810096].pdf(1.584042480185185)
Testing logNormal[M=-4.575821071752911 S=3.9008207616238346].pdf(1.6749249296101336)
Testing logNormal[M=0.3484237443571212 S=2.068646318256447].pdf(1.2679718868347283)
Testing logNormal[M=-3.893975007614104 S=1.883204786549184].pdf(1.588920999386227)
Testing logNormal[M=-0.4122749823134093 S=9.711817035436017].pdf(1.4278506444164685)
Testing logNormal[M=-2.70545859382303 S=9.376421599025859].pdf(1.5470016944244456)
Testing logNormal[M=2.6798638913898722 S=9.596023142783565].pdf(1.9608278465847195)
Testing logNormal[M=-0.8017962277467818 S=8.460120193736762].pdf(1.438286760767928)
Testing logNormal[M=-1.1639793771927645 S=8.117091695668302].pdf(0.5858094666068863)
Testing logNormal[M=-1.393484707734849 S=4.418327424433512].pdf(2.076545264608047)
Testing logNormal[M=-3.057208782270341 S=8.779594224014392].pdf(0.1249653775932825)
Testing logNormal[M=-4.211249812688309 S=0.3884052220618295].pdf(1.8200409176232195)
Testing logNormal[M=4.386051455639846 S=0.3810969079831861].pdf(1.7134731128390122)
Testing logNormal[M=-1.2049518184386887 S=5.712621516515497].pdf(1.7555082560725206)
Testing logNormal[M=-1.477085202032986 S=7.587240167933851].pdf(0.6064390318636828)
Testing logNormal[M=-0.8335150323384966 S=8.874602000727286].pdf(2.1508435975711815)
Testing logNormal[M=-1.3603641895022864 S=3.1361643509604953].pdf(0.31142234529202273)
Testing logNormal[M=0.29769803379644966 S=1.1109946896765532].pdf(1.8689869296478687)
Testing logNormal[M=-2.0704155358373177 S=6.446899840429959].pdf(1.4618049776570692)
Testing logNormal[M=3.141794802297131 S=3.371940151816617].pdf(2.100406239227572)
Testing logNormal[M=2.2789189322315018 S=5.986244952086725].pdf(2.0915238694863594)
Testing logNormal[M=0.8441565520664893 S=7.144209933965557].pdf(1.6820358496433845)
Testing logNormal[M=-1.8590795483727032 S=2.201994456579246].pdf(1.916695188098958)
Testing logNormal[M=3.750098429495809 S=5.044382081474964].pdf(1.9599508524969524)
Testing logNormal[M=0.4535351705872257 S=1.5449820274921933].pdf(1.7417754211700822)
Testing logNormal[M=-3.886450674908526 S=3.0618653230342305].pdf(1.8965978627656406)
Testing logNormal[M=0.2504416497966311 S=4.66635721861083].pdf(0.26572883509459205)
Testing logNormal[M=4.371543993008721 S=9.13100212850416].pdf(1.9040107679120222)
Testing logNormal[M=0.9931255897485283 S=2.0462364561399813].pdf(2.2286258923737754)
Testing logNormal[M=-2.7752732477557207 S=3.164094816385803].pdf(1.2500694234101386)
Testing logNormal[M=-2.0857483351463832 S=5.657189213909723].pdf(1.3558856374392254)
Testing logNormal[M=-4.309866918520704 S=6.636522379901936].pdf(2.12645881317808)
Testing logNormal[M=-4.1792112780171875 S=1.8163627936750804].pdf(2.1154145786703062)
Testing logNormal[M=-3.2991293750015327 S=3.1034301020691046].pdf(2.0856919010227735)
Testing logNormal[M=-1.6625609804433084 S=3.377509766630047].pdf(1.4962867662494137)
Testing logNormal[M=3.3683848414509363 S=7.935768794966748].pdf(1.6158877299520187)
Testing logNormal[M=-1.0758409807852942 S=5.8217041332180886].pdf(1.832255423384992)
Testing logNormal[M=4.565870491160361 S=7.3515282572564375].pdf(1.7965920115685536)
Testing logNormal[M=0.09200071413330235 S=2.8047065379606306].pdf(1.097784276393113)
Testing logNormal[M=3.624002256820532 S=5.21434928335438].pdf(0.1341403746421071)
Testing logNormal[M=-1.0461254938298472 S=0.2101919136601682].pdf(1.5536342706856927)
Testing logNormal[M=2.45912581877072 S=5.773574367723434].pdf(1.1047502743857198)
Testing logNormal[M=1.9346818587963561 S=0.8605113575715051].pdf(2.082945820676345)
Testing logNormal[M=1.9047686264789165 S=1.6932453632591504].pdf(0.664582302345448)
Testing logNormal[M=-0.5491619631108051 S=3.58820000696321].pdf(1.9178879116594685)
Testing logNormal[M=-0.8660498959305709 S=7.497309492306191].pdf(0.0960360970517491)
Testing logNormal[M=-1.5564788061541721 S=3.428750229241021].pdf(2.266562361351881)
Testing logNormal[M=-1.6948317193865692 S=7.547902466542681].pdf(1.2219989986670101)
Testing logNormal[M=0.5728168794532165 S=4.033567851939765].pdf(1.9989918737505725)
Testing logNormal[M=4.620761716874041 S=6.4452791378372565].pdf(2.0683469642841326)
Testing logNormal[M=0.8797776794010224 S=8.015726339537242].pdf(1.6738750526530364)
Testing logNormal[M=-0.7242890626198362 S=7.997566230957119].pdf(1.8783922045985455)
Testing logNormal[M=-3.9394275143760025 S=7.689770418231326].pdf(1.613036937056474)
Testing logNormal[M=2.9825816667467295 S=0.20730782519707946].pdf(0.014012309525195544)
Testing logNormal[M=-2.680142614065677 S=3.3164417501720553].pdf(0.44488647711931595)
Testing logNormal[M=4.581971057937032 S=2.423799970788254].pdf(2.1686673266697016)
Testing logNormal[M=-2.6155044957265705 S=7.038878316938081].pdf(1.962325910713764)
Testing logNormal[M=3.664350203259618 S=2.134740032504634].pdf(0.706342720257857)
Testing logNormal[M=-0.25794288334581505 S=5.858278728479506].pdf(1.9129409114677165)
Testing logNormal[M=4.295388050393132 S=8.295419729637324].pdf(0.930184723394514)
Testing logNormal[M=-0.068254657353922 S=6.683067245782412].pdf(1.4371254913882534)
Testing logNormal[M=-3.4690353177956226 S=4.8431516756206054].pdf(1.3819566690192817)
Testing logNormal[M=2.8140164421130542 S=3.33553798203841].pdf(2.170097293542144)
Testing logNormal[M=-2.88874445685404 S=0.7162569393701723].pdf(2.1453813180661268)
Testing logNormal[M=-1.709913963522467 S=8.264750572189168].pdf(1.6584944400521129)
Testing logNormal[M=0.4958295836401261 S=4.496545783551346].pdf(2.101882191197254)
Testing logNormal[M=-0.5103362114343177 S=2.9330962794815543].pdf(2.130997040998342)
Testing logNormal[M=2.897208055614218 S=5.672438584874659].pdf(0.46630725609526774)
Testing logNormal[M=-4.603336753430347 S=3.418665167098498].pdf(2.1949889053636085)
Testing logNormal[M=-3.1869410133839104 S=2.4204343223388536].pdf(0.5742609908354355)
Testing logNormal[M=1.7174399074061473 S=7.19500239495818].pdf(2.0193245045486052)
Testing logNormal[M=-0.39999823342056473 S=7.033534764514354].pdf(1.4099309689154342)
Testing logNormal[M=0.09462659530093198 S=9.87187629739482].pdf(1.769796514752142)
Testing logNormal[M=2.1562692251330953 S=9.623673579379117].pdf(2.2163857693125686)
Testing logNormal[M=2.629997781673378 S=4.249384913530678].pdf(1.4510575774278183)
Testing logNormal[M=3.189917477355415 S=2.9473290532809093].pdf(2.0733142580029456)
Testing logNormal[M=-2.0590272152911093 S=1.6594405950329616].pdf(0.4095948800573727)
Testing logNormal[M=-0.7378013069109803 S=1.6786511068625931].pdf(1.6991724078705963)
Testing logNormal[M=-1.424677028409934 S=8.61786948413949].pdf(1.5612170971460948)
Testing logNormal[M=-4.697829928281132 S=0.6411362367737028].pdf(1.8566850488645512)
Testing logNormal[M=-2.3638503954648993 S=8.472722736170946].pdf(1.1756942291405432)
Testing logNormal[M=3.4719613883254965 S=6.365845210349697].pdf(2.025989445268677)
Testing logNormal[M=-0.3635199848646167 S=5.708909905306035].pdf(0.741388523412561)
Testing logNormal[M=3.4308053727701466 S=9.314823019797497].pdf(1.6051804515637027)
Testing logNormal[M=1.369671222457204 S=6.862299147449199].pdf(0.9725233641770797)
Testing logNormal[M=3.6018024396677575 S=7.3430654703853655].pdf(2.0895992155383825)
Testing logNormal[M=2.217036823288706 S=6.102721861868118].pdf(2.1415597909141764)
Testing logNormal[M=1.1945214040474914 S=5.302214073673525].pdf(1.5005986515306993)
Testing logNormal[M=1.9953784175885891 S=0.025769446645236282].pdf(1.371399361868605)
Testing logNormal[M=-0.5080855183926216 S=9.29701871904475].pdf(1.8671891498412652)
Testing logNormal[M=0.6004492832165305 S=6.088597362513658].pdf(1.8186984428539368)
Testing logNormal[M=0.6138820795202466 S=0.2285869463082546].pdf(2.0309155198112614)
Testing logNormal[M=4.973400966822577 S=4.9242045070216705].pdf(0.9612144531194432)
Testing logNormal[M=1.7242093213730243 S=8.168824436415868].pdf(1.7375313391280336)
Testing logNormal[M=2.9164303187795664 S=6.097963212675851].pdf(2.129846978586112)
Testing logNormal[M=-3.419417175554992 S=6.9852756827836116].pdf(1.9875591465081643)
Testing logNormal[M=-1.562906442244174 S=2.468596830876042].pdf(0.9326197690967347)
Testing logNormal[M=0.40560803459157313 S=6.209670135047604].pdf(2.230414671567879)
Testing logNormal[M=-1.5167818565673699 S=2.8580561437097254].pdf(0.9940979210568629)
Testing logNormal[M=-2.4461132299079678 S=2.0239420959712593].pdf(1.1943147166305281)
Testing logNormal[M=-0.7767395648479694 S=1.2971471660965095].pdf(2.1184775245785232)
Testing logNormal[M=-4.430143237928749 S=1.7243133410766542].pdf(0.41883997974729525)
Testing logNormal[M=-1.1793340117673612 S=5.074351508065064].pdf(2.1639634551018196)
Testing logNormal[M=3.156657439164599 S=0.9593913570103763].pdf(0.1557155515795491)
Testing logNormal[M=3.1337783577780165 S=0.9947077481427091].pdf(1.8581084882999954)
Testing logNormal[M=-4.078545189276575 S=6.243532950860407].pdf(1.4236839660725717)
Testing logNormal[M=1.019761710013256 S=6.688565963421963].pdf(1.2447878357769444)
Testing logNormal[M=-1.8851411669818452 S=1.3882334837762733].pdf(2.1358632125186343)
Testing logNormal[M=-0.45957339446469625 S=1.5248523454022245].pdf(2.122470351288317)
Testing logNormal[M=4.327699922366806 S=1.7324963725397313].pdf(2.2416738845336655)
Testing logNormal[M=3.0343636199505664 S=5.738144617825927].pdf(1.9761857982572915)
Testing logNormal[M=2.9419797993225263 S=9.401564089079292].pdf(0.9341227880251137)
Testing logNormal[M=-1.3795080638129886 S=2.8306380201234838].pdf(0.17078723890179348)
Testing logNormal[M=0.8178123888721531 S=0.6644551344438909].pdf(1.7369624704252995)
Testing logNormal[M=4.52750913461953 S=2.9610057564294334].pdf(1.138489263262293)
Testing logNormal[M=4.288391342813712 S=3.705648489859171].pdf(2.265114355013792)
Testing logNormal[M=0.25165042212729816 S=5.2160782353343995].pdf(1.602198473801061)
Testing logNormal[M=-3.139279251502648 S=2.8868492968577106].pdf(1.2373388678743535)
Testing logNormal[M=2.1205359561376556 S=0.4302304450284278].pdf(1.9824004447377142)
Testing logNormal[M=-3.076109567730314 S=5.718833314506476].pdf(2.0278953040590784)
Testing logNormal[M=-4.363312808298487 S=4.911581575435152].pdf(0.5198334926731711)
Testing logNormal[M=2.1028118691916307 S=2.925582797496784].pdf(1.9497603990721508)
Testing logNormal[M=2.954980200607366 S=1.1103847276182521].pdf(1.6355214297185088)
Testing logNormal[M=-0.007892509447412266 S=4.183595396979351].pdf(0.2411755350029822)
Testing logNormal[M=0.21713518080134797 S=3.553747238113613].pdf(1.8863497788888106)
Testing logNormal[M=-0.5891338713556946 S=5.2505110619136115].pdf(1.9136459409688593)
Testing logNormal[M=3.5833561712007675 S=3.511741951946026].pdf(0.9806391936391343)
Testing logNormal[M=2.4714289015374247 S=1.6031131344962035].pdf(1.8397917447949392)
Testing logNormal[M=-4.1462829772184975 S=7.63716387543997].pdf(1.45456363267112)
Testing logNormal[M=-2.5869582272883465 S=0.2590502758048163].pdf(0.9875025279181474)
Testing logNormal[M=0.20339412971443682 S=1.7919223919636584].pdf(1.7913188356272725)
Testing logNormal[M=4.67438697050536 S=7.656165935956485].pdf(2.2764352575556166)
Testing logNormal[M=-2.3942422440457656 S=6.559126294628163].pdf(1.512493660499312)
Testing logNormal[M=-2.49670220128131 S=3.6890219457731552].pdf(2.2939108135535116)
Testing logNormal[M=3.4613214350785437 S=9.163392411802395].pdf(1.8660214001423823)
Testing logNormal[M=-1.1847886472136837 S=3.5310482714351954].pdf(1.2092605972473869)
Testing logNormal[M=-2.7030622362606582 S=0.40754053513024413].pdf(0.9757040942899702)
Testing logNormal[M=-3.2044006362205435 S=7.183861039587775].pdf(1.8977863683563683)
Testing logNormal[M=-3.9755773127047798 S=7.728721907078523].pdf(1.6522267288827641)
Testing logNormal[M=3.7428870455335836 S=7.794952524250933].pdf(1.4335493727279593)
Testing logNormal[M=-0.5531128817238207 S=7.84310270333187].pdf(2.0574525133430233)
Testing logNormal[M=0.3167113787432907 S=5.869615788843172].pdf(1.6750334792884205)
Testing logNormal[M=0.35355322296094016 S=2.039828776275676].pdf(2.2370592585286873)
Testing logNormal[M=4.323631646397798 S=3.266620594594559].pdf(1.6285169666084234)
Testing logNormal[M=1.6801422297803716 S=1.5739058208317702].pdf(2.135456052361016)
Testing logNormal[M=2.5634693364122754 S=6.455986933445724].pdf(1.5789861062903727)
Testing logNormal[M=-1.638305123700511 S=8.326131565767959].pdf(1.5885218290595378)
Testing logNormal[M=-0.22774035680500937 S=6.257720463835379].pdf(2.156205149620448)
Testing logNormal[M=-0.558722794785381 S=9.093424597941192].pdf(1.5431438798917803)
Testing logNormal[M=-3.280929636499079 S=8.841492180108292].pdf(1.9692359163828106)
Testing logNormal[M=3.5912443324533125 S=4.788259713642206].pdf(0.09003695777859184)
Testing logNormal[M=-0.9145396099079353 S=7.208643616180578].pdf(2.107371869718221)
Testing logNormal[M=4.696087720674466 S=1.3210056051060626].pdf(1.8031795617137651)
Testing logNormal[M=-0.7212861125658847 S=0.6769377942940169].pdf(0.4380198416248019)
Testing logNormal[M=2.9711838374258823 S=3.303851920833597].pdf(0.6980761173253308)
Testing logNormal[M=1.6465537792228844 S=4.353507164596989].pdf(0.7118170195832166)
Testing logNormal[M=3.420647698871326 S=1.2804520127061736].pdf(1.7462082799335488)
Testing logNormal[M=2.983174907817072 S=9.758069950989146].pdf(0.7750804050872095)
Testing logNormal[M=4.170623483035911 S=7.265377401092554].pdf(0.08069474222002374)
Testing logNormal[M=4.669012945353007 S=9.400337448708227].pdf(0.01650724810360617)
Testing logNormal[M=0.967576092640491 S=8.336860918104621].pdf(1.8370377005018892)
Testing logNormal[M=-1.9757341255294856 S=4.399344925737707].pdf(0.01576657428956909)
Testing logNormal[M=2.5548898693251125 S=1.8514219867503923].pdf(0.6866701145181007)
Testing logNormal[M=1.5187298393707405 S=2.6236930941690217].pdf(1.3694467313830063)
Testing logNormal[M=2.6490603062009814 S=4.518521319980133].pdf(2.2872451812528025)
Testing logNormal[M=-4.747211075834863 S=2.89172495313664].pdf(0.9056273655700964)
Testing logNormal[M=2.364559167852067 S=8.119695355298449].pdf(1.9372411182688936)
Testing logNormal[M=3.495525062760473 S=4.837167329427708].pdf(0.2615111101670524)
Testing logNormal[M=3.4791449770404483 S=0.9567051203861054].pdf(0.42597359889093633)
Testing logNormal[M=1.2826324319263627 S=6.585783108132843].pdf(1.459784452266271)
Testing logNormal[M=4.848752294805964 S=0.5211383217722143].pdf(0.2045701087772498)
Testing logNormal[M=2.630620047430334 S=3.2159768358369565].pdf(1.1217213718219616)
Testing logNormal[M=1.5931247396592045 S=1.0851122484174303].pdf(2.244403010156296)
Testing logNormal[M=0.6663637157833282 S=2.976355694094707].pdf(2.266543549819001)
Testing logNormal[M=3.1440017316443374 S=2.278281330545763].pdf(1.3856145172265404)
Testing logNormal[M=1.2336626778429691 S=6.037206076364762].pdf(1.8314615394982923)
Testing logNormal[M=-1.9684428428358345 S=4.733026601833462].pdf(0.4215135175197686)
Testing logNormal[M=3.9141121398430556 S=1.7589657652733681].pdf(1.6214121633263177)
Testing logNormal[M=1.5480511011350462 S=6.043078680563864].pdf(1.2692510098199603)
Testing logNormal[M=-2.910585960209099 S=3.367636058386342].pdf(1.9343221981339775)
Testing logNormal[M=3.6931794377669664 S=9.247486025771707].pdf(0.4078995317291748)
Testing logNormal[M=0.5980002603760761 S=2.8588814826338673].pdf(1.5401673886812721)
Testing logNormal[M=2.668356047917218 S=6.3660990161421305].pdf(0.6890320095460829)
Testing logNormal[M=-1.7472819246838425 S=1.7470611083103993].pdf(1.8299904713611983)
Testing logNormal[M=2.9013848156210944 S=6.354104151327656].pdf(2.008806345439399)
Testing logNormal[M=0.6834684744172739 S=1.2413144568912249].pdf(0.5586237037962042)
Testing logNormal[M=2.1578745797204215 S=5.169310048241334].pdf(1.8783366845313343)
Testing logNormal[M=3.9336835617008976 S=9.194294986696985].pdf(1.65749214283978)
Testing logNormal[M=1.2860729511810476 S=9.589157122150278].pdf(1.1456603126750498)
Testing logNormal[M=4.336698243930483 S=4.71711226564544].pdf(1.88921296358057)
Testing logNormal[M=4.333208452982147 S=8.008418502016134].pdf(2.0220494968392124)
Testing logNormal[M=4.419085415916999 S=3.3615233393776145].pdf(1.82143004876589)
Testing logNormal[M=3.2454831642134856 S=0.9621637035909991].pdf(1.0174356198650858)
Testing logNormal[M=-0.15501864815888577 S=5.189168631349492].pdf(0.02879487515774227)
Testing logNormal[M=-0.5959236170847868 S=4.108560709058215].pdf(2.2233878070226973)
Testing logNormal[M=4.492878067411741 S=5.900109087352494].pdf(1.714936075188613)
Testing logNormal[M=1.592362882570253 S=4.5518859714911475].pdf(1.7214929876984821)
Testing logNormal[M=2.122752395889636 S=0.9673727625565687].pdf(0.45838479182183145)
Testing logNormal[M=-3.9704379218788963 S=2.0454768694318903].pdf(1.8443249318389607)
Testing logNormal[M=1.2152174963257698 S=9.474204685917941].pdf(0.9458581469465805)
Testing logNormal[M=2.6073309279257773 S=8.292961088849662].pdf(2.0630155184730805)
Testing logNormal[M=4.1873770090239955 S=3.3291854738510684].pdf(1.6733879107602785)
Testing logNormal[M=4.445582556971161 S=7.607701312335552].pdf(1.7285649169796196)
Testing logNormal[M=0.6940534066106254 S=0.19997238747188173].pdf(2.214405289199618)
Testing logNormal[M=-1.7133211208397214 S=4.949053873082002].pdf(0.7269523270877927)
Testing logNormal[M=-0.5559033286521284 S=6.498429963655406].pdf(1.7574101549474452)
Testing logNormal[M=0.7010729948772916 S=6.323440417217741].pdf(1.3058397241921138)
Testing logNormal[M=4.31439488384526 S=4.673965185294787].pdf(2.2151533085585227)
Testing logNormal[M=4.469367093458812 S=2.7672972319807823].pdf(1.5494976222604069)
Testing logNormal[M=3.0317785882877537 S=9.88349223329366].pdf(1.9749859507745342)
Testing logNormal[M=0.9945380982291452 S=3.170240016865893].pdf(1.7553113526196065)
Testing logNormal[M=1.2307111275122686 S=4.068525692589308].pdf(0.8085679181010597)
Testing logNormal[M=2.5998386941661034 S=5.852886752180395].pdf(1.5868318837852937)
Testing logNormal[M=0.32305122937470543 S=5.142788470752632].pdf(1.4427907758848801)
Testing logNormal[M=-2.3152698486548076 S=5.244181671482418].pdf(1.4479382379146764)
Testing logNormal[M=4.1887845879969365 S=4.996570055996824].pdf(2.2099001481083484)
Testing logNormal[M=2.9685755659736905 S=0.873761319484514].pdf(2.0640789098370895)
Testing logNormal[M=0.03570519015000695 S=3.6947581259809334].pdf(1.9107620890928916)
Testing logNormal[M=0.6938220752496687 S=1.8406898475497402].pdf(2.247103890372878)
Testing logNormal[M=1.1726174304887689 S=4.140651777156009].pdf(2.1547818213782093)
Testing logNormal[M=-3.350057286248196 S=2.0442518603602187].pdf(0.7780985839057619)
Testing logNormal[M=0.1544680847050408 S=3.8727183299679946].pdf(2.102447280627372)
Testing logNormal[M=3.3981233418953174 S=3.837713600578929].pdf(0.4688036145317414)
Testing logNormal[M=-3.4825584840199197 S=0.0505341663652259].pdf(2.189608808410436)
Testing logNormal[M=-4.975040376680486 S=9.933053652715166].pdf(2.1254783280847778)
Testing logNormal[M=3.82471298007429 S=3.282134389566138].pdf(2.1031695278541713)
Testing logNormal[M=-2.7495814575452435 S=2.8533962386726186].pdf(0.4092394010322272)
Testing logNormal[M=1.155276019150734 S=3.1795303894251727].pdf(1.5998769159555095)
Testing logNormal[M=3.59889495447009 S=5.978752868741546].pdf(2.1599657514807067)
Testing logNormal[M=-2.3761990947599108 S=7.5526328124168405].pdf(2.0093936982378704)
Testing logNormal[M=2.669024386769286 S=1.2069744873924082].pdf(0.7363348610202239)
Testing logNormal[M=-1.3776331091831473 S=1.3333719888899842].pdf(1.1260170011332562)
Testing logNormal[M=-3.1284511263506665 S=4.76404669025166].pdf(1.7490843759858714)
Testing logNormal[M=4.515074039965272 S=0.4571746496791962].pdf(2.180782843885559)
Testing logNormal[M=1.3582289168278017 S=2.2463905811570584].pdf(1.1361827524151122)
Testing logNormal[M=-4.590228820863622 S=1.172682676472011].pdf(2.227806926415632)
Testing logNormal[M=1.167247890109473 S=5.217881214629498].pdf(1.2031955058639021)
Testing logNormal[M=-1.8176387686785658 S=6.713005941140171].pdf(2.1252688173902095)
Testing logNormal[M=0.6639102190737889 S=7.978315285906926].pdf(1.5642021379748978)
Testing logNormal[M=0.47606338017619176 S=9.69349151425471].pdf(0.4444361965136035)
Testing logNormal[M=-3.526466856906051 S=4.584734725509288].pdf(2.2804871191774785)
Testing logNormal[M=4.548771290651558 S=6.319502564578347].pdf(1.983750377839634)
Testing logNormal[M=3.462480885293896 S=7.240990201574755].pdf(1.791810396822976)
Testing logNormal[M=-3.756114507966253 S=2.9848296778978267].pdf(1.3632985301163056)
Testing logNormal[M=-1.9808111622410642 S=5.497362654665446].pdf(1.9223463021529594)
Testing logNormal[M=0.7505866691887562 S=1.4545609067394893].pdf(1.551308930812471)
Testing logNormal[M=-3.3821471382340063 S=5.7609846020241875].pdf(1.0526586399949458)
Testing logNormal[M=1.385444400755346 S=9.598267363374296].pdf(1.8999700281029808)
Testing logNormal[M=3.947821799067359 S=6.963577133420599].pdf(1.9989961256797755)
Testing logNormal[M=1.102898702814274 S=1.0167409335592859].pdf(2.2955614948640175)
Testing logNormal[M=-3.733149711622752 S=1.78468239709333].pdf(1.3316303173645596)
Testing logNormal[M=-4.070922933624378 S=3.1307480469505333].pdf(2.259148716631193)
Testing logNormal[M=0.8891303807180586 S=0.6293936159925917].pdf(1.5931065205536057)
Testing logNormal[M=-4.2181394111414825 S=8.412379110049073].pdf(0.5488592210490545)
Testing logNormal[M=4.056733930079323 S=4.007211847126291].pdf(1.8995181530337664)
Testing logNormal[M=-1.5520041644893698 S=7.858827688456521].pdf(1.7226482787985415)
Testing logNormal[M=-0.48403355077246424 S=1.3785742259802958].pdf(0.35152901264042846)
Testing logNormal[M=-3.239855957855098 S=6.142161477794187].pdf(1.8050955441826422)
Testing logNormal[M=-4.09246686834639 S=9.095821000228902].pdf(1.622775717541765)
Testing logNormal[M=2.82674292531087 S=1.973453958226169].pdf(1.570063222225914)
Testing logNormal[M=2.181674634580051 S=8.89266868841569].pdf(1.4884925790017647)
Testing logNormal[M=2.3090654939334705 S=5.343427189303495].pdf(0.457844173364236)
Testing logNormal[M=-0.3728382961643719 S=3.512084186760378].pdf(1.6795390222462443)
Testing logNormal[M=-4.528068364928982 S=1.6429748252322829].pdf(1.8538797900475594)
Testing logNormal[M=-2.3247752999557605 S=3.169893568832438].pdf(2.080099839787252)
Testing logNormal[M=0.8159268249654588 S=5.629709367569364].pdf(1.7011674320310344)
Testing logNormal[M=4.587075601305013 S=6.247892523833773].pdf(1.686661337654271)
Testing logNormal[M=-1.832448182555828 S=7.302194612906261].pdf(0.928506636308702)
Testing logNormal[M=-1.2037867753948706 S=3.7868235719127097].pdf(2.041242652628786)
Testing logNormal[M=2.4418188426811236 S=6.8373512862900245].pdf(1.8439473997526403)
Testing logNormal[M=-2.6530678919213835 S=2.931547858048136].pdf(0.6645283540917035)
Testing logNormal[M=-2.3009230228284085 S=5.89857449713098].pdf(2.1597174825608363)
Testing logNormal[M=3.2988286161109066 S=4.959889163216024].pdf(1.789885038565295)
Testing logNormal[M=-1.1890835787683107 S=2.1326553787819402].pdf(2.2362742751409375)
Testing logNormal[M=-3.424473394984535 S=3.09204023066222].pdf(1.8020288963153055)
Testing logNormal[M=-0.9965827436820067 S=0.23115635158185266].pdf(1.8399271377602493)
Testing logNormal[M=-0.6111621059934977 S=9.775111983196533].pdf(2.198260066905805)
Testing logNormal[M=-4.020658911958956 S=4.306464680106772].pdf(1.649727668149263)
Testing logNormal[M=2.9863763923572497 S=1.905149766859321].pdf(1.8457365180376548)
Testing logNormal[M=-0.23110818187214388 S=0.3491966103778932].pdf(1.9561309813103513)
Testing logNormal[M=0.9750109285200779 S=6.599365201625361].pdf(2.0781780884509566)
Testing logNormal[M=4.443706128480796 S=2.6212583078153093].pdf(1.941329173159413)
Testing logNormal[M=0.53359657500613 S=0.9617468365794801].pdf(1.727420692952275)
Testing logNormal[M=-2.086332795201203 S=6.843412455128972].pdf(1.5815559402598653)
Testing logNormal[M=-4.898014332069943 S=2.470836852916023].pdf(2.0579261022691933)
Testing logNormal[M=-1.455004346669285 S=6.922949978861835].pdf(1.1685327869171096)
Testing logNormal[M=-0.45578807012156375 S=5.169560148355728].pdf(2.1150953432949184)
Testing logNormal[M=-3.8514801722365544 S=1.3878931120108406].pdf(1.2463518486590202)
Testing logNormal[M=3.2457109477374253 S=1.7760878374097222].pdf(2.2535699336960087)
Testing logNormal[M=4.016097470061339 S=7.594001806986689].pdf(2.0998786477390357)
Testing logNormal[M=4.392303727063586 S=7.649387946209471].pdf(1.9206652871530285)
Testing logNormal[M=-3.4389998112178732 S=5.55878959728614].pdf(2.2529150562018727)
Testing logNormal[M=-4.7311607785096355 S=4.562897391507645].pdf(0.5510700221910401)
Testing logNormal[M=-4.615973482299795 S=3.2601571822987916].pdf(1.7714553124021617)
Testing logNormal[M=1.0900220644313174 S=0.6991436713326871].pdf(2.1179615510764562)
Testing logNormal[M=-2.7288198463570854 S=3.7430486809132635].pdf(1.877636252151994)
Testing logNormal[M=-0.1725298639034527 S=8.698176458230876].pdf(1.331106371202783)
Testing logNormal[M=4.549940370364773 S=5.38643850486349].pdf(1.355124497893858)
Testing logNormal[M=-2.186618572047011 S=2.2542740288865915].pdf(1.582324552270941)
Testing logNormal[M=-4.591166146917947 S=7.568806554059156].pdf(1.9192268009446607)
Testing logNormal[M=4.407619039013413 S=7.6280353799476135].pdf(1.5043669914665845)
Testing logNormal[M=-0.15418244806563663 S=9.136693703146818].pdf(2.0971430907364423)
Testing logNormal[M=-2.3672893611828894 S=0.8702756988627369].pdf(1.8118051135578324)
Testing logNormal[M=-3.4951916173389064 S=6.079800941836102].pdf(1.7220685209191462)
Testing logNormal[M=0.19767002971209724 S=7.202363175963461].pdf(1.3724359496608276)
Testing logNormal[M=-3.5812202987568087 S=2.1568607374950908].pdf(1.2014701781867896)
Testing logNormal[M=-3.572030080836932 S=2.3485760526826915].pdf(2.2038204992747863)
Testing logNormal[M=-2.5985300805172606 S=0.8825808994415674].pdf(1.848350868294218)
Testing logNormal[M=4.2682427653494805 S=1.4734552412546098].pdf(2.301403771117559)
Testing logNormal[M=-4.9535406780473865 S=5.899657550398042].pdf(1.466617766156566)
Testing logNormal[M=-4.5324737593532305 S=8.035524664001533].pdf(0.27106921609886603)
Testing logNormal[M=-4.953841291445132 S=4.85277729232588].pdf(0.47710657774310083)
Testing logNormal[M=-3.0338941428083954 S=3.336120667247766].pdf(1.5342318120872613)
Testing logNormal[M=-2.4414463233401706 S=9.292460049649979].pdf(0.22440840790085637)
Testing logNormal[M=2.489917262876938 S=5.642582344010682].pdf(1.9291743138780089)
Testing logNormal[M=4.395988976701441 S=3.5294019265155328].pdf(2.0996279332691232)
Testing logNormal[M=-1.7302010240921826 S=6.417223664896357].pdf(1.8572926615643846)
Testing logNormal[M=-0.7246775105285952 S=3.6084458451718247].pdf(0.009885769540151907)
Testing logNormal[M=-4.363516057551731 S=4.624450044830747].pdf(2.211020985029162)
Testing logNormal[M=-0.6956038292134403 S=2.361764088264924].pdf(1.7688373569452878)
Testing logNormal[M=4.57505316060816 S=5.744839512390763].pdf(0.6832241430230698)
Testing logNormal[M=-4.394926714138075 S=4.916382719289931].pdf(0.13092690531198847)
Testing logNormal[M=0.417281984425264 S=7.218251015107393].pdf(1.609300415465118)
Testing logNormal[M=3.6007043384369624 S=6.211499143190228].pdf(1.6845754644361393)
Testing logNormal[M=-4.720171180888606 S=6.3016808140041025].pdf(0.9860932541669807)
Testing logNormal[M=-2.936949212968294 S=7.8332556216043345].pdf(2.243449806217004)
Testing logNormal[M=4.271462018319893 S=7.626186613379708].pdf(1.9948092095794896)
Testing logNormal[M=2.381613221448874 S=0.019442905112879716].pdf(1.9449272339142638)
Testing logNormal[M=0.13438929387969623 S=6.0486450371407665].pdf(1.9336729297499293)
Testing logNormal[M=-4.033909214208219 S=9.151255506898108].pdf(1.6161987688849107)
Testing logNormal[M=-2.4104170133707745 S=2.0676462004230336].pdf(0.8103848786655157)
Testing logNormal[M=-2.9203037662657327 S=8.717432992446344].pdf(2.096607821017186)
Testing logNormal[M=-2.710073703740905 S=0.9589585589345495].pdf(2.2372440745984323)
Testing logNormal[M=0.7136667352250461 S=1.2531690116897598].pdf(2.2497078649913798)
Testing logNormal[M=3.3511632702145384 S=6.9952637334996695].pdf(0.9058566256452213)
Testing logNormal[M=1.9576181533552948 S=1.360318195973772].pdf(2.1071824728975814)
Testing logNormal[M=-1.9737677092010264 S=8.637550703606033].pdf(1.562865505866689)
Testing logNormal[M=3.3696438100881263 S=4.326070106630603].pdf(2.1055400131001507)
Testing logNormal[M=-2.4730258844552377 S=3.3166288987476866].pdf(1.5419633363125236)
Testing logNormal[M=4.290904722823939 S=4.673447912081188].pdf(1.9547681169301163)
Testing logNormal[M=-4.698790550703327 S=9.602391177998133].pdf(1.86153339706067)
Testing logNormal[M=-2.608529848623491 S=0.12343858093160076].pdf(1.3886207530524834)
Testing logNormal[M=0.1013356898214468 S=9.498451677434183].pdf(0.9651260765055986)
Testing logNormal[M=2.1031024573060666 S=2.32732854779531].pdf(2.2537941767116)
Testing logNormal[M=1.3451303692790662 S=9.041514137457561].pdf(1.6720984803768624)
Testing logNormal[M=2.354197573503641 S=1.0347933437758738].pdf(1.9726627029968054)
Testing logNormal[M=0.9910448207775566 S=1.9604712627011844].pdf(0.1623875879102059)
Testing logNormal[M=-3.3139760036719466 S=6.378515029729613].pdf(1.8893777131013376)
Testing logNormal[M=-4.670212463442751 S=3.961701612672833].pdf(1.3708330705832354)
Testing logNormal[M=3.171449600551787 S=7.652850542662587].pdf(1.3674022527434442)
Testing logNormal[M=4.019377007089853 S=3.0726988810754694].pdf(2.008816077321446)
Testing logNormal[M=-3.0364721294595487 S=0.23225785144640465].pdf(1.661853610178586)
Testing logNormal[M=-3.4697011638454733 S=5.871112176631479].pdf(0.9770116459262101)
Testing logNormal[M=0.6432201778697149 S=3.3424396531807177].pdf(1.9737184465327478)
Testing logNormal[M=-3.6480906545305958 S=9.101002461423505].pdf(0.28552648277213777)
Testing logNormal[M=1.5436154213852475 S=3.4318023280568544].pdf(2.177714506576565)
Testing logNormal[M=3.35181052928 S=7.654446593192664].pdf(2.28837763873027)
Testing logNormal[M=1.6807514963808998 S=4.881410154810962].pdf(2.2030575463115953)
Testing logNormal[M=2.571203964508788 S=8.864534792771572].pdf(2.2884538356203064)
Testing logNormal[M=-0.8219068447957723 S=7.001926601046628].pdf(1.7508131728919687)
Testing logNormal[M=0.8955796801760556 S=5.905983331664604].pdf(2.136708044532974)
Testing logNormal[M=-0.35752567630128684 S=6.162722395521062].pdf(1.6914409364492347)
Testing logNormal[M=-4.090006230612616 S=1.9475742921380823].pdf(1.1151405311756104)
Testing logNormal[M=3.9967485011718313 S=7.286406445108895].pdf(1.569590091415477)
Testing logNormal[M=3.737295339744499 S=9.469836748540377].pdf(1.5957595131082534)
Testing logNormal[M=4.047800552363714 S=7.9300956934743425].pdf(2.2864974642663842)
Testing logNormal[M=-0.5136131353611297 S=3.7048100377869].pdf(2.0958654862798114)
Testing logNormal[M=-4.430541670326456 S=8.793628088227509].pdf(1.3549246255482987)
Testing logNormal[M=1.983156097613838 S=7.39913176236387].pdf(1.3383802786794965)
Testing logNormal[M=-4.536752013355184 S=3.0925484836362784].pdf(1.380811086965982)
Testing logNormal[M=-2.876087233982547 S=5.461341932548298].pdf(1.9160616323969126)
Testing logNormal[M=1.180337600396375 S=9.017494012851344].pdf(1.398659634196699)
Testing logNormal[M=4.140630478536698 S=8.588283847981106].pdf(2.0422463283267183)
Testing logNormal[M=3.2808697348758464 S=3.9691929206612055].pdf(2.0927335744831916)
Testing logNormal[M=-3.2724455555133556 S=9.667295715244968].pdf(1.251605639308821)
Testing logNormal[M=-3.188541306108358 S=1.7941161341143852].pdf(1.4791273998716168)
Testing logNormal[M=0.18014448199741118 S=4.479416377284098].pdf(1.8815249301421886)
Testing logNormal[M=-4.095357860622306 S=3.8962052464675].pdf(1.7250948575379987)
Testing logNormal[M=1.0324284052915456 S=5.007540237782333].pdf(2.018036273707043)
Testing logNormal[M=-0.0891437555459218 S=3.376658884046252].pdf(1.4961454474441007)
Testing logNormal[M=0.27026965003723014 S=3.8187560881450002].pdf(1.3500531194465806)
Testing logNormal[M=0.2073298104877077 S=0.6834532819845851].pdf(1.2459618951812268)
Testing logNormal[M=-0.6455239242126662 S=1.8408060547919658].pdf(2.0793769494090877)
Testing logNormal[M=2.9323744327163173 S=6.431476814718433].pdf(2.002428378765342)
Testing logNormal[M=-4.358066153356254 S=1.041180197338496].pdf(2.0652154622619507)
Testing logNormal[M=2.771949028870342 S=4.689613116254739].pdf(1.9701844651604212)
Testing logNormal[M=4.096253090967961 S=8.826399669988287].pdf(2.010740977181595)
Testing logNormal[M=1.4918705036812208 S=2.3935756347990234].pdf(0.7374781237409965)
Testing logNormal[M=-4.213988269887965 S=1.49981349089226].pdf(0.9973790630708655)
Testing logNormal[M=3.8770149042303643 S=0.9672094140529408].pdf(1.5490544242505389)
Testing logNormal[M=-2.839797131461469 S=0.805936555649498].pdf(0.2519553895077313)
Testing logNormal[M=-3.2129889149798796 S=2.1092796019778923].pdf(1.5346331022972173)
Testing logNormal[M=3.435866280044836 S=2.4968243320970718].pdf(0.7895987406263387)
Testing logNormal[M=1.9070892731651066 S=5.910995534871054].pdf(2.262623232464515)
Testing logNormal[M=2.4759323426421016 S=4.353011675261388].pdf(2.278101244874614)
Testing logNormal[M=-4.644669995601051 S=3.7854880998681963].pdf(0.48010493350036687)
Testing logNormal[M=3.5896017378012406 S=3.21413061460449].pdf(1.6276566647220603)
Testing logNormal[M=-4.622043477360668 S=4.942951500029672].pdf(1.226732745991521)
Testing logNormal[M=-3.147421998654032 S=2.6265785824727605].pdf(2.107500258060788)
Testing logNormal[M=-2.3179381919921305 S=4.488149858659753].pdf(1.8858174883869885)
Testing logNormal[M=-4.441588384140105 S=2.014955072309079].pdf(1.9699701337550253)
Testing logNormal[M=2.881704861599042 S=9.877382046262827].pdf(2.208087350102948)
Testing logNormal[M=2.314662991843787 S=3.1341517822789666].pdf(0.16830698812171904)
Testing logNormal[M=-4.048790026343775 S=2.7318304980591424].pdf(2.149212402901781)
Testing logNormal[M=0.9143729994454741 S=6.147252004407759].pdf(1.0233839346443538)
Testing logNormal[M=-3.6948965469472803 S=1.5725520662491177].pdf(0.7273923504504853)
Testing logNormal[M=1.7607873516700323 S=8.530431348700686].pdf(1.3158318378529599)
Testing logNormal[M=0.21701266881476755 S=1.9931444231439732].pdf(2.1550143276911284)
Testing logNormal[M=2.9128432102362742 S=9.1054070926098].pdf(1.957723111289374)
Testing logNormal[M=-0.4306002654927017 S=1.4239095141756664].pdf(0.025724513330593446)
Testing logNormal[M=1.2173361894818022 S=3.0073252449331545].pdf(0.6478545189161067)
Testing logNormal[M=-0.662714037471936 S=7.107507682345516].pdf(1.5295910666507395)
Testing logNormal[M=-4.482416936492976 S=6.853628839472813].pdf(1.1205295345718673)
Testing logNormal[M=-0.9639454393396152 S=4.888506231872251].pdf(2.128065925133954)
Testing logNormal[M=4.994719476248811 S=6.07061490568792].pdf(1.893779197746167)
Testing logNormal[M=-2.895734394331112 S=3.2514280649499194].pdf(2.180808464554854)
Testing logNormal[M=-1.296577648088606 S=9.109991523104366].pdf(1.9304004884561259)
Testing logNormal[M=-0.6676480277288777 S=9.067471452002748].pdf(1.6837436415585496)
Testing logNormal[M=-0.7316932314487836 S=6.271641937392296].pdf(1.3605638400201425)
Testing logNormal[M=-4.156888401023323 S=6.724672769599273].pdf(1.412203231466891)
Testing logNormal[M=-3.138670225700708 S=6.690441509997447].pdf(1.934204478392289)
Testing logNormal[M=-3.823337592612266 S=5.588215036163144].pdf(2.0605920888137614)
Testing logNormal[M=0.6044235002841969 S=0.5963698793360828].pdf(1.0284527714376588)
Testing logNormal[M=0.6089313711461095 S=3.009902083408811].pdf(1.9047545508532773)
Testing logNormal[M=4.586809745226862 S=1.5771325066042385].pdf(1.893555448517777)
Testing logNormal[M=-0.6208333114613342 S=5.212017698456303].pdf(0.2038283949638879)
Testing logNormal[M=0.13242297683286797 S=4.179263320488334].pdf(1.5941544669365457)
Testing logNormal[M=-2.4489287507537263 S=9.010329063798993].pdf(0.7169778239933251)
Testing logNormal[M=-1.4626150802883862 S=2.256054629162765].pdf(0.9693178719019367)
Testing logNormal[M=-2.0611977325584085 S=5.2882877336905185].pdf(2.0296540717006333)
Testing logNormal[M=-3.004426275067819 S=7.865037830301373].pdf(2.2198683018406373)
Testing logNormal[M=4.669483082636711 S=7.269566107292532].pdf(1.8697061552836385)
Testing logNormal[M=2.119457967078791 S=9.060173662278686].pdf(1.0278574670244065)
Testing logNormal[M=-3.9293563464122805 S=3.516200917589647].pdf(1.8447562094838272)
Testing logNormal[M=1.4190994713473941 S=8.847770691473544].pdf(2.2950583325603566)
Testing logNormal[M=3.7171427001893296 S=1.603497127445137].pdf(2.2666618501210127)
Testing logNormal[M=-4.275010523223797 S=8.786033991405994].pdf(2.057316871684143)
Testing logNormal[M=-1.8999982475432917 S=3.681975980989949].pdf(1.7212505080944454)
Testing logNormal[M=0.8433592331424151 S=0.13893343399782543].pdf(2.123729660652839)
Testing logNormal[M=1.8042568222117463 S=4.822533460729997].pdf(1.4300839137412218)
Testing logNormal[M=3.067077551787138 S=8.832185317622148].pdf(1.0035843672501585)
Testing logNormal[M=2.2313823068570375 S=3.8373603445577142].pdf(1.0873705055103273)
Testing logNormal[M=-2.0412383220902095 S=4.55072745411241].pdf(2.132662162020238)
Testing logNormal[M=2.331573050203824 S=5.23883175797629].pdf(2.151373843593627)
Testing logNormal[M=-0.665602422715196 S=0.7178562933303645].pdf(0.193853443567697)
Testing logNormal[M=4.938609292599201 S=7.587643537149612].pdf(0.3322885004984393)
Testing logNormal[M=-2.994511009506551 S=6.2771564136122056].pdf(0.4080537838833477)
Testing logNormal[M=3.249480389217613 S=2.6428436590361604].pdf(0.5566948832061024)
Testing logNormal[M=2.95055155397658 S=8.771159754756189].pdf(1.6897932002165215)
Testing logNormal[M=-4.79774471456519 S=8.45241260240397].pdf(1.464369126607512)
Testing logNormal[M=3.19492548106226 S=8.404616431851625].pdf(1.8184409193541846)
Testing logNormal[M=-0.041226904683587584 S=3.7262716465207513].pdf(0.9088578644530967)
Testing logNormal[M=-3.6681345790466757 S=0.946849861805863].pdf(1.4919920614145326)
Testing logNormal[M=-4.219917182646964 S=3.8423271467149265].pdf(1.6062620051499745)
Testing logNormal[M=-4.108761128089704 S=2.1165008842567112].pdf(2.2454177672047253)
Testing logNormal[M=-0.12799196641150168 S=3.992024213878995].pdf(1.993301845269078)
Testing logNormal[M=-0.26862854567864414 S=8.417354037194002].pdf(2.1566672453733475)
Testing logNormal[M=4.396799429434843 S=7.647035316427921].pdf(2.08495413904198)
Testing logNormal[M=-4.638625156094706 S=7.409644363345955].pdf(2.215658407057938)
Testing logNormal[M=0.5939340659524808 S=4.596006401459837].pdf(2.1292981415969243)
Testing logNormal[M=-4.051850660657367 S=3.5812550181453497].pdf(0.23963179401392562)
Testing logNormal[M=1.3177102143423571 S=3.189354294531823].pdf(2.05123157102317)
Testing logNormal[M=0.5640559179569635 S=1.536551993070967].pdf(1.9092230502613856)
Testing logNormal[M=2.407318696308103 S=9.56769610261363].pdf(1.8010345263729894)
Testing logNormal[M=-1.3877939303731934 S=3.475157775611941].pdf(2.1381054144515113)
Testing logNormal[M=3.4039810356489575 S=0.25822887411501516].pdf(1.0213486033081274)
Testing logNormal[M=4.314538183190036 S=9.937397990530823].pdf(2.2098423151259485)
Testing logNormal[M=0.007832495079258095 S=9.632984899774172].pdf(2.1962155282245837)
Testing logNormal[M=-0.608151928848681 S=3.0416017684158634].pdf(2.18933408873847)
Testing logNormal[M=-2.7751122789159943 S=9.87434306579994].pdf(0.6606988216399978)
Testing logNormal[M=0.30197522066483806 S=3.143808138808808].pdf(2.0678237049119517)
Testing logNormal[M=-4.489212213055337 S=5.79628431513615].pdf(1.825661857344589)
Testing logNormal[M=-4.201558272012255 S=0.44432820961602393].pdf(2.2588269314687985)
Testing logNormal[M=-3.7890194154729926 S=8.103135409930589].pdf(0.5646860880344559)
Testing logNormal[M=4.2617627385185575 S=6.698471859711156].pdf(1.7707433763883031)
Testing logNormal[M=-4.716811614450305 S=7.378207519580563].pdf(1.1079271484723587)
Testing logNormal[M=1.8429007363034975 S=2.229675864374463].pdf(0.35585352193194664)
Testing logNormal[M=0.442835775359697 S=3.6988476429726647].pdf(1.2160569136184174)
Testing logNormal[M=-1.4847997379243374 S=4.980176144611957].pdf(0.19121250309143958)
Testing logNormal[M=0.4897019491463519 S=7.6567169301802736].pdf(1.9019016525296415)
Testing logNormal[M=-4.326120228988395 S=0.7471569196158456].pdf(1.997053957048805)
Testing logNormal[M=-2.4238724083114827 S=4.9824552193381875].pdf(0.18892815487087794)
Testing logNormal[M=-2.666387649317059 S=9.114274881552978].pdf(1.8574193941923995)
Testing logNormal[M=-2.308736612072586 S=6.799905279584406].pdf(2.1557750232271857)
Testing logNormal[M=3.90758888348919 S=4.8680665543781645].pdf(0.22801114088877725)
Testing logNormal[M=-3.7404973657617924 S=9.635445425172048].pdf(2.2313921152552836)
Testing logNormal[M=4.165874845068933 S=7.278587661490802].pdf(1.81917976030467)
Testing logNormal[M=-4.91110015554656 S=8.640845117924316].pdf(2.073862815291183)
Testing logNormal[M=-0.31087105275506044 S=1.5217008147714883].pdf(1.6964566926832239)
Testing logNormal[M=-3.9625774962125995 S=3.5339394149668744].pdf(2.160892208303591)
Testing logNormal[M=-4.383508198639932 S=6.295495564720093].pdf(0.6559781649322483)
Testing logNormal[M=2.0568897733029443 S=2.809552056673872].pdf(2.1251230437461524)
Testing logNormal[M=-0.779468210693671 S=9.542484411233504].pdf(0.9586512428809424)
Testing logNormal[M=-0.8243737008082022 S=4.398057222379209].pdf(2.2433798371003237)
Testing logNormal[M=-2.499218456812309 S=9.928054750322131].pdf(2.137354221540234)
Testing logNormal[M=4.436319506044931 S=8.466951898953926].pdf(0.17511538942152413)
Testing logNormal[M=3.101721093949605 S=4.691960371142151].pdf(1.2237777282123221)
Testing logNormal[M=-4.122411273404931 S=3.3190055952948194].pdf(1.7275990655764502)
Testing logNormal[M=-4.9806709635580475 S=7.468306766619318].pdf(1.6165915149871675)
Testing logNormal[M=0.5376370147614207 S=1.0827975993296535].pdf(2.085782737297034)
Testing logNormal[M=2.9836686270470487 S=6.180961862148516].pdf(2.0396919948337318)
Testing logNormal[M=3.5362535400530266 S=3.145350046925887].pdf(1.3960727488219011)
Testing logNormal[M=-2.756234345225571 S=6.478725400247587].pdf(1.5155686631347423)
Testing logNormal[M=4.31057685331224 S=1.29040059076727].pdf(2.209664325292525)
Testing logNormal[M=4.46839069209439 S=4.776465047372001].pdf(0.8325784142843505)
Testing logNormal[M=4.714879951495513 S=9.320108139624551].pdf(0.9599684632882135)
Testing logNormal[M=-2.8187061059850382 S=1.218087437919173].pdf(2.2917591826618677)
Testing logNormal[M=1.3695114495637606 S=1.4301509170331694].pdf(1.817838682862685)
Testing logNormal[M=4.186106094439502 S=3.8616070315828956].pdf(2.2367892327068284)
Testing logNormal[M=-3.00497289582375 S=8.869653866074103].pdf(1.9416877917832784)
Testing logNormal[M=0.9222132164446091 S=4.546515986269858].pdf(0.8389713107393537)
Testing logNormal[M=3.609932962114451 S=6.856277863428763].pdf(1.0672911934484748)
Testing logNormal[M=-3.9724056030067434 S=2.9693169868505787].pdf(0.8788034690444991)
Testing logNormal[M=4.574442618027971 S=8.508951180235053].pdf(1.4596661424044277)
Testing logNormal[M=-3.505100934615811 S=5.776305114371575].pdf(1.0335744334785406)
Testing logNormal[M=-1.547712301699816 S=9.560188500994983].pdf(1.8040517056961194)
Testing logNormal[M=-3.2995355786166183 S=7.974434415701271].pdf(2.2784629884586107)
Testing logNormal[M=3.1804779329985813 S=7.192475997318956].pdf(0.32130462492670514)
Testing logNormal[M=-1.0269447451959812 S=3.644201892480453].pdf(2.2469996190347006)
Testing logNormal[M=4.218378668342858 S=2.1922246177712346].pdf(0.9401620232779571)
Testing logNormal[M=-1.3693112315065625 S=5.032641679466023].pdf(1.8534548983104608)
Testing logNormal[M=-4.2179199229993545 S=6.846339524924277].pdf(1.9573533939996777)
Testing logNormal[M=2.5122660926885976 S=1.249332000710639].pdf(1.9557599274219937)
Testing logNormal[M=2.5971003425626744 S=2.6333855013924223].pdf(0.6914819236401285)
Testing logNormal[M=4.631914052645179 S=9.915432120111443].pdf(0.7750071763178713)
Testing logNormal[M=-2.8401273753679233 S=2.2621581644723596].pdf(1.6505300654128616)
Testing logNormal[M=1.322677558638727 S=3.875569411530636].pdf(1.487309702629093)
Testing logNormal[M=4.842865878608691 S=3.432469378645991].pdf(0.8551871859124687)
Testing logNormal[M=-2.783953731102269 S=6.3440345189801555].pdf(0.9198364141967748)
Testing logNormal[M=3.5849667974189376 S=5.7521359774468].pdf(1.7741701515312787)
Testing logNormal[M=1.6969867493580022 S=9.208093796315776].pdf(0.7124606495841675)
Testing logNormal[M=2.872041501504996 S=4.425294424491101].pdf(1.7541126949417296)
Testing logNormal[M=-2.3782910233219825 S=2.4589520886211913].pdf(0.3683216219145696)
Testing logNormal[M=-3.016250311094387 S=5.658825001486202].pdf(2.027766050954823)
Testing logNormal[M=1.3903682511786108 S=9.618695704716979].pdf(0.7461593739230142)
Testing logNormal[M=-2.212601379936258 S=4.685391649108959].pdf(1.7875955757082784)
Testing logNormal[M=-4.959710148949794 S=8.280979334176276].pdf(1.4570139430057973)
Testing logNormal[M=-4.937172968569639 S=4.442510217014608].pdf(1.0506214223272163)
Testing logNormal[M=3.8150276013827256 S=4.410252337621706].pdf(2.201217423062177)
Testing logNormal[M=0.6407667049129646 S=4.290310646833695].pdf(0.24129896232586792)
Testing logNormal[M=0.01005767310838035 S=9.256111602038636].pdf(1.9256078083728505)
Testing logNormal[M=-2.4783046561822717 S=4.64858630900181].pdf(2.258950780188979)
Testing logNormal[M=2.4269369004841277 S=4.475089509552505].pdf(1.9659603412885671)
Testing logNormal[M=2.5963108649766165 S=8.0906790729743].pdf(2.1513967984347206)
Testing logNormal[M=2.0904227607232597 S=4.394465270696156].pdf(0.8746929534694977)
Testing logNormal[M=-0.3836782900097031 S=6.638946484823237].pdf(1.5689107889075509)
Testing logNormal[M=3.36451660101336 S=4.721628820048899].pdf(0.6312532490744268)
Testing logNormal[M=1.0688282530804134 S=1.36875813064265].pdf(2.1036796555243167)
Testing logNormal[M=-1.7890533709042322 S=0.024412506513072918].pdf(1.5739223975133696)
Testing logNormal[M=-0.2928145711242838 S=3.7206333310514452].pdf(2.188730565641923)
Testing logNormal[M=-2.9518584577006814 S=7.8324104662285885].pdf(0.8515425548704193)
Testing logNormal[M=3.3182228023148923 S=9.448342753700544].pdf(2.26489817520891)
Testing logNormal[M=-2.801218158433821 S=0.6488022659201664].pdf(2.2260586033012797)
Testing logNormal[M=-0.3716823784622889 S=4.717583262390837].pdf(1.4903479454770057)
Testing logNormal[M=1.2798506146304067 S=7.1705938187252904].pdf(2.1512202348096388)
Testing logNormal[M=0.9113465957277223 S=4.1305967295718915].pdf(1.934959799818826)
Testing logNormal[M=3.883563667869147 S=2.1444002191093703].pdf(1.2622008137664722)
Testing logNormal[M=0.5935396756772935 S=7.451417991122302].pdf(2.1422320648308997)
Testing logNormal[M=-2.092976312496617 S=3.076192393348353].pdf(2.0266289367851376)
Testing logNormal[M=1.9269893909743239 S=4.416700712011437].pdf(0.12895731847348713)
Testing logNormal[M=4.592296775531249 S=2.420354480401677].pdf(1.8500286602699043)
Testing logNormal[M=3.583910955278725 S=2.1527034296701766].pdf(1.9381798215358454)
Testing logNormal[M=2.419229978550911 S=6.70850970688077].pdf(1.9631091737864803)
Testing logNormal[M=-3.673402197038965 S=3.5335680389362176].pdf(1.2395063850837564)
Testing logNormal[M=1.9812014873237143 S=8.467628397791598].pdf(0.5243932584720891)
Testing logNormal[M=4.294447008255613 S=6.668723121137655].pdf(1.122362189391343)
Testing logNormal[M=1.312352552865363 S=9.536747684377382].pdf(2.1651622314721677)
Testing logNormal[M=-2.6789923601845023 S=1.9376851821570784].pdf(2.2535436669101117)
Testing logNormal[M=4.088236643443462 S=1.6810652324035302].pdf(1.7735051940445619)
Testing logNormal[M=4.142526343939071 S=5.982736858730231].pdf(1.8333397796337985)
Testing logNormal[M=-2.0586316420372275 S=9.51901682406812].pdf(1.7904913478296476)
Testing logNormal[M=2.9434059743678986 S=1.993472001090768].pdf(0.5919604014544414)
Testing logNormal[M=2.1745616575023297 S=6.043578247389689].pdf(0.6725522795226043)
Testing logNormal[M=-0.5075868744270862 S=3.8110510438952385].pdf(1.5109326941824188)
Testing logNormal[M=-4.432708705288457 S=8.779701049700623].pdf(2.1042954554251416)
Testing logNormal[M=-2.2658114680902086 S=6.857806050565251].pdf(2.0573625303886276)
Testing logNormal[M=-4.29994353397364 S=7.360146668322054].pdf(1.681246056357171)
Testing logNormal[M=-0.5562431522933426 S=0.3920250026771066].pdf(1.0663123025217376)
Testing logNormal[M=2.6395840585253776 S=3.672320125038906].pdf(1.6660609830741726)
Testing logNormal[M=-0.6325627194999148 S=4.460146095951401].pdf(0.1009888236514779)
Testing logNormal[M=-2.241656212100538 S=0.8874268462914958].pdf(1.6629211034124407)
Testing logNormal[M=2.9481241677157346 S=1.4240006164181718].pdf(1.0453944569285096)
Testing logNormal[M=-2.5077153202374394 S=0.5331473163432521].pdf(1.3692591024962002)
Testing logNormal[M=3.361359405417149 S=5.600764910853977].pdf(2.0399914857204275)
Testing logNormal[M=2.616270934648579 S=5.146042186406228].pdf(1.3363475677338732)
Testing logNormal[M=-0.6018927422953926 S=3.786705697025863].pdf(2.1628109415765775)
Testing logNormal[M=4.412846958070688 S=0.4537633046220302].pdf(1.5301552196310548)
Testing logNormal[M=-0.49678542754076016 S=8.700733814623026].pdf(1.9898527841020472)
Testing logNormal[M=-4.332752174102554 S=3.219948627344099].pdf(2.1237088211222175)
Testing logNormal[M=1.8446143424925934 S=7.386642769945525].pdf(1.877535775817632)
Testing logNormal[M=1.028405906811578 S=8.370962384995343].pdf(2.0923172902790204)
Testing logNormal[M=-2.5397056715846156 S=3.21284681263848].pdf(1.7735741231849158)
Testing logNormal[M=4.661087660249979 S=1.6891876059317257].pdf(1.7161677365592911)
Testing logNormal[M=4.627114118883016 S=1.9466742748745969].pdf(2.282186156145821)
Testing logNormal[M=2.1289984678926164 S=0.1340705007116183].pdf(1.7081921609084982)
Testing logNormal[M=-1.5362849293277892 S=1.9179788875725579].pdf(1.3009411838182545)
Testing logNormal[M=2.8074646231935265 S=9.150241985065863].pdf(1.1467819255566136)
Testing logNormal[M=0.8500668771510718 S=9.160945995752783].pdf(0.6300168599494925)
Testing logNormal[M=-2.562510016703933 S=0.5585094219701636].pdf(1.3887121111894771)
Testing logNormal[M=3.67601742096336 S=9.237368370461995].pdf(1.5174791912954342)
Testing logNormal[M=-4.060617306687221 S=7.357190785577098].pdf(1.3543705277228448)
Testing logNormal[M=-1.04440019784807 S=4.01044927213189].pdf(1.5932609386274228)
Testing logNormal[M=2.159565639814252 S=6.297138908426661].pdf(0.1417958876460176)
Testing logNormal[M=0.3894118244327167 S=6.625016786127963].pdf(1.9072227605653052)
Testing logNormal[M=4.147906260811977 S=9.943476383490715].pdf(1.668966596428472)
Testing logNormal[M=2.5688337966268824 S=1.7714008909162826].pdf(0.9331942341882288)
Testing logNormal[M=1.9915545980647593 S=7.6268919361922825].pdf(0.3998212425669268)
Testing logNormal[M=4.888701645492606 S=0.8768029350703666].pdf(2.118856860107773)
Testing logNormal[M=2.626767406963552 S=2.075346957127712].pdf(2.29434204760947)
Testing logNormal[M=-3.5063336671114365 S=0.6348916122136017].pdf(1.5048646452193106)
Testing logNormal[M=3.140915447453839 S=9.433994489901426].pdf(2.115960194802051)
Testing logNormal[M=-3.776520611354821 S=7.864491743907095].pdf(1.2676948070271397)
Testing logNormal[M=-0.11087396396352478 S=2.224955171379812].pdf(1.7120103424776127)
Testing logNormal[M=-4.723120662164404 S=6.47990528917349].pdf(2.0986350851906113)
Testing logNormal[M=-3.852979397909402 S=0.8267629247400976].pdf(2.2997089069347774)
Testing logNormal[M=-3.9699044608838507 S=2.7297042667216886].pdf(1.5702321522395426)
Testing logNormal[M=-0.9823578236663257 S=2.956820828477942].pdf(1.531937797444339)
Testing logNormal[M=-1.3371473378292995 S=5.858708422142503].pdf(1.8142129997013858)
Testing logNormal[M=0.22012920625330246 S=8.943079647270352].pdf(2.226528840567863)
Testing logNormal[M=1.4974691532807674 S=7.609715090035365].pdf(0.7342394295712068)
Testing logNormal[M=0.3145087781347078 S=0.1922334517013058].pdf(1.51302458128338)
Testing logNormal[M=1.9155517535707514 S=9.451246002861673].pdf(1.928459193969652)
Testing logNormal[M=2.0953049538495545 S=3.489417491593898].pdf(1.7126094936164578)
Testing logNormal[M=1.2341539069731162 S=5.214312400931032].pdf(0.6770709450141335)
Testing logNormal[M=4.905680037331377 S=4.452919444475474].pdf(1.9353827574226068)
Testing logNormal[M=3.3057510220258575 S=6.142215688893611].pdf(1.7284506882508568)
Testing logNormal[M=-2.662942924288121 S=9.235873949125574].pdf(1.5367686878246567)
Testing logNormal[M=3.8793771828202335 S=7.868735613675726].pdf(0.9886855543505618)
Testing logNormal[M=4.008888507515575 S=5.753237444084865].pdf(1.798896363166611)
Testing logNormal[M=-3.832106871285518 S=5.176457971886101].pdf(1.4356978118428256)
Testing logNormal[M=1.1604415350578323 S=9.873139144574425].pdf(2.125165119183185)
Testing logNormal[M=-0.42847528319560446 S=1.6519869650037222].pdf(2.1210650465004766)
Testing logNormal[M=1.8909433241977949 S=0.4223903614166713].pdf(1.4567874034770918)
Testing logNormal[M=-3.3793690792388165 S=1.9443955678490132].pdf(1.9146658482142673)
Testing logNormal[M=-3.989368399953934 S=5.100536884487763].pdf(0.9308669052657477)
Testing logNormal[M=-4.449127743906836 S=5.032209298300131].pdf(1.3989305997722765)
Testing logNormal[M=4.789212219400316 S=9.234735782079124].pdf(2.226864480399444)
Testing logNormal[M=-0.021723849834050846 S=0.5317534472736984].pdf(2.049118130031478)
Testing logNormal[M=-1.7272431138320812 S=5.882307227669514].pdf(0.6355208782392358)
Testing logNormal[M=-2.8599929858792073 S=2.4095675852970633].pdf(1.840049475075377)
Testing logNormal[M=1.9775588775779642 S=6.7087155201107675].pdf(0.3089699468962944)
Testing logNormal[M=3.5084216442824303 S=3.4769787232703573].pdf(2.135365322428268)
Testing logNormal[M=0.13752219984247738 S=5.940172644469114].pdf(0.4430238476811554)
Testing logNormal[M=-4.1896562678232225 S=5.46840946412026].pdf(0.5229081482077863)
Testing logNormal[M=1.4600179483253548 S=4.9375252287933495].pdf(1.811694967984639)
Testing logNormal[M=3.4820764106585127 S=7.148509048674652].pdf(1.163584448270211)
Testing logNormal[M=0.8142360607256105 S=9.186347743430073].pdf(1.2579275770347103)
Testing logNormal[M=-0.5974569594646297 S=7.643389547728791].pdf(1.6167012951634114)
Testing logNormal[M=1.2517009833994228 S=0.15904121362611878].pdf(1.6156469668755493)
Testing logNormal[M=3.1238895558394013 S=4.213236472432284].pdf(1.7075644584303358)
Testing logNormal[M=4.624141691395581 S=7.036219489597667].pdf(2.230738107277873)
Testing logNormal[M=3.1041073306132496 S=4.569599231017541].pdf(1.820234250629604)
Testing logNormal[M=3.3797923361486557 S=0.32823081326074366].pdf(2.078343478943945)
Testing logNormal[M=-3.1701041060288757 S=8.796717691914742].pdf(2.001404662477374)
Testing logNormal[M=-4.5948525260371955 S=2.1977545431818655].pdf(1.933843807553245)
Testing logNormal[M=4.487905300162339 S=7.717081680713452].pdf(1.5812687059136339)
Testing logNormal[M=-4.0189308395499985 S=3.107113893153647].pdf(2.1573117723188133)
Testing logNormal[M=4.194390956897239 S=3.0679679050866104].pdf(1.1036341097286702)
Testing logNormal[M=-0.5751252282462218 S=6.335073083303112].pdf(2.2108722953055993)
Testing logNormal[M=-4.966584267891708 S=4.767256613434796].pdf(2.19072970242197)
Testing logNormal[M=-4.229229979028321 S=7.188296331578908].pdf(1.9523130697826026)
Testing logNormal[M=3.1878347238962963 S=1.747159033249881].pdf(1.7377503252427218)
Testing logNormal[M=4.168053854349505 S=7.788310593457913].pdf(1.1382845168190407)
Testing logNormal[M=-2.902332259253597 S=9.741247918576608].pdf(1.0303915122843008)
Testing logNormal[M=-0.9662264704776398 S=0.034244554046369835].pdf(1.5477551972030918)
Testing logNormal[M=-0.9665899345998161 S=2.1277579072677977].pdf(1.9654409357392288)
Testing logNormal[M=-4.357781120931694 S=1.8832768346755513].pdf(0.4068939248039235)
Testing logNormal[M=-0.8876286955191715 S=0.9917229062113408].pdf(1.088340197121073)
Testing logNormal[M=-0.3831145769150428 S=0.7976066695951323].pdf(1.5973617196081698)
Testing logNormal[M=-2.3972270439135723 S=6.002286668900618].pdf(2.0826247705807646)
Testing logNormal[M=-4.378433697842166 S=6.302670049214418].pdf(2.287413528273069)
Testing logNormal[M=-2.0351233170902105 S=3.414207660705244].pdf(1.3678532708555806)
Testing logNormal[M=-4.399215490758602 S=9.980729912758838].pdf(2.005026955701265)
Testing logNormal[M=-4.2881854789404965 S=5.513488791853013].pdf(2.157299076762576)
Testing logNormal[M=-1.7483890076933681 S=0.5382875962219213].pdf(1.7030453085897526)
Testing logNormal[M=2.892521415647023 S=8.080058548215192].pdf(2.163276077298757)
Testing logNormal[M=1.2681046621297458 S=3.3875316184376727].pdf(2.096783712243217)
Testing logNormal[M=-4.820681787149263 S=1.173730055306067].pdf(2.2111775073988174)
Testing logNormal[M=-2.556960674809965 S=0.9583081506746582].pdf(1.8239651664995868)
Testing logNormal[M=4.096168524721071 S=6.431015791109246].pdf(2.237745144261209)
Testing logNormal[M=-3.8102230878346544 S=9.042066391528365].pdf(2.0399275020144225)
Testing logNormal[M=-1.9439665273672846 S=8.54289289935451].pdf(2.016474862027213)
Testing logNormal[M=2.8448318438719706 S=9.555893031166327].pdf(1.6924423360076613)
Testing logNormal[M=-0.09987914882094184 S=2.6171880745661955].pdf(2.1071885960023513)
Testing logNormal[M=0.017739967379029054 S=1.918477932530046].pdf(1.9217360982802871)
Testing logNormal[M=2.950966591545729 S=5.256525847109151].pdf(1.63112946061346)
Testing logNormal[M=0.4968254408911914 S=8.569731249049696].pdf(0.5762967050649477)
Testing logNormal[M=2.729647360962467 S=3.613071913571424].pdf(1.8165237796064984)
Testing logNormal[M=3.687815863030629 S=4.8683817206884195].pdf(2.1552165588659467)
Testing logNormal[M=3.5638919173811896 S=5.356607736054872].pdf(2.2249335545186257)
Testing logNormal[M=3.0434209778032635 S=6.9055538199472535].pdf(0.7828261453460144)
Testing logNormal[M=2.4003798978834903 S=6.2586535495824105].pdf(1.998640323571074)
Testing logNormal[M=-1.9396916400179984 S=4.421104721933782].pdf(1.3852804939368621)
Testing logNormal[M=-4.531301608727841 S=5.459363322590677].pdf(1.6059616683967646)
Testing logNormal[M=4.844121331483148 S=8.398082561156203].pdf(2.0647402672284376)
Testing logNormal[M=-0.48340888287033756 S=8.272656203326891].pdf(0.8828412519403509)
Testing logNormal[M=-2.7365360456617793 S=4.014681471731486].pdf(2.2793538589580593)
Testing logNormal[M=-0.9186036900388386 S=3.2816627128024667].pdf(2.2749749752341155)
Testing logNormal[M=4.028101212532025 S=3.7276310068244545].pdf(1.6741931850062206)
Testing logNormal[M=-2.2536772378968495 S=2.924460691909756].pdf(2.2959712825123884)
Testing logNormal[M=-0.08055090650590913 S=4.129551439645024].pdf(1.7905065226123795)
Testing logNormal[M=-2.3965168797108403 S=1.003443631674532].pdf(1.0213364230153237)
Testing logNormal[M=3.8628903709467455 S=4.167435008387246].pdf(2.0532206956740695)
Testing logNormal[M=-0.7359124040129075 S=8.428874233425242].pdf(1.7445363557080122)
Testing logNormal[M=-3.6559802520718234 S=3.242052925174618].pdf(1.1788193683402337)
Testing logNormal[M=1.6315886901830865 S=9.148679431745299].pdf(2.118567284280009)
Testing logNormal[M=1.5502088763990995 S=4.00099039540485].pdf(2.106373762909691)
Testing logNormal[M=-3.9078552712106154 S=4.941176565448214].pdf(0.4330450524922934)
Testing logNormal[M=-1.8682065209526377 S=0.4530617458852759].pdf(2.2654657277207293)
Testing logNormal[M=0.6424674601760563 S=9.274398314406122].pdf(1.1241428960993287)
Testing logNormal[M=3.2937213518240647 S=0.19861753707714258].pdf(2.0881034754742993)
Testing logNormal[M=-3.9156121058543727 S=9.904514904223168].pdf(2.1112677193744647)
Testing logNormal[M=-2.8703529866198196 S=2.5980654345403718].pdf(0.40523494522804127)
Testing logNormal[M=1.9442714175683697 S=0.39532487771582137].pdf(2.0579623308885644)
Testing logNormal[M=1.0115733103244846 S=8.73414061160636].pdf(2.287574805565248)
Testing logNormal[M=-1.0807177526571232 S=3.428285489293171].pdf(1.2384180331416577)
Testing logNormal[M=0.8365415128601983 S=9.70581728255231].pdf(0.8656397599957425)
Testing logNormal[M=-0.6037126663635544 S=1.8207258684422378].pdf(1.554536434069552)
Testing logNormal[M=-0.7118772691775881 S=8.907187056020922].pdf(1.8920299972293761)
Testing logNormal[M=4.496716426923161 S=3.864788946395419].pdf(1.9308855478411664)
Testing logNormal[M=1.373786032149904 S=6.201764917555435].pdf(1.2815697539449404)
Testing logNormal[M=1.8167639171764893 S=5.369150740227658].pdf(1.0303278509571918)
Testing logNormal[M=4.095429457209278 S=3.3103978145341806].pdf(1.6247097793674052)
Testing logNormal[M=3.2612546937410603 S=6.281328976948691].pdf(2.2088857758288394)
Testing logNormal[M=3.5727204524789524 S=0.20776641104243043].pdf(0.4094481998672797)
Testing logNormal[M=-1.0702763728731304 S=9.279386237991663].pdf(2.1879744422922673)
Testing logNormal[M=-0.47513751737447674 S=6.599598930453421].pdf(1.6061009529375156)
Testing logNormal[M=2.1745555132614154 S=3.0496012937282035].pdf(2.1869940285612697)
Testing logNormal[M=4.124638505498563 S=5.418602200597454].pdf(1.0248600899694855)
Testing logNormal[M=0.5674704410018414 S=7.244757402446016].pdf(0.6813105309603172)
Testing logNormal[M=1.2863396722389808 S=3.14224739582031].pdf(1.1144580512598083)
Testing logNormal[M=-1.71151639916441 S=3.147953769343834].pdf(1.5925435643441999)
Testing logNormal[M=-2.083502143931064 S=4.42005409620743].pdf(1.8197696357400328)
Testing logNormal[M=2.9237405797822245 S=9.918535019271733].pdf(1.77019897733832)
Testing logNormal[M=-2.111978575354081 S=3.0108806557385046].pdf(2.1228482627649337)
Testing logNormal[M=3.7259477949623836 S=9.599179147283557].pdf(2.1651967339853995)
Testing logNormal[M=2.7161490623975926 S=6.498607813894343].pdf(1.7000571533985567)
Testing logNormal[M=0.0070722502559767975 S=0.5537041893111017].pdf(2.166814452434031)
Testing logNormal[M=2.6186490264377014 S=3.461601611556784].pdf(0.7963159466593033)
Testing logNormal[M=3.2954792185341457 S=4.071719453658288].pdf(1.8502361704350283)
Testing logNormal[M=-3.3291915790745277 S=1.6960144507793307].pdf(2.120284066446473)
Testing logNormal[M=-3.330748829648976 S=9.192459727655459].pdf(2.2164398170200204)
Testing logNormal[M=-4.317454676271187 S=3.4677517451522775].pdf(2.2534076731413695)
Testing logNormal[M=4.5030661623189605 S=0.35327728488265375].pdf(1.7794280403950078)
Testing logNormal[M=-2.8431993587973894 S=4.461032574477347].pdf(0.9513228679735299)
Testing logNormal[M=-3.6115283563554055 S=8.630855103420673].pdf(2.0519606292303156)
Testing logNormal[M=3.779600480725433 S=1.0282901083744966].pdf(1.1622722227331996)
Testing logNormal[M=2.4725429289950878 S=8.735566076537246].pdf(0.8582357819133879)
Testing logNormal[M=-1.8812711438250727 S=9.687755844612711].pdf(0.9904350798566536)
Testing logNormal[M=-2.8240150901513204 S=4.220097263836713].pdf(0.9830748343142858)
Testing logNormal[M=3.0490214677470266 S=2.0752477745610234].pdf(2.077629967305016)
Testing logNormal[M=-4.3480532726594445 S=4.701813016349501].pdf(1.378448486713013)
Testing logNormal[M=4.317961058152438 S=1.7054869621709068].pdf(2.2802130408608114)
Testing logNormal[M=0.8818105686825906 S=2.724052323147829].pdf(1.598343133325011)
Testing logNormal[M=-4.338490342663932 S=0.010079180354720663].pdf(1.7487005790840129)
Testing logNormal[M=1.413025303477454 S=9.869601733707519].pdf(1.8160171451989926)
Testing logNormal[M=1.1871971547075741 S=7.168336608702278].pdf(1.0170392468542806)
Testing logNormal[M=-4.15016908990278 S=5.993643351602743].pdf(1.8860272539981866)
Testing logNormal[M=4.674278956673403 S=1.8570474069240428].pdf(1.5538807346383137)
Testing logNormal[M=-2.597432178065774 S=8.164617229396377].pdf(2.035576564212999)
Testing logNormal[M=0.10042845150146995 S=8.488303104970024].pdf(1.915142479548292)
Testing logNormal[M=4.782713608090585 S=2.0774761497275254].pdf(1.5089037119575333)
Testing logNormal[M=-1.4544851748483865 S=3.1479556528881103].pdf(2.1113018327452457)
Testing logNormal[M=3.1356710636009897 S=7.190608600179283].pdf(1.9614514017958862)
Testing logNormal[M=-4.006441515717352 S=1.131619786422603].pdf(2.0216612503527847)
Testing logNormal[M=2.0320477364736176 S=4.123158965261323].pdf(1.1374424027365482)
Testing logNormal[M=-3.3289911198088817 S=7.183736001294337].pdf(2.2615337101000645)
Testing logNormal[M=-3.7261925732720846 S=9.594093050221977].pdf(1.6710951817615358)
Testing logNormal[M=-0.0731399536369235 S=0.5509254390810459].pdf(2.2270467658961377)
Testing logNormal[M=3.7541572567873764 S=8.579847229872051].pdf(1.6380653047203777)
Testing logNormal[M=1.483169108178668 S=7.033166237091861].pdf(1.7744608336453658)
Testing logNormal[M=1.9428319710996833 S=4.890140351161609].pdf(2.261807086217888)
Testing logNormal[M=3.980701819495378 S=2.80936608230943].pdf(1.7477553418701646)
Testing logNormal[M=-0.2694323560446481 S=6.459099053012722].pdf(1.98127941907544)
Testing logNormal[M=1.8174753575737306 S=4.791180646111659].pdf(0.6521887791533743)
Testing logNormal[M=2.065602263416011 S=7.448737847305139].pdf(2.132108375674107)
Testing logNormal[M=-1.4244094547546138 S=0.6608029579886521].pdf(1.6391978546248585)
Testing logNormal[M=3.431358427716349 S=3.526194335030539].pdf(1.8226178585494062)
Testing logNormal[M=1.2016116652597475 S=8.319440536334614].pdf(0.9928193487841174)
Testing logNormal[M=4.866683740615898 S=0.26830549470921783].pdf(1.8062943559181166)
Testing logNormal[M=0.9368170249662118 S=3.639174761996049].pdf(1.591258502972289)
Testing logNormal[M=1.714699992392383 S=7.241632204942791].pdf(1.3015931497777713)
Testing logNormal[M=1.9087145333861972 S=7.979600417641062].pdf(0.14862154952003)
Testing logNormal[M=-1.5321457770615607 S=2.8865221994135606].pdf(0.8918161626289748)
Testing logNormal[M=4.876184377514928 S=1.2510054420512096].pdf(1.9541785122162525)
Testing logNormal[M=1.9209492747090255 S=1.167872049341152].pdf(1.7098862615346337)
Testing logNormal[M=4.39988248649599 S=8.929308917004422].pdf(0.8465349154671236)
Testing logNormal[M=1.8558360551107809 S=7.2102141583406585].pdf(0.7070417688160842)
Testing logNormal[M=1.2145436210852267 S=3.167053462335266].pdf(2.1780505182286305)
Testing logNormal[M=0.293432953123526 S=1.451141454569298].pdf(1.685396639039284)
Testing logNormal[M=1.88758070230592 S=0.3240198782681414].pdf(1.0129284539774845)
Testing logNormal[M=4.916532240140519 S=9.874523367194307].pdf(1.0854564068618409)
Testing logNormal[M=3.683127068892736 S=4.44425913430738].pdf(1.6164829061684929)
Testing logNormal[M=0.8729148131858757 S=3.7091943552690223].pdf(1.474434945078069)
Testing logNormal[M=-2.3400353254365913 S=2.4670558584697178].pdf(2.147761403225383)
Testing logNormal[M=2.2938909127881875 S=1.6693925426840373].pdf(0.7880549831897755)
Testing logNormal[M=2.918280961454042 S=4.515828380607809].pdf(2.205771919572875)
Testing logNormal[M=-2.701588037495921 S=7.183375030626868].pdf(2.2549717972958914)
Testing logNormal[M=-3.6194108658702575 S=1.1585174102814522].pdf(1.6772654211565583)
Testing logNormal[M=-0.7744969369791024 S=4.205587916708829].pdf(1.4040746872295942)
Testing logNormal[M=-0.7584002419727653 S=7.796733544292097].pdf(1.3671616606394572)
Testing logNormal[M=-2.827453690118482 S=6.011838867367398].pdf(2.2295982284725513)
Testing logNormal[M=-3.0977071150873114 S=3.5459821847309545].pdf(1.187358366958836)
Testing logNormal[M=-4.396351364747742 S=2.251063693232962].pdf(1.5808362702541767)
Testing logNormal[M=0.26326197346771174 S=8.755429279613153].pdf(0.9408323628971028)
Testing logNormal[M=-1.0692732667769125 S=4.7771506164261375].pdf(2.22214085285437)
Testing logNormal[M=-4.316484656429665 S=9.785404762872375].pdf(1.8873930317995251)
Testing logNormal[M=2.176157120199366 S=3.0279326955660735].pdf(1.7347584424057072)
Testing logNormal[M=4.319144293220461 S=9.776822747964395].pdf(1.0543616726991747)
Testing logNormal[M=-1.1796329957569873 S=6.777200748677624].pdf(1.272494441112478)
Testing logNormal[M=0.14794188434295386 S=1.7764471240392743].pdf(2.2888695191034687)
Testing logNormal[M=-0.6450145123529127 S=7.649554822863958].pdf(2.15981542553689)
Testing logNormal[M=-0.9888049188238615 S=3.570683615884019].pdf(1.9674332508438177)
Testing logNormal[M=1.6479635084073285 S=2.961754703001269].pdf(1.4654242760903498)
Testing logNormal[M=-1.9286142567120077 S=6.855528940218315].pdf(1.5507219415479627)
Testing logNormal[M=-2.675368329847918 S=0.48447810864205354].pdf(0.49636028819820416)
Testing logNormal[M=-3.707843877564928 S=1.6741728413708434].pdf(2.1990608725574883)
Testing logNormal[M=-0.3190283530079068 S=9.981922266847105].pdf(1.2330960795814305)
Testing logNormal[M=-0.9985440088739947 S=8.474692520853237].pdf(1.6052330972648963)
Testing logNormal[M=-3.4192426097660267 S=4.40114457830835].pdf(1.732332218390419)
Testing logNormal[M=-3.2025848945099558 S=9.956649702187084].pdf(1.3493051256433002)
Testing logNormal[M=-2.689438654795894 S=9.228357602974656].pdf(1.5862749614192946)
Testing logNormal[M=-4.667234273550896 S=2.243721010979413].pdf(2.1610006339595165)
Testing logNormal[M=-3.62867186960925 S=0.6476920703938094].pdf(2.13775834145978)
Testing logNormal[M=1.1255007747373433 S=3.5083539230945835].pdf(1.826259114743375)
Testing logNormal[M=-3.632098603842838 S=9.084492066617026].pdf(1.7014057312368378)
Testing logNormal[M=-2.1486173852756707 S=1.0009641175874229].pdf(1.0725265652496514)
Testing logNormal[M=-0.042861088121492585 S=3.472533941905145].pdf(1.065015294283158)
Testing logNormal[M=-1.1899488374746148 S=2.259025259860583].pdf(1.502897388069719)
Testing logNormal[M=-1.7539204255380492 S=0.6383081673781388].pdf(1.806226732295243)
Testing logNormal[M=-0.9049872092465661 S=9.096749417295664].pdf(1.717457686087763)
Testing logNormal[M=-2.2342519552888698 S=8.196313602356062].pdf(1.8467232242521092)
Testing logNormal[M=2.07536020002924 S=2.6350708593509165].pdf(1.2840079221655387)
Testing logNormal[M=0.3195865782706271 S=8.188215709319058].pdf(2.0825458726167123)
Testing logNormal[M=-3.3317230239537157 S=3.13610168585667].pdf(0.7488381749439226)
Testing logNormal[M=2.6291992407332234 S=2.6918647803695817].pdf(1.767278824538023)
Testing logNormal[M=-0.4993203983966854 S=2.8307504906493017].pdf(0.44058575141690004)
Testing logNormal[M=-1.4528053636797278 S=6.697461328767336].pdf(0.9323707628877312)
Testing logNormal[M=2.188601012039956 S=5.966198896907525].pdf(1.9697642852565493)
Testing logNormal[M=-0.5414053951555413 S=4.440399726300642].pdf(1.936135619669822)
Testing logNormal[M=3.832343848282333 S=2.3119877999045335].pdf(1.5880250574612487)
Testing logNormal[M=-3.9530724261113734 S=8.561500113244144].pdf(1.494789574870471)
Testing logNormal[M=2.2357564139534336 S=1.348329373003122].pdf(2.2380391614428925)
Testing logNormal[M=4.781786495996142 S=5.686038005750919].pdf(1.3820909553114444)
Testing logNormal[M=4.059970344620194 S=9.030166563652248].pdf(2.154663673182049)
Testing logNormal[M=-1.25804307046403 S=3.726500736044611].pdf(2.1573523348248864)
Testing logNormal[M=-1.042011242708465 S=7.086702913803872].pdf(1.633262733544899)
Testing logNormal[M=-2.976375927317394 S=5.559128811822211].pdf(2.2619360862990936)
Testing logNormal[M=-0.7447648920520678 S=3.6123176735429983].pdf(1.9716813697732345)
Testing logNormal[M=0.7233864281564761 S=8.88640575162823].pdf(1.8320871742406077)
Testing logNormal[M=0.41725244761018665 S=9.365307376259036].pdf(1.4313361245200633)
Testing logNormal[M=-1.2586151285554736 S=2.854537448914699].pdf(1.6939408316122704)
Testing logNormal[M=2.0174938568056984 S=1.3534527617831749].pdf(1.974168404034652)
Testing logNormal[M=-3.2739955014507602 S=6.161836768832011].pdf(1.4092463851975419)
Testing logNormal[M=4.779947418228854 S=4.529430728745837].pdf(2.035201832636941)
Testing logNormal[M=2.16874460828274 S=3.6963667315107998].pdf(0.7237310517287884)
Testing logNormal[M=3.946634504733355 S=5.406302884305512].pdf(1.9911579453537036)
Testing logNormal[M=1.6885391923874167 S=3.2144916439770057].pdf(0.8144008932718411)
Testing logNormal[M=-0.7662609839642132 S=2.403438141329677].pdf(0.9328422183362619)
Testing logNormal[M=4.340830085803379 S=2.7232273881113676].pdf(2.2096284359367915)
Testing logNormal[M=1.1967335530627476 S=2.577324853532698].pdf(2.0031997503161327)
Testing logNormal[M=-3.830893083815623 S=6.698519122607421].pdf(1.8557939145222617)
Testing logNormal[M=-2.8966098081514726 S=1.5392839514404288].pdf(1.9104562544371673)
Testing logNormal[M=-0.6095392315176014 S=5.481211437731696].pdf(2.2975878987555904)
Testing logNormal[M=-3.697160038115701 S=6.705562630537259].pdf(2.1076963323238393)
Testing logNormal[M=-1.3976391071161887 S=5.730429109866063].pdf(0.8619469492353338)
Testing logNormal[M=-0.34880364700201305 S=0.8240826854380756].pdf(1.812955217072072)
Testing logNormal[M=-2.0659355459611897 S=9.263090670241498].pdf(1.6425021234128834)
Testing logNormal[M=4.840919116814916 S=2.402818133977782].pdf(2.1945995595992334)
Testing logNormal[M=4.88363379162292 S=4.975129472493151].pdf(1.9665561961698421)
Testing logNormal[M=-0.5265347956255564 S=0.4393342017323565].pdf(1.729083620783206)
Testing logNormal[M=3.779144755372407 S=0.16784159014705202].pdf(1.762951368290119)
Testing logNormal[M=0.5971410193244786 S=2.346718131689338].pdf(2.0498526175886154)
Testing logNormal[M=1.8984753528962504 S=1.9773945165415818].pdf(1.3080819598752644)
Testing logNormal[M=-4.458088130120713 S=1.4015213024973017].pdf(1.8325650367203512)
Testing logNormal[M=-3.5056433250126773 S=3.332856040061809].pdf(1.0133263211488825)
Testing logNormal[M=0.9118260069315784 S=4.05274833991649].pdf(0.0417837044515928)
Testing logNormal[M=-1.6101028328988596 S=7.306091817071434].pdf(0.7334842466641535)
Testing logNormal[M=4.3728315854125945 S=6.194258360020825].pdf(1.7724376467623624)
Testing logNormal[M=-0.5400825746542619 S=4.765792740117371].pdf(1.2005982696153874)
Testing logNormal[M=0.5313216666375586 S=8.34325279430764].pdf(1.6570263114299433)
Testing logNormal[M=-3.948989493370071 S=8.983695192582164].pdf(0.9348206198594645)
Testing logNormal[M=-3.422399398531394 S=3.1752900875669807].pdf(1.9897467364031136)
Testing logNormal[M=-4.026619841544616 S=1.5118016530407707].pdf(2.03764161392406)
Testing logNormal[M=2.298862622727005 S=6.24681953142148].pdf(1.738942635000171)
Testing logNormal[M=-2.2318843959114476 S=1.7735369570036175].pdf(2.256644070101734)
Testing logNormal[M=-1.6650902673689782 S=1.9668453714078804].pdf(1.6132203457905951)
Testing logNormal[M=-4.5742966049794855 S=8.040533118366838].pdf(0.9495962335175416)
Testing logNormal[M=-2.3024497823394183 S=8.460392822660554].pdf(1.1784241049467612)
Testing logNormal[M=-1.1756482976808922 S=4.9223562734826585].pdf(2.3002620256429482)
Testing logNormal[M=-1.3407569745885093 S=2.065557630442627].pdf(1.8276078940134421)
Testing logNormal[M=-1.2168186216838626 S=2.0166127692295244].pdf(1.6469447103528332)
Testing logNormal[M=1.929108933859741 S=8.138941153605417].pdf(0.5048586561442523)
Testing logNormal[M=-2.76611628451397 S=4.207307122377441].pdf(1.4901425149656622)
Testing logNormal[M=-1.0700827145498648 S=9.40444739880145].pdf(1.9712654813111663)
Testing logNormal[M=-3.2011253172767096 S=6.216876777687142].pdf(2.1571812130033328)
Testing logNormal[M=-4.938804048343873 S=0.7510068697831029].pdf(2.2047546986894733)
Testing logNormal[M=-1.5016216209868771 S=5.654441323883296].pdf(1.9344945651416694)
Testing logNormal[M=-1.1812809094138177 S=2.8796178762234224].pdf(1.1400456720174488)
Testing logNormal[M=-2.8283490359348615 S=1.5787714356885596].pdf(0.7228043171496633)
Testing logNormal[M=-4.494434409872657 S=3.3694259597248566].pdf(1.1587590666758187)
Testing logNormal[M=-2.755878846046309 S=4.352125164646594].pdf(1.6086300617198568)
Testing logNormal[M=-2.2172294442544027 S=6.246829833469922].pdf(1.4178753248437805)
Testing logNormal[M=0.7953775230006679 S=9.58593277774756].pdf(0.4951485308886464)
Testing logNormal[M=1.8018139351349527 S=0.17309275485452913].pdf(2.179282802586387)
Testing logNormal[M=3.3661355851648374 S=1.790434392727328].pdf(0.6778397638891678)
Testing logNormal[M=-4.171062672907466 S=2.1945039818096546].pdf(0.9798892450550115)
Testing logNormal[M=1.6101261590290346 S=1.3626643766334423].pdf(1.9793464188192829)
Testing logNormal[M=1.7202118462331404 S=5.8439827237800035].pdf(1.505526255762179)
Testing logNormal[M=2.8178582765655467 S=6.0574302135482245].pdf(2.0558920335679307)
Testing logNormal[M=3.4903194502774113 S=2.4360110572090523].pdf(1.410474870268131)
Testing logNormal[M=-0.9685075604800844 S=8.710032103447404].pdf(2.265779140162807)
Testing logNormal[M=-1.010919181853037 S=7.527385927871877].pdf(1.4393824665689476)
Testing logNormal[M=1.463397001430673 S=7.595152072572607].pdf(2.216549465770459)
Testing logNormal[M=-4.036999984763495 S=0.3045970983536983].pdf(1.6869403053126393)
Testing logNormal[M=4.495873553635411 S=6.060484780615377].pdf(1.8744528266198826)
Testing logNormal[M=1.684038704423891 S=4.4572164830055625].pdf(1.8297979489112464)
Testing logNormal[M=-3.7879757329971797 S=5.8024546607984995].pdf(2.134654751860384)
Testing logNormal[M=4.2088096915083675 S=5.791414138484063].pdf(2.0863849196257056)
Testing logNormal[M=-1.7709529974412588 S=9.148233871970957].pdf(2.286766024786976)
Testing logNormal[M=2.1764572086960463 S=0.9334052059247355].pdf(0.14878995210353954)
Testing logNormal[M=-4.833719142374405 S=8.024211340647746].pdf(2.153557856662068)
Testing logNormal[M=-0.6570605221086012 S=9.64934128788515].pdf(1.2071133464103445)
Testing logNormal[M=-2.5078366127047467 S=5.710629451685403].pdf(1.7702131299333792)
Testing logNormal[M=-4.424380278128831 S=2.8819807407820965].pdf(1.0495543154920257)
Testing logNormal[M=-2.2033885500492056 S=7.701191222709362].pdf(2.1913624984728854)
Testing logNormal[M=-4.179015163108668 S=5.266645461322245].pdf(0.7733349844458416)
Testing logNormal[M=0.12837237062321982 S=3.089055004429012].pdf(1.9700323386206717)
Testing logNormal[M=3.5264113395925776 S=8.19664043612975].pdf(1.1432631641803352)
Testing logNormal[M=-1.28189507009938 S=3.418394953257178].pdf(0.62962093958134)
Testing logNormal[M=-3.1790208121189947 S=7.32768400962167].pdf(1.8355885004328076)
Testing logNormal[M=-1.8143624104853409 S=2.209330142315883].pdf(0.9631517122474439)
Testing logNormal[M=4.785149315979403 S=7.382409034123261].pdf(1.8867899188078767)
Testing logNormal[M=-4.860428675368732 S=5.105230495846084].pdf(1.869496513299169)
Testing logNormal[M=-3.603191870809063 S=2.9096657580987517].pdf(2.2689589788430196)
Testing logNormal[M=-0.6708379409145602 S=4.688516134940483].pdf(1.6985622549709836)
Testing logNormal[M=-2.4443026228095013 S=4.969074856396274].pdf(1.3582817630268524)
Testing logNormal[M=-1.548688486176176 S=6.378842504468144].pdf(1.389592949149808)
Testing logNormal[M=-2.4752730475291007 S=4.140381442227502].pdf(1.9938551807857845)
Testing logNormal[M=3.8916348102080516 S=5.245903669944387].pdf(0.4235307673760171)
Testing logNormal[M=-3.9096939192646674 S=3.3262442724212757].pdf(2.2598351990372247)
Testing logNormal[M=2.3108935204672925 S=7.119555209197523].pdf(1.8357216326346342)
Testing logNormal[M=-0.1930416187416908 S=1.805282990800805].pdf(1.1881423418079782)
Testing logNormal[M=-3.7084310636200977 S=3.5350513975432607].pdf(1.4750432616578713)
Testing logNormal[M=-4.026022552623484 S=0.9271609720392693].pdf(1.9568237866207066)
Testing logNormal[M=-3.090469423842271 S=7.588123681670506].pdf(0.5663035245788223)
Testing logNormal[M=-2.101793756004576 S=2.8763140613823523].pdf(1.357725312477357)
Testing logNormal[M=0.09814364532660669 S=0.08610862107443995].pdf(1.7929357697564763)
Testing logNormal[M=-4.462485219647664 S=4.938104654325226].pdf(1.8927143170581775)
Testing logNormal[M=2.4779120132477015 S=9.783736992977834].pdf(2.2727654862509232)
Testing logNormal[M=-4.402479282652957 S=7.585981364816349].pdf(1.6868569274381375)
Testing logNormal[M=1.6546188391854901 S=5.601425043753435].pdf(2.1037208307264468)
Testing logNormal[M=1.4856063250018483 S=8.209243432574617].pdf(1.64555966415494)
Testing logNormal[M=3.3574345071179508 S=7.652557139326522].pdf(2.2567536959676087)
Testing logNormal[M=0.8819836270436348 S=6.982361884344437].pdf(2.0130027816968576)
Testing logNormal[M=2.36909154909132 S=0.16776730747943502].pdf(0.4638210086606573)
Testing logNormal[M=2.5725890065404187 S=6.083971350113621].pdf(1.6510384329259538)
Testing logNormal[M=-1.0728358679387737 S=1.7393819794682752].pdf(1.0706909363651886)
Testing logNormal[M=3.166500526786713 S=1.5365051670555407].pdf(2.0901377103002807)
Testing logNormal[M=1.775908323078891 S=7.898096013153611].pdf(2.2045213824908876)
Testing logNormal[M=3.2583390762468056 S=2.9022502819456166].pdf(1.5097268816791265)
Testing logNormal[M=1.003898741214293 S=2.754780024425514].pdf(1.2477460480739708)
Testing logNormal[M=-1.5151630308006392 S=4.483659686696793].pdf(1.873972389267049)
Testing logNormal[M=-3.3646937237663854 S=9.340461097940937].pdf(1.328728816636419)
Testing logNormal[M=1.552409661142927 S=1.1643768223825168].pdf(1.0980344601169458)
Testing logNormal[M=-2.486887753711108 S=0.2727377101999273].pdf(2.2613817498117657)
Testing logNormal[M=-2.43130327221746 S=2.6526586086638626].pdf(1.7294861958736951)
Testing logNormal[M=-1.1710498143142067 S=9.50883470568852].pdf(0.8372325190093625)
Testing logNormal[M=0.42501734585415996 S=3.121047067310687].pdf(2.121117638258067)
Testing logNormal[M=-1.8983683133343678 S=9.56961881593856].pdf(0.8750695784080817)
Testing logNormal[M=4.600581062639733 S=2.04477611332278].pdf(0.3797342771084315)
Testing logNormal[M=0.3751535693429737 S=5.243920051135874].pdf(2.243189533836167)
Testing logNormal[M=2.2736365566076566 S=6.359382265481131].pdf(1.1592898239694043)
Testing logNormal[M=2.032484220109838 S=4.391413240927145].pdf(1.9410795880115548)
Testing logNormal[M=2.6898181472623133 S=8.220583075108141].pdf(2.247700040830262)
Testing logNormal[M=1.7780130743556306 S=7.678683554749449].pdf(2.0581658898074067)
Testing logNormal[M=-3.027356881450909 S=6.543733509376944].pdf(1.9890135569665717)
Testing logNormal[M=-4.1389364944044695 S=9.892428967717489].pdf(1.8100405248279403)
Testing logNormal[M=3.8833160801692657 S=3.7746347979234174].pdf(1.855204793626465)
Testing logNormal[M=1.4184630999320387 S=1.4437890739109105].pdf(2.2093666997871644)
Testing logNormal[M=-4.62222722099134 S=1.1677711307467287].pdf(1.8418810473048712)
Testing logNormal[M=-0.6224212629958705 S=2.598443155796437].pdf(2.3023049733225793)
Testing logNormal[M=3.587519434386925 S=7.935173535436224].pdf(1.2560662059039476)
Testing logNormal[M=-3.5922025810215388 S=5.370324019171778].pdf(0.9665461821232688)
Testing logNormal[M=-1.2372984332044181 S=9.711918359440837].pdf(2.1802756015738987)
Testing logNormal[M=3.586303326546009 S=2.625270473072895].pdf(2.2066555728419948)
Testing logNormal[M=-2.9962009855007676 S=8.592482859896839].pdf(2.1073818311223107)
Testing logNormal[M=1.1852914667276622 S=2.3437136693756133].pdf(1.7725652996006176)
Testing logNormal[M=1.6892846274612534 S=2.1083535269509746].pdf(1.955571079578053)
Testing logNormal[M=2.7311867803953795 S=8.296774070324073].pdf(0.888203894771491)
Testing logNormal[M=2.662081432102358 S=4.639894650446266].pdf(2.0644718618402758)
Testing logNormal[M=-3.6708482710598576 S=3.099801195580044].pdf(2.0455509030783614)
Testing logNormal[M=3.290633064262021 S=8.589440563812296].pdf(0.2266139262028453)
Testing logNormal[M=3.390670454088381 S=4.168488000299721].pdf(0.861050873701151)
Testing logNormal[M=0.9269689222545043 S=2.444334225893361].pdf(1.5297896944376739)
Testing logNormal[M=-3.821419064273969 S=2.905738802173893].pdf(2.2938507938550408)
Testing logNormal[M=-4.187050204721469 S=5.281649922800797].pdf(1.5185177024589347)
Testing logNormal[M=2.8978684178815373 S=8.877220099997857].pdf(1.1045753318972136)
Testing logNormal[M=3.4412040465517624 S=5.616995391695131].pdf(1.6883769924066012)
Testing logNormal[M=-3.4624260985667785 S=0.9732113755495431].pdf(1.315272609338423)
Testing logNormal[M=-3.779630136201375 S=0.5704936945796613].pdf(2.1882898039866796)
Testing logNormal[M=-2.826726968294909 S=5.933476607064127].pdf(1.5542325140739244)
Testing logNormal[M=-3.0098049562288054 S=9.483074812778788].pdf(0.9238253737241157)
Testing logNormal[M=1.6888573222238534 S=8.915951801669927].pdf(1.6749946664407693)
Testing logNormal[M=-2.8864180188106636 S=6.578869996826075].pdf(2.0639080203772475)
Testing logNormal[M=-3.7750311820480844 S=3.3488278083381817].pdf(2.297331608436931)
Testing logNormal[M=-3.758325186530592 S=9.250893392890102].pdf(2.084288554468403)
Testing logNormal[M=1.5657842208383501 S=0.5141078076790317].pdf(2.1827323692638307)
Testing logNormal[M=0.7424470047975547 S=1.6379343973416183].pdf(1.0638159017396096)
Testing logNormal[M=0.23328583116478185 S=1.5009117214268641].pdf(2.149470334253878)
Testing logNormal[M=3.918588915517507 S=4.173869685140624].pdf(0.07941120574101677)
Testing logNormal[M=-2.4210396753100394 S=5.882946341671524].pdf(2.2215700002444336)
Testing logNormal[M=-0.7702204527385179 S=7.295231653726675].pdf(2.126346762312769)
Testing logNormal[M=-3.067182157883246 S=2.1632443572912132].pdf(2.2837418227552395)
Testing logNormal[M=4.214709167837395 S=6.771869279272216].pdf(2.280735778952454)
Testing logNormal[M=0.9027743735031226 S=4.136132923097434].pdf(1.8410644941874907)
Testing logNormal[M=-0.674675642063713 S=1.9406114654752316].pdf(0.40115815077372535)
Testing logNormal[M=0.2032372242689009 S=5.939590766931825].pdf(1.9800653095955802)
Testing logNormal[M=-1.7048848819650821 S=9.1234181798688].pdf(1.6488194586949438)
Testing logNormal[M=-1.41717062442157 S=3.684825193114939].pdf(1.8915957119519378)
Testing logNormal[M=3.2260026392362633 S=3.517595226687227].pdf(1.678185263043785)
Testing logNormal[M=-2.5459629437868014 S=6.136185287785506].pdf(1.9212977706815924)
Testing logNormal[M=-0.6170465824469495 S=8.11116040961273].pdf(0.6526330178219438)
Testing logNormal[M=-0.15430703886235086 S=9.197505661702657].pdf(0.45801978837702684)
Testing logNormal[M=-0.5847036202144125 S=5.7008085924254885].pdf(2.3009722740976626)
Testing logNormal[M=-3.8125536706356957 S=6.071916434159766].pdf(2.274098316907031)
Testing logNormal[M=-4.353204617869283 S=0.0789756427271393].pdf(2.136139233879353)
Testing logNormal[M=-2.0105271156811657 S=6.679416678467032].pdf(1.9138096308577535)
Testing logNormal[M=2.0883459461835407 S=8.951297238601002].pdf(2.169860446746509)
Testing logNormal[M=-0.8364139359979674 S=4.843607073566417].pdf(0.851824134866944)
Testing logNormal[M=-1.3125078688881509 S=3.9216613938988387].pdf(0.6584936959518533)
Testing logNormal[M=2.225231130928517 S=1.4681869534099523].pdf(1.8011617508543183)
Testing logNormal[M=3.2663200201031355 S=0.9332563227696988].pdf(2.265144864713032)
Testing logNormal[M=-1.6800169038237254 S=3.4561443115898385].pdf(2.1794846001893515)
Testing logNormal[M=-1.1890750322021604 S=8.593344210363759].pdf(2.1418963561962245)
Testing logNormal[M=-4.447731703165961 S=6.489780227995937].pdf(2.2180314647970105)
Testing logNormal[M=-2.0723926186385553 S=6.76864670296675].pdf(1.4632268676759168)
Testing logNormal[M=0.7959676912064184 S=0.46631954554900434].pdf(2.0170006942971535)
Testing logNormal[M=3.0079816477270676 S=5.367561134011266].pdf(1.9836314322926576)
Testing logNormal[M=1.5929951036942462 S=7.819143281816791].pdf(1.8934629320291383)
Testing logNormal[M=1.0507938715626306 S=4.1940857341216695].pdf(0.7050897807643101)
Testing logNormal[M=-0.8277557714549832 S=1.064636857976512].pdf(2.248963994289687)
Testing logNormal[M=0.24472252455027377 S=1.7542292237295554].pdf(2.2449481431602036)
Testing logNormal[M=2.541631454875369 S=8.584062596873936].pdf(2.1946872281071546)
Testing logNormal[M=0.8647711016127442 S=0.7254254366396351].pdf(1.2995683819142165)
Testing logNormal[M=0.23319272608046226 S=9.232234488427286].pdf(0.9039924065570563)
Testing logNormal[M=3.284843251777591 S=3.988474722652753].pdf(0.6050105040718352)
Testing logNormal[M=-1.9530212135255445 S=2.182385401426199].pdf(1.8515773843152556)
Testing logNormal[M=-1.0607831395106917 S=0.4139367286335316].pdf(2.047631581525978)
Testing logNormal[M=2.194220412550143 S=9.260455341575383].pdf(1.8153349113729838)
Testing logNormal[M=-3.176818571780241 S=8.45357205518557].pdf(2.25720184450679)
Testing logNormal[M=0.9530381244520028 S=1.6518998717998945].pdf(1.6025218094366007)
Testing logNormal[M=-4.975921923868471 S=6.694042335938878].pdf(1.483592256609199)
Testing logNormal[M=-4.491503725203234 S=6.821368483565334].pdf(1.1641376398874828)
Testing logNormal[M=4.284997070841399 S=1.4668949484396587].pdf(1.6793842952762883)
Testing logNormal[M=-1.1611921619372687 S=1.4846347064312315].pdf(2.048928022466528)
Testing logNormal[M=0.17604941482706948 S=7.515248694379392].pdf(0.07624346540525034)
Testing logNormal[M=2.799950934586496 S=9.909401093118168].pdf(1.4867467758214419)
Testing logNormal[M=4.724872476436969 S=0.37424993013385643].pdf(1.5591688359877176)
Testing logNormal[M=0.6322112583040473 S=6.528659896606156].pdf(1.7964742281891615)
Testing logNormal[M=1.2122943577705758 S=1.4436603379776791].pdf(2.232372600833851)
Testing logNormal[M=1.7470397540847333 S=2.5021821648532736].pdf(2.1466145964024506)
Testing logNormal[M=4.954737098805449 S=9.99238484237519].pdf(1.823729742343734)
Testing logNormal[M=-3.5651467844867324 S=4.811660108911805].pdf(2.2846360788462623)
Testing logNormal[M=4.228314359635412 S=3.294274069337292].pdf(1.4565305241867748)
Testing logNormal[M=4.722901159941035 S=9.595073506259947].pdf(0.699096402410503)
Testing logNormal[M=-1.6943350850656689 S=3.638645403755488].pdf(0.3565717311892729)
Testing logNormal[M=-1.622656814623249 S=6.58775540031007].pdf(1.5055658319806682)
Testing logNormal[M=-1.012315017861031 S=4.953904762254433].pdf(1.4963001183102127)
Testing logNormal[M=2.228769070551496 S=0.8935455891233379].pdf(1.954270241458461)
Testing logNormal[M=3.353160892497611 S=3.749267663858802].pdf(1.1039066515829399)
Testing logNormal[M=-1.7469479249991582 S=7.114326659594915].pdf(2.1422166302484564)
Testing logNormal[M=-2.963109230605826 S=5.74869676233524].pdf(1.1432238457811248)
Testing logNormal[M=4.762541373968187 S=4.2806988034439595].pdf(1.4692238967688125)
Testing logNormal[M=2.4307237295466937 S=2.1799642463970104].pdf(2.1960992092989136)
Testing logNormal[M=-0.9351806314539344 S=5.479569146720246].pdf(1.4795947726820133)
Testing logNormal[M=-1.9748098938995442 S=2.4272089573389333].pdf(2.15686747329644)
Testing logNormal[M=-4.572561409126516 S=3.430220347955233].pdf(1.782559086718171)
Testing logNormal[M=-0.7195329032639943 S=8.295410366408243].pdf(2.2057103731988668)
Testing logNormal[M=1.7919729930004555 S=1.4215406163459876].pdf(0.9912432250524216)
Testing logNormal[M=-0.14042838745944763 S=7.8582864127875505].pdf(2.155855900417864)
Testing logNormal[M=-0.008675484450822779 S=7.442874151034342].pdf(2.1714423565472383)
Testing logNormal[M=3.8992693306562582 S=3.277575637829717].pdf(2.157833553671932)
Testing logNormal[M=1.6740790297790928 S=5.300145369900719].pdf(2.0846854083532578)
Testing logNormal[M=-1.6838822967665257 S=7.374040782026431].pdf(2.1990517530761666)
Testing logNormal[M=-2.7438201365322943 S=5.613880427629912].pdf(1.9285915896216794)
Testing logNormal[M=2.910495467655167 S=9.839303406388836].pdf(2.278933304914262)
Testing logNormal[M=1.1902339504610655 S=1.6786368628953607].pdf(2.1184590670890553)
Testing logNormal[M=4.872887575673154 S=4.132809891525629].pdf(1.452812179608734)
Testing logNormal[M=0.608203107553722 S=3.456886518890304].pdf(1.5691826341222683)
Testing logNormal[M=4.408268968564888 S=5.832677866391814].pdf(0.5679766295789161)
Testing logNormal[M=1.8272840519410103 S=2.1324786935419846].pdf(1.7692998352921878)
Testing logNormal[M=-0.19839717854087358 S=7.263083525391276].pdf(1.9124098873258968)
Testing logNormal[M=-0.10280873296322124 S=3.5208791447310386].pdf(1.7311278339461504)
Testing logNormal[M=-1.325857638584237 S=1.052995166225873].pdf(1.9078964983869158)
Testing logNormal[M=-0.2539808530450376 S=4.100050568425566].pdf(2.0076341234470174)
Testing logNormal[M=0.5728205473138948 S=8.812563170213089].pdf(2.0845687761560487)
Testing logNormal[M=-0.4440244272801124 S=0.7477533486185961].pdf(2.2039434299289566)
Testing logNormal[M=-0.3766975690907106 S=4.662861381508646].pdf(1.0632607757990367)
Testing logNormal[M=-2.5069497494311577 S=3.2965267085204255].pdf(0.05565768442810494)
Testing logNormal[M=4.438545618316361 S=8.07406468266625].pdf(1.6820276942875547)
Testing logNormal[M=4.994512765167968 S=7.200178645592278].pdf(1.8519380544849766)
Testing logNormal[M=-3.139278175968391 S=2.6425746913156747].pdf(0.7263015062323727)
Testing logNormal[M=3.6221433908877714 S=0.8072963370386843].pdf(2.2630625923450487)
Testing logNormal[M=-0.24110547875227795 S=4.489039582630018].pdf(2.009441214679003)
Testing logNormal[M=-1.3311260255913169 S=8.933514359454204].pdf(2.067388861294691)
Testing logNormal[M=-3.0216100722898043 S=7.6814716221329835].pdf(1.4713040769321832)
Testing logNormal[M=-1.56168588150729 S=3.9534477215768082].pdf(2.106683058181283)
Testing logNormal[M=1.0339790650961405 S=5.989562115635855].pdf(0.5913509991487659)
Testing logNormal[M=4.37117953657742 S=0.38578283788087586].pdf(1.5374207093234251)
Testing logNormal[M=2.3900850419576294 S=8.427400318858906].pdf(1.9656080923598762)
Testing logNormal[M=-1.0565516113247408 S=6.959727573326926].pdf(2.064672377214537)
Testing logNormal[M=-4.189429164807508 S=2.2436019899152706].pdf(0.033336864544797194)
Testing logNormal[M=1.0355306744280899 S=6.115544783208425].pdf(2.0348441473226084)
Testing logNormal[M=-0.054081149163827114 S=8.715347623409338].pdf(1.4177729554618137)
Testing logNormal[M=-3.2503147685005174 S=0.7262277818691787].pdf(2.0285990186439915)
Testing logNormal[M=-1.2653040823627073 S=9.941689308920417].pdf(1.8587497260076908)
Testing logNormal[M=0.9962355041824189 S=2.9359967907368842].pdf(2.0661551953959907)
Testing logNormal[M=-0.18109155816179534 S=7.387932622695522].pdf(2.0470262082854145)
Testing logNormal[M=-0.2392541925770777 S=1.3666728902768255].pdf(0.4587202617454002)
Testing logNormal[M=3.1131620971985683 S=8.533582707927597].pdf(2.130883179331238)
Testing logNormal[M=-1.3096789587717819 S=3.5382568577261617].pdf(2.2478596138911198)
Testing logNormal[M=-1.949467005671921 S=4.450577156856114].pdf(2.104110435409634)
Testing logNormal[M=2.6777625466136925 S=7.763850258563791].pdf(0.6307138950294264)
Testing logNormal[M=-2.832538716156703 S=0.05651011331981204].pdf(1.413994694067066)
Testing logNormal[M=-3.738960454297815 S=5.553638534326026].pdf(2.1360160425146626)
Testing logNormal[M=-2.0083916299517157 S=0.0502610858647079].pdf(1.5109176702640854)
Testing logNormal[M=4.928839708158112 S=6.0408001120576404].pdf(1.7462839449422514)
Testing logNormal[M=4.49316832505874 S=8.312553564134687].pdf(0.9268119701398585)
Testing logNormal[M=-2.1260783570622244 S=4.26321209841681].pdf(1.3347738168812218)
Testing logNormal[M=-2.926615681932919 S=3.088795994256314].pdf(2.003583905106959)
Testing logNormal[M=-4.254418379705383 S=5.098835971777294].pdf(1.2785331163110534)
Testing logNormal[M=4.685511438617972 S=4.062482946566542].pdf(2.262994284954671)
Testing logNormal[M=4.640021336105276 S=4.646362006503264].pdf(1.8872671863376882)
Testing logNormal[M=0.1596702678300419 S=3.734205784831719].pdf(1.213169716555489)
Testing logNormal[M=0.20407011242081374 S=2.134619898663399].pdf(2.274763167195328)
Testing logNormal[M=2.5750965080397616 S=1.0481165118567726].pdf(2.0012167161230283)
Testing logNormal[M=-1.8540325410026446 S=0.08326530912127872].pdf(1.6555881873852263)
Testing logNormal[M=-4.999789999045186 S=5.537083196183186].pdf(2.0759931813871253)
Testing logNormal[M=1.030264390196792 S=5.033770264728586].pdf(2.2534251716161933)
Testing logNormal[M=-2.172551887748939 S=3.706522811499723].pdf(1.9536958775733413)
Testing logNormal[M=3.9796734644692613 S=3.3305012255186686].pdf(1.9493184281368636)
Testing logNormal[M=-1.7235530088934334 S=2.4129097721408588].pdf(2.0838808379192724)
Testing logNormal[M=4.065969076525102 S=6.843883097046541].pdf(1.3743454942508235)
Testing logNormal[M=-3.433177337651181 S=3.921226495878286].pdf(0.5398265851579064)
Testing logNormal[M=-3.4927894859949182 S=3.562469287734178].pdf(2.247939154420647)
Testing logNormal[M=1.8977211972875576 S=5.460550786191678].pdf(0.5316291050756937)
Testing logNormal[M=-4.574119144286909 S=7.656904287698364].pdf(0.0729061609942397)
Testing logNormal[M=-2.184291301082758 S=6.386484056425776].pdf(1.567205408554226)
Testing logNormal[M=-0.28061517985293083 S=2.188528338662461].pdf(1.6895242384213942)
Testing logNormal[M=-0.6940711605606822 S=1.293956138957646].pdf(1.6087633424143069)
Testing logNormal[M=3.8631409141850703 S=7.851167684580299].pdf(1.8152999577456943)
Testing logNormal[M=3.554220318567957 S=9.368864484926346].pdf(1.8352009950541222)
Testing logNormal[M=2.2583835515690716 S=7.670978712568347].pdf(2.2636440475911312)
Testing logNormal[M=1.0609755631334936 S=1.0451080712691918].pdf(1.9656593284034596)
Testing logNormal[M=4.540893227169109 S=6.987758808341176].pdf(2.109198271475527)
Testing logNormal[M=-2.502605385191937 S=2.8588521099644404].pdf(2.28566248907513)
Testing logNormal[M=4.517164551893645 S=7.397267847891127].pdf(1.1349630285354435)
Testing logNormal[M=-1.9681237991808231 S=8.368688517789142].pdf(0.21295662275383162)
Testing logNormal[M=2.955371307305067 S=2.1801776312269983].pdf(1.7643660397694774)
Testing logNormal[M=0.40943422394193085 S=9.255230626047844].pdf(2.274013593506234)
Testing logNormal[M=-1.3629341229838454 S=7.268689835607891].pdf(2.1404359897315346)
Testing logNormal[M=-4.132084512089522 S=8.870482712693663].pdf(1.4640102945017575)
Testing logNormal[M=1.3049429362181186 S=4.850419211194544].pdf(2.015721307202953)
Testing logNormal[M=0.19286082212082523 S=3.0694953304118355].pdf(1.836368120341187)
Testing logNormal[M=-3.673911753435457 S=5.608622962959747].pdf(1.8277903857314772)
Testing logNormal[M=-0.5738977961399971 S=6.4770706524588935].pdf(2.053236226358157)
Testing logNormal[M=-0.31950325264601 S=0.006813935688083639].pdf(1.9540158037074933)
Testing logNormal[M=-4.775799771114992 S=6.9156975397775735].pdf(1.8790558405482871)
Testing logNormal[M=4.8604043501606125 S=6.516710967921444].pdf(1.8790769092769408)
Testing logNormal[M=1.7850885798149996 S=7.275954782299228].pdf(2.1298617539873157)
Testing logNormal[M=-3.1623216009287756 S=8.167275265025939].pdf(0.41155669627025054)
Testing logNormal[M=-3.046257642943677 S=7.922450011592328].pdf(2.1270930753205533)
Testing logNormal[M=-0.20041486841927458 S=7.763510310703162].pdf(1.2751091639304528)
Testing logNormal[M=-3.576630544848207 S=7.10676832677496].pdf(1.8120938279996277)
Testing logNormal[M=2.5216217449632854 S=6.813586317268178].pdf(1.5808918527445934)
Testing logNormal[M=-0.037910482598848105 S=2.745476278153193].pdf(0.5835869885205297)
Testing logNormal[M=-0.7375531683067704 S=1.280186234595737].pdf(0.2516517749261568)
Testing logNormal[M=0.6445952388422036 S=3.4877718487814247].pdf(1.767995802735898)
Testing logNormal[M=0.08212720333766388 S=2.5383235350343423].pdf(2.2612196710887558)
Testing logNormal[M=4.478130801910931 S=8.301648239064889].pdf(1.4451496591718098)
Testing logNormal[M=-3.0485760159270123 S=8.590931631950433].pdf(1.8120700397815128)
Testing logNormal[M=-2.8080119726559696 S=7.053844072313852].pdf(1.8288869855647532)
Testing logNormal[M=1.1369096573729278 S=0.3205962057891143].pdf(1.1344444040628112)
Testing logNormal[M=2.825146986783791 S=4.59897811153048].pdf(1.4905202280188177)
Testing logNormal[M=-1.8021558963406625 S=8.605729142919815].pdf(2.189701050524512)
Testing logNormal[M=-1.2483003210554742 S=0.8352887600021652].pdf(1.0002238964658554)
Testing logNormal[M=-3.017650359841537 S=4.606299275020731].pdf(1.0135964269312756)
Testing logNormal[M=-1.5331334654113524 S=6.256779543253767].pdf(1.4795370338932137)
Testing logNormal[M=-0.750552150327751 S=4.149387455052116].pdf(1.3336720445221801)
Testing logNormal[M=2.699023265586691 S=2.7597842970834954].pdf(2.076262030819092)
Testing logNormal[M=3.9314443095644265 S=5.0342040973852695].pdf(1.1719170914628134)
Testing logNormal[M=-4.027908186901254 S=7.183094487333524].pdf(1.9566221296558748)
Testing logNormal[M=3.4570544580619327 S=3.4685870498990266].pdf(2.2996324687298273)
Testing logNormal[M=-0.6348073201987647 S=0.3840502662321976].pdf(1.2043064372731496)
Testing logNormal[M=3.2969823085231713 S=8.406582590926758].pdf(1.5102406091340659)
Testing logNormal[M=-3.998882310194837 S=6.197966705325113].pdf(0.46680349471207505)
Testing logNormal[M=-4.271858152907242 S=8.68159142855558].pdf(1.6286397144708071)
Testing logNormal[M=-2.749820936508709 S=6.28164426049589].pdf(1.3787380328980108)
Testing logNormal[M=3.3376834120185492 S=0.16531443001067903].pdf(1.2135987627172657)
Testing logNormal[M=-3.9476585092492975 S=1.1108007780413864].pdf(2.021269688418353)
Testing logNormal[M=-3.7544910872850066 S=1.1325170654272454].pdf(1.5584951165051237)
Testing logNormal[M=-4.990192961783386 S=5.178933494417249].pdf(1.995148728064097)
Testing logNormal[M=0.9595372617949804 S=2.3457077947703486].pdf(2.0986487079500695)
Testing logNormal[M=3.4937623735644987 S=0.8721696357109399].pdf(1.4451821941773078)
Testing logNormal[M=3.6529024830673773 S=0.0251762015867385].pdf(0.12007382972056092)
Testing logNormal[M=-3.2247955565218813 S=7.45086400540522].pdf(1.3998028953216435)
Testing logNormal[M=-3.4330481480316797 S=9.19170386785779].pdf(2.0813674653610637)
Testing logNormal[M=-3.0455043532282264 S=5.835494284142656].pdf(2.2904625145674173)
Testing logNormal[M=0.31141308518309785 S=6.076288929639869].pdf(2.1029553644369887)
Testing logNormal[M=4.780897203839109 S=0.4711426281024167].pdf(2.2326478456357752)
Testing logNormal[M=-2.9855102332092462 S=2.303979097566291].pdf(1.6087924927785002)
Testing logNormal[M=3.0119294323963395 S=5.5366641819735785].pdf(1.2074965083238454)
Testing logNormal[M=-4.933549299091345 S=7.030551232972449].pdf(0.8424463392092316)
Testing logNormal[M=1.8468603634729739 S=4.705239982736492].pdf(0.9336000250701693)
Testing logNormal[M=0.6531930993687354 S=5.378269402431459].pdf(1.1906128104429712)
Testing logNormal[M=-4.4589607417744315 S=5.795829800461237].pdf(2.1328149310942797)
Testing logNormal[M=3.5704000512597 S=3.835029015369873].pdf(1.4164787843090152)
Testing logNormal[M=-0.7753427439093361 S=7.382844098484018].pdf(1.5962017415203866)
Testing logNormal[M=-1.1062674496828828 S=4.433104384599363].pdf(1.5985056091585537)
Testing logNormal[M=2.5563972135346456 S=0.3740406779483396].pdf(0.8669847221664428)
Testing logNormal[M=-0.09268025341824426 S=0.28147679718211527].pdf(2.1686120998079073)
Testing logNormal[M=4.165527757910223 S=3.726913164108181].pdf(2.2152639936562886)
Testing logNormal[M=1.8887867101484463 S=4.579195521933518].pdf(2.027916757449158)
Testing logNormal[M=2.95050849044744 S=9.316643486057904].pdf(1.2295971506761876)
Testing logNormal[M=-0.49190463475908075 S=9.954307491896202].pdf(1.9783337037548918)
Testing logNormal[M=1.2161274604577166 S=1.3423947844823347].pdf(0.46391808398927514)
Testing logNormal[M=1.0531035475471668 S=4.954141462627516].pdf(0.48677148553018895)
Testing logNormal[M=3.905003686620942 S=4.742746670498791].pdf(2.010188065800372)
Testing logNormal[M=-1.517171203707278 S=9.680369003630245].pdf(1.2900051445108767)
Testing logNormal[M=-0.3661078562568161 S=0.6647873826362982].pdf(1.7130782255449077)
Testing logNormal[M=-1.1132362297988783 S=8.419782568764333].pdf(2.2788600038956486)
Testing logNormal[M=1.955350060240331 S=3.7518008939044334].pdf(2.2015502825671183)
Testing logNormal[M=3.823994869351351 S=7.383644391247394].pdf(1.1332492616058902)
Testing logNormal[M=-0.5551728717318785 S=3.3867265959992365].pdf(2.1733367500509027)
Testing logNormal[M=-4.815482926344666 S=1.0156740494457783].pdf(2.1428018978256023)
Testing logNormal[M=-0.7577774019561359 S=6.18400715977871].pdf(2.2050119495814346)
Testing logNormal[M=-1.4904278426293116 S=1.0250735434870273].pdf(2.2338211144491007)
Testing logNormal[M=-0.581134175687918 S=7.58182627011532].pdf(0.7848521971661818)
Testing logNormal[M=1.8131767861501817 S=8.697955153311996].pdf(2.2655893282433848)
Testing logNormal[M=1.6322395069850906 S=4.956214915751743].pdf(1.7429746869390412)
Testing logNormal[M=1.1204453031657433 S=2.4122889131640135].pdf(2.1626392497210865)
Testing logNormal[M=-0.9192488217757617 S=1.4312513721366804].pdf(1.7806985240661695)
Testing logNormal[M=2.1165841476231577 S=2.458037433877147].pdf(1.7628635621577442)
Testing logNormal[M=-0.8952614361354039 S=6.51471511646974].pdf(0.40371483944276343)
Testing logNormal[M=-0.359563625107989 S=6.414536192607275].pdf(1.3188751399836798)
Testing logNormal[M=2.8909590255799733 S=4.855882807610535].pdf(2.016352700889886)
Testing logNormal[M=4.899374104425467 S=8.228791076216789].pdf(1.8775879658611165)
Testing logNormal[M=-1.7763599685094853 S=8.143765810235333].pdf(2.121897847870525)
Testing logNormal[M=-2.507237882210859 S=6.641850066285011].pdf(1.6432770801525356)
Testing logNormal[M=-0.6772310961758023 S=7.139307174635517].pdf(1.2846016371519589)
Testing logNormal[M=-3.1746102101536025 S=2.9676367306015274].pdf(1.688320764826719)
Testing logNormal[M=2.886937350601684 S=9.44013910959222].pdf(1.873867462200444)
Testing logNormal[M=-2.206000190360866 S=2.3483692162621725].pdf(1.73280478976422)
Testing logNormal[M=3.351223223516941 S=7.291137595447232].pdf(0.6974610413139982)
Testing logNormal[M=-3.9050429105090414 S=4.51529063704111].pdf(1.86775086847732)
Testing logNormal[M=-2.0685645012057874 S=7.2449602226376575].pdf(2.2994463555354465)
Testing logNormal[M=2.2349486924881656 S=1.524562384425755].pdf(2.112125881204549)
Testing logNormal[M=3.7979281797332956 S=9.377368685241043].pdf(1.7166636400841735)
Testing logNormal[M=0.39278165085208183 S=8.720504026284406].pdf(1.1114112400591907)
Testing logNormal[M=0.5663690212233421 S=9.919128054768683].pdf(2.2254314716490446)
Testing logNormal[M=1.1866108896800132 S=6.89020296869785].pdf(1.8013950172375297)
Testing logNormal[M=0.04484285863461679 S=5.011584867016601].pdf(1.769615013982555)
Testing logNormal[M=-3.9920307856447557 S=9.486748831463212].pdf(1.8426994939750097)
Testing logNormal[M=-4.284880790033463 S=3.0345697391893167].pdf(1.864752262744002)
Testing logNormal[M=-3.1888808911462796 S=6.660410542620045].pdf(0.7680570331443514)
Testing logNormal[M=0.946702648223436 S=1.4647296471166082].pdf(1.476514338434418)
Testing logNormal[M=-3.9997139777977297 S=7.217681321575435].pdf(1.1745121332662967)
Testing logNormal[M=-3.190826366835787 S=9.443736596117885].pdf(1.893217855896643)
Testing logNormal[M=2.3263969487760816 S=2.951965229679093].pdf(2.223808920681286)
Testing logNormal[M=-2.3183284091776457 S=7.790616627620619].pdf(0.2035072720578101)
Testing logNormal[M=1.9972204827815512 S=3.3358968892676453].pdf(2.143448838562702)
Testing logNormal[M=-4.3074917139565985 S=1.336895989138095].pdf(2.261747577075677)
Testing logNormal[M=-1.5011847219186825 S=1.673042455179501].pdf(1.2306493536719443)
Testing logNormal[M=3.3102459753864757 S=2.990496037276722].pdf(2.155772946202667)
Testing logNormal[M=0.7181918675846628 S=4.435815076288004].pdf(1.129422014519382)
Testing logNormal[M=4.845723320790437 S=3.7939236289214486].pdf(1.9942702300422697)
Testing logNormal[M=0.8630061182135096 S=0.9591874562035019].pdf(1.769733764689066)
Testing logNormal[M=1.6877261109684856 S=1.6138590742002146].pdf(1.718138576609886)
Testing logNormal[M=-1.1868538447125818 S=5.909585684497608].pdf(1.632485262276745)
Testing logNormal[M=-0.33130072351550055 S=2.345349675435313].pdf(2.226124425695945)
Testing logNormal[M=0.5776675269481943 S=5.942490181978427].pdf(2.191807300871116)
Testing logNormal[M=-3.8850385443515014 S=6.254605240703998].pdf(1.2733285721893206)
Testing logNormal[M=0.631653901186942 S=4.7980911426902].pdf(1.1954914402361885)
Testing logNormal[M=3.6623098912825256 S=5.022553678009489].pdf(0.6585100564803887)
Testing logNormal[M=0.04628912533909535 S=0.7465593897342704].pdf(2.0352901923848274)
Testing logNormal[M=-2.912443968907109 S=2.1814833229352706].pdf(0.11813908394333181)
Testing logNormal[M=-0.846527240226683 S=7.023961887749727].pdf(1.910133212513128)
Testing logNormal[M=4.500870857958578 S=6.046437373567919].pdf(1.199280422080854)
Testing logNormal[M=-2.408433566101685 S=6.42509493962711].pdf(0.40262868871607704)
Testing logNormal[M=-2.852397085042464 S=2.831929217754495].pdf(1.686736159821611)
Testing logNormal[M=2.767992050961883 S=5.237799550099124].pdf(0.41937791977491695)
Testing logNormal[M=3.572771925880499 S=4.38066355774454].pdf(0.17100150378048415)
Testing logNormal[M=4.9511240220316175 S=5.167137912626164].pdf(1.4192842936783336)
Testing logNormal[M=2.32888048546158 S=0.07718976090335672].pdf(2.03843983637887)
Testing logNormal[M=-0.5281188522081308 S=8.21450517027294].pdf(1.248344071869607)
Testing logNormal[M=-1.0666730058573695 S=6.268010440165494].pdf(1.8848293178947344)
Testing logNormal[M=1.015513277340423 S=2.2330295501034514].pdf(0.1979717920070943)
Testing logNormal[M=-4.391126921039119 S=2.800846493884136].pdf(0.9642647337604741)
Testing logNormal[M=2.133668902506991 S=4.832462620905652].pdf(1.716654569615538)
Testing logNormal[M=4.050582796954389 S=9.28663455594998].pdf(1.9504871255225296)
Testing logNormal[M=-0.5820817871974668 S=4.969044327534427].pdf(2.051446880289567)
Testing logNormal[M=3.6331548186179887 S=4.379371537382577].pdf(1.7716565186710935)
Testing logNormal[M=0.31934069783300956 S=9.97769818701402].pdf(0.0788917236726373)
Testing logNormal[M=-0.394762833646249 S=8.132779725740555].pdf(0.9000117068394627)
Testing logNormal[M=-1.5585393276721868 S=9.583819677226753].pdf(1.4257094187488053)
Testing logNormal[M=4.180747180617782 S=0.42127422028726436].pdf(2.1764558108681467)
Testing logNormal[M=-2.951104714155183 S=1.7623752725938047].pdf(1.8619155950157529)
Testing logNormal[M=-4.52392062139783 S=3.9932163881759197].pdf(2.2246453159889628)
Testing logNormal[M=-3.190547495156666 S=6.812315493740035].pdf(0.5926108968293539)
Testing logNormal[M=1.1509251248167054 S=2.123943290506598].pdf(2.146291543750704)
Testing logNormal[M=-0.1984065603713976 S=9.989962737930732].pdf(1.7269431131796005)
Testing logNormal[M=-3.2717885582105435 S=5.867853567682345].pdf(1.148634672117589)
Testing logNormal[M=-2.9928917071372254 S=9.176753788804579].pdf(1.7585390143061823)
Testing logNormal[M=-0.41073924044003096 S=5.617474688932903].pdf(0.9828363839204963)
Testing logNormal[M=3.1936576209389838 S=2.998739297034283].pdf(2.2394244587734153)
Testing logNormal[M=-2.8831032191109407 S=3.2754472238496146].pdf(0.6824363899074167)
Testing logNormal[M=-4.3057403460765045 S=5.7344854529002465].pdf(1.5029794209491347)
Testing logNormal[M=0.18390886737653656 S=8.380102772022523].pdf(1.8932407164889722)
Testing logNormal[M=4.638060910413666 S=8.03607889633682].pdf(1.8056552284757243)
Testing logNormal[M=0.8759002305842598 S=0.43097580380524025].pdf(1.8985002695805053)
Testing logNormal[M=1.3986877670315394 S=9.32917473315526].pdf(1.9095340712705406)
Testing logNormal[M=0.8417325127138788 S=4.703349171882634].pdf(0.3487434601945138)
Testing logNormal[M=-1.2474532942134453 S=7.1087510204099145].pdf(0.9957287115184492)
Testing logNormal[M=-4.572289443941557 S=0.02400050774138962].pdf(1.6907237056783808)
Testing logNormal[M=-2.9838430259554647 S=4.9166827377017865].pdf(1.6879034226520007)
Testing logNormal[M=-0.701859502431077 S=6.729353550044173].pdf(1.2981274337782251)
Testing logNormal[M=3.3663798891552847 S=3.499274709339557].pdf(1.5309192965895826)
Testing logNormal[M=4.549900249117471 S=5.941226356436877].pdf(1.7956125954413469)
Testing logNormal[M=0.049764342399863715 S=3.4846508191922956].pdf(1.6263725691721012)
Testing logNormal[M=-3.8184242156347024 S=2.5306023585555835].pdf(0.9507244704138588)
Testing logNormal[M=4.648093459786688 S=5.288973700655233].pdf(0.12896482808210522)
Testing logNormal[M=-0.4094526188347096 S=2.9229980789648433].pdf(0.004884286632535893)
Testing logNormal[M=4.127725308152311 S=9.255487459561833].pdf(1.946003413632267)
Testing logNormal[M=-2.6410032672024606 S=5.977880550819867].pdf(1.63279548177359)
Testing logNormal[M=-2.9056782290640326 S=5.4537258736186836].pdf(2.255305229438255)
Testing logNormal[M=-4.825068482077681 S=6.905890585539653].pdf(1.2277957830301995)
Testing logNormal[M=-3.333478274450111 S=8.623890160316659].pdf(2.1811704576100976)
Testing logNormal[M=-3.8134512368130036 S=4.007714277474567].pdf(1.023331459789441)
Testing logNormal[M=-4.002561891772874 S=1.391917008373006].pdf(2.2486155811434125)
Testing logNormal[M=-3.1645383412473094 S=3.022073407476369].pdf(0.41225718204575823)
Testing logNormal[M=0.20927381806457213 S=4.345001201652503].pdf(1.801083725108447)
Testing logNormal[M=4.6303123637371595 S=6.372536255397268].pdf(0.4702465991867211)
Testing logNormal[M=1.976973336872307 S=3.3656508585693077].pdf(2.0611177749173346)
Testing logNormal[M=4.270281295490685 S=1.1504049477542322].pdf(1.9309674631283251)
Testing logNormal[M=2.7011100639627 S=7.824012223273341].pdf(0.7791264527805097)
Testing logNormal[M=-3.377148801072943 S=8.330411817425706].pdf(0.8138963904089148)
Testing logNormal[M=1.1490882457827851 S=9.710062903421283].pdf(1.380050801924802)
Testing logNormal[M=-3.1565880391486045 S=3.5646248222100585].pdf(1.535723820061743)
Testing logNormal[M=2.3899966107693533 S=0.6578950792224447].pdf(2.1055005111694562)
Testing logNormal[M=-4.393543527429607 S=8.808344194102908].pdf(2.0031997282991147)
Testing logNormal[M=3.492315552296226 S=2.9229649863157805].pdf(1.6805092252537723)
Testing logNormal[M=3.813728483763345 S=3.4618148675690574].pdf(1.6435539060991535)
Testing logNormal[M=4.7892717563659595 S=4.067548119035228].pdf(1.0021080972268688)
Testing logNormal[M=-0.39031201450006403 S=2.9471488791304057].pdf(2.2451802042683715)
Testing logNormal[M=1.6522177315366102 S=6.476249908159945].pdf(1.8210589793056824)
Testing logNormal[M=-4.14889925469052 S=0.9641705063086314].pdf(2.2560170010106537)
Testing logNormal[M=0.6379372651539317 S=9.318825231748049].pdf(2.027264965992506)
Testing logNormal[M=4.714584375746389 S=2.8417252007086446].pdf(2.18370335818601)
Testing logNormal[M=-2.9927803843839538 S=5.883382240769334].pdf(0.9724595666207981)
Testing logNormal[M=3.971444890241658 S=5.650850657123426].pdf(0.903455766159428)
Testing logNormal[M=-2.665806798831584 S=3.7196867645001097].pdf(0.028334281234979174)
Testing logNormal[M=0.9197410249503291 S=3.270351175853188].pdf(2.1534157994162895)
Testing logNormal[M=1.0922672022649804 S=8.378879508646998].pdf(2.256248818987642)
Testing logNormal[M=-3.9353694317057153 S=4.059776024551879].pdf(1.877228320909266)
Testing logNormal[M=0.05035807214449228 S=4.573311068867544].pdf(1.531218145527684)
Testing logNormal[M=0.8343267438877806 S=1.6692707371781257].pdf(0.7809195983705544)
Testing logNormal[M=-3.3644895966348365 S=2.1639644845075043].pdf(1.912223114099628)
Testing logNormal[M=3.5543357868568783 S=6.02844161305495].pdf(0.7076141807295058)
Testing logNormal[M=-0.9632118163593519 S=5.493092365012058].pdf(1.2148993343756693)
Testing logNormal[M=-1.3890672412027492 S=6.957687960554553].pdf(1.9365577525546345)
Testing logNormal[M=-3.826559289611252 S=2.269466752480337].pdf(1.7619802062840253)
Testing logNormal[M=4.350351592392515 S=7.588331485436525].pdf(1.8385937387998808)
Testing logNormal[M=1.6749609516321717 S=1.6954673022494315].pdf(2.121713848197123)
Testing logNormal[M=-1.9581876185368308 S=7.444754927802677].pdf(2.0773603286172544)
Testing logNormal[M=-1.2184183932931782 S=6.653484106950872].pdf(1.057461087788768)
Testing logNormal[M=2.8365393806334698 S=1.6837821905547201].pdf(1.4725445130404728)
Testing logNormal[M=-1.1516137987213115 S=2.9630433190896186].pdf(2.1307548139383066)
Testing logNormal[M=-4.664479118752659 S=8.570016274416727].pdf(0.9139255501219162)
Testing logNormal[M=-2.0516611927798123 S=6.5970971592709615].pdf(2.2967763378025143)
Testing logNormal[M=-0.2466485888051455 S=9.878779295220632].pdf(1.8318679341556603)
Testing logNormal[M=1.1571348453620587 S=1.6789807638645449].pdf(1.022720125068959)
Testing logNormal[M=1.2525165688069766 S=5.732696832061874].pdf(1.865295679550983)
Testing logNormal[M=4.7579428612531345 S=7.606700999817831].pdf(1.1493982934663676)
Testing logNormal[M=-4.656865869202555 S=2.0706638153562085].pdf(1.5705821202903711)
Testing logNormal[M=2.533328978371891 S=2.5511354367880656].pdf(2.272101305295262)
Testing logNormal[M=1.3408282950626287 S=0.9192870550914722].pdf(1.8607430034938734)
Testing logNormal[M=-4.306727309480482 S=6.99342926349805].pdf(0.37493908976963425)
Testing logNormal[M=-1.9530542215779656 S=4.596306552193967].pdf(0.9080237549999824)
Testing logNormal[M=3.7286747920561822 S=9.951316232681787].pdf(0.2575194684556812)
Testing logNormal[M=3.0504792401664247 S=7.860191007686346].pdf(1.7755039325104358)
Testing logNormal[M=0.6255943324300963 S=6.89935261954213].pdf(2.0365515772691443)
Testing logNormal[M=-4.846282514419561 S=3.4301921950837135].pdf(1.952487488466895)
Testing logNormal[M=-4.266638517828206 S=6.12485814935941].pdf(2.276116243103234)
Testing logNormal[M=3.6432605720087796 S=7.87765250386364].pdf(1.4654180673992079)
Testing logNormal[M=3.1823166009007604 S=7.15229221961109].pdf(1.0529965082396189)
Testing logNormal[M=2.0331134166795737 S=3.2631357065887387].pdf(0.8751267353286267)
Testing logNormal[M=4.371646776405068 S=9.438772662622776].pdf(0.1943931752419892)
Testing logNormal[M=-3.7440171650270937 S=5.4179742455822115].pdf(1.7746419175782786)
Testing logNormal[M=-1.8511656191176251 S=8.626029675155852].pdf(1.711285828657953)
Testing logNormal[M=0.6731795753289802 S=4.555974658377506].pdf(1.4129073841342812)
Testing logNormal[M=2.1156350255857435 S=2.930270927849193].pdf(2.0345008995618303)
Testing logNormal[M=-2.9637654963295077 S=6.281336196099133].pdf(2.1555499845422754)
Testing logNormal[M=-4.210309681372751 S=0.732580102579955].pdf(2.050404878585386)
Testing logNormal[M=2.784826722392096 S=2.302280534353638].pdf(1.010038480951691)
Testing logNormal[M=-2.2432484718316505 S=4.088271610563103].pdf(1.4631490928249444)
Testing logNormal[M=-3.3780897469820683 S=8.324350288460955].pdf(1.7014946376006794)
Testing logNormal[M=1.0270850267673328 S=2.3170260363035258].pdf(0.8822553752055302)
Testing logNormal[M=3.2724291933145686 S=4.634164847016216].pdf(0.557999501231865)
Testing logNormal[M=3.4418071140837423 S=4.59335635433511].pdf(1.9053416539958512)
Testing logNormal[M=-1.8276327987529593 S=4.470959660001309].pdf(2.053911632145005)
Testing logNormal[M=-2.767067539313416 S=3.1169065304353105].pdf(1.0841760950914427)
Testing logNormal[M=-1.9557219401596848 S=8.304199295935996].pdf(0.8555804301876146)
Testing logNormal[M=3.2658185283434022 S=5.810898749574193].pdf(1.1335732608997902)
Testing logNormal[M=-4.055505954705687 S=9.38844185672128].pdf(1.2793308103328844)
Testing logNormal[M=-1.8998937762624521 S=9.622526805103487].pdf(1.2441546270391954)
Testing logNormal[M=3.334218524093897 S=3.2879061894013906].pdf(1.312370069628022)
Testing logNormal[M=4.901191954460586 S=9.954862918217021].pdf(0.9875470084538525)
Testing logNormal[M=3.368192823064673 S=4.2680054673886865].pdf(1.788586984868341)
Testing logNormal[M=-4.47903150910315 S=4.3462118452380025].pdf(1.961191779909339)
Testing logNormal[M=2.8337700835323556 S=7.3058296257488875].pdf(1.3822900130377704)
Testing logNormal[M=3.45750154635358 S=8.261451167686642].pdf(1.182420205600918)
Testing logNormal[M=0.7661044898854428 S=9.036160597473893].pdf(1.5084457282545882)
Testing logNormal[M=1.7726903527923907 S=9.98981406631725].pdf(1.7304949742216482)
Testing logNormal[M=-1.0201148004524265 S=2.148588076458793].pdf(1.4790787517325144)
Testing logNormal[M=4.039749079748313 S=5.1303567348528905].pdf(2.3021565822222576)
Testing logNormal[M=-2.3976348623273616 S=0.16864846537211986].pdf(0.35626300885069756)
Testing logNormal[M=-4.680140753427122 S=2.3007630004242863].pdf(1.56727406071054)
Testing logNormal[M=3.962741631801549 S=5.890896774991572].pdf(2.0585698254291933)
Testing logNormal[M=-4.873540068681056 S=5.512427401763381].pdf(1.5926368182693065)
Testing logNormal[M=-1.9579588363536002 S=7.1608332720445675].pdf(1.5710786016389964)
Testing logNormal[M=-4.715597297238889 S=6.154880085890065].pdf(0.12424294933384183)
Testing logNormal[M=-4.114650649615815 S=7.788857076913014].pdf(1.6886326707744894)
Testing logNormal[M=4.28917558416955 S=3.6297703815288096].pdf(1.8320055463980827)
Testing logNormal[M=4.223328168672291 S=0.7904246277012283].pdf(1.2483547605048453)
Testing logNormal[M=0.68333917734906 S=5.290593677027486].pdf(1.9452144008679624)
Testing logNormal[M=4.989918401726074 S=5.891835218444054].pdf(2.192790078069481)
Testing logNormal[M=-3.331957969808097 S=6.307255682256435].pdf(1.8813047620099916)
Testing logNormal[M=-2.7390502230284675 S=9.69747977602447].pdf(2.2371954163078236)
Testing logNormal[M=-3.0721017116047964 S=1.5782033246344807].pdf(2.2830928477042542)
Testing logNormal[M=-1.7938863281260389 S=7.4045316463451805].pdf(1.313542363118696)
Testing logNormal[M=-3.560947956151501 S=1.2724347028700889].pdf(1.115071285671546)
Testing logNormal[M=2.2465813062758464 S=8.499682372904978].pdf(0.6923603163711366)
Testing logNormal[M=3.84706311461507 S=8.383957059380464].pdf(1.089776420519881)
Testing logNormal[M=-4.216498555312901 S=9.786266745682026].pdf(2.145832180986657)
Testing logNormal[M=4.556219823790487 S=0.6757570141310454].pdf(1.5063191471595185)
Testing logNormal[M=-1.3815534750630611 S=8.394346212074318].pdf(1.2545335722439157)
Testing logNormal[M=4.896652773525199 S=3.401302140472117].pdf(1.9152180023355514)
Testing logNormal[M=-1.995882528875402 S=5.365212682029093].pdf(1.2479586698052478)
Testing logNormal[M=-2.7194156426365943 S=1.5100596202314753].pdf(1.5934545260282387)
Testing logNormal[M=-4.410481269345893 S=8.938181434330023].pdf(0.8344004028996377)
Testing logNormal[M=-3.0066606893946126 S=6.929227205140793].pdf(1.7645962506010022)
Testing logNormal[M=-4.725594490133292 S=1.9831380141456112].pdf(2.1514945937800785)
Testing logNormal[M=-3.2237455167147933 S=4.69537927299737].pdf(2.085403469636313)
Testing logNormal[M=-1.9825478177948783 S=9.18506806841576].pdf(2.008751304126839)
Testing logNormal[M=-4.1157441389756855 S=1.5980997428003374].pdf(1.7243150074866418)
Testing logNormal[M=2.039742947908615 S=2.7911788601476073].pdf(0.4491524020279266)
Testing logNormal[M=-1.7259029798060057 S=4.843426808083931].pdf(1.7631693962717172)
Testing logNormal[M=4.999359189577913 S=9.07679442418338].pdf(1.5066260859309828)
Testing logNormal[M=0.1666295070657089 S=5.596682657033033].pdf(0.4882927740692692)
Testing logNormal[M=-3.934054200000289 S=5.895781470225639].pdf(2.10349763610853)
Testing logNormal[M=4.690796301460177 S=2.0677900854628817].pdf(1.0982337786614267)
Testing logNormal[M=0.696774420665184 S=0.46417316378618234].pdf(2.194988696945325)
Testing logNormal[M=-4.904661385384369 S=4.929886407476712].pdf(2.292891892376653)
Testing logNormal[M=-2.6255620265252286 S=3.9713608480011944].pdf(1.7341115529392461)
Testing logNormal[M=2.8099420225679816 S=3.905454403115034].pdf(1.9559674766291497)
Testing logNormal[M=-0.7881370086567134 S=7.1269717529697285].pdf(0.3726430798229028)
Testing logNormal[M=3.084801854022368 S=6.978900265423443].pdf(2.1599754038578722)
Testing logNormal[M=-3.8856076425424337 S=2.3863180819398213].pdf(2.2106924560061696)
Testing logNormal[M=1.5228852996326996 S=7.439738023783264].pdf(1.4817324328237456)
Testing logNormal[M=3.450991918302025 S=3.204150054198087].pdf(2.245280659897359)
Testing logNormal[M=2.5927049246414597 S=1.3873183657801336].pdf(0.9231962884046774)
Testing logNormal[M=4.012281439192696 S=9.76898997637692].pdf(2.006878381012718)
Testing logNormal[M=4.196662216629841 S=5.946198681684357].pdf(0.8972805704481244)
Testing logNormal[M=-1.3855778616254333 S=9.862595801371453].pdf(2.155012974850325)
Testing logNormal[M=2.547233605235447 S=5.413874206504163].pdf(1.688272332114215)
Testing logNormal[M=0.9834384412943216 S=7.783377950749061].pdf(0.502403292952825)
Testing logNormal[M=3.408067381089422 S=3.3363379964259243].pdf(1.2708508854241045)
Testing logNormal[M=1.1652941713375355 S=0.3458669720025209].pdf(0.7175818022397868)
Testing logNormal[M=2.7188187004400284 S=0.6802418732413629].pdf(0.9696373964897661)
Testing logNormal[M=-4.573370542254808 S=1.4262154649329106].pdf(2.263930933625567)
Testing logNormal[M=-2.8273673042947536 S=1.2522123215610792].pdf(2.20687501591753)
Testing logNormal[M=4.401078569601069 S=6.916822098440832].pdf(2.2573255073902234)
Testing logNormal[M=2.3007008947274743 S=1.9047768615193306].pdf(2.255874114370531)
Testing logNormal[M=-2.2718703753026026 S=3.2465340988756686].pdf(1.4509537635513954)
Testing logNormal[M=2.43964177058648 S=3.9053623116877665].pdf(1.5733600537181882)
Testing logNormal[M=0.5294215492075613 S=8.783762866599737].pdf(2.1082401449499786)
Testing logNormal[M=3.139728320929647 S=4.329146767362037].pdf(1.6810604727916676)
Testing logNormal[M=-4.143553980685919 S=0.42937159685897064].pdf(2.239985977102051)
Testing logNormal[M=1.0525025122644376 S=1.5796433133069376].pdf(2.2916123575813443)
Testing logNormal[M=-3.6151960497411597 S=8.848224645702059].pdf(2.1795633616708074)
Testing logNormal[M=-1.5649309312512303 S=5.455688493717381].pdf(1.8929795024674665)
Testing logNormal[M=2.24812937234614 S=1.482147953748728].pdf(1.207384064087486)
Testing logNormal[M=-3.027914382926814 S=9.970408644870258].pdf(1.532952574374646)
Testing logNormal[M=-2.7429057590524497 S=7.789454848917654].pdf(1.8134535002010133)
Testing logNormal[M=4.978368859851374 S=9.234574609452768].pdf(1.5199224345177311)
Testing logNormal[M=-2.685538625675661 S=3.298882218382743].pdf(2.302570765699558)
Testing logNormal[M=-2.651998615779335 S=5.337704928700997].pdf(1.9895368126154618)
Testing logNormal[M=0.4530942434068077 S=5.859788002950718].pdf(1.5065192091764938)
Testing logNormal[M=-1.4992525915959654 S=4.614913626755332].pdf(2.2576679745312656)
Testing logNormal[M=4.044082729023444 S=9.061891999438988].pdf(1.6860344450834948)
Testing logNormal[M=0.8535416128222826 S=7.77792851813019].pdf(0.8907112073412633)
Testing logNormal[M=2.490014656358679 S=9.513476703438688].pdf(1.651165859389534)
Testing logNormal[M=-4.433591611738005 S=4.842594033537141].pdf(1.2807183376941549)
Testing logNormal[M=4.92893227260404 S=8.529112833623643].pdf(2.1734285880389566)
Testing logNormal[M=2.3166854714205076 S=8.920251537538823].pdf(2.0204924424376225)
Testing logNormal[M=1.643551558155611 S=4.2815425385823405].pdf(1.4158150026941976)
Testing logNormal[M=-4.562266483327924 S=4.8059612313382285].pdf(1.6928144284852766)
Testing logNormal[M=-0.3210587125907063 S=9.820077104359349].pdf(1.4639338121629653)
Testing logNormal[M=2.9910945568319534 S=1.7321063855045071].pdf(1.732840386166645)
Testing logNormal[M=4.382500391374421 S=9.964889037026104].pdf(2.103287766451214)
Testing logNormal[M=-4.4576285349216676 S=6.073125066911253].pdf(0.3150828060132877)
Testing logNormal[M=3.4430333691299673 S=2.0742815020457153].pdf(1.614290191469543)
Testing logNormal[M=-1.5162660249856574 S=0.8103466190885689].pdf(1.6231717350276809)
Testing logNormal[M=1.1907406068616888 S=3.1995037336825796].pdf(2.221704480832081)
Testing logNormal[M=-2.379966377031959 S=7.188630564165205].pdf(1.8792221395031787)
Testing logNormal[M=-4.8402313221457405 S=7.172999681410542].pdf(1.4628954106651486)
Testing logNormal[M=-4.150351295059477 S=0.3412647547331493].pdf(1.6264218806536388)
Testing logNormal[M=-1.9120975610769255 S=5.527195252149657].pdf(1.399146489498172)
Testing logNormal[M=0.09282410662638263 S=1.1532623152373411].pdf(2.013417595736746)
Testing logNormal[M=-4.760466821807236 S=8.379931515986797].pdf(1.7070412727545874)
Testing logNormal[M=3.1485542915139924 S=8.618454845822995].pdf(1.7141910618550915)
Testing logNormal[M=2.5135827305888645 S=5.666113570555305].pdf(1.305264613463903)
Testing logNormal[M=-1.2214856501463545 S=7.786113353954134].pdf(2.0531915709908652)
Testing logNormal[M=-0.11716122690520692 S=8.504441519942].pdf(2.051005912331795)
Testing logNormal[M=0.5837794738904716 S=6.1965375450231].pdf(1.015317516983724)
Testing logNormal[M=3.393670277081938 S=5.101929291314131].pdf(2.2816102619455743)
Testing logNormal[M=4.382624969263343 S=6.566438683836347].pdf(1.734963267824205)
Testing logNormal[M=-3.8396791082914596 S=7.863300334130886].pdf(1.505029964264149)
Testing logNormal[M=-3.746527824885203 S=2.815401063806091].pdf(0.7989336279130673)
Testing logNormal[M=-3.6408885675449087 S=0.4768363338508874].pdf(1.838252822349102)
Testing logNormal[M=-1.792458689037748 S=3.488582946766506].pdf(2.3011983492449115)
Testing logNormal[M=-0.011189068876453767 S=8.137000523078061].pdf(2.0985121927616666)
Testing logNormal[M=4.552942787096141 S=7.4199463366502405].pdf(2.0174284767419883)
Testing logNormal[M=0.18075238135026872 S=0.773598302255426].pdf(1.9606521901627452)
Testing logNormal[M=-0.8271211234081823 S=6.8270057849940695].pdf(0.9977471711756439)
Testing logNormal[M=2.750147320758839 S=3.0557905352506642].pdf(1.8954477909144865)
Testing logNormal[M=-2.1837967072311693 S=8.1347386907225].pdf(2.131937509298824)
Testing logNormal[M=1.0177595797795576 S=8.090402619011607].pdf(0.8891289591220773)
Testing logNormal[M=-4.291821281376666 S=6.496328011451609].pdf(2.160639616704152)
Testing logNormal[M=1.889454850866369 S=9.912267230324005].pdf(2.1645345291865445)
Testing logNormal[M=-1.4785850015233892 S=4.293840467328145].pdf(2.1742739381394687)
Testing logNormal[M=1.893262476100607 S=5.051636008470815].pdf(2.2003312387280225)
Testing logNormal[M=0.10500843186219555 S=8.8736702479389].pdf(1.8545239168018985)
Testing logNormal[M=1.3804005153779606 S=3.153799582345045].pdf(0.6499204126063834)
Testing logNormal[M=-1.1247434921452335 S=4.476773378838532].pdf(1.9761033932312462)
Testing logNormal[M=0.10981503615490329 S=4.61643680593901].pdf(2.1281844977990163)
Testing logNormal[M=2.819485265746514 S=9.377692505310277].pdf(0.9475911075745324)
Testing logNormal[M=-2.9593930121632583 S=4.457648694282728].pdf(0.8931487751694088)
Testing logNormal[M=3.341404412208858 S=1.1495958002099393].pdf(1.3180506672220107)
Testing logNormal[M=4.997630522599076 S=5.241410033423955].pdf(2.28382285724869)
Testing logNormal[M=-0.3547160531214928 S=7.608735811200375].pdf(1.931473697603731)
Testing logNormal[M=2.978903864829279 S=3.425454717483465].pdf(1.3994027338744306)
Testing logNormal[M=1.4204354492735973 S=1.9793883730400752].pdf(1.6272870060163263)
Testing logNormal[M=0.5439135554746288 S=8.686869829025245].pdf(1.9670143616781806)
Testing logNormal[M=-0.7160675642056669 S=0.2833611809898162].pdf(1.9210928721975458)
Testing logNormal[M=-4.791683332640896 S=0.3926710513167708].pdf(0.33572331752392554)
Testing logNormal[M=2.9806149072833943 S=6.054323172318913].pdf(2.2074032603044884)
Testing logNormal[M=-4.765101062837584 S=8.988355467457087].pdf(1.631274212481702)
Testing logNormal[M=1.9805877500322389 S=5.335680491039605].pdf(0.697513028213355)
Testing logNormal[M=2.428741054877772 S=8.100072585755495].pdf(1.9167145230161065)
Testing logNormal[M=2.3062428671844257 S=6.41257048914326].pdf(0.9370329549047237)
Testing logNormal[M=-3.729208518269471 S=4.935874667374632].pdf(2.010805524473557)
Testing logNormal[M=-1.2372034206612348 S=8.485757327200421].pdf(0.8280643746735435)
Testing logNormal[M=4.210590429242309 S=9.934941559931195].pdf(1.773332020787481)
Testing logNormal[M=2.5305387910282757 S=2.161204934467488].pdf(1.776889497738762)
Testing logNormal[M=-1.2416643845343 S=7.623250509183588].pdf(1.9779790886851052)
Testing logNormal[M=-0.6121659967396011 S=7.365630702500309].pdf(2.2873537329184246)
Testing logNormal[M=4.417360070327902 S=3.5629148882428385].pdf(0.6722184431940416)
Testing logNormal[M=-3.465142426554848 S=5.344430803050831].pdf(1.44820076085522)
Testing logNormal[M=0.7025603208785949 S=1.2933554548402948].pdf(0.3733031178975927)
Testing logNormal[M=-1.7228228162161763 S=5.57913855659997].pdf(1.8712726034433367)
Testing logNormal[M=-1.4654870566481373 S=1.4241737207507466].pdf(0.25078314913966965)
Testing logNormal[M=0.9423553944802423 S=7.148886112390523].pdf(1.3437836798416858)
Testing logNormal[M=-2.412546801400819 S=3.7035778208440204].pdf(1.0390144511283887)
Testing logNormal[M=2.649377276855752 S=6.303104219268486].pdf(2.2600499597670636)
Testing logNormal[M=1.9524063263756561 S=0.0934985005942135].pdf(2.0368389975137404)
Testing logNormal[M=0.18993612078704736 S=7.728733286511958].pdf(0.4744994809386492)
Testing logNormal[M=3.0288635166063838 S=1.8819105069797193].pdf(1.8388623640730628)
Testing logNormal[M=-1.84999434270114 S=8.77264733438697].pdf(0.5712231303789119)
Testing logNormal[M=-2.0016082017744963 S=4.026730321379422].pdf(1.9296303263849017)
Testing logNormal[M=2.0606195243608605 S=9.427650796108548].pdf(1.6042606465364802)
Testing logNormal[M=-0.8291829573696265 S=6.382320913385849].pdf(0.12097529575616031)
Testing logNormal[M=-3.3078747410985 S=9.269848280181439].pdf(1.9987727351409434)
Testing logNormal[M=4.825253095204559 S=3.6758336065726116].pdf(2.0014332090450746)
Testing logNormal[M=-4.3396941332829195 S=2.38326410237389].pdf(0.996987006676357)
Testing logNormal[M=4.096104271602538 S=3.8913630659202827].pdf(0.408380447508918)
Testing logNormal[M=-2.442234601677664 S=6.466665307614536].pdf(1.1771733104444877)
Testing logNormal[M=-0.1398595844503756 S=1.0564838184902559].pdf(1.7395037021414075)
Testing logNormal[M=3.615400036770742 S=4.1448728547592815].pdf(1.910167267459387)
Testing logNormal[M=3.391441862614249 S=1.6638315133574988].pdf(0.8265044664351994)
Testing logNormal[M=4.0587944326235945 S=1.3650622800591194].pdf(1.49337799498456)
Testing logNormal[M=-0.2519495226143942 S=0.48298681494211015].pdf(0.4949630045208105)
Testing logNormal[M=3.8897288045870546 S=0.5359475319326479].pdf(2.204927032891451)
Testing logNormal[M=-3.853096675871689 S=4.0246236183204775].pdf(1.2321594151085833)
Testing logNormal[M=-3.929978905085716 S=7.073858761679148].pdf(0.09386056792925983)
Testing logNormal[M=1.077063319671936 S=9.9754001723528].pdf(0.44804713630871074)
Testing logNormal[M=1.2201067504475382 S=7.384821662376191].pdf(1.467165269214676)
Testing logNormal[M=-0.09898754123884146 S=5.756360002600416].pdf(2.223872863281119)
Testing logNormal[M=-1.53723501144011 S=9.604696208275517].pdf(0.7579105075752072)
Testing logNormal[M=2.041600805345432 S=9.020144492208216].pdf(1.9864209790212781)
Testing logNormal[M=-4.624217362496616 S=2.0182710863164033].pdf(1.0352956417533816)
Testing logNormal[M=4.338114041639798 S=6.859097179833694].pdf(2.032737276599441)
Testing logNormal[M=-1.3950185460744557 S=0.21741803236036694].pdf(1.3863800837372053)
Testing logNormal[M=2.4516652387356066 S=3.4075317609517186].pdf(1.9102550287592892)
Testing logNormal[M=-2.653626499660101 S=5.372688153831174].pdf(1.7983278973216836)
Testing logNormal[M=-4.5803263429270995 S=0.7651944731896387].pdf(0.20790738706015735)
Testing logNormal[M=-3.3258459856941336 S=0.6043758093567486].pdf(0.9100649754099497)
Testing logNormal[M=-4.6787551793612705 S=2.8027644163887544].pdf(2.040518792775282)
Testing logNormal[M=4.3730733730111595 S=0.41957030703543063].pdf(1.889037031008378)
Testing logNormal[M=2.28659828055296 S=2.8079781182253716].pdf(2.229693719142306)
Testing logNormal[M=2.404554631140271 S=5.278254505850878].pdf(1.1722764095212266)
Testing logNormal[M=0.5016229006690445 S=4.079830523515461].pdf(1.9799607089205502)
Testing logNormal[M=-2.9421308760020484 S=5.277818920775278].pdf(0.6804428995786643)
Testing logNormal[M=-0.5145591180918068 S=9.034268383674197].pdf(2.1848560349577286)
Testing logNormal[M=0.3362929449127803 S=3.4993613345627517].pdf(1.655775155301275)
Testing logNormal[M=-4.6742926148047665 S=6.6066386646125705].pdf(1.6365810532053868)
Testing logNormal[M=2.0459309337948497 S=5.396892991568945].pdf(0.2926629817056494)
Testing logNormal[M=-0.2273506896567481 S=9.137554524144187].pdf(1.5173751628725054)
Testing logNormal[M=-1.9434841506320808 S=4.941353235703323].pdf(1.6563393184545983)
Testing logNormal[M=3.472105205617842 S=0.6289526332965245].pdf(2.01988379514062)
Testing logNormal[M=-1.1856285259218078 S=6.221190205762314].pdf(0.6423409165299657)
Testing logNormal[M=-1.5177003002850853 S=2.0938282083479876].pdf(2.137132529136645)
Testing logNormal[M=-3.8479965012596207 S=3.984918577228803].pdf(1.7893329415424428)
Testing logNormal[M=-4.64018443899014 S=4.753076088251689].pdf(2.1969166330327763)
Testing logNormal[M=0.21932689913792291 S=1.7920907917105566].pdf(2.185672745669865)
Testing logNormal[M=0.27695806669656875 S=2.8314367362391923].pdf(1.8241814708346435)
Testing logNormal[M=0.6400319403749508 S=8.58971358876164].pdf(1.7182015246476512)
Testing logNormal[M=-2.9260305475426716 S=8.665897418112564].pdf(0.6998457895887343)
Testing logNormal[M=2.1733769654268356 S=5.692385867132415].pdf(2.0970648247401105)
Testing logNormal[M=0.052603457046245694 S=9.476888225232686].pdf(1.9999348289972967)
Testing logNormal[M=-0.14404546544751629 S=6.326040663840168].pdf(2.0155193554684514)
Testing logNormal[M=3.3484320759010764 S=7.3969207400944414].pdf(1.785349229246882)
Testing logNormal[M=-1.8524279772118746 S=9.575708255341116].pdf(0.9500134294104354)
Testing logNormal[M=-2.487310859851868 S=8.853308384000433].pdf(2.2837756217349345)
Testing logNormal[M=3.566975554462976 S=3.204383596959813].pdf(1.9475413055138664)
Testing logNormal[M=-0.40602076422938094 S=2.030424919467163].pdf(1.727535615135972)
Testing logNormal[M=-2.04788850646604 S=4.29896960839686].pdf(1.7710172691262915)
Testing logNormal[M=-1.3919412271658729 S=9.480507059800864].pdf(1.6387108194293363)
Testing logNormal[M=-3.6899014842049125 S=9.935070278908325].pdf(2.1623847815995902)
Testing logNormal[M=-1.638857308059908 S=8.816909797910686].pdf(1.3431615683084348)
Testing logNormal[M=-2.5530215893149433 S=9.388698191523005].pdf(1.7553373275929194)
Testing logNormal[M=-3.341427551766689 S=6.335385091684149].pdf(1.8062654537374467)
Testing logNormal[M=-0.38174594969528286 S=5.1819624139723155].pdf(1.1669643817326916)
Testing logNormal[M=-3.0352809203865814 S=4.111502240776747].pdf(1.0682044158551331)
Testing logNormal[M=-3.5313971926935994 S=8.222568490509264].pdf(2.151623672326017)
Testing logNormal[M=1.5289426507863757 S=0.07867473239413281].pdf(1.8297703700554375)
Testing logNormal[M=-1.0978782680248966 S=6.243217510058106].pdf(1.9691686671524589)
Testing logNormal[M=-4.727681527008523 S=6.483008626656276].pdf(1.7861109033850762)
Testing logNormal[M=-3.6691110701275873 S=8.89529410351377].pdf(0.8565628830826318)
Testing logNormal[M=-3.274582993596895 S=5.338773129382593].pdf(1.9644469121528028)
Testing logNormal[M=0.2961790926939898 S=4.3988085248966025].pdf(2.2856959266885974)
Testing logNormal[M=-4.12777288526048 S=9.690823948114161].pdf(1.4500804080426513)
Testing logNormal[M=-3.0646688816657344 S=6.711585565985956].pdf(2.0751437785827083)
Testing logNormal[M=-4.318809258120204 S=5.756029142971814].pdf(1.59099437845293)
Testing logNormal[M=-1.2403421218167496 S=7.986242862908568].pdf(0.017752163448789087)
Testing logNormal[M=3.6856456646216493 S=0.13926115709172904].pdf(2.211207294192311)
Testing logNormal[M=-2.357115925322286 S=5.11073563822669].pdf(2.295350531560688)
Testing logNormal[M=4.88426384577876 S=6.110063568214529].pdf(0.952716260040713)
Testing logNormal[M=1.5810371450671497 S=8.67658953856867].pdf(2.293715635891502)
Testing logNormal[M=3.081326372830997 S=7.903330604278592].pdf(2.171200994689154)
Testing logNormal[M=-2.277773363702483 S=6.64745867867571].pdf(0.48369112007700477)
Testing logNormal[M=-4.584317846447074 S=9.67246945451044].pdf(2.2145172884436777)
Testing logNormal[M=4.66988989635596 S=6.418939531546208].pdf(0.9764431085594958)
Testing logNormal[M=-2.5045183709767493 S=1.4615201098503816].pdf(1.063388385317954)
Testing logNormal[M=0.8013118440545783 S=1.9869191217456894].pdf(2.0684100318446923)
Testing logNormal[M=-2.49580045791033 S=4.2993559210292345].pdf(1.5382238676959739)
Testing logNormal[M=0.5947277340975052 S=7.138541840409477].pdf(1.9900571896205572)
Testing logNormal[M=3.45163725395561 S=8.688004991475829].pdf(1.7220960447218776)
Testing logNormal[M=-3.4319165695677443 S=1.8130552765767605].pdf(0.9632605879404892)
Testing logNormal[M=4.483372432196969 S=1.8327309181153784].pdf(2.1299200970432524)
Testing logNormal[M=-3.0820718811120127 S=0.19919614901191096].pdf(1.8960822924175218)
Testing logNormal[M=1.8993239931211345 S=6.9423866012335615].pdf(1.1695989980380095)
Testing logNormal[M=3.047114661813062 S=6.90164036915851].pdf(1.669439174543958)
Testing logNormal[M=3.2627659461439684 S=1.2047548627996707].pdf(1.2317713785342386)
Testing logNormal[M=-3.6596832676130884 S=8.755366747287127].pdf(1.5518057992207717)
Testing logNormal[M=4.251543620606494 S=4.890997209909117].pdf(0.13062620246672185)
Testing logNormal[M=-2.9453375526232826 S=7.295401351616261].pdf(1.7593382209366488)
Testing logNormal[M=0.9541955785931417 S=0.3001667240538708].pdf(0.286964956785375)
Testing logNormal[M=2.9975435376445656 S=0.9178335744737653].pdf(0.2885180335629392)
Testing logNormal[M=-2.66381982760317 S=8.480890981147471].pdf(1.908462264637802)
Testing logNormal[M=3.4122706539249403 S=8.358821821599218].pdf(1.4881436119395561)
Testing logNormal[M=0.22004483090294702 S=5.107454179760702].pdf(0.911002743816026)
Testing logNormal[M=3.2940384249470167 S=1.2513640367151913].pdf(1.7957845403998198)
Testing logNormal[M=-2.5477668340026938 S=7.776549550670334].pdf(1.7256619086706713)
Testing logNormal[M=0.23278123330502787 S=3.820727958947383].pdf(1.8647181831989015)
Testing logNormal[M=0.809981382583798 S=4.312084859284178].pdf(2.1422793681778702)
Testing logNormal[M=1.2443920364442738 S=9.662429430237946].pdf(0.5202738006040237)
Testing logNormal[M=-2.8964773209303987 S=0.2725160290011841].pdf(2.276409022659289)
Testing logNormal[M=-3.505722317722344 S=0.711563314893271].pdf(1.968980100399902)
Testing logNormal[M=2.6573605144216526 S=1.0418788727697792].pdf(0.19250052036383167)
Testing logNormal[M=3.246871778677427 S=2.733366930055726].pdf(1.8855466157649476)
Testing logNormal[M=-4.046511169633694 S=6.380084254024317].pdf(1.8971625674427324)
Testing logNormal[M=3.3052658995205952 S=8.934442500989508].pdf(1.9900486997310038)
Testing logNormal[M=2.1221853766880265 S=3.099336709121258].pdf(0.547780464637865)
Testing logNormal[M=-0.09070483459277856 S=1.4574316827489997].pdf(2.1598406504264935)
Testing logNormal[M=3.220121434961321 S=1.3537550612879878].pdf(1.860454924994063)
Testing logNormal[M=3.4776706352994573 S=9.340356472972788].pdf(2.1601017821209245)
Testing logNormal[M=-3.9783502202862717 S=5.199136889041586].pdf(0.9263478388545475)
Testing logNormal[M=3.567510419577708 S=5.685129521546395].pdf(1.5225694936709802)
Testing logNormal[M=-1.9808499763753442 S=5.139909539919407].pdf(2.116444004415067)
Testing logNormal[M=-1.2205212770210183 S=5.2469427191060705].pdf(2.295294343295116)
Testing logNormal[M=-3.556810909760808 S=7.580891514487222].pdf(1.3797236094114709)
Testing logNormal[M=1.8117939009554345 S=0.6861908470441158].pdf(2.0721178042361412)
Testing logNormal[M=-4.447385029656488 S=8.53038934355684].pdf(2.245954262467102)
Testing logNormal[M=1.029743965666004 S=5.52085369024458].pdf(1.4325603713357133)
Testing logNormal[M=0.3242480553671454 S=8.061790083884347].pdf(2.0227791199304175)
Testing logNormal[M=-3.874438175514332 S=2.404978571983878].pdf(1.0822246944672202)
Testing logNormal[M=3.522415343082523 S=7.672694367778059].pdf(1.8692154767305722)
Testing logNormal[M=-3.0718221103190912 S=1.75983123951711].pdf(1.9340180109944856)
Testing logNormal[M=0.13495297325536004 S=7.718407947302648].pdf(1.8359211652223169)
Testing logNormal[M=0.36357602596881833 S=2.7083473081319918].pdf(1.2848908585432537)
Testing logNormal[M=-2.6312056831269115 S=4.580781122788703].pdf(0.010446905963375771)
Testing logNormal[M=-4.173767031847689 S=5.477912320337466].pdf(2.1241202187611696)
Testing logNormal[M=-4.904311013607056 S=5.873266866582375].pdf(1.2379238773955892)
Testing logNormal[M=-2.2692441452544165 S=9.973034377553327].pdf(2.1343897863507912)
Testing logNormal[M=4.343713394691255 S=1.1179211386016452].pdf(1.18796582702694)
Testing logNormal[M=-0.7823494273967402 S=6.041045451545518].pdf(0.9674218782759648)
Testing logNormal[M=-3.9878176259093334 S=6.219704842403631].pdf(0.1689800899998973)
Testing logNormal[M=1.8041418617883798 S=8.242212987237322].pdf(1.2083819947555139)
Testing logNormal[M=-3.965765602801563 S=4.436341978796862].pdf(1.4926921215402866)
Testing logNormal[M=-0.9150857138180077 S=9.590954772090502].pdf(1.2611291498627801)
Testing logNormal[M=4.09543656207399 S=4.986018153656378].pdf(0.6293375481886666)
Testing logNormal[M=1.7502162563991686 S=8.60327292366586].pdf(1.437592787041081)
Testing logNormal[M=4.002943436940837 S=1.5405129756787084].pdf(1.290855752785381)
Testing logNormal[M=-1.1947265170685073 S=4.106963212601857].pdf(1.8762929390123326)
Testing logNormal[M=3.8650516982574494 S=4.00664624962983].pdf(1.3089610432933578)
Testing logNormal[M=2.4747919773671985 S=0.32871772968322555].pdf(1.6119152160998194)
Testing logNormal[M=4.982361354956991 S=8.071057895482646].pdf(2.1098166862606633)
Testing logNormal[M=-0.15326286497718655 S=6.934676055074665].pdf(1.0532557459673244)
Testing logNormal[M=4.077811648248019 S=8.234296541382383].pdf(0.33133110810137995)
Testing logNormal[M=1.859488866224658 S=2.906671181417205].pdf(2.2179734039065364)
Testing logNormal[M=3.4989373346907833 S=4.493971996799859].pdf(0.858885050964692)
Testing logNormal[M=0.9018027743796502 S=2.269280676354548].pdf(2.0760559929167197)
Testing logNormal[M=-3.0250456469847853 S=4.435390688559363].pdf(1.1959935890004405)
Testing logNormal[M=1.541840394329311 S=2.537451819056833].pdf(2.017611013974937)
Testing logNormal[M=-1.1036981168621587 S=3.7639049410676706].pdf(2.103430137997226)
Testing logNormal[M=-3.508870095156056 S=4.705271064940665].pdf(1.7525665775852106)
Testing logNormal[M=2.969444112036311 S=9.661424568310755].pdf(1.9062590693258807)
Testing logNormal[M=2.032614248908194 S=7.135245497790704].pdf(2.221722682140517)
Testing logNormal[M=-1.7592170424752505 S=4.47812383657927].pdf(2.155889772953539)
Testing logNormal[M=-1.3301085670041992 S=7.048795256305469].pdf(0.45120560103614327)
Testing logNormal[M=3.3976710886084085 S=8.150983686835701].pdf(0.4135205352155734)
Testing logNormal[M=-2.29702245636789 S=7.004255245665774].pdf(0.06172501061582788)
Testing logNormal[M=4.983178422724441 S=1.9280789455172642].pdf(2.295098425097765)
Testing logNormal[M=1.2877799592849017 S=6.819305530018566].pdf(1.229191039165092)
Testing logNormal[M=-2.4014543918042888 S=3.1086613762578463].pdf(1.3169619384174729)
Testing logNormal[M=0.6176727523110142 S=5.54475848665258].pdf(1.6468553210123922)
Testing logNormal[M=-0.20866304583452866 S=4.149839354602217].pdf(0.33053087347642884)
Testing logNormal[M=-1.6633175996068337 S=2.9138467925779676].pdf(0.31426989009507367)
Testing logNormal[M=-1.6908441087875836 S=3.8324827909976733].pdf(2.0391169425301103)
Testing logNormal[M=4.1322915388130035 S=0.4450867020563909].pdf(2.0626152845115833)
Testing logNormal[M=-1.4036086764175435 S=2.899678727837629].pdf(1.9387870524552184)
Testing logNormal[M=-4.396120139732665 S=7.333515737699435].pdf(2.059982541523783)
Testing logNormal[M=-2.7806497407958854 S=7.210170341188968].pdf(2.193235860400077)
Testing logNormal[M=4.44088711552922 S=1.303357145179811].pdf(0.4021519291291454)
Testing logNormal[M=3.4615674882747545 S=5.007901883921267].pdf(0.5518951451519456)
Testing logNormal[M=-4.904828903360564 S=0.22078621696032363].pdf(1.6390406033079787)
Testing logNormal[M=-0.6684227923078945 S=4.1740662269559925].pdf(2.285744987638885)
Testing logNormal[M=3.8994199851930365 S=9.267640969091632].pdf(1.7736504437673968)
Testing logNormal[M=-0.7115437998068561 S=6.4439059500873785].pdf(1.572767445092098)
Testing logNormal[M=-0.431805940900885 S=6.711891394626961].pdf(0.11402638135862196)
Testing logNormal[M=-2.5822142527203926 S=7.926636917162].pdf(0.6824114267699471)
Testing logNormal[M=2.9879967394249167 S=8.367814975650791].pdf(1.9637724524519502)
Testing logNormal[M=-4.884252543139363 S=9.741354766196109].pdf(2.255858048862425)
Testing logNormal[M=-4.643776722055918 S=0.2619501959937309].pdf(0.6934357658116311)
Testing logNormal[M=2.615292562402943 S=8.714014530970529].pdf(2.21287465196755)
Testing logNormal[M=4.060918915863507 S=3.985845962664195].pdf(2.2821684567850093)
Testing logNormal[M=-0.49553977335845634 S=8.091603752991341].pdf(1.7035009184400376)
Testing logNormal[M=3.9959175461944145 S=5.780078541720758].pdf(1.4950600642218235)
Testing logNormal[M=4.158995495748769 S=5.801078904605229].pdf(0.2886066230980025)
Testing logNormal[M=-1.6329393070231344 S=2.7844891761362667].pdf(0.9751158643432093)
Testing logNormal[M=-0.8758133352548239 S=3.312895820400268].pdf(1.9505478822291007)
Testing logNormal[M=1.7714297429625692 S=5.304361060001222].pdf(1.6142176378179014)
Testing logNormal[M=-1.2121781164385723 S=1.281189275650395].pdf(2.128151194537872)
Testing logNormal[M=0.4482601548456415 S=5.047344537513015].pdf(1.61136337151596)
Testing logNormal[M=-4.8372768731196105 S=6.370279974842226].pdf(1.6773933133027208)
Testing logNormal[M=1.7160806249613572 S=9.119964346187254].pdf(2.1976214487891497)
Testing logNormal[M=-4.478713608915166 S=6.832573523672561].pdf(1.6487021003332973)
Testing logNormal[M=4.031577005646508 S=9.96739655231837].pdf(0.6729823016059022)
Testing logNormal[M=-1.4642861434892707 S=6.971168509555746].pdf(2.141654394129205)
Testing logNormal[M=4.448215138232834 S=3.2716007387169754].pdf(2.051766124098823)
Testing logNormal[M=-3.9878173360620552 S=1.6841960204740203].pdf(0.9587235693985864)
Testing logNormal[M=-0.08053205770825222 S=6.830106591465722].pdf(2.1685289067788833)
Testing logNormal[M=-0.022841694152065273 S=5.945982119943758].pdf(1.7807784910813451)
Testing logNormal[M=-3.3089326726338597 S=7.135218384577354].pdf(1.4018404921920413)
Testing logNormal[M=4.609382327731366 S=3.688500569373697].pdf(0.9663159387370438)
Testing logNormal[M=-2.7857185164671017 S=6.998615681494708].pdf(1.227130046434715)
Testing logNormal[M=-4.9553529381762385 S=7.55115977601897].pdf(2.210861462277478)
Testing logNormal[M=4.680205002808522 S=1.1962721240911545].pdf(2.2938753216635646)
Testing logNormal[M=-4.2888968152707 S=9.527041523142616].pdf(1.9041457927437135)
Testing logNormal[M=-4.882468286664684 S=7.6758064216875415].pdf(1.6853595911768695)
Testing logNormal[M=-3.289948661978539 S=1.2614395411566126].pdf(1.2306915476923985)
Testing logNormal[M=-3.98718016448767 S=2.146537703138216].pdf(2.197299504417316)
Testing logNormal[M=-4.721889495095501 S=9.65490056470799].pdf(1.2006775395911222)
Testing logNormal[M=-0.18568811410881558 S=3.278802108542896].pdf(1.073161739012509)
Testing logNormal[M=0.5172042917889863 S=9.640969878983372].pdf(0.8583734472532205)
Testing logNormal[M=-1.9828609492571472 S=8.228738978676638].pdf(1.3738616029055546)
Testing logNormal[M=0.4870510559231125 S=6.471831247940201].pdf(1.3021676705731862)
Testing logNormal[M=-0.6893265722967659 S=9.729458656560865].pdf(1.044322405151695)
Testing logNormal[M=-2.710088064462537 S=5.812783628035728].pdf(2.2417860327694985)
Testing logNormal[M=2.413916109517052 S=7.730870029962209].pdf(1.4686892800675388)
Testing logNormal[M=-4.472849334318098 S=3.1475192992774192].pdf(1.903546267334495)
Testing logNormal[M=-2.3831295538689687 S=8.428886541194935].pdf(1.1998765324555964)
Testing logNormal[M=4.278309201007852 S=9.127744644872624].pdf(0.31963804179753125)
Testing logNormal[M=-1.961616339853295 S=8.619368421813935].pdf(2.2767051493364407)
Testing logNormal[M=1.071315166395098 S=4.72880343835776].pdf(1.691868937090336)
Testing logNormal[M=2.526197478696025 S=2.4809002367681563].pdf(2.3009736982587077)
Testing logNormal[M=-4.078758056457714 S=7.532416966207263].pdf(1.4764641198662145)
Testing logNormal[M=2.7539600519944454 S=4.1899813806858885].pdf(2.291347643040297)
Testing logNormal[M=3.8776257292510703 S=6.7519428135933435].pdf(1.4448527470886643)
Testing logNormal[M=1.172458861027775 S=2.977806289326642].pdf(2.099683361217122)
Testing logNormal[M=-0.681643426249888 S=1.316947841793673].pdf(2.026079184794469)
Testing logNormal[M=-1.7231161655396932 S=6.343688802096925].pdf(1.7293528601488903)
Testing logNormal[M=4.86199044561377 S=9.483401681170276].pdf(1.8343314386274325)
Testing logNormal[M=4.355761634505512 S=2.859217250047813].pdf(1.9815844281819586)
Testing logNormal[M=1.8591074668037546 S=5.0431990881927025].pdf(1.989755558791271)
Testing logNormal[M=-4.843655592453617 S=3.261056197094212].pdf(0.5647604220567599)
Testing logNormal[M=-0.6950235661139672 S=9.750519336103181].pdf(2.0381603927960343)
Testing logNormal[M=3.3704516369024944 S=8.98933398868855].pdf(1.9878380367847468)
Testing logNormal[M=-0.7531001038375527 S=2.5099950313016817].pdf(1.617561334837448)
Testing logNormal[M=-0.3824311708776298 S=1.8519137279743325].pdf(1.7825717206434915)
Testing logNormal[M=1.6156107342591302 S=7.098818199738281].pdf(0.9551016354758786)
Testing logNormal[M=1.7506633454959104 S=9.670409916494703].pdf(1.0986317294741357)
Testing logNormal[M=1.3851039632176345 S=3.6065039825432366].pdf(1.9857380183647115)
Testing logNormal[M=-0.6242887090316422 S=7.398265024169168].pdf(2.0525061158427493)
Testing logNormal[M=-0.7277899448664709 S=6.725597880238892].pdf(1.9043531789255024)
Testing logNormal[M=-1.0319129550426123 S=4.819875320279452].pdf(1.8520434963391412)
Testing logNormal[M=1.2576922673583262 S=1.836404970630584].pdf(1.143516111727521)
Testing logNormal[M=1.8662887460337743 S=3.2868519063918713].pdf(1.9003592278972974)
Testing logNormal[M=-3.804942998709464 S=8.289850516742508].pdf(0.2904040531123353)
Testing logNormal[M=3.6732046054315557 S=9.485865198548208].pdf(1.834317127811604)
Testing logNormal[M=-1.959232097964657 S=7.1646361697169345].pdf(1.867908408194029)
Testing logNormal[M=-4.386711579839169 S=2.643812105775557].pdf(2.180417004572959)
Testing logNormal[M=4.878014143292749 S=7.286425162013672].pdf(0.16176303284404558)
Testing logNormal[M=0.5653782242550198 S=8.260661335729608].pdf(1.652931298935677)
Testing logNormal[M=-4.354844140083804 S=4.5626167891199].pdf(2.159750238465533)
Testing logNormal[M=-3.962613338608403 S=0.6128384975873824].pdf(1.4148638118947592)
Testing logNormal[M=-0.802240949037806 S=9.329926060228527].pdf(0.8791388326676955)
Testing logNormal[M=3.473820507115562 S=7.621562066086172].pdf(0.9105233298592037)
Testing logNormal[M=0.03229779875277483 S=2.94509585443938].pdf(0.7928967114294502)
Testing logNormal[M=0.20564522490494141 S=8.468675294803202].pdf(1.8081880309702834)
Testing logNormal[M=-3.4121676584984737 S=2.080638190247016].pdf(1.3367185166715474)
Testing logNormal[M=1.962581488007114 S=6.529239220830747].pdf(2.225696654572175)
Testing logNormal[M=3.031827022086528 S=2.4606903792074086].pdf(1.9451549281387965)
Testing logNormal[M=0.06875190423415312 S=3.133550001572345].pdf(1.7571359062764749)
Testing logNormal[M=4.174778456941295 S=8.843684184459256].pdf(1.9693490018216082)
Testing logNormal[M=-2.677344307719367 S=0.8470463540348661].pdf(1.456703482728489)
Testing logNormal[M=-1.1590488813198552 S=0.14556033653852607].pdf(1.4722472241535582)
Testing logNormal[M=0.47758167776212535 S=9.708757123253022].pdf(1.5894955434221574)
Testing logNormal[M=-0.43398844720918994 S=8.281298238896031].pdf(0.8300752382346492)
Testing logNormal[M=1.5158320389543238 S=7.78654219292632].pdf(1.2246421809525)
Testing logNormal[M=2.788034891544835 S=3.624315794292775].pdf(0.8664843576811936)
Testing logNormal[M=3.793343680478362 S=1.6128527849375907].pdf(2.257087181723018)
Testing logNormal[M=3.8931499027764147 S=6.512395853016457].pdf(2.034924954472619)
Testing logNormal[M=-2.6936001420073072 S=7.929144470283758].pdf(0.3692353522258759)
Testing logNormal[M=-2.7003231574526056 S=9.777678176270582].pdf(1.915318743264144)
Testing logNormal[M=2.061992579564609 S=7.594416306495409].pdf(0.604295942354167)
Testing logNormal[M=1.4247165590346285 S=3.6472257958203635].pdf(0.6950152456232656)
Testing logNormal[M=0.09204757799986574 S=4.352309007267525].pdf(1.7117171770660675)
Testing logNormal[M=-4.4996431955322365 S=6.156403331434883].pdf(0.6540054684761774)
Testing logNormal[M=-0.19891670257846528 S=5.6330573873863194].pdf(1.905174215133369)
Testing logNormal[M=0.19114803521743617 S=6.378911600601688].pdf(2.213516162964877)
Testing logNormal[M=4.388293261019877 S=3.7964844271868134].pdf(1.009291400235979)
Testing logNormal[M=4.99180286162208 S=1.9735205241388654].pdf(1.6892456433038585)
Testing logNormal[M=1.6694542589763106 S=4.2416928745594245].pdf(1.2707868229530122)
Testing logNormal[M=0.984770841926248 S=7.7283311217913955].pdf(1.9976410516131595)
Testing logNormal[M=0.31574280725328663 S=3.524207393792005].pdf(1.5463709757416753)
Testing logNormal[M=-1.6688439323944806 S=9.92161523488017].pdf(1.5261947789497325)
Testing logNormal[M=-4.31181190632821 S=6.006996187304985].pdf(1.5144524265747812)
Testing logNormal[M=3.741135420223536 S=0.16777239150836065].pdf(0.9397156086669415)
Testing logNormal[M=3.23074621688159 S=0.17162856036407548].pdf(2.2472285318524525)
Testing logNormal[M=-0.14998130032197032 S=6.226400869664873].pdf(2.0972839775019443)
Testing logNormal[M=0.4370535501713224 S=4.724324324225729].pdf(1.9186148437783248)
Testing logNormal[M=-4.884670308823629 S=1.2564211161870331].pdf(2.115159525046679)
Testing logNormal[M=-1.8783101312249615 S=2.5616248726828275].pdf(1.1757312248454044)
Testing logNormal[M=1.0788926691521716 S=6.519091081119149].pdf(1.1712835143314912)
Testing logNormal[M=3.1835679628300024 S=3.029509621261152].pdf(1.999314142177856)
Testing logNormal[M=-4.9451430181232325 S=9.848878152535859].pdf(0.06527591627257183)
Testing logNormal[M=-2.918924495335582 S=0.1556231957543286].pdf(1.8049297321706053)
Testing logNormal[M=-3.7482713420472957 S=5.578976904135192].pdf(1.8610823561461676)
Testing logNormal[M=-3.560746672119013 S=4.555736417039412].pdf(1.925969583420999)
Testing logNormal[M=3.525324906409711 S=9.607796018246773].pdf(2.246341217458465)
Testing logNormal[M=-1.618245919287995 S=3.774456390709192].pdf(1.9172642097086963)
Testing logNormal[M=-1.186261273848468 S=5.283641858397775].pdf(1.2089107056423316)
Testing logNormal[M=-4.659101597431427 S=2.1530581650352696].pdf(2.0495065796825043)
Testing logNormal[M=-2.3517817894953517 S=8.205575959477589].pdf(1.1355283433005376)
Testing logNormal[M=-0.1612081476451337 S=3.122416732991015].pdf(1.724380592318521)
Testing logNormal[M=-3.5575028942288944 S=6.36743011534101].pdf(1.6151737109924955)
Testing logNormal[M=-1.093056925323065 S=1.1828252490169244].pdf(2.2053225404040324)
Testing logNormal[M=1.8213303157099183 S=3.0670706733648734].pdf(2.081103259120899)
Testing logNormal[M=4.570496294425835 S=5.839204960024675].pdf(2.0538306554127095)
Testing logNormal[M=0.0016959099520246212 S=6.661585661833036].pdf(0.8140167453277527)
Testing logNormal[M=0.24634891941067316 S=4.783674077812371].pdf(2.0852489395236966)
Testing logNormal[M=0.932018662422359 S=1.3110272020950375].pdf(1.6446104031926627)
Testing logNormal[M=1.7231156731643562 S=8.675833368853377].pdf(1.9359820403699135)
Testing logNormal[M=1.4710376864011359 S=4.9708826839031115].pdf(2.2117237015042006)
Testing logNormal[M=0.03940179575693836 S=3.903772810202369].pdf(1.2566262856576982)
Testing logNormal[M=0.39647840623714004 S=8.907301134865973].pdf(2.0989934210214463)
Testing logNormal[M=2.129303895773381 S=4.614954068498262].pdf(1.5526195033446006)
Testing logNormal[M=-3.8793057079780056 S=8.302909438250506].pdf(2.268510601221357)
Testing logNormal[M=3.366028684388299 S=6.350231658613522].pdf(1.3033744708105406)
Testing logNormal[M=3.6077621235706943 S=7.5931475519038925].pdf(1.3379641982290384)
Testing logNormal[M=4.179637898799756 S=4.115198040009124].pdf(1.9926191134319415)
Testing logNormal[M=3.3137387790951216 S=5.839787847692689].pdf(1.5416361476652058)
Testing logNormal[M=0.4713232138563459 S=1.917219740137982].pdf(1.2143021023116323)
Testing logNormal[M=-4.024302585323204 S=1.8711599143764024].pdf(0.4839289154618938)
Testing logNormal[M=-1.2571113984812676 S=3.8279220192483376].pdf(1.8654111285792385)
Testing logNormal[M=-2.1574305996905574 S=3.15926396355208].pdf(1.2392521856895442)
Testing logNormal[M=-1.8982945153216244 S=8.116768421244668].pdf(2.2597343101377847)
Testing logNormal[M=-1.7014647300809105 S=9.347232702410906].pdf(1.8168537299507606)
Testing logNormal[M=-3.436911941240257 S=5.351008476466264].pdf(0.35196232554915685)
Testing logNormal[M=2.169234713869617 S=7.990807764608492].pdf(2.291016718994628)
Testing logNormal[M=1.932688752596123 S=6.551149327923145].pdf(1.287842397969803)
Testing logNormal[M=-2.455907458521316 S=7.985100869468168].pdf(2.1854512714690095)
Testing logNormal[M=-2.0264882524758674 S=8.499906441340055].pdf(1.4490918637784782)
Testing logNormal[M=2.51979579847168 S=6.654378834872404].pdf(1.5757272611973305)
Testing logNormal[M=-3.3802250884601923 S=3.536329118938628].pdf(1.4667331552150984)
Testing logNormal[M=-3.054711297803393 S=9.962771671385731].pdf(0.4125437098737614)
Testing logNormal[M=3.2828877393515317 S=5.3154254012981905].pdf(1.7800327724559506)
Testing logNormal[M=-1.2284225128736868 S=1.3576507374946234].pdf(2.087487243187846)
Testing logNormal[M=-2.9175315180103456 S=2.5231072042363256].pdf(0.9172657844268194)
Testing logNormal[M=4.364638784329909 S=0.14730937155198354].pdf(2.258913178384036)
Testing logNormal[M=-1.2693521440441224 S=5.302906525707753].pdf(1.7975640624655225)
Testing logNormal[M=3.3877300934099814 S=1.791600959364048].pdf(0.3346794694360678)
Testing logNormal[M=2.546072237942618 S=4.446342588893822].pdf(1.5114355250156646)
Testing logNormal[M=1.0251336251977126 S=1.9984879477397532].pdf(1.9508300293605443)
Testing logNormal[M=-2.495498227185365 S=7.716716745450805].pdf(1.4735530546281503)
Testing logNormal[M=2.9073970011408896 S=9.11259768709046].pdf(2.0936237059179486)
Testing logNormal[M=2.691474354599185 S=2.034470931406449].pdf(1.800433866924105)
Testing logNormal[M=-3.5790343769446253 S=4.407524638858944].pdf(1.1894335332379267)
Testing logNormal[M=-1.2272971045293501 S=3.388516731607214].pdf(0.3833399503361948)
Testing logNormal[M=-2.9448737080033425 S=1.0903308228951814].pdf(1.945674449811072)
Testing logNormal[M=-2.2586811962981534 S=3.8626817187098483].pdf(0.9639030622740486)
Testing logNormal[M=1.1533785732699116 S=1.030405048584243].pdf(1.7573277790470312)
Testing logNormal[M=2.618824057239851 S=3.761945791395785].pdf(2.1599755906947404)
Testing logNormal[M=-0.3639198292810555 S=2.9967342441057507].pdf(2.031109772088532)
Testing logNormal[M=2.167996028584483 S=9.568849669051833].pdf(0.9092911492535699)
Testing logNormal[M=4.004594450212123 S=1.8944031567969477].pdf(1.9510103650551414)
Testing logNormal[M=0.7365303739022044 S=4.7679506608068465].pdf(1.9959722139175258)
Testing logNormal[M=-1.1883355634899617 S=9.676136551704479].pdf(2.0312186965582977)
Testing logNormal[M=3.325543121869856 S=5.865665538883915].pdf(2.0681988121371875)
Testing logNormal[M=-4.291308421824818 S=2.1410559606101707].pdf(1.5613044620363294)
Testing logNormal[M=-1.8118325660056978 S=2.0400174392435257].pdf(2.0860473440347658)
Testing logNormal[M=-4.5715654250127375 S=2.0663648739400897].pdf(0.4666320729055861)
Testing logNormal[M=4.9828036365805595 S=8.889138158634921].pdf(2.173831847287565)
Testing logNormal[M=-4.732074759832226 S=6.393944404860665].pdf(1.6162907230781727)
Testing logNormal[M=-4.038717089806067 S=3.2137978067448825].pdf(1.8934715584446926)
Testing logNormal[M=-4.171024458859974 S=4.020117107761685].pdf(2.1915118168539376)
Testing logNormal[M=1.2617283795272085 S=0.7029358164209665].pdf(1.6159748175136979)
Testing logNormal[M=-4.961415919038409 S=4.716761494834685].pdf(0.0021450594182126632)
Testing logNormal[M=-2.4188710292348348 S=5.592792924316049].pdf(2.1712810611830387)
Testing logNormal[M=-1.322397109123321 S=4.94902638551122].pdf(2.120146484304394)
Testing logNormal[M=-3.2451743542806955 S=8.008785486420447].pdf(2.0519920708749355)
Testing logNormal[M=-4.900803399268047 S=3.2390459664680735].pdf(1.4802225180737518)
Testing logNormal[M=-0.8016227074512106 S=7.692713798303444].pdf(1.1161254437360033)
Testing logNormal[M=-0.11856968631191656 S=2.231903591641334].pdf(2.2526985050725927)
Testing logNormal[M=-1.398707913595767 S=8.99577301256253].pdf(1.6491294366477232)
Testing logNormal[M=1.4247322531176838 S=3.0218363192006716].pdf(1.5327348371087988)
Testing logNormal[M=1.303612226967826 S=6.2690837277439835].pdf(1.1677542958605358)
Testing logNormal[M=-0.4052220700567988 S=2.5488022909408747].pdf(1.0681576973011715)
Testing logNormal[M=1.6534584867210702 S=6.966638822642526].pdf(0.2723013030538295)
Testing logNormal[M=2.254663288688911 S=3.9784346321573514].pdf(2.270111195276615)
Testing logNormal[M=4.248625236828747 S=5.1396122118624445].pdf(0.5565231158374659)
Testing logNormal[M=-1.1849381854270504 S=1.0329090410632136].pdf(1.7030904095447954)
Testing logNormal[M=-4.265258089693455 S=5.974919036668915].pdf(1.9113761426180729)
Testing logNormal[M=-1.0071919939646756 S=5.262008331240865].pdf(1.8203877510713806)
Testing logNormal[M=-0.52262721807889 S=7.431917517044701].pdf(0.5342563244475448)
Testing logNormal[M=-1.0269448016682525 S=4.776768588208937].pdf(2.2111903596210385)
Testing logNormal[M=-4.83644399180789 S=2.265136257925031].pdf(2.0509333298329695)
Testing logNormal[M=1.4091903599177504 S=6.537366556438581].pdf(1.6254412620640588)
Testing logNormal[M=3.7573774395623065 S=6.997437470679003].pdf(1.296213133437798)
Testing logNormal[M=-1.9587843911578986 S=7.801968557973327].pdf(0.820776858411264)
Testing logNormal[M=4.074071049918244 S=7.693289661228494].pdf(0.6804518523947012)
Testing logNormal[M=-0.8879123322453601 S=3.846441637121335].pdf(1.8932000239893552)
Testing logNormal[M=-1.6442784933978505 S=7.255339498439762].pdf(1.5880648954313161)
Testing logNormal[M=-3.790428337641427 S=6.385503828554309].pdf(1.2556808779195707)
Testing logNormal[M=3.694499533497451 S=5.680290496048483].pdf(1.3344720302902124)
Testing logNormal[M=-2.1617246310501037 S=2.1642410625055364].pdf(1.8598558765248967)
Testing logNormal[M=2.730221431912515 S=4.668655745616677].pdf(2.1843315083797243)
Testing logNormal[M=-0.17989484575951398 S=3.042000725340607].pdf(1.6633735616280418)
Testing logNormal[M=-4.750729870610718 S=8.277382238728574].pdf(2.2050653515241954)
Testing logNormal[M=-3.3990576773084022 S=4.651160510942355].pdf(0.8417298949723019)
Testing logNormal[M=-1.5532772405120818 S=4.404015650392884].pdf(1.2133995928461963)
Testing logNormal[M=-3.5022564608336983 S=8.83848536210609].pdf(1.4748147230090176)
Testing logNormal[M=-2.759547319786244 S=1.109332605361385].pdf(1.6898531695136558)
Testing logNormal[M=3.1824735936742297 S=1.4012997086072365].pdf(2.2085765042527417)
Testing logNormal[M=-4.442262949577264 S=2.0533037498651376].pdf(1.9363759277793002)
Testing logNormal[M=0.11655631324391091 S=5.005588732326249].pdf(1.828703582046666)
Testing logNormal[M=3.3794159903311147 S=4.4294064574750465].pdf(1.4600271957138635)
Testing logNormal[M=-3.011627903001931 S=5.7340405541785415].pdf(1.3070061505041666)
Testing logNormal[M=-2.624663376012435 S=0.7651454448768868].pdf(2.011435536485485)
Testing logNormal[M=-4.9968069765558765 S=5.958188982363933].pdf(1.1836267723027356)
Testing logNormal[M=0.791811814674519 S=3.6137072351233956].pdf(1.8521401149998644)
Testing logNormal[M=-1.1485079760440744 S=6.151915214163553].pdf(2.012512208696449)
Testing logNormal[M=-4.444381039228532 S=8.571181733190445].pdf(0.4518082946271066)
Testing logNormal[M=0.5757733449580744 S=1.479968515900435].pdf(2.279171288558775)
Testing logNormal[M=1.3932181976127511 S=4.198820238438207].pdf(1.6575713055423127)
Testing logNormal[M=1.9751006879428514 S=8.166634676091887].pdf(2.142397836636905)
Testing logNormal[M=-0.15684807928325917 S=6.961222866673616].pdf(1.9864091211711703)
Testing logNormal[M=3.6635178849145316 S=6.754875599379363].pdf(1.1974565803106598)
Testing logNormal[M=-2.6640618947883365 S=5.226581291309024].pdf(0.7876794506847595)
Testing logNormal[M=-0.1139593445042788 S=5.847785289144811].pdf(1.4407510269955952)
Testing logNormal[M=-3.813279086866509 S=8.796871663663318].pdf(2.0376184114433675)
Testing logNormal[M=3.0165188008636807 S=5.1171787140768785].pdf(0.7922364368315018)
Testing logNormal[M=1.9105732236838113 S=7.009976427276636].pdf(1.4522108650803116)
Testing logNormal[M=-3.6629019033112753 S=6.9342321770428].pdf(1.9392420750733115)
Testing logNormal[M=-2.123697055422289 S=9.10468326166787].pdf(1.8153489127159441)
Testing logNormal[M=2.375192378355937 S=5.426664554000217].pdf(1.123729289569659)
Testing logNormal[M=0.7521118707551082 S=7.142173677228505].pdf(1.994852562924788)
Testing logNormal[M=-2.5784529642228127 S=7.065772228125828].pdf(1.1697962450565285)
Testing logNormal[M=0.2900017413478073 S=5.273453779531788].pdf(2.096500830552375)
Testing logNormal[M=-2.6866853412832303 S=2.6408803395494096].pdf(0.8638668565617187)
Testing logNormal[M=3.9864407337655834 S=3.1878386138545967].pdf(1.4846926211514269)
Testing logNormal[M=-2.022124788784666 S=8.28612461982978].pdf(1.8406464744022917)
Testing logNormal[M=3.509750457585376 S=3.268636036889083].pdf(2.098026434720265)
Testing logNormal[M=-1.4141521400255552 S=5.37292149475563].pdf(2.0820097366966337)
Testing logNormal[M=-3.104766356415235 S=8.520038678940846].pdf(1.878976157892062)
Testing logNormal[M=-2.5574252783310247 S=3.5004445712333454].pdf(1.869625939749459)
Testing logNormal[M=1.4697106607739734 S=7.457081096279007].pdf(1.9947006416080626)
Testing logNormal[M=-1.6455580536841987 S=0.9478787730498883].pdf(1.0143807652144947)
Testing logNormal[M=-1.4334865890922464 S=9.35923984597133].pdf(2.0995645621132994)
Testing logNormal[M=-2.1291164364495496 S=9.836575212607135].pdf(1.8600078694380928)
Testing logNormal[M=-1.255009742887998 S=3.0222052135217856].pdf(0.2877524671259045)
Testing logNormal[M=-4.5543778543056845 S=0.9900609102307822].pdf(1.7647833442582428)
Testing logNormal[M=-0.8173142895467977 S=7.2338651427276215].pdf(2.119865833473527)
Testing logNormal[M=4.043803798980795 S=1.3831918492095308].pdf(0.824106559489736)
Testing logNormal[M=4.3602946157524265 S=1.686575291038076].pdf(1.6454116824454155)
Testing logNormal[M=4.204385644206003 S=9.122337028095938].pdf(1.5014802757366548)
Testing logNormal[M=2.1278203073447717 S=6.226087931835083].pdf(0.7724009817483003)
Testing logNormal[M=-0.9109619280663175 S=1.1816713131491496].pdf(1.2212245817868679)
Testing logNormal[M=-2.5523106656890704 S=2.3839332937249926].pdf(1.2047729907316305)
Testing logNormal[M=-1.0576872036304596 S=0.9188684776274347].pdf(2.196602131990632)
Testing logNormal[M=3.442320541632789 S=2.059566912876558].pdf(0.33374915621054935)
Testing logNormal[M=4.819443924129278 S=1.7399099677067098].pdf(1.9826904499367644)
Testing logNormal[M=2.512750188480984 S=2.0872005984866773].pdf(0.16960694178990057)
Testing logNormal[M=-2.0567469796588087 S=6.260051410771985].pdf(2.267321711465809)
Testing logNormal[M=2.581514328421278 S=0.22253544518755164].pdf(2.1799706523172704)
Testing logNormal[M=-2.1862636974906446 S=2.8703489784014002].pdf(0.5424755238671849)
Testing logNormal[M=-4.757558954819747 S=8.816545601924938].pdf(0.5207579600218433)
Testing logNormal[M=-1.3607739799016363 S=6.056396581271361].pdf(0.008839173377219988)
Testing logNormal[M=3.1661530537761067 S=7.184534688694043].pdf(1.5706288657149887)
Testing logNormal[M=1.7596512679488097 S=0.24854604603916974].pdf(1.6364193798589228)
Testing logNormal[M=2.2659416574286144 S=1.6398029962805527].pdf(0.29271510559068564)
Testing logNormal[M=3.7267715207971914 S=9.927436771732527].pdf(1.5775273197911541)
Testing logNormal[M=3.292908690305758 S=5.1107101154022825].pdf(1.9863132001308645)
Testing logNormal[M=-2.9126986128482937 S=6.669180234955977].pdf(0.3754161943951518)
Testing logNormal[M=-2.7119313455808514 S=6.858180627081144].pdf(1.4725416706761056)
Testing logNormal[M=2.672577487587146 S=2.0659611274522405].pdf(0.8873358500857735)
Testing logNormal[M=1.1717923783893145 S=6.612657181185696].pdf(2.216353116757214)
Testing logNormal[M=2.675990693126815 S=3.663707107083032].pdf(0.17008551403582903)
Testing logNormal[M=3.329219839887484 S=4.890753174387546].pdf(1.9451230552361392)
Testing logNormal[M=4.473310691944459 S=7.057852495250475].pdf(2.077669573546938)
Testing logNormal[M=-2.721542501648716 S=3.4068991008334293].pdf(1.8025766722039103)
Testing logNormal[M=3.3109566370519783 S=4.178426521891966].pdf(1.9792230873685186)
Testing logNormal[M=0.34182318322401173 S=5.308292521155171].pdf(2.0856193743884264)
Testing logNormal[M=-3.5047449028318303 S=9.3774683706435].pdf(0.7706910103014136)
Testing logNormal[M=-2.7666181607651574 S=4.090358494189555].pdf(2.232768985344413)
Testing logNormal[M=3.7353162713818495 S=7.589956252232085].pdf(0.9125423507400109)
Testing logNormal[M=2.100844729871029 S=5.380099097033319].pdf(1.3206018371170822)
Testing logNormal[M=-2.55968250969146 S=0.6411620258633766].pdf(1.6382736262902708)
Testing logNormal[M=4.323256369892537 S=4.681841502906606].pdf(0.4825684375721684)
Testing logNormal[M=1.89623278779293 S=2.9302947061377416].pdf(1.8363383378707763)
Testing logNormal[M=3.628524856210827 S=0.4527999582644271].pdf(1.8624305322597565)
Testing logNormal[M=3.9530562232630313 S=7.902784368591015].pdf(1.9970309639758876)
Testing logNormal[M=-1.7373336730836875 S=7.887189673292619].pdf(1.131527979840605)
Testing logNormal[M=1.5102097807106354 S=1.3650827521357345].pdf(2.1346806016680513)
Testing logNormal[M=-2.1871420245550666 S=4.404922406589067].pdf(2.1193915541505297)
Testing logNormal[M=4.522363327909664 S=1.2420351288851494].pdf(1.9056981170514447)
Testing logNormal[M=2.0449115352740463 S=6.527485253465494].pdf(1.5810369665447053)
Testing logNormal[M=4.554622885858034 S=5.540439862278324].pdf(2.3024966386710415)
Testing logNormal[M=1.619904846435655 S=1.7664112910544172].pdf(1.27585049163611)
Testing logNormal[M=-3.2252488268869897 S=5.069448766985185].pdf(1.6096295154629003)
Testing logNormal[M=-0.9660731318363904 S=4.759150151235402].pdf(1.7164891867761918)
Testing logNormal[M=-0.3814043937353828 S=8.967677782083745].pdf(1.927396466107244)
Testing logNormal[M=1.6088305346508633 S=0.7820359004046162].pdf(1.4267831179081139)
Testing logNormal[M=-3.6352119329331876 S=6.559813845990153].pdf(1.1652128685192387)
Testing logNormal[M=0.3728755575917928 S=1.0376240738328735].pdf(2.0263761834514145)
Testing logNormal[M=4.252775078447662 S=1.7681241482836862].pdf(0.31767942669232574)
Testing logNormal[M=2.260199489142333 S=0.20259923068990715].pdf(2.2559002698187727)
Testing logNormal[M=-2.0385304275694516 S=2.019940127869342].pdf(2.1447834291995904)
Testing logNormal[M=-3.747210029104994 S=6.680197861436388].pdf(2.2872058729012537)
Testing logNormal[M=-0.38577355011798353 S=6.096296634950113].pdf(0.8467762742595998)
Testing logNormal[M=1.5292322142183945 S=7.854234110458198].pdf(0.5570712053328889)
Testing logNormal[M=2.0000332560094023 S=7.330698023934761].pdf(1.8962670214314217)
Testing logNormal[M=-2.491483694047173 S=3.1890640672542747].pdf(1.9727135205233106)
Testing logNormal[M=3.53856531997692 S=8.488094391040343].pdf(0.23604689294062745)
Testing logNormal[M=-4.8906812683764835 S=2.8235523345484745].pdf(0.6690457584590116)
Testing logNormal[M=0.3413784110354623 S=2.7933792853084083].pdf(1.6381151166000292)
Testing logNormal[M=1.6969744070485877 S=1.5569393991886038].pdf(2.2859575679886883)
Testing logNormal[M=1.043427891407653 S=2.578077056409173].pdf(1.5649566766101586)
Testing logNormal[M=3.2126937596469993 S=4.289152466476567].pdf(2.1892907747972115)
Testing logNormal[M=2.8196298392933548 S=8.049054539649179].pdf(1.4306726670842587)
Testing logNormal[M=3.689287143626238 S=5.334804393815236].pdf(1.7943374722497945)
Testing logNormal[M=1.2041711362221381 S=8.058484682366496].pdf(2.0580349174555623)
Testing logNormal[M=4.427461666752965 S=5.626434529480992].pdf(1.4872955317139904)
Testing logNormal[M=4.1260312208261904 S=8.138185039041904].pdf(1.9610737502493045)
Testing logNormal[M=-4.799182073542823 S=1.6070876108773513].pdf(2.1165361434936174)
Testing logNormal[M=-3.114035575506194 S=1.9896057720251037].pdf(2.2407106327605186)
Testing logNormal[M=-3.0934851371483507 S=3.4027388514645542].pdf(1.0936087211910643)
Testing logNormal[M=-1.2246363497137858 S=0.07711558769235238].pdf(2.2489970431568254)
Testing logNormal[M=-3.4283889734538 S=2.833328902963789].pdf(1.8422493399256388)
Testing logNormal[M=3.353206024117645 S=4.897925741146175].pdf(0.5422130970224358)
Testing logNormal[M=0.33522060833769096 S=4.792171566092223].pdf(2.1813710330350866)
Testing logNormal[M=3.1460696783554063 S=6.582866360195714].pdf(1.5701239763448507)
Testing logNormal[M=4.332371849814496 S=6.565872113435285].pdf(1.8937148438928375)
Testing logNormal[M=-3.589296048153312 S=1.609473726196633].pdf(2.0278041095571844)
Testing logNormal[M=1.7647708588448383 S=9.37610892138025].pdf(2.083097164394749)
Testing logNormal[M=3.1159353149419626 S=1.699193744520584].pdf(0.25129233393322853)
Testing logNormal[M=0.1547667768144816 S=2.994040336917816].pdf(1.3282949381315015)
Testing logNormal[M=-1.2796723455825108 S=6.990491861711208].pdf(1.3362638503413489)
Testing logNormal[M=-0.6940950312122665 S=8.19142224145889].pdf(1.6448537185789331)
Testing logNormal[M=1.9621023917594949 S=4.102214132739218].pdf(1.1505817457494338)
Testing logNormal[M=1.9944672543646718 S=2.218331343271137].pdf(1.912820594637878)
Testing logNormal[M=-0.4075458561471512 S=2.7876694392693935].pdf(2.1633354883723293)
Testing logNormal[M=-4.190318815284173 S=6.417235863177517].pdf(2.2757031900419054)
Testing logNormal[M=4.029854215011783 S=8.97717015102306].pdf(2.1484692543086323)
Testing logNormal[M=4.6050680457957895 S=6.8249148218728175].pdf(1.1349114880000206)
Testing logNormal[M=2.393536788650491 S=5.067030837337927].pdf(1.3669268263772933)
Testing logNormal[M=4.852186999371677 S=7.640253598374004].pdf(0.6806932404296513)
Testing logNormal[M=2.8599186324067123 S=0.9010100876978522].pdf(0.12670995204927363)
Testing logNormal[M=-2.3173390695664797 S=1.204355992980739].pdf(1.0982974749062717)
Testing logNormal[M=3.7414028676743687 S=3.0162934610145764].pdf(2.1682232728010136)
Testing logNormal[M=-4.866691703706064 S=9.782763445910724].pdf(2.149174170002884)
Testing logNormal[M=0.2736030702125394 S=1.0948636625682096].pdf(1.151198717054815)
Testing logNormal[M=3.877277466303866 S=9.452161538261171].pdf(1.846272268818506)
Testing logNormal[M=3.7439185157513535 S=4.381780317701054].pdf(1.4364731209697965)
Testing logNormal[M=2.298286014699987 S=1.560950937032114].pdf(1.782246460403481)
Testing logNormal[M=4.644263888884089 S=3.421159490519783].pdf(2.1125561333626175)
Testing logNormal[M=-4.900224074825453 S=6.9026582186233645].pdf(2.2409417037338573)
Testing logNormal[M=4.110495241686957 S=2.9598051941999817].pdf(1.0780977915033676)
Testing logNormal[M=-2.3476937431073575 S=3.6561640718828468].pdf(1.1910540983136209)
Testing logNormal[M=-1.3423753785627737 S=4.150500565176806].pdf(2.227024519416981)
Testing logNormal[M=-0.09840212009467386 S=7.242625076893847].pdf(1.5371335752003061)
Testing logNormal[M=4.155048101272197 S=5.464164157294498].pdf(2.2885804187076664)
Testing logNormal[M=4.8951208303677145 S=4.739349193400505].pdf(1.9326240964007564)
Testing logNormal[M=2.3549112876325236 S=5.769067172346794].pdf(2.220620119115031)
Testing logNormal[M=-3.178087785975985 S=7.564490270358737].pdf(1.3414705182392304)
Testing logNormal[M=-3.948281870147432 S=5.264188611753987].pdf(2.0280663334928253)
Testing logNormal[M=4.798096917776787 S=4.071631286688513].pdf(1.5682554675329945)
Testing logNormal[M=-3.6033609481782927 S=8.316191485980927].pdf(2.275486675761972)
Testing logNormal[M=0.38953996798374924 S=4.033619102847398].pdf(0.8901391143236042)
Testing logNormal[M=-3.4288012433896697 S=4.007648179297537].pdf(1.5746565801916552)
Testing logNormal[M=-4.9337337848296325 S=2.3544030849150364].pdf(2.0033352041527004)
Testing logNormal[M=2.1870013692084385 S=9.531238059731175].pdf(1.4708301278523683)
Testing logNormal[M=-4.1843774286742 S=1.472341809267299].pdf(1.6906648749921507)
Testing logNormal[M=2.0729142136897885 S=6.49026742199283].pdf(2.0147223188925416)
Testing logNormal[M=1.87782025128993 S=5.701636537021448].pdf(2.2333574295627563)
Testing logNormal[M=-0.26877726838357674 S=3.3267167093128314].pdf(1.454593965796617)
Testing logNormal[M=-0.5386122339111941 S=3.8403200935170356].pdf(2.0508056625907973)
Testing logNormal[M=-2.8955458090906436 S=8.937360458746449].pdf(1.8912542206564449)
Testing logNormal[M=-4.202347806679933 S=9.319494860787897].pdf(2.0253259765097673)
Testing logNormal[M=-1.729191354631725 S=6.358789444693491].pdf(2.0475241505395236)
Testing logNormal[M=3.5587725124732064 S=9.360004275518584].pdf(0.8127304205286299)
Testing logNormal[M=-0.9325502883865253 S=2.240808434377395].pdf(1.068829427554455)
Testing logNormal[M=3.3740454296905433 S=2.553996181823278].pdf(0.7643847708637348)
Testing logNormal[M=-1.146873156381031 S=6.565436519129685].pdf(2.2057409357181568)
Testing logNormal[M=3.7435647416528415 S=2.537807729025813].pdf(2.137449610550951)
Testing logNormal[M=-0.2715858954559902 S=8.193421275615739].pdf(1.749432761699911)
Testing logNormal[M=-4.322247052526586 S=7.049188323060195].pdf(1.6244787689233902)
Testing logNormal[M=3.345319615652407 S=9.52608725494725].pdf(2.213485564015755)
Testing logNormal[M=-4.857013627687446 S=6.162113866374365].pdf(0.6088369058214809)
Testing logNormal[M=-2.8226728805375134 S=1.6545947463489574].pdf(0.2052948552534656)
Testing logNormal[M=-3.812419978639805 S=4.621012139462961].pdf(0.44053774534935153)
Testing logNormal[M=-1.6717580023848555 S=3.859264943643108].pdf(0.9607733192602064)
Testing logNormal[M=0.8118320662933005 S=3.0278085650848983].pdf(1.074510709818237)
Testing logNormal[M=4.147826295256021 S=1.6411842420607403].pdf(2.298063500472949)
Testing logNormal[M=-1.2908442718402133 S=6.413922439858224].pdf(1.0804387682201442)
Testing logNormal[M=1.7445136815739195 S=8.907852070459297].pdf(1.5607113471703715)
Testing logNormal[M=4.389824725913893 S=3.41810130434152].pdf(1.976978298576553)
Testing logNormal[M=-1.1903718285523457 S=3.7539484833628833].pdf(2.216485706041383)
Testing logNormal[M=-0.1794567154505744 S=6.071420305839861].pdf(1.9292482692707127)
Testing logNormal[M=3.581386760410867 S=5.20589148360695].pdf(0.14998762282767317)
Testing logNormal[M=4.456676726072203 S=6.963264340943368].pdf(2.222418376817348)
Testing logNormal[M=4.087188177143975 S=5.031980845962534].pdf(1.6950347583821845)
Testing logNormal[M=-1.2369229428673867 S=4.4458246342954135].pdf(2.244153116620264)
Testing logNormal[M=4.534655906060809 S=4.4246144451344005].pdf(2.246252989273644)
Testing logNormal[M=2.3362541862458563 S=6.3674369279268985].pdf(1.623709521059191)
Testing logNormal[M=-2.380225794400035 S=8.172081302216833].pdf(1.5877594697257442)
Testing logNormal[M=-0.6537812011454349 S=1.6636284222008757].pdf(2.291230769266418)
Testing logNormal[M=-4.952894922554836 S=7.458277854921043].pdf(1.315886532919784)
Testing logNormal[M=-4.029605572464421 S=6.754413273514659].pdf(2.263438424630242)
Testing logNormal[M=-1.6058593392178375 S=8.231656447052066].pdf(0.7202672737322968)
Testing logNormal[M=1.0231077536536652 S=9.091301658669074].pdf(1.3862319434203707)
Testing logNormal[M=-2.7892117993356615 S=1.5137720513677588].pdf(1.456183616504976)
Testing logNormal[M=-0.9194063245053403 S=7.6213752065491125].pdf(1.233874057961106)
Testing logNormal[M=2.0528827987734397 S=5.914131629387288].pdf(1.5725400244714427)
Testing logNormal[M=3.9124159016748745 S=8.97683289524813].pdf(1.8955793400530911)
Testing logNormal[M=1.4819737558268296 S=1.3048089412578034].pdf(1.4473049526001815)
Testing logNormal[M=4.198045182907897 S=2.4204139967089358].pdf(1.315221799672486)
Testing logNormal[M=3.702503724155651 S=2.574346303434265].pdf(2.2253438252474464)
Testing logNormal[M=-2.369515512896948 S=1.4974187243635184].pdf(1.6528510738763138)
Testing logNormal[M=1.1277609800186355 S=5.064591739679296].pdf(1.8565976286524608)
Testing logNormal[M=-4.277114131397609 S=0.7874527262920639].pdf(1.019852615011628)
Testing logNormal[M=-1.7842256051442473 S=8.501794872114816].pdf(0.6025444234838693)
Testing logNormal[M=-3.147076118238318 S=0.27089008548319415].pdf(0.944361971740022)
Testing logNormal[M=-0.6185965447667305 S=4.922103073196377].pdf(1.4875453957943876)
Testing logNormal[M=4.8739687862891685 S=8.65745254051548].pdf(1.3532819556715094)
Testing logNormal[M=0.8647091746180298 S=6.026854077471469].pdf(1.0584759050625934)
Testing logNormal[M=0.1900605529133026 S=1.17892578280547].pdf(1.5837706693171303)
Testing logNormal[M=1.6048839230093295 S=9.726079373265991].pdf(1.3594655005972258)
Testing logNormal[M=4.325918356229378 S=3.2491008238650743].pdf(1.617390913731162)
Testing logNormal[M=-0.9204844100364662 S=1.118012456373082].pdf(1.3910638696337672)
Testing logNormal[M=0.20605041481170616 S=6.658469866529306].pdf(2.1370981026301767)
Testing logNormal[M=-1.128886401068847 S=3.5387830235559803].pdf(0.4388210078613666)
Testing logNormal[M=-1.3409256138141892 S=5.824053764258039].pdf(1.2925350161772002)
Testing logNormal[M=-3.1750389505809364 S=3.010280027727048].pdf(1.9763942953539497)
Testing logNormal[M=-4.007085154169971 S=6.248403348453766].pdf(0.9620065369679055)
Testing logNormal[M=3.3703961416528525 S=6.556776480965034].pdf(1.5120872448319411)
Testing logNormal[M=-4.317988902738711 S=8.22646009357808].pdf(1.8904738704166888)
Testing logNormal[M=-3.998991975816286 S=2.7290754949812124].pdf(1.9520216162306705)
Testing logNormal[M=1.6968669468023645 S=1.1975371955272207].pdf(2.0752318604010904)
Testing logNormal[M=4.370171244142437 S=2.343804597413844].pdf(1.9002857507795194)
Testing logNormal[M=-4.761807939755888 S=0.9962232853354824].pdf(1.4658874232384551)
Testing logNormal[M=-0.8570544807354281 S=2.2780908879944572].pdf(0.2922044345309568)
Testing logNormal[M=-1.0791003539599533 S=3.591117451940413].pdf(1.279672817507686)
Testing logNormal[M=-3.6373822548345247 S=5.400976086959065].pdf(0.5443651384926689)
Testing logNormal[M=0.5861698483537516 S=4.265704136834185].pdf(0.8748707812572659)
Testing logNormal[M=2.545415607548188 S=3.4682837258215105].pdf(0.060433661397217626)
Testing logNormal[M=-2.1929673026209215 S=2.613361203955571].pdf(1.780868656378159)
Testing logNormal[M=-3.1346505567826624 S=3.9593229898045146].pdf(0.30186966092421574)
Testing logNormal[M=-2.244603786695528 S=9.807151391838524].pdf(1.7410219506249665)
Testing logNormal[M=-0.9407015052008187 S=5.962549306056472].pdf(1.6478287956731286)
Testing logNormal[M=-1.4324126298224273 S=1.3029992315113625].pdf(1.8104354786983698)
Testing logNormal[M=2.5704526970903183 S=5.035033305601624].pdf(0.6839210381115971)
Testing logNormal[M=-2.152874029349782 S=3.353573526462].pdf(1.9057056932464462)
Testing logNormal[M=-4.034016059648396 S=5.758372838712189].pdf(1.9599187202647423)
Testing logNormal[M=4.713518995025879 S=8.752551861188245].pdf(1.9042430011701528)
Testing logNormal[M=1.1128684826504722 S=3.003448525388177].pdf(2.2011430042934195)
Testing logNormal[M=0.5401693366061373 S=0.24012349865934146].pdf(1.6256982460575276)
Testing logNormal[M=-1.0792459726450732 S=4.662889781388939].pdf(1.2944511017910136)
Testing logNormal[M=-4.261345951134241 S=7.305507373020118].pdf(1.9489717944383376)
Testing logNormal[M=-1.0468766086149062 S=1.4433417310655405].pdf(2.0953564016264403)
Testing logNormal[M=-1.868885686848527 S=6.908315949863779].pdf(1.696007036134618)
Testing logNormal[M=-0.16685243361545332 S=9.026551644337404].pdf(2.21737145084194)
Testing logNormal[M=4.43490144893882 S=4.177807851103959].pdf(1.466447919334931)
Testing logNormal[M=3.793325182501068 S=3.0466207398237986].pdf(1.8071625303098557)
Testing logNormal[M=-3.953776550186486 S=1.3781313661247507].pdf(2.065081736157929)
Testing logNormal[M=0.1502829651780777 S=6.007401304095503].pdf(1.4598081784588486)
Testing logNormal[M=3.066321614703959 S=9.496192148100999].pdf(1.745227702406359)
Testing logNormal[M=3.0219416365679344 S=4.7022584421387394].pdf(1.2686897364321945)
Testing logNormal[M=-4.279158598298521 S=6.662433989756927].pdf(1.206483261181558)
Testing logNormal[M=-2.702939231395025 S=8.446159049499194].pdf(1.0349237115310772)
Testing logNormal[M=-2.0832238523085644 S=1.6504703835493917].pdf(1.284098288512282)
Testing logNormal[M=-0.42752675513552596 S=7.138211431691138].pdf(0.5965335074433594)
Testing logNormal[M=-2.86448778622037 S=6.511849611106349].pdf(1.4873716214655688)
Testing logNormal[M=2.593173499370984 S=0.36512785529239644].pdf(0.9712474773971262)
Testing logNormal[M=-0.7123662343802959 S=3.04912422201002].pdf(2.0917111654961476)
Testing logNormal[M=-2.3883643797423515 S=4.42631831950896].pdf(0.7222674477156769)
Testing logNormal[M=-1.514135703100373 S=5.480330740303153].pdf(1.980876481640215)
Testing logNormal[M=-2.37958703451304 S=6.078309809238087].pdf(2.242076260292005)
Testing logNormal[M=-2.19059141114456 S=3.1126472123778592].pdf(1.760953091209056)
Testing logNormal[M=-0.6646689268177566 S=2.891657366953555].pdf(1.9322058510376803)
Testing logNormal[M=2.9183070965427262 S=5.213657441468962].pdf(2.070032667457685)
Testing logNormal[M=0.08451692236710429 S=3.0508795657377608].pdf(1.7193688903380202)
Testing logNormal[M=-2.558430143425853 S=3.4443544548848037].pdf(2.1684829051129904)
Testing logNormal[M=-3.1537729090837785 S=7.9329621940573025].pdf(1.1816538445261286)
Testing logNormal[M=-3.1285920767097197 S=2.220722959368717].pdf(0.8919446811203412)
Testing logNormal[M=-2.2522627780221827 S=2.8422299940470164].pdf(1.4373466249609563)
Testing logNormal[M=2.455070897829213 S=1.2839831830685688].pdf(1.7338980329482476)
Testing logNormal[M=4.3144360612947725 S=7.062740441497225].pdf(2.1301073839830553)
Testing logNormal[M=4.2633252452766435 S=4.511104513489851].pdf(1.240204876675471)
Testing logNormal[M=-4.737438185688898 S=1.4287105019324409].pdf(2.1973153413230513)
Testing logNormal[M=-2.29668103942121 S=9.562393656882273].pdf(1.4542079663820848)
Testing logNormal[M=0.12472157090979241 S=2.8416428362836177].pdf(2.230625482990853)
Testing logNormal[M=-4.742566960997387 S=3.992256524460255].pdf(1.7147650399437064)
Testing logNormal[M=0.5134192783291542 S=7.840316012514527].pdf(1.6513158862745103)
Testing logNormal[M=0.6563009826114508 S=2.4607877066557435].pdf(1.4902154455174768)
Testing logNormal[M=4.278121675094015 S=8.388706939989195].pdf(1.9027066459196844)
Testing logNormal[M=4.75659315570085 S=0.577116267341905].pdf(1.1563083917406909)
Testing logNormal[M=-0.362755177550822 S=6.765608927115741].pdf(2.1812875600914645)
Testing logNormal[M=-1.1384958594117132 S=1.9879804493054554].pdf(2.1897889215381006)
Testing logNormal[M=1.966153189971358 S=9.663010971043933].pdf(0.975971247680496)
Testing logNormal[M=-3.210448722518432 S=3.1524912602383406].pdf(2.1070376244475786)
Testing logNormal[M=3.5892298222341896 S=4.0734889591406915].pdf(1.9336267865908667)
Testing logNormal[M=-3.1558687860992563 S=2.0723980500223083].pdf(2.1670883672859467)
Testing logNormal[M=3.3868246245980167 S=0.7640565148567457].pdf(1.8885167521957882)
Testing logNormal[M=1.862684993775673 S=2.617378313176176].pdf(1.0254336748012534)
Testing logNormal[M=-2.0163262195666256 S=8.308039945314222].pdf(0.545805511702515)
Testing logNormal[M=1.8494339332635583 S=2.506733790404211].pdf(0.09540348740626235)
Testing logNormal[M=4.900228306453 S=9.20919574792261].pdf(2.098920657494645)
Testing logNormal[M=3.4608700512105948 S=4.912848734473578].pdf(2.1349946169308933)
Testing logNormal[M=-1.24610605749608 S=0.8166449620028493].pdf(1.3454843706263762)
Testing logNormal[M=2.4653656460479727 S=4.142523040914324].pdf(1.9481982411159025)
Testing logNormal[M=1.4175597413264054 S=4.913283124695131].pdf(1.9412010937155595)
Testing logNormal[M=-2.984715459916524 S=7.211704365417047].pdf(1.4242365331332325)
Testing logNormal[M=-4.113073525853634 S=2.9924278342158583].pdf(2.0972690238122706)
Testing logNormal[M=-3.2983208893056517 S=3.725445894654187].pdf(2.2892275220614065)
Testing logNormal[M=3.0697091644460475 S=0.9170301164913985].pdf(1.2933764515548025)
Testing logNormal[M=1.9477584831680828 S=3.133080606687364].pdf(2.238127697326526)
Testing logNormal[M=1.2585379649884478 S=0.29006107326949415].pdf(1.476607304976054)
Testing logNormal[M=-3.998338499904046 S=0.29593966925994697].pdf(1.9792498639049587)
Testing logNormal[M=4.251409503816641 S=7.314143793233004].pdf(0.851625549779872)
Testing logNormal[M=-3.0555593719401832 S=7.711600764209072].pdf(1.6011224423061077)
Testing logNormal[M=2.11640642662383 S=0.005513137869618268].pdf(1.7676950071810231)
Testing logNormal[M=-2.593715056344604 S=4.582953938676816].pdf(2.294348406007283)
Testing logNormal[M=4.998026023435836 S=4.735257958389654].pdf(1.0717836017365556)
Testing logNormal[M=4.050130872124624 S=1.911288420160866].pdf(0.5547729704327866)
Testing logNormal[M=1.7662145959153541 S=7.022400345732578].pdf(0.5111132635326815)
Testing logNormal[M=-3.7195901376586074 S=3.511648911432683].pdf(2.2995126803693617)
Testing logNormal[M=2.8458683795832265 S=6.700237208513149].pdf(1.871752018293847)
Testing logNormal[M=0.018686333484753348 S=6.236204633272914].pdf(1.5056481998487998)
Testing logNormal[M=-2.1078947419916982 S=5.505577684466475].pdf(1.9703239417066267)
Testing logNormal[M=0.9857036461910171 S=5.709594184314728].pdf(1.3695082952407704)
Testing logNormal[M=3.557955909147605 S=4.403538950511284].pdf(1.4070842247669753)
Testing logNormal[M=-3.499381038082828 S=6.304566824476985].pdf(2.0329404051618356)
Testing logNormal[M=-1.8821153115219111 S=0.13071349370321284].pdf(1.8653227083623112)
Testing logNormal[M=-0.4185061346263641 S=4.910866037564556].pdf(1.6818209364198264)
Testing logNormal[M=-1.436878276749324 S=2.557782275867848].pdf(1.6663390095367656)
Testing logNormal[M=1.3037030153988107 S=7.988079490503615].pdf(0.7180160645736455)
Testing logNormal[M=1.592327819530082 S=1.5487947521214651].pdf(1.5284031674935952)
Testing logNormal[M=0.37576291823977126 S=9.049593509287867].pdf(2.199609389090035)
Testing logNormal[M=4.506888515314117 S=5.503976128338154].pdf(1.3892704011268016)
Testing logNormal[M=-0.20011599559543924 S=1.0868075895417995].pdf(0.7850159501362591)
Testing logNormal[M=3.417846729408149 S=8.929057528888503].pdf(0.8583749667907348)
Testing logNormal[M=-4.810898694943945 S=9.595546620489754].pdf(1.8097060317274203)
Testing logNormal[M=1.5176584950287673 S=0.48310469428247127].pdf(2.049418205929503)
Testing logNormal[M=-0.6780171515193034 S=2.5250413660431272].pdf(1.236631730526688)
Testing logNormal[M=0.9332075376741376 S=1.4525112902658954].pdf(2.2063297104325694)
Testing logNormal[M=1.9517701366571236 S=1.494654411503038].pdf(2.005735870915897)
Testing logNormal[M=-3.9165604474806424 S=1.8246743185345138].pdf(2.070182090982204)
Testing logNormal[M=0.9062969117699682 S=7.7653518696439185].pdf(1.168687277210424)
Testing logNormal[M=3.88718529126505 S=0.47462664443601255].pdf(1.7195728392300311)
Testing logNormal[M=-2.967043922606641 S=2.8327654317706417].pdf(1.9694941159374362)
Testing logNormal[M=4.221634666726249 S=6.04050950398094].pdf(2.1617858996509574)
Testing logNormal[M=-2.627444919558667 S=0.9893793034163678].pdf(1.8428716441323414)
Testing logNormal[M=2.7591521150633938 S=0.9041130541855891].pdf(0.8972203425137933)
Testing logNormal[M=4.071475516581096 S=8.905657599140783].pdf(1.985178700670165)
Testing logNormal[M=4.120216615453895 S=9.528667874365716].pdf(0.8500917368906362)
Testing logNormal[M=-4.682046847752122 S=2.0969015371162536].pdf(1.2928406894244868)
Testing logNormal[M=1.469220803601785 S=9.275188084031656].pdf(1.9912909062682163)
Testing logNormal[M=-1.9119383485342722 S=5.4937397137045405].pdf(1.9700202612857458)
Testing logNormal[M=2.715901179579193 S=0.2438614841300457].pdf(0.5915102931478317)
Testing logNormal[M=0.642582909504144 S=2.7977953740717956].pdf(1.692669073767346)
Testing logNormal[M=-3.3824654563803183 S=6.583344588402379].pdf(0.025715129391893687)
Testing logNormal[M=-3.608415237700666 S=0.5717402995700349].pdf(1.8691966885445894)
Testing logNormal[M=-2.017643533384905 S=5.6557148197419576].pdf(1.3922287228664059)
Testing logNormal[M=-1.3025064849031907 S=7.6203940460061315].pdf(0.340904563552879)
Testing logNormal[M=-4.844788141990558 S=3.299054660512113].pdf(2.160763908464349)
Testing logNormal[M=0.13116711281019544 S=5.669471672181291].pdf(2.017056797635503)
Testing logNormal[M=-0.965252701873033 S=2.5154012988916428].pdf(1.8364882801089484)
Testing logNormal[M=-4.798682123640238 S=5.230169414655357].pdf(1.8067172294372216)
Testing logNormal[M=0.5266727103701623 S=0.7361455571287268].pdf(2.2805055332206265)
Testing logNormal[M=4.21478680894252 S=3.190436285952681].pdf(0.6379789537415083)
Testing logNormal[M=-3.987626267255957 S=2.724420147114386].pdf(1.0301699998131932)
Testing logNormal[M=-4.396139447773852 S=4.252057985375368].pdf(1.9013338200670307)
Testing logNormal[M=3.602345401640875 S=8.03055289960577].pdf(2.193457980274475)
Testing logNormal[M=-1.538425501992411 S=2.9523515360985297].pdf(2.1690524449989383)
Testing logNormal[M=-2.0887541686948863 S=5.384899910981761].pdf(2.129340560229377)
Testing logNormal[M=0.9993961800842497 S=7.875659571516077].pdf(1.8262706498033257)
Testing logNormal[M=3.853306894805396 S=6.841283735034968].pdf(2.279279208433259)
Testing logNormal[M=2.8194136419828837 S=7.575847766995104].pdf(0.5329298101329465)
Testing logNormal[M=-4.1346098299528045 S=1.993659234553351].pdf(1.490679898690859)
Testing logNormal[M=3.0786025230842125 S=9.93282445240718].pdf(1.3718329555509456)
Testing logNormal[M=0.6035638260127101 S=3.264219433840175].pdf(1.1934599473369667)
Testing logNormal[M=1.2678565711638061 S=9.695002048612565].pdf(2.0906861748995036)
Testing logNormal[M=-0.8380139599135363 S=9.252848283690486].pdf(1.6195517113077755)
Testing logNormal[M=-1.5952236246053975 S=7.123558682695669].pdf(2.124185816526938)
Testing logNormal[M=-1.3593344855029867 S=3.773927215917905].pdf(2.283138844660453)
Testing logNormal[M=-2.3069095968063493 S=8.650489757489984].pdf(2.1198386982549895)
Testing logNormal[M=-1.2894748548022639 S=8.644827535229183].pdf(1.468252469395246)
Testing logNormal[M=1.9798196313263983 S=1.9624104343179671].pdf(0.5530135538892698)
Testing logNormal[M=3.767168612673375 S=1.306209611314647].pdf(0.9365083118685441)
Testing logNormal[M=0.5061326389596434 S=2.2022032426801896].pdf(1.2219808381711261)
Testing logNormal[M=-3.2484571089009897 S=0.6589744894897265].pdf(1.9070240475440607)
Testing logNormal[M=-2.4440977806398987 S=3.988149117498667].pdf(2.2533623741287756)
Testing logNormal[M=0.34982455847252236 S=9.465518019677337].pdf(0.15478450302227043)
Testing logNormal[M=-4.567319871393644 S=2.1011555415790593].pdf(2.257447740901946)
Testing logNormal[M=1.6385889544492311 S=4.371721023367446].pdf(2.1274307114866255)
Testing logNormal[M=-2.264731922630193 S=6.36987779078479].pdf(0.25221569598745847)
Testing logNormal[M=-0.6443160685282487 S=4.367493068368338].pdf(0.9830222539406913)
Testing logNormal[M=1.8671914909189313 S=8.344410534266055].pdf(1.227688623056293)
Testing logNormal[M=-1.138030073779678 S=1.343085700801201].pdf(0.7502446650193136)
Testing logNormal[M=2.037807921661088 S=6.6141082863608105].pdf(1.3844757709732174)
Testing logNormal[M=2.5599293152407885 S=6.4563324846496295].pdf(1.9937337973894123)
Testing logNormal[M=2.384945715465445 S=6.772074177942057].pdf(1.7625680077955996)
Testing logNormal[M=-3.6986869631963404 S=7.521751875037271].pdf(1.5517118144339643)
Testing logNormal[M=3.4464650373942227 S=5.930995954498421].pdf(1.5785795458806477)
Testing logNormal[M=-0.11852135058672975 S=3.3513396443192267].pdf(0.21649657184294485)
Testing logNormal[M=4.656252652124845 S=5.360413449751401].pdf(0.6401183194942257)
Testing logNormal[M=1.4720110146011063 S=8.816127474456446].pdf(1.819078088604718)
Testing logNormal[M=1.24833262973194 S=8.831930793779538].pdf(0.755883266535061)
Testing logNormal[M=0.9709205658370168 S=8.465052842515249].pdf(2.1835505116156964)
Testing logNormal[M=-2.203130569663694 S=7.815649508840703].pdf(1.6350750507631744)
Testing logNormal[M=-0.7695673562956173 S=3.7594117067509405].pdf(0.7721277681834181)
Testing logNormal[M=-1.327106936476401 S=2.421464332015727].pdf(2.2264457339433434)
Testing logNormal[M=2.4308475657342345 S=3.0236753408700565].pdf(2.1886237339303043)
Testing logNormal[M=-2.356243632457123 S=3.035683879711397].pdf(1.3901161385615677)
Testing logNormal[M=4.6720239749907595 S=4.269492118437219].pdf(1.4461299564715275)
Testing logNormal[M=4.504725260768103 S=9.717327136132111].pdf(2.2383795865578002)
Testing logNormal[M=-3.0313350810172492 S=6.928325301242616].pdf(1.9736876992040235)
Testing logNormal[M=-4.683713539244382 S=6.446839272971109].pdf(1.4206886223517061)
Testing logNormal[M=0.5979171266709944 S=1.8419589642147494].pdf(1.3562616367267701)
Testing logNormal[M=-1.5793732774305038 S=7.343948182103079].pdf(0.391670628981671)
Testing logNormal[M=-2.134719717659342 S=6.780862245403625].pdf(1.7350711907502043)
Testing logNormal[M=-1.623001063419335 S=7.271043914957245].pdf(1.3496204552573536)
Testing logNormal[M=-2.884563226773124 S=3.2803517923492844].pdf(0.9255879796817367)
Testing logNormal[M=-4.799604468425935 S=8.574217751642783].pdf(1.3774366164289822)
Testing logNormal[M=-0.32560830429923193 S=0.03026639002456477].pdf(0.7805188541545305)
Testing logNormal[M=-1.5986304491037817 S=9.917699618516698].pdf(2.231023756788567)
Testing logNormal[M=3.8886523105188804 S=2.208980685031622].pdf(1.5007589167487796)
Testing logNormal[M=2.9542938106828682 S=1.626719090766242].pdf(1.9976048800984774)
Testing logNormal[M=-0.8731083667883022 S=1.5123907845748819].pdf(1.5195624517966915)
Testing logNormal[M=-2.280202415745176 S=1.283664460969749].pdf(1.1309290887266004)
Testing logNormal[M=2.547269703845946 S=4.317438171160395].pdf(2.2534085325803646)
Testing logNormal[M=-1.9694923817013734 S=0.9042651279837988].pdf(1.9799886622856155)
Testing logNormal[M=0.06503086364250255 S=9.4057979451515].pdf(1.6891080476218747)
Testing logNormal[M=-0.36403800447507706 S=2.8911594842470665].pdf(0.23790811530424164)
Testing logNormal[M=-0.25220190758252237 S=8.20099531605165].pdf(1.691718237089824)
Testing logNormal[M=3.7140237479251557 S=5.232899216122352].pdf(1.5136095547188086)
Testing logNormal[M=1.3964276575410803 S=6.749143363811187].pdf(2.230703638816768)
Testing logNormal[M=4.292018085963555 S=4.450824012062191].pdf(0.8001181325342602)
Testing logNormal[M=0.5480465274040842 S=3.970290367007656].pdf(2.1875346121357744)
Testing logNormal[M=0.7860385010663462 S=3.7780963312643943].pdf(1.2290720068607819)
Testing logNormal[M=-4.602000211240503 S=1.978202861459466].pdf(2.0562098358664778)
Testing logNormal[M=-0.5400876897443769 S=5.187375918955].pdf(1.4835460177275426)
Testing logNormal[M=1.3102708728071866 S=0.7008881172360726].pdf(2.126122077686741)
Testing logNormal[M=-4.981887797024421 S=2.4871438794596235].pdf(1.9789618370186628)
Testing logNormal[M=-0.3196997558524952 S=8.808416215422094].pdf(1.6256580849909297)
Testing logNormal[M=-3.5598428092295187 S=5.640278752691234].pdf(0.31115385493693465)
Testing logNormal[M=-4.638461551537667 S=5.958458045587106].pdf(1.0527523810457216)
Testing logNormal[M=0.6460111883720092 S=5.2178090961190104].pdf(2.1871462112125166)
Testing logNormal[M=3.0104403591296514 S=7.3914984480145405].pdf(2.115086255822109)
Testing logNormal[M=0.4713986646606614 S=7.966221959552101].pdf(2.2590769691590498)
Testing logNormal[M=-2.258905474318059 S=2.547523905166831].pdf(1.9208732003357272)
Testing logNormal[M=0.12853281766902747 S=7.481678730383816].pdf(2.1597156015209724)
Testing logNormal[M=3.197217794395936 S=8.650923928549016].pdf(2.2286725440994033)
Testing logNormal[M=-3.6663258491400432 S=8.563178245516422].pdf(1.7603737733438618)
Testing logNormal[M=4.96429777159236 S=6.6457243235058305].pdf(2.231686291431251)
Testing logNormal[M=-2.536584504514625 S=3.771365190736514].pdf(2.297754289893117)
Testing logNormal[M=-2.295834437928792 S=9.764246007564896].pdf(2.0949999103970494)
Testing logNormal[M=2.1995061456198206 S=9.969064066035074].pdf(1.2185632287467174)
Testing logNormal[M=-1.716957918392489 S=3.529254317383276].pdf(1.5750664444384264)
Testing logNormal[M=2.187213845127639 S=1.26033650135993].pdf(0.4657635171283259)
Testing logNormal[M=-3.9832215385127236 S=5.3655093707817425].pdf(1.9759718058338107)
Testing logNormal[M=4.383856845902304 S=2.5528781559075044].pdf(0.204300128668471)
Testing logNormal[M=4.3782272017307875 S=2.1903687115606694].pdf(0.4273564699873359)
Testing logNormal[M=-3.1791198377130114 S=6.97919111327081].pdf(1.704413436197092)
Testing logNormal[M=2.9341475340001857 S=4.183248992873333].pdf(1.6899116385253428)
Testing logNormal[M=1.121163537605689 S=5.023172402657247].pdf(1.7117122325596024)
Testing logNormal[M=4.351174042007349 S=9.954879187546185].pdf(2.116867145512358)
Testing logNormal[M=3.465871264167223 S=1.7496163238902873].pdf(1.1662420141449146)
Testing logNormal[M=-3.1597746849332675 S=1.007305980479033].pdf(2.004972862165745)
Testing logNormal[M=2.7871141904280474 S=9.931201335609199].pdf(1.2567224370370118)
Testing logNormal[M=2.3446020615999155 S=3.6439254770942853].pdf(1.8079247983970101)
Testing logNormal[M=-0.9014832482037676 S=1.9044932566986572].pdf(2.186253531461695)
Testing logNormal[M=2.2819473899988 S=0.39924198935290534].pdf(1.4704637699655576)
Testing logNormal[M=-1.883955989052053 S=3.9826057229073983].pdf(2.2241718721839265)
Testing logNormal[M=-0.3673564552546207 S=5.879948719084168].pdf(1.6700662587029327)
Testing logNormal[M=1.5528466498104185 S=4.031540520836905].pdf(1.8067395249561098)
Testing logNormal[M=2.8592079891602893 S=4.451238449045944].pdf(2.2986977605876784)
Testing logNormal[M=2.0508527368836615 S=8.070705950211801].pdf(1.8276230630873702)
Testing logNormal[M=3.4903111478826556 S=2.5800957170040375].pdf(2.1007779525392523)
Testing logNormal[M=-3.143524425512422 S=3.1459508224549904].pdf(1.3391826178599402)
Testing logNormal[M=0.6429747937719457 S=6.6874418310002826].pdf(0.003112363851517826)
Testing logNormal[M=-0.3569072501262829 S=2.690014325118505].pdf(1.3996581107511854)
Testing logNormal[M=-1.3583565299921774 S=8.77163530778218].pdf(0.33742799560980624)
Testing logNormal[M=2.15983234704603 S=4.936172799232815].pdf(1.9297186585533692)
Testing logNormal[M=-2.71960682164347 S=4.433093572132584].pdf(2.2866670994958254)
Testing logNormal[M=3.0122435529277514 S=8.734550086890673].pdf(1.9996529532167078)
Testing logNormal[M=3.3500157871909018 S=5.23168949189098].pdf(2.047393442576502)
Testing logNormal[M=4.8974867985362085 S=6.603998303501973].pdf(0.8309107120840414)
Testing logNormal[M=2.4478750990607976 S=3.065149318693753].pdf(1.0341679170397626)
Testing logNormal[M=-0.7657858252136194 S=5.572093625828847].pdf(2.2007003745659177)
Testing logNormal[M=-2.89019743145839 S=8.933010463651927].pdf(1.2995298758175142)
Testing logNormal[M=-3.8504658964593776 S=9.28402444082698].pdf(1.0679388250071944)
Testing logNormal[M=-3.050516844958635 S=8.496439856548916].pdf(1.431210112343933)
Testing logNormal[M=-3.2902969794667714 S=0.8575488172084722].pdf(0.3034818145476082)
Testing logNormal[M=-2.562329204925372 S=4.700102617891249].pdf(1.192737486391163)
Testing logNormal[M=4.374764671512404 S=9.474016788181116].pdf(0.36508524775195006)
Testing logNormal[M=3.1643582107528996 S=6.392652884609502].pdf(1.1612973477121844)
Testing logNormal[M=3.2405334134782855 S=6.883783440534154].pdf(2.0108476342726638)
Testing logNormal[M=0.17363624668000988 S=2.0211500747612843].pdf(1.624483642712847)
Testing logNormal[M=-2.8836112611874274 S=7.995422227088619].pdf(1.120564629916545)
Testing logNormal[M=4.810392508268983 S=3.6036943175365876].pdf(1.7540817940272277)
Testing logNormal[M=1.8453406027201025 S=1.2148260143956968].pdf(2.082667085528258)
Testing logNormal[M=-0.25668048390808984 S=6.502467111459764].pdf(2.1226656719258816)
Testing logNormal[M=-4.251057485088126 S=1.8501298660088683].pdf(2.1706402820957638)
Testing logNormal[M=3.097210373056214 S=1.1192649011685096].pdf(2.0445339273478367)
Testing logNormal[M=-1.3388277261027035 S=6.4033456202829395].pdf(2.176243492061831)
Testing logNormal[M=-0.5611606668282532 S=3.801007498880372].pdf(0.34142465274649936)
Testing logNormal[M=2.9985088656329815 S=5.699073153679615].pdf(1.905768800827991)
Testing logNormal[M=-3.5028989774755823 S=1.4386918724325093].pdf(1.586343064033109)
Testing logNormal[M=4.711608406321474 S=4.778085117895897].pdf(0.5575326047394866)
Testing logNormal[M=3.824107334623399 S=6.64512698142024].pdf(1.6975399075993354)
Testing logNormal[M=-4.475873803358081 S=9.323895598212314].pdf(2.1211006858318626)
Testing logNormal[M=-2.824897408752276 S=1.6859895592545848].pdf(1.8965068506783647)
Testing logNormal[M=4.511644961156623 S=7.274714698071277].pdf(2.0594592725352703)
Testing logNormal[M=0.915576562862479 S=7.04658626180204].pdf(2.0886620670523213)
Testing logNormal[M=-3.473165452197443 S=6.582683536654902].pdf(0.05894904352610801)
Testing logNormal[M=-4.324781778367001 S=6.273373782078961].pdf(2.1175340646970855)
Testing logNormal[M=-2.6715883414591945 S=4.5347324228343835].pdf(1.7988340091167008)
Testing logNormal[M=-4.321632516246716 S=7.114658462082602].pdf(0.22576866338225565)
Testing logNormal[M=0.3780086528548807 S=2.9904775708536446].pdf(1.156255275596486)
Testing logNormal[M=-0.7995705263519408 S=6.787972034072033].pdf(2.171450062879534)
Testing logNormal[M=1.5366594206895279 S=6.329861698521446].pdf(2.261953489534502)
Testing logNormal[M=4.833682296823449 S=3.953624286888251].pdf(1.1452134430556014)
Testing logNormal[M=-2.8511560402468836 S=9.25766924073357].pdf(1.6146019150229909)
Testing logNormal[M=-1.2335545293053807 S=5.880507597581373].pdf(1.80694837324078)
Testing logNormal[M=1.4523728323249774 S=7.474929144139081].pdf(2.077396083418698)
Testing logNormal[M=-3.1320774195036716 S=2.662912255020833].pdf(1.5228796669503883)
Testing logNormal[M=-3.7325206680864875 S=5.843216681677457].pdf(2.2273266887400993)
Testing logNormal[M=0.7042701361114094 S=1.2963894532417386].pdf(2.0423212395882127)
Testing logNormal[M=1.2293148060478387 S=5.8183700309026785].pdf(1.9455595752195487)
Testing logNormal[M=-1.1004391428037885 S=7.068041875270343].pdf(2.2964020990108893)
Testing logNormal[M=2.5049248439943748 S=9.497369369260124].pdf(1.2550899221875425)
Testing logNormal[M=3.460393005740812 S=9.24389248132642].pdf(2.2370162979179202)
Testing logNormal[M=-3.094639454947312 S=4.622661277459967].pdf(1.1316839792236564)
Testing logNormal[M=-1.5767746605058397 S=1.5325365485042763].pdf(2.1194520049315466)
Testing logNormal[M=1.9941429401190778 S=8.476683816134292].pdf(1.6810180790407956)
Testing logNormal[M=3.9315234143924247 S=0.2144845976137899].pdf(0.814419138962829)
Testing logNormal[M=4.7076092081043726 S=3.954008589926289].pdf(2.1338129036254414)
Testing logNormal[M=-1.554706070963431 S=9.103156541786806].pdf(1.98543473330436)
Testing logNormal[M=2.511719703346275 S=7.096649113313505].pdf(1.8824117079583462)
Testing logNormal[M=2.0821421690188844 S=5.093072200329194].pdf(1.8913099611931774)
Testing logNormal[M=0.6762602610912216 S=7.189611254773769].pdf(0.2424702324586729)
Testing logNormal[M=4.658975373432897 S=7.667440419340204].pdf(1.6441191533108621)
Testing logNormal[M=-2.81965147815213 S=5.5450112688100015].pdf(1.1779170560279366)
Testing logNormal[M=3.4740171009629037 S=2.904065668467638].pdf(2.1448528482805527)
Testing logNormal[M=-4.1055557439801635 S=2.7223348774335223].pdf(1.896400141856331)
Testing logNormal[M=4.710599310319868 S=7.703908841859224].pdf(2.2373311698904295)
Testing logNormal[M=-3.727479320947137 S=9.728578959062244].pdf(1.2954943443589908)
Testing logNormal[M=-2.585207208323821 S=7.449872137017447].pdf(1.7385179057874713)
Testing logNormal[M=-2.233830014180662 S=6.366375342312734].pdf(1.764947693305251)
Testing logNormal[M=0.3053693232549515 S=6.787901306769242].pdf(1.656301077526221)
Testing logNormal[M=-2.7178109896519054 S=7.436074267697475].pdf(1.686444150004585)
Testing logNormal[M=-0.528495822929913 S=1.8412109394199672].pdf(2.1677154861744694)
Testing logNormal[M=-1.7022561265092016 S=9.82678769055684].pdf(1.8156845373891408)
Testing logNormal[M=-2.5598625546289 S=8.493334291147715].pdf(1.6494135318856327)
Testing logNormal[M=1.7097070710334972 S=8.119096385915247].pdf(0.9391222914497779)
Testing logNormal[M=-0.5080547575072112 S=6.909319932182862].pdf(2.0388105104936267)
Testing logNormal[M=0.854230600577103 S=0.40369084667041477].pdf(2.0969364383243256)
Testing logNormal[M=2.2404334195382 S=3.552760848520069].pdf(0.8578417311558265)
Testing logNormal[M=-3.0771346980817915 S=3.30453333623443].pdf(0.4843989499316808)
Testing logNormal[M=2.8118456450458043 S=3.5747125533017488].pdf(2.1244414045438096)
Testing logNormal[M=-2.6819905955052548 S=7.229983414594665].pdf(1.6010934275689215)
Testing logNormal[M=-4.034541433894546 S=3.8509351352946872].pdf(2.2685170162552892)
Testing logNormal[M=-4.425164868432479 S=7.873111697672707].pdf(2.23504065656747)
Testing logNormal[M=1.0140299110002715 S=3.710251748958424].pdf(1.8976282985358897)
Testing logNormal[M=-1.2893825152548488 S=6.249023347683482].pdf(1.1987991305053984)
Testing logNormal[M=-3.7574007345771774 S=2.462870745135791].pdf(2.1927481712829566)
Testing logNormal[M=-3.388284691363239 S=5.024137888389446].pdf(0.8347215034565999)
Testing logNormal[M=1.3992025855961412 S=7.01984345530775].pdf(1.9120163084738224)
Testing logNormal[M=4.193578119980096 S=5.888734211549634].pdf(1.9426350941736608)
Testing logNormal[M=-3.5355688832331555 S=6.066182735626989].pdf(2.188309228115405)
Testing logNormal[M=-4.5961651522334765 S=4.683332804387658].pdf(2.1932480645261165)
Testing logNormal[M=-2.4204734738436793 S=0.17592302019340034].pdf(0.6930865395590019)
Testing logNormal[M=2.3197770420532446 S=4.024806828650061].pdf(0.5932873561990822)
Testing logNormal[M=1.5095765669283603 S=1.4008127434560913].pdf(2.03627321461302)
Testing logNormal[M=0.7541253989706487 S=6.439872631845293].pdf(2.0180387571585183)
Testing logNormal[M=1.3959680243490737 S=7.17266158378342].pdf(0.5799919318465739)
Testing logNormal[M=4.530374025884292 S=2.870942299827729].pdf(2.1878968424034766)
Testing logNormal[M=-1.4140091865509907 S=3.248617278107566].pdf(1.3788630183919266)
Testing logNormal[M=-4.5064606577344595 S=1.9601357337556236].pdf(2.2158856924257937)
Testing logNormal[M=-2.988518857179605 S=8.283608601230304].pdf(2.236850810284925)
Testing logNormal[M=2.4247617471867153 S=9.048169667086723].pdf(2.3010682322697313)
Testing logNormal[M=-1.3644495666616665 S=8.288363500327522].pdf(1.869892031325876)
Testing logNormal[M=4.338745366143227 S=1.3712640570944734].pdf(1.7132674110732427)
Testing logNormal[M=0.9137850094575679 S=2.6399419935371062].pdf(2.0470837850288692)
Testing logNormal[M=0.4768536019289762 S=5.820393133402115].pdf(0.5970729933134443)
Testing logNormal[M=-4.027273531904757 S=5.743973662761082].pdf(2.2033065240789957)
Testing logNormal[M=1.4440425922465518 S=9.481954371022669].pdf(1.8036127489248601)
Testing logNormal[M=0.348573914820137 S=2.9510716768320666].pdf(1.840304079271449)
Testing logNormal[M=-0.06045073547215196 S=4.183722216795945].pdf(2.2422305490794905)
Testing logNormal[M=-0.026341384901583886 S=3.473025142233083].pdf(2.160591145131695)
Testing logNormal[M=4.374759121182098 S=5.202755201311709].pdf(1.3245661618728324)
Testing logNormal[M=1.2680977993963616 S=3.917824368190658].pdf(1.9976385447203848)
Testing logNormal[M=-1.6485526958361318 S=5.587549562355766].pdf(0.5063409837146677)
Testing logNormal[M=1.919494263084804 S=8.549098017754433].pdf(1.6284341295701656)
Testing logNormal[M=3.5562263407214765 S=3.3197734788556366].pdf(1.6676356541515547)
Testing logNormal[M=-1.7898735609318992 S=2.051606232957126].pdf(1.6506289693542484)
Testing logNormal[M=2.969089130567342 S=1.4771259371936762].pdf(1.9397990155770732)
Testing logNormal[M=-2.2553437339467575 S=3.10922476578686].pdf(0.7281791210147022)
Testing logNormal[M=-1.3009335906520283 S=0.5911507252323434].pdf(2.005616936561778)
Testing logNormal[M=3.3979665334336 S=3.066551280094183].pdf(1.8922840626990105)
Testing logNormal[M=-2.0934348775256173 S=5.454402218916357].pdf(2.0408233856894857)
Testing logNormal[M=-0.5032421124292297 S=9.352996235332387].pdf(1.9060808946342025)
Testing logNormal[M=0.40385709967580574 S=9.657597713813557].pdf(2.040861153354889)
Testing logNormal[M=2.302614956116117 S=6.884077978075633].pdf(2.149717759845579)
Testing logNormal[M=0.8358335602666482 S=3.960340811748344].pdf(1.3730010008688596)
Testing logNormal[M=-3.325853444366839 S=9.583636490528548].pdf(1.3537648129541204)
Testing logNormal[M=-4.9497644742197195 S=5.980612651876318].pdf(2.2451535128574114)
Testing logNormal[M=1.595173475725935 S=6.1393884339886995].pdf(1.8994959866387995)
Testing logNormal[M=2.6236976766260023 S=4.073341470380396].pdf(2.016141899062533)
Testing logNormal[M=2.075430599670433 S=2.1659079734852806].pdf(1.7011667526841794)
Testing logNormal[M=3.8317582648400013 S=2.8544886542033487].pdf(1.4021371276092616)
Testing logNormal[M=1.5054582108460508 S=6.624570776243992].pdf(0.9894579197535148)
Testing logNormal[M=3.1630952472650407 S=2.357139684549697].pdf(2.1258523037700785)
Testing logNormal[M=-2.8707410769330988 S=7.212638302111532].pdf(1.8531596307315394)
Testing logNormal[M=-4.930925701189146 S=1.1680932735213412].pdf(0.13682063200815134)
Testing logNormal[M=-4.803737458280231 S=0.942118478957108].pdf(1.8919431272720133)
Testing logNormal[M=4.516292314745554 S=7.473388646918267].pdf(0.7841389679450583)
Testing logNormal[M=-1.2734175437372208 S=4.848020108173616].pdf(1.5838916316822758)
Testing logNormal[M=1.5007641473476063 S=9.904976524217311].pdf(1.1920187494245742)
Testing logNormal[M=2.2884690043698264 S=0.5811884565534431].pdf(1.4959662819190407)
Testing logNormal[M=-0.9221863917687152 S=6.462284423880359].pdf(1.7297536524070285)
Testing logNormal[M=-3.5181414922655607 S=8.840685772737055].pdf(1.6856534702406067)
Testing logNormal[M=-3.2323134256552324 S=3.829293414367135].pdf(1.9179643204916823)
Testing logNormal[M=-4.0656311992088074 S=8.821737217182374].pdf(0.43747491523591964)
Testing logNormal[M=2.5264712972851653 S=4.666346287319621].pdf(1.6832446483491432)
Testing logNormal[M=-4.693618700390712 S=7.340176499950336].pdf(2.1830906954105016)
Testing logNormal[M=3.72391142307613 S=7.516463481932442].pdf(2.1896643361380406)
Testing logNormal[M=-4.079168848533151 S=9.563306574893954].pdf(1.486549869352396)
Testing logNormal[M=-3.2716082912093656 S=7.771985517045298].pdf(1.96040800724772)
Testing logNormal[M=3.556772831326864 S=3.1749354571479236].pdf(1.6866453670440273)
Testing logNormal[M=-0.9741355716486311 S=5.756960021356607].pdf(0.39773924947476474)
Testing logNormal[M=4.319681905767624 S=6.965037286134606].pdf(0.5938874434130759)
Testing logNormal[M=-0.5618994225402432 S=0.888374875783372].pdf(2.2898549332835176)
Testing logNormal[M=-0.046576625378740744 S=9.589889775968025].pdf(1.4617406862297615)
Testing logNormal[M=2.624870088143699 S=1.584631297592859].pdf(2.213240687245188)
Testing logNormal[M=1.1638361159840036 S=1.8368570345931745].pdf(1.697697787789407)
Testing logNormal[M=-0.6878176492595767 S=9.353597950898504].pdf(1.314310236098725)
Testing logNormal[M=3.3994162651678934 S=8.0348198488712].pdf(1.298399364840299)
Testing logNormal[M=1.6930037603209316 S=0.20392031145208933].pdf(2.1391675011371656)
Testing logNormal[M=4.987410951247227 S=7.377364077479429].pdf(1.8429256943527694)
Testing logNormal[M=4.223922803711812 S=6.713351619485462].pdf(1.9581671342167544)
Testing logNormal[M=2.6583252364103984 S=7.5492826669677076].pdf(0.0965116270168595)
Testing logNormal[M=2.381640885925048 S=8.008763397723785].pdf(2.2355178664094852)
Testing logNormal[M=2.2473119221068902 S=9.099717760039448].pdf(1.7756993968139956)
Testing logNormal[M=0.5160607564677013 S=3.012393138866458].pdf(1.630573647613561)
Testing logNormal[M=-4.155453609753125 S=3.989154426988928].pdf(2.0798491499158525)
Testing logNormal[M=0.060711936115735554 S=1.574862664917125].pdf(2.019545089790446)
Testing logNormal[M=4.066966368600008 S=4.53544999611887].pdf(1.8171115755423974)
Testing logNormal[M=2.0918798299200674 S=0.6801786746135063].pdf(1.1774780109062397)
Testing logNormal[M=-4.033531831928647 S=0.36673994203806015].pdf(0.43692717991808355)
Testing logNormal[M=-4.898376485271329 S=0.6735694399435299].pdf(2.20779650582534)
Testing logNormal[M=-0.08617223091152937 S=6.328227989810431].pdf(0.4903949182684586)
Testing logNormal[M=2.5137833931956424 S=9.92033843482881].pdf(2.2660473426666483)
Testing logNormal[M=-0.017122381717688206 S=1.8359274833609696].pdf(1.8890914359180158)
Testing logNormal[M=-0.5881528276019541 S=7.449958926107167].pdf(0.9081351060086944)
Testing logNormal[M=-3.004299507130951 S=0.6128891135812364].pdf(2.0486084860657705)
Testing logNormal[M=1.1898800987494251 S=7.4303997124794705].pdf(2.080481511967878)
Testing logNormal[M=-1.391793845854231 S=3.854051372275583].pdf(2.169069364134838)
Testing logNormal[M=1.2017567959955135 S=3.2077256791828934].pdf(2.1816142009653454)
Testing logNormal[M=3.2373086134329707 S=6.9437381697765685].pdf(0.25802499827692427)
Testing logNormal[M=-2.3055815014141134 S=7.874491934877788].pdf(1.7177399368729551)
Testing logNormal[M=1.9284772100422458 S=5.982631265443875].pdf(1.8526510637517977)
Testing logNormal[M=1.842430868643893 S=0.08201448580581472].pdf(1.1300935320383505)
Testing logNormal[M=-3.877338607208216 S=6.795921188115227].pdf(1.1411890539518013)
Testing logNormal[M=3.389825844748689 S=9.803731127216647].pdf(1.0372031342627699)
Testing logNormal[M=-4.772251582285596 S=4.468165525295573].pdf(0.8498755740649333)
Testing logNormal[M=-2.4254350896473187 S=9.724966154957448].pdf(0.49404772369467825)
Testing logNormal[M=0.8572315045936287 S=3.8387924756215863].pdf(1.0805233457650743)
Testing logNormal[M=-2.362871097488388 S=0.5466084622041079].pdf(1.523677759916579)
Testing logNormal[M=-1.2382212692228398 S=0.37507717018443687].pdf(0.14591953550582878)
Testing logNormal[M=4.2065425755563215 S=6.082012143637856].pdf(0.1096853749578766)
Testing logNormal[M=-3.8456929463394216 S=5.047457842244908].pdf(1.9792106523502575)
Testing logNormal[M=-1.9465532769781237 S=4.801047812979594].pdf(1.7019246787666553)
Testing logNormal[M=1.5411772011223999 S=4.708553548761342].pdf(0.9583022048869347)
Testing logNormal[M=1.0697888238012592 S=6.286154924114323].pdf(1.607368276891467)
Testing logNormal[M=3.4599560739816546 S=1.7567765990746387].pdf(2.0421587220099178)
Testing logNormal[M=-1.953388556439676 S=5.310066962474415].pdf(2.2359373025250564)
Testing logNormal[M=1.2388196242321605 S=0.20196923918701426].pdf(1.7012777256051324)
Testing logNormal[M=-4.197851175028557 S=3.201487898103329].pdf(1.83896305287596)
Testing logNormal[M=3.6483700040142413 S=0.7282904041936566].pdf(1.2307256232346633)
Testing logNormal[M=-4.61305272733278 S=4.67533959316683].pdf(1.122346047840366)
Testing logNormal[M=-2.1547899329201616 S=0.1079964730559757].pdf(1.874361188782579)
Testing logNormal[M=-4.946904940646983 S=7.693632705582134].pdf(0.7885665569323188)
Testing logNormal[M=-4.852045909193754 S=9.640345571695727].pdf(1.2697216636096336)
Testing logNormal[M=-4.937010549777691 S=3.235201038569727].pdf(0.47505947047085645)
Testing logNormal[M=-3.2034708377432586 S=7.693339130633712].pdf(1.9329738717082396)
Testing logNormal[M=-4.291572930551144 S=0.7254401890736428].pdf(2.2334610705831848)
Testing logNormal[M=4.0789892020887315 S=7.6850812521526235].pdf(1.5794793604344213)
Testing logNormal[M=3.9388989476846117 S=2.3138728587060378].pdf(2.182047239275715)
Testing logNormal[M=-3.686401468613154 S=1.2909878018256937].pdf(2.2302227339387066)
Testing logNormal[M=-2.1194801482845858 S=9.114765771885214].pdf(1.942954747695888)
Testing logNormal[M=-0.9210047284294447 S=8.726580002072184].pdf(1.2167899371790112)
Testing logNormal[M=1.8659998570862202 S=7.8249600558564705].pdf(1.019764941429987)
Testing logNormal[M=-1.241308171805847 S=7.670604675649573].pdf(1.3534117501851621)
Testing logNormal[M=-1.352363773065325 S=3.51867564142869].pdf(2.226774131938925)
Testing logNormal[M=2.7459243763877614 S=2.959658206655573].pdf(1.1741600825459124)
Testing logNormal[M=1.0225786117314293 S=4.594559448845184].pdf(1.903175060335595)
Testing logNormal[M=-3.8555300844158835 S=8.972529804272533].pdf(2.0900813484180536)
Testing logNormal[M=1.9380460031150513 S=0.23169943280904381].pdf(1.1435325968586811)
Testing logNormal[M=-2.9272473455879133 S=5.717963438570495].pdf(1.448766632398362)
Testing logNormal[M=3.6834670049941423 S=3.793906011053245].pdf(1.7532589131216207)
Testing logNormal[M=-2.6498422239733124 S=4.263131534685489].pdf(1.4981695551562713)
Testing logNormal[M=1.1544128704147747 S=5.219426278919524].pdf(2.0357532721589457)
Testing logNormal[M=4.187429918716273 S=1.5123362076289293].pdf(1.2986900901072433)
Testing logNormal[M=-1.3117230331935392 S=4.962537179775674].pdf(0.9769841479928859)
Testing logNormal[M=-3.4547721246217202 S=8.34467059363003].pdf(1.7236523159940706)
Testing logNormal[M=-3.2644907874695814 S=8.099827664573674].pdf(0.21243462201698668)
Testing logNormal[M=2.7779620868673067 S=6.405680396103412].pdf(1.9378696361033396)
Testing logNormal[M=0.12629064372843324 S=0.3559121746899352].pdf(1.636171026305614)
Testing logNormal[M=1.0365985675231073 S=2.000791970668858].pdf(0.5757218884716983)
Testing logNormal[M=0.5639265781760603 S=0.06983761844879366].pdf(0.8289796831066996)
Testing logNormal[M=3.881277631142355 S=6.170180191629725].pdf(1.8430541804548835)
Testing logNormal[M=0.9023712096059917 S=0.8463003755856513].pdf(2.1110104239773153)
Testing logNormal[M=-0.2166340099568984 S=0.7182576756151704].pdf(1.428397920863319)
Testing logNormal[M=-3.336631878795627 S=5.842727976751517].pdf(0.11994310398493992)
Testing logNormal[M=4.035623787927587 S=4.407429435546618].pdf(0.9137949734933505)
Testing logNormal[M=-3.1899713744314893 S=2.659919977671965].pdf(1.282114929572714)
Testing logNormal[M=1.1724305747652872 S=0.4229177199664791].pdf(1.5225448706560951)
Testing logNormal[M=-1.8450535409160618 S=5.763008934146257].pdf(1.5766636462691783)
Testing logNormal[M=1.5792350219394002 S=6.403918770445978].pdf(1.454833852802746)
Testing logNormal[M=-4.971902370719494 S=2.15906275520768].pdf(1.1980322818901519)
Testing logNormal[M=-3.6699473046660938 S=5.774730070296173].pdf(1.8741390790694128)
Testing logNormal[M=-4.613720230498447 S=0.10746764637571293].pdf(1.3218225816329345)
Testing logNormal[M=-2.8752345617943806 S=5.130780585918078].pdf(2.1379305463352876)
Testing logNormal[M=2.6052923837975897 S=4.582145799292677].pdf(2.0303788423530817)
Testing logNormal[M=-1.4776462111126145 S=6.836442357681354].pdf(1.239311144855373)
Testing logNormal[M=2.7867998188009535 S=5.222326291580107].pdf(2.2977744094735857)
Testing logNormal[M=-0.8710900093919935 S=8.157078422060767].pdf(1.931580871468401)
Testing logNormal[M=-0.4010831100455716 S=3.6614538917945936].pdf(2.2738372211152886)
Testing logNormal[M=2.9239267723011606 S=7.472638516749974].pdf(2.027891340843501)
Testing logNormal[M=0.0818004495296778 S=0.23600074686051076].pdf(1.2816813366848374)
Testing logNormal[M=-2.2193940322218078 S=2.0606438604177457].pdf(2.1919486451068697)
Testing logNormal[M=-2.097999923965012 S=2.1696592527660794].pdf(2.175947356854737)
Testing logNormal[M=3.151855626391992 S=1.1469723664307196].pdf(0.6608290078223595)
Testing logNormal[M=3.1850613936238013 S=6.105155255208571].pdf(1.8167759490659199)
Testing logNormal[M=1.3980045742619485 S=3.7217688331006893].pdf(2.0295697226520475)
Testing logNormal[M=-3.84607376341928 S=2.8811454103338594].pdf(2.157774460231287)
Testing logNormal[M=-3.3287918142160966 S=8.728356146171732].pdf(2.283533236310989)
Testing logNormal[M=1.3088492224945112 S=2.3066021368847744].pdf(1.4248764232607591)
Testing logNormal[M=4.571414696106459 S=5.743202083309507].pdf(2.2360548810600167)
Testing logNormal[M=-0.7316507616021886 S=2.2789617581579167].pdf(1.5290441193451307)
Testing logNormal[M=-2.279698373360345 S=4.698683345765845].pdf(1.9334355380808186)
Testing logNormal[M=-0.648490021923819 S=9.956217516459025].pdf(1.7533217253964517)
Testing logNormal[M=-1.9144193538240142 S=8.74050108088732].pdf(1.9648006929353385)
Testing logNormal[M=2.3477291931693953 S=1.698675608137269].pdf(0.2588411166185594)
Testing logNormal[M=-2.7503403731854412 S=8.708784462184259].pdf(1.3464935714909008)
Testing logNormal[M=-0.06434935349249038 S=3.8602225894272446].pdf(1.220899281470475)
Testing logNormal[M=2.128624051012597 S=8.564975341940217].pdf(1.852553668921987)
Testing logNormal[M=-1.609205710456366 S=7.056821376942456].pdf(1.7155162343155521)
Testing logNormal[M=2.3510294992766063 S=5.793454354560307].pdf(1.049597072241834)
Testing logNormal[M=1.3125347407996717 S=9.791485702551162].pdf(1.0312380240624377)
Testing logNormal[M=-3.897719311494642 S=2.5865813897184964].pdf(1.8217333352024492)
Testing logNormal[M=-2.8539687155704483 S=6.9968194409093485].pdf(2.0781374437982176)
Testing logNormal[M=-0.6574812935652012 S=6.606389546727126].pdf(2.2410357441052478)
Testing logNormal[M=2.0444452687058856 S=8.851101733358188].pdf(1.6796382738906208)
Testing logNormal[M=0.12859753063534374 S=6.126933868156864].pdf(0.5802509555189835)
Testing logNormal[M=-1.4700170398153043 S=7.896309089632392].pdf(2.250348977001222)
Testing logNormal[M=0.6863369528854077 S=9.136927118577773].pdf(0.9326636664211552)
Testing logNormal[M=-0.8766478258294477 S=8.818948916581776].pdf(1.884290438890711)
Testing logNormal[M=4.512826455081358 S=4.9587022862357095].pdf(1.6347113501632051)
Testing logNormal[M=-4.312825288686773 S=1.2692613273385378].pdf(2.227843012730191)
Testing logNormal[M=-2.3917660822781697 S=4.246736430642991].pdf(0.7596741622309006)
Testing logNormal[M=-4.322126881631485 S=4.047083150450311].pdf(1.3021999868761984)
Testing logNormal[M=2.353127742995862 S=3.374811601066585].pdf(1.144530131238292)
Testing logNormal[M=-3.5813528256115523 S=2.898499055016681].pdf(1.564850188177532)
Testing logNormal[M=4.801147061754788 S=7.63951474489672].pdf(0.20289203818137805)
Testing logNormal[M=-0.07474974391559819 S=5.400968050088659].pdf(1.795361656225961)
Testing logNormal[M=-4.433472839420789 S=0.5964865502576544].pdf(0.9973087280215523)
Testing logNormal[M=-2.227755919358516 S=0.9577632986188489].pdf(1.4184571295651698)
Testing logNormal[M=-0.4250059869460241 S=0.21673468110803396].pdf(1.754083860370849)
Testing logNormal[M=-3.436329809973935 S=9.9992979151256].pdf(1.8455651710881682)
Testing logNormal[M=-1.3273240653527276 S=2.588436558201156].pdf(1.8339764348591305)
Testing logNormal[M=4.400122736515925 S=2.035019010045205].pdf(1.6506836333688102)
Testing logNormal[M=-4.132324568412838 S=2.6067439260531557].pdf(2.2915990860315874)
Testing logNormal[M=-3.7102086171959794 S=7.820611204736317].pdf(1.9223730629786235)
Testing logNormal[M=-0.019475831079999395 S=5.262223465829701].pdf(2.125345203742573)
Testing logNormal[M=-3.7942827537361534 S=7.1189836687130565].pdf(1.9811059059350997)
Testing logNormal[M=2.8376140910041023 S=9.908140212400589].pdf(2.01389470037014)
Testing logNormal[M=-1.4980827087798723 S=6.287146418205449].pdf(0.3780513139706967)
Testing logNormal[M=-3.373056336268129 S=3.0169048302738233].pdf(1.8629289882606206)
Testing logNormal[M=-4.36934256886097 S=5.47914148620665].pdf(0.4352144814535773)
Testing logNormal[M=3.6149321338502567 S=8.530331308676821].pdf(1.5401598298846884)
Testing logNormal[M=-0.48240856988068614 S=2.1186354995654275].pdf(1.0916106969351997)
Testing logNormal[M=1.6678100533238833 S=5.5445745151650225].pdf(1.825290698198394)
Testing logNormal[M=2.488462999862061 S=5.34411968974691].pdf(2.0901998543755855)
Testing logNormal[M=-2.595908164724406 S=3.42070697983801].pdf(2.101166233196325)
Testing logNormal[M=4.859505047521825 S=9.053169607531897].pdf(1.4910690654904963)
Testing logNormal[M=1.0521801829953281 S=4.9222932043173895].pdf(1.6125436192064444)
Testing logNormal[M=-0.11484408994050632 S=3.606868675553716].pdf(1.5253695378975094)
Testing logNormal[M=-0.5866326587323432 S=4.041644245855194].pdf(1.6409047925267797)
Testing logNormal[M=-2.3186678481565326 S=1.3723872644224622].pdf(2.2090782491427907)
Testing logNormal[M=-3.8214014436324706 S=0.034381177806723784].pdf(2.1745472504674934)
Testing logNormal[M=-4.457440766839797 S=2.832371783502774].pdf(2.1448121344956474)
Testing logNormal[M=3.021986018130649 S=4.936597657445335].pdf(2.0404937291335123)
Testing logNormal[M=-0.28943155563742184 S=6.789341502640953].pdf(0.7516874658641794)
Testing logNormal[M=2.9379290462986463 S=8.729515280964119].pdf(0.41402392943032157)
Testing logNormal[M=0.23556332478415154 S=3.4747082670845764].pdf(1.7279275790075417)
Testing logNormal[M=0.9691535555860789 S=4.7372792097605405].pdf(1.856504620433431)
Testing logNormal[M=-3.5512193728169947 S=2.6923796124454746].pdf(2.293256316626552)
Testing logNormal[M=4.846673946095624 S=8.741711906733531].pdf(1.6492251439865881)
Testing logNormal[M=-0.6602747934715039 S=3.8553401027398393].pdf(0.9494920987527129)
Testing logNormal[M=3.905011659396667 S=5.08944452202453].pdf(1.1923648847050061)
Testing logNormal[M=-4.624181152435654 S=5.998008594180594].pdf(2.161590202558717)
Testing logNormal[M=2.941090673086398 S=6.136649696635511].pdf(1.6231021061304813)
Testing logNormal[M=-3.9428077083945556 S=2.8741835710972596].pdf(1.0176674076103325)
Testing logNormal[M=4.16598382249318 S=2.5781103718517793].pdf(2.092970067767508)
Testing logNormal[M=-1.2252939743041935 S=7.105409680792963].pdf(1.3529842398851892)
Testing logNormal[M=4.9867331088585445 S=9.362859924405864].pdf(0.415520562155031)
Testing logNormal[M=-2.186434831593147 S=3.2717596822762296].pdf(1.3086600358077034)
Testing logNormal[M=3.2991118774610655 S=2.124112294926659].pdf(2.087574059119149)
Testing logNormal[M=4.799219095654744 S=1.6075304933839751].pdf(1.6783021897828028)
Testing logNormal[M=-0.12462120825865508 S=2.09370210657407].pdf(1.5426014107200678)
Testing logNormal[M=-1.9330203623957654 S=1.649032889797697].pdf(2.283586224215206)
Testing logNormal[M=2.7418811612101637 S=0.5291701930082027].pdf(2.120098691673844)
Testing logNormal[M=-0.9108297499682285 S=7.411756015427402].pdf(2.1347223816882934)
Testing logNormal[M=0.7140372582963224 S=3.697365171971229].pdf(1.709594336277789)
Testing logNormal[M=-4.133636701903902 S=7.07225064325617].pdf(0.20953293079780214)
Testing logNormal[M=-0.27894259516356623 S=9.239058953030485].pdf(1.7474200248630296)
Testing logNormal[M=-3.403012538836406 S=6.157978473656747].pdf(1.1371564405941417)
Testing logNormal[M=-0.7558717357479612 S=2.0459931704472654].pdf(0.21595699360647183)
Testing logNormal[M=2.975438028812696 S=5.808155945179023].pdf(2.218761406030102)
Testing logNormal[M=0.09291481700694071 S=2.8768602363149833].pdf(1.309650692545699)
Testing logNormal[M=1.5631237111541605 S=6.945652501469633].pdf(2.033477860003356)
Testing logNormal[M=1.4669959602759173 S=4.759776327692091].pdf(1.0127327111207385)
Testing logNormal[M=-3.3857444215280266 S=7.2740940163846375].pdf(1.6668757504233584)
Testing logNormal[M=3.3141476326546435 S=3.9289127423979933].pdf(1.380126583723024)
Testing logNormal[M=3.0884176850243126 S=6.986584221687615].pdf(2.098340665809551)
Testing logNormal[M=-2.846815250903665 S=2.249604932100848].pdf(1.542315982715)
Testing logNormal[M=-2.36801316155681 S=7.391579432617403].pdf(2.2497504386302714)
Testing logNormal[M=1.1945189142917867 S=1.4929670409983697].pdf(1.501428393685584)
Testing logNormal[M=4.542984924953334 S=1.3300753298661239].pdf(2.019073820063851)
Testing logNormal[M=0.9742979218077892 S=4.408737489191887].pdf(2.021780435936498)
Testing logNormal[M=-1.341872620432023 S=3.5522855730219116].pdf(2.153169651432775)
Testing logNormal[M=4.911554313165405 S=6.9512610555807495].pdf(1.5326182068020109)
Testing logNormal[M=4.721245399684822 S=5.522868517720754].pdf(1.769905974257967)
Testing logNormal[M=3.0724288681243586 S=6.328907999415457].pdf(1.9083971039238885)
Testing logNormal[M=-4.636357404604531 S=5.403980798571002].pdf(1.3002735580440128)
Testing logNormal[M=1.337531107357206 S=1.8904541299123023].pdf(0.1332936543992142)
Testing logNormal[M=-1.690167788020378 S=4.632029771776375].pdf(1.7535580870744745)
Testing logNormal[M=-1.7057049492354426 S=9.59034797681855].pdf(2.1116126121855396)
Testing logNormal[M=-0.21384979837617557 S=5.940707297109762].pdf(1.1924010441388964)
Testing logNormal[M=4.594234533964588 S=6.685198665926287].pdf(1.97875615344151)
Testing logNormal[M=2.9615056610406345 S=5.547530798703696].pdf(1.673956683713629)
Testing logNormal[M=-1.073220555778457 S=2.1491899346154755].pdf(1.2521842440966358)
Testing logNormal[M=2.0351482831197156 S=1.8723274747759777].pdf(1.146267617773837)
Testing logNormal[M=-4.146109156465629 S=0.8433575381309821].pdf(0.6160323920553111)
Testing logNormal[M=-0.35500045129110536 S=3.8662263901150484].pdf(0.2688851991638338)
Testing logNormal[M=2.2295799254168216 S=9.764548853479146].pdf(1.5516070396017136)
Testing logNormal[M=1.5171263079767137 S=1.131825932286472].pdf(2.110013771748566)
Testing logNormal[M=0.14706392107223554 S=0.6718327836952265].pdf(2.2533053095755924)
Testing logNormal[M=-1.7762146432895465 S=9.915451425289065].pdf(2.271944490835756)
Testing logNormal[M=-4.467303906804203 S=7.305563436650877].pdf(2.18578542322497)
Testing logNormal[M=-4.596147633278552 S=9.786818654816567].pdf(0.7882604285711923)
Testing logNormal[M=3.5676114710529596 S=5.907089883083203].pdf(2.141958564485332)
Testing logNormal[M=3.804458642595854 S=9.004869423547696].pdf(0.3568157547111596)
Testing logNormal[M=0.5497675776302664 S=1.1310191762488286].pdf(0.8430268561210739)
Testing logNormal[M=-3.759992948957499 S=9.898682997392601].pdf(1.9225049993543808)
Testing logNormal[M=-0.20114388402418992 S=4.123828275612626].pdf(1.9360340976887416)
Testing logNormal[M=-1.398078833355286 S=4.24550618135936].pdf(1.9969351296184368)
Testing logNormal[M=3.255337927888583 S=4.654215745478542].pdf(1.489481608076151)
Testing logNormal[M=-1.3976394026242467 S=8.126734546496483].pdf(2.2804378279776616)
Testing logNormal[M=-3.0706205579067647 S=7.969969025261017].pdf(2.2991458729730927)
Testing logNormal[M=-0.14862053029176625 S=7.290988460315538].pdf(2.1961280458532824)
Testing logNormal[M=-0.3270998044543596 S=5.533750660864952].pdf(1.5475539823568512)
Testing logNormal[M=1.48109044999818 S=0.6715912301835703].pdf(1.592974021128621)
Testing logNormal[M=-4.854844682666801 S=4.440143697395973].pdf(1.6031117256505676)
Testing logNormal[M=-0.7272463543668195 S=0.5976718027073324].pdf(2.2461597580256276)
Testing logNormal[M=-2.766969307413297 S=5.389462316631829].pdf(2.0034870513923666)
Testing logNormal[M=-1.2160169982128242 S=7.663739718531261].pdf(1.2076223270811193)
Testing logNormal[M=1.6084209627113975 S=8.088272516909319].pdf(0.6963773545404629)
Testing logNormal[M=3.591775588939065 S=6.806217790722572].pdf(0.2715945147381829)
Testing logNormal[M=-4.9640742867195335 S=9.892092782276212].pdf(2.250211428621566)
Testing logNormal[M=-4.092357623445491 S=7.565785038008554].pdf(1.4407852383989206)
Testing logNormal[M=0.10846092749166125 S=8.900107841337913].pdf(0.8668468730598573)
Testing logNormal[M=-0.34019308968133544 S=7.337466800911755].pdf(0.9563023584839068)
Testing logNormal[M=-1.400629325242173 S=0.5021882816275358].pdf(2.0001568010429467)
Testing logNormal[M=2.4310049385812835 S=4.830359402636205].pdf(0.7874231113599303)
Testing logNormal[M=4.495505652925097 S=1.0632060004931676].pdf(0.733388950938594)
Testing logNormal[M=-1.0241575585405496 S=0.1563617237548831].pdf(0.27470213950114303)
Testing logNormal[M=-1.1916515928010218 S=1.747281217711617].pdf(1.7110632157059036)
Testing logNormal[M=-2.1147080803958893 S=2.6597959110313707].pdf(2.139689931401603)
Testing logNormal[M=-1.7064315277546638 S=7.114440714648782].pdf(1.3903777244403142)
Testing logNormal[M=-4.389681552081946 S=0.6168368927735324].pdf(1.9488915817766674)
Testing logNormal[M=1.3941133469790978 S=4.0578141760117905].pdf(1.8177354097167548)
Testing logNormal[M=-3.4103717981160786 S=9.62338755520687].pdf(2.267956235059413)
Testing logNormal[M=-0.8393673956973222 S=9.479592596324611].pdf(2.239557680032487)
Testing logNormal[M=-4.442250144230533 S=5.703320084801718].pdf(1.8491334622673992)
Testing logNormal[M=4.174985217706762 S=4.7116639590433484].pdf(1.9850248422242551)
Testing logNormal[M=-0.9591829540719932 S=5.79716240761004].pdf(1.7535118692885692)
Testing logNormal[M=-1.74575164291889 S=1.9974514377836439].pdf(2.071448099570244)
Testing logNormal[M=-3.8517578790151843 S=5.385466998642907].pdf(1.8214966920120421)
Testing logNormal[M=-0.7861128388586671 S=8.048629120479388].pdf(0.6372186352937984)
Testing logNormal[M=-2.3981914023792337 S=3.0751257944624966].pdf(1.1887761671512425)
Testing logNormal[M=-1.8177334614974185 S=2.862378919654266].pdf(1.0168959015656696)
Testing logNormal[M=-4.91340624403155 S=1.295539717310894].pdf(1.9173610772444738)
Testing logNormal[M=1.0188709150008712 S=5.859077899938524].pdf(1.670665575838979)
Testing logNormal[M=-1.994612093803191 S=0.750869153721363].pdf(2.0703725924074017)
Testing logNormal[M=0.626858018995736 S=1.358835232601081].pdf(1.6021404151954501)
Testing logNormal[M=-4.433905604271878 S=5.705472403695654].pdf(1.147166491721221)
Testing logNormal[M=-3.5935162130907603 S=5.414726024364875].pdf(0.2982625100452889)
Testing logNormal[M=-1.7941459296146203 S=5.074274858756633].pdf(2.217030499685428)
Testing logNormal[M=-1.283240177619771 S=5.5237877244469304].pdf(1.5154399025079524)
Testing logNormal[M=2.025470550671735 S=4.407950293846337].pdf(2.137593663626856)
Testing logNormal[M=1.4144642788652568 S=7.425468033418671].pdf(2.0589368267235653)
Testing logNormal[M=3.2610303382460515 S=0.43296077979022796].pdf(1.4854671083777906)
Testing logNormal[M=3.707088641710488 S=9.471682041802413].pdf(0.7636598462471241)
Testing logNormal[M=1.163024869042375 S=0.02596625903627192].pdf(2.299851312711571)
Testing logNormal[M=3.542967669107748 S=4.532031489589279].pdf(1.1026746094702116)
Testing logNormal[M=-2.9631208622110017 S=9.003116463530723].pdf(1.85473378637243)
Testing logNormal[M=-1.5800009698216257 S=7.700469452389758].pdf(2.2638465538608696)
Testing logNormal[M=-1.1403218903699495 S=6.233637365904723].pdf(2.1764530922192136)
Testing logNormal[M=2.9476746789889514 S=2.366553912102214].pdf(1.7051874552769783)
Testing logNormal[M=1.188527970240651 S=2.0249809898550764].pdf(0.7073427213364264)
Testing logNormal[M=3.2131879179196723 S=7.410437732613021].pdf(0.14961116030649443)
Testing logNormal[M=-1.9389644754784765 S=3.292052082370467].pdf(1.1738765039387888)
Testing logNormal[M=4.090659427958926 S=7.5381071492403215].pdf(2.1351227172187355)
Testing logNormal[M=4.621620780253089 S=9.473987255772595].pdf(0.6487715092571177)
Testing logNormal[M=3.3400342365570204 S=5.622780921929817].pdf(1.7976198760563513)
Testing logNormal[M=-0.45421882502702715 S=5.714220416326431].pdf(2.224231845649184)
Testing logNormal[M=-4.284744019749094 S=3.3527607377272495].pdf(1.3816847333584477)
Testing logNormal[M=0.7289573578151822 S=7.147078305987097].pdf(1.5857730948078586)
Testing logNormal[M=-1.9257195663804039 S=5.216633993817458].pdf(1.2482197243755513)
Testing logNormal[M=2.6090753445457953 S=2.8664099241211085].pdf(2.2787703155936216)
Testing logNormal[M=3.152542823012304 S=9.03461376822805].pdf(2.0620229153303518)
Testing logNormal[M=-2.224374218762124 S=4.453674514305536].pdf(2.1208964697760377)
Testing logNormal[M=-0.559409732697306 S=7.521982897624621].pdf(1.6308896708746077)
Testing logNormal[M=-1.2948689657820456 S=7.268137948862108].pdf(1.6557078852897886)
Testing logNormal[M=0.8132862328546793 S=6.234619474533824].pdf(1.527619525119584)
Testing logNormal[M=2.4065550427575584 S=7.669528317483927].pdf(1.168669170145486)
Testing logNormal[M=-3.636636737923211 S=1.949887299226063].pdf(1.4546279106978397)
Testing logNormal[M=-2.7084731322505795 S=3.048476930584539].pdf(1.957796024063614)
Testing logNormal[M=-3.151639024612689 S=2.440049704166869].pdf(1.7762788995048446)
Testing logNormal[M=1.9695027363005995 S=2.8276578572497977].pdf(0.568381505561036)
Testing logNormal[M=0.938904336533529 S=0.2232936846404665].pdf(1.2090048012968133)
Testing logNormal[M=2.160881944808663 S=5.111787976831654].pdf(2.2043802651205775)
Testing logNormal[M=0.7690815175495924 S=5.799761974929761].pdf(2.1581875118674083)
Testing logNormal[M=3.8267752249555578 S=7.373931301304019].pdf(1.6099768468011921)
Testing logNormal[M=1.4552453378668524 S=8.903178990848374].pdf(0.09347951931288086)
Testing logNormal[M=3.2283082284319526 S=0.8532772158494017].pdf(1.3935117616182253)
Testing logNormal[M=-3.8803918336538503 S=3.815872584641099].pdf(1.0064755522910516)
Testing logNormal[M=4.849009909820163 S=8.575764011773652].pdf(1.2436592726769315)
Testing logNormal[M=0.5343722912757478 S=5.787390772974223].pdf(1.7498281863822251)
Testing logNormal[M=-0.3373554884215224 S=6.337008736217018].pdf(0.6677112753543878)
Testing logNormal[M=2.573877608318 S=5.7168363851228445].pdf(1.633261253018196)
Testing logNormal[M=-3.513077805266933 S=7.392683792799572].pdf(2.261122433530231)
Testing logNormal[M=-4.775430277377826 S=2.357896853270284].pdf(0.9835606086446524)
Testing logNormal[M=-2.3081777275893725 S=0.6267994723167081].pdf(1.0128010826101272)
Testing logNormal[M=-0.07768659589925431 S=7.8460824990517875].pdf(1.1999828888233364)
Testing logNormal[M=-2.4259459028209776 S=7.416746747560871].pdf(1.881093370745161)
Testing logNormal[M=2.148675581841805 S=9.30816930044776].pdf(1.3213419065209695)
Testing logNormal[M=-0.9097969387578564 S=2.831171846532299].pdf(2.296695440841519)
Testing logNormal[M=-2.5910271251711547 S=2.577792452150068].pdf(1.7651277967650298)
Testing logNormal[M=-1.9785400167164768 S=0.3328395043497667].pdf(0.5338435123471794)
Testing logNormal[M=-1.1167462288919774 S=9.303414382189596].pdf(1.9601287645667012)
Testing logNormal[M=3.959576340226329 S=0.3837117278723212].pdf(1.8518316430830633)
Testing logNormal[M=0.5723794412259 S=1.870783857635997].pdf(1.9187921815964173)
Testing logNormal[M=-1.237243293337953 S=3.878538742804772].pdf(2.129097104879164)
Testing logNormal[M=0.13679093688355515 S=8.69413843253416].pdf(2.283509286597989)
Testing logNormal[M=1.4263298498839925 S=8.270863450997293].pdf(1.574221320800861)
Testing logNormal[M=-4.434583442444623 S=7.986293987541021].pdf(1.1846916668174794)
Testing logNormal[M=-0.9742019344194386 S=1.5246398542683437].pdf(1.8638940820174843)
Testing logNormal[M=-4.310102952871593 S=3.3427103544535464].pdf(0.5322708563579027)
Testing logNormal[M=-4.517031659787421 S=7.625809040710301].pdf(0.7165253459934958)
Testing logNormal[M=-4.808577111989547 S=0.5773074699684067].pdf(1.336609257694774)
Testing logNormal[M=1.4219389902359278 S=7.493325104615568].pdf(2.2861063841485)
Testing logNormal[M=-1.7446293652462463 S=7.981851269109318].pdf(2.0845977031543974)
Testing logNormal[M=-0.8170295877950684 S=6.493104045048358].pdf(1.5871519455398007)
Testing logNormal[M=2.59493972483984 S=0.811467294175886].pdf(1.6753341298176114)
Testing logNormal[M=2.2105748095176345 S=8.295858196187499].pdf(0.9311831042269672)
Testing logNormal[M=1.2658425596991583 S=8.685186200932986].pdf(0.38460479539011944)
Testing logNormal[M=1.0825161280070619 S=5.8111688479015715].pdf(0.9754473686926702)
Testing logNormal[M=-2.072725994068183 S=3.596731204465703].pdf(1.7747005829312905)
Testing logNormal[M=-2.045208439257533 S=5.131664693240702].pdf(0.6826860567179108)
Testing logNormal[M=3.4015673885696867 S=0.3234244557371402].pdf(2.0788074363514744)
Testing logNormal[M=0.7103984143141187 S=1.1575449381098757].pdf(1.7408560286013606)
Testing logNormal[M=1.44329834053746 S=1.1107011522638022].pdf(1.195375142483995)
Testing logNormal[M=1.8298838547768979 S=7.471572908057304].pdf(2.2972599585281497)
Testing logNormal[M=-1.1423535613170834 S=2.060597600614823].pdf(2.236198184942182)
Testing logNormal[M=3.1321038495105107 S=3.7677904456655598].pdf(1.7723472552997974)
Testing logNormal[M=-4.052748413065616 S=0.8986458254096863].pdf(2.124892235666229)
Testing logNormal[M=-1.0993639577218728 S=9.475163253419698].pdf(2.22686043427442)
Testing logNormal[M=-0.9113184363010243 S=1.0945664779724984].pdf(0.2315377514573153)
Testing logNormal[M=-1.076233125244742 S=0.5014084276032282].pdf(1.8240927935004823)
Testing logNormal[M=-4.207169285975954 S=1.5895190689965177].pdf(1.8802498554094575)
Testing logNormal[M=1.6192099540198104 S=0.22119659939195846].pdf(1.8001143039758334)
Testing logNormal[M=2.491598053606472 S=3.0056406946763703].pdf(1.1202825156872631)
Testing logNormal[M=-4.535936009236025 S=7.362817304193144].pdf(2.282684827370879)
Testing logNormal[M=-1.911649773530184 S=0.2700356301808038].pdf(2.128248236933501)
Testing logNormal[M=-3.307031073728509 S=6.2494098339972535].pdf(1.3994387505853834)
Testing logNormal[M=-2.61807523479473 S=4.968185974779148].pdf(1.6951691041158063)
Testing logNormal[M=-1.7858643667704954 S=0.22456231303560337].pdf(1.5136064115782644)
Testing logNormal[M=-1.386285208633403 S=9.50808462458817].pdf(2.2372133683263105)
Testing logNormal[M=-0.20470790118824667 S=6.57253566257431].pdf(1.154329002232466)
Testing logNormal[M=2.008441032241201 S=2.632365226938249].pdf(2.252870015019467)
Testing logNormal[M=-4.9545608219790935 S=7.206122155424249].pdf(1.6216966364417513)
Testing logNormal[M=-2.419737983933966 S=4.137253596685849].pdf(1.4037703655949343)
Testing logNormal[M=3.2976941367885075 S=7.6461226729108125].pdf(1.6720544026525739)
Testing logNormal[M=2.957495453732087 S=1.468142243421272].pdf(0.2279685697514203)
Testing logNormal[M=-3.038984377323609 S=3.187570183551091].pdf(1.586255519503289)
Testing logNormal[M=3.8601471707339083 S=7.641345140882095].pdf(0.08403931527333271)
Testing logNormal[M=-0.06589924928663571 S=2.519506730249611].pdf(0.5282985205732543)
Testing logNormal[M=4.256101052872355 S=9.546759467327423].pdf(1.6911594614827594)
Testing logNormal[M=-1.8125244475487867 S=8.42826825599301].pdf(1.982889362130235)
Testing logNormal[M=-2.0882237088728695 S=6.132556556920879].pdf(0.5439990874914413)
Testing logNormal[M=-4.789634736255483 S=4.142386086888587].pdf(1.9987900442417257)
Testing logNormal[M=-0.31312118036686876 S=5.6924704800804715].pdf(0.2916030343652408)
Testing logNormal[M=-3.636019216390155 S=0.8061299485022055].pdf(1.7977506693029177)
Testing logNormal[M=3.104419647186326 S=3.730975452888947].pdf(0.6780442356026466)
Testing logNormal[M=-2.6181117000196776 S=6.708330251640473].pdf(2.2275787090967043)
Testing logNormal[M=1.6088925416489177 S=7.356652830447235].pdf(1.1549280470723382)
Testing logNormal[M=-0.7516811258525857 S=7.352496956375001].pdf(1.482152750661156)
Testing logNormal[M=-1.1254156250779488 S=8.12717594684739].pdf(2.0076473625843336)
Testing logNormal[M=3.280635198761594 S=8.303486333888092].pdf(1.7491898348514594)
Testing logNormal[M=-0.9423266322971946 S=1.5980542414189525].pdf(0.9374567834718963)
Testing logNormal[M=-1.9477649624389626 S=1.0144476274794323].pdf(1.9512422467194805)
Testing logNormal[M=-4.045419666588171 S=2.2551345277542167].pdf(0.8091634056612821)
Testing logNormal[M=4.48562540712909 S=8.161942949555666].pdf(1.417743399637776)
Testing logNormal[M=-0.1303774091470693 S=7.209891056374848].pdf(0.4663602961440993)
Testing logNormal[M=1.7804487091693506 S=5.032929470719919].pdf(1.7730590099999985)
Testing logNormal[M=-3.9928671204985653 S=1.6106861950348306].pdf(0.48777013428741106)
Testing logNormal[M=4.743736336567336 S=0.17860407084226426].pdf(1.6152846350985668)
Testing logNormal[M=-2.4072635462817713 S=7.834250347989186].pdf(0.6849670244923814)
Testing logNormal[M=1.1052901835223485 S=5.460840702804342].pdf(2.2707334390201814)
Testing logNormal[M=-0.9904759603730495 S=1.5288563689741563].pdf(0.12622500227838537)
Testing logNormal[M=-1.6628040980502954 S=3.039495624236508].pdf(2.1240028248630693)
Testing logNormal[M=2.394640935225649 S=0.6061482318968847].pdf(1.1731117776428686)
Testing logNormal[M=-3.0498159514960568 S=6.601041245322667].pdf(2.1917164735902306)
Testing logNormal[M=-0.3754473189501333 S=0.9953899930740895].pdf(1.8882636038141334)
Testing logNormal[M=0.7131940846362479 S=4.443059095132508].pdf(0.35739772759982946)
Testing logNormal[M=2.900096234879557 S=6.290219458233123].pdf(1.6052619742578698)
Testing logNormal[M=0.597529332299561 S=8.550849431334264].pdf(1.4962993406903713)
Testing logNormal[M=-2.7886640941962226 S=8.164453284276954].pdf(1.8957913315269637)
Testing logNormal[M=-0.14771593302865949 S=4.483774349959506].pdf(2.1033242671045045)
Testing logNormal[M=-1.4338364365274145 S=3.276782461316907].pdf(0.7206834672915482)
Testing logNormal[M=1.2091660699810856 S=0.30510864717091524].pdf(1.9505119330027416)
Testing logNormal[M=0.9439498728532127 S=4.746551248630721].pdf(2.2489678062980034)
Testing logNormal[M=3.7182635374620396 S=6.111197798144763].pdf(2.255185607452062)
Testing logNormal[M=0.9910373130872641 S=9.886282033223338].pdf(2.0464165670275394)
Testing logNormal[M=3.2288539328724273 S=9.182050403766292].pdf(1.8722993425892747)
Testing logNormal[M=-1.5515465239149395 S=4.659587050213511].pdf(1.2997577745421762)
Testing logNormal[M=1.4755765015819549 S=6.435574168759216].pdf(1.5916150380862535)
Testing logNormal[M=-0.8750847742749315 S=5.153409677360184].pdf(1.3255215452457494)
Testing logNormal[M=-0.5691035012267207 S=3.3434626399087577].pdf(2.1113132374184485)
Testing logNormal[M=-4.763542266590209 S=1.5085978709064318].pdf(2.2164551831635215)
Testing logNormal[M=-1.5430252846087922 S=8.743720804656034].pdf(2.233126169543262)
Testing logNormal[M=1.0851454435811272 S=1.9303471706170472].pdf(1.9372525528443705)
Testing logNormal[M=0.26632084105197595 S=9.061294930329012].pdf(2.1422006436916576)
Testing logNormal[M=2.4862192405263084 S=3.2144677939500674].pdf(1.8980539213511436)
Testing logNormal[M=-4.151476025283633 S=7.521965854054356].pdf(0.9042216121974617)
Testing logNormal[M=4.470986762237743 S=3.725637745327078].pdf(0.905786155539393)
Testing logNormal[M=3.5716316857522745 S=2.8094564369038677].pdf(2.1379794615435634)
Testing logNormal[M=-0.558747171192918 S=1.677613226226805].pdf(1.548920763621683)
Testing logNormal[M=-4.66047010952356 S=7.736099868330459].pdf(2.14435372290937)
Testing logNormal[M=4.651308033632066 S=1.5949639674625993].pdf(1.992973747450912)
Testing logNormal[M=4.809271237183879 S=3.7419382089675643].pdf(2.0730765167615086)
Testing logNormal[M=-3.9230737615233524 S=3.182265070728476].pdf(1.1334426668711948)
Testing logNormal[M=-4.631203734850288 S=5.604935725928463].pdf(1.902936180232668)
Testing logNormal[M=-3.048974775866542 S=0.2828182247311939].pdf(2.1066531573870844)
Testing logNormal[M=1.0965257509930098 S=8.773104872596667].pdf(0.4858566700667611)
Testing logNormal[M=-3.4882561990404506 S=4.368813052489317].pdf(2.2282783753433586)
Testing logNormal[M=4.260454599209853 S=5.407743522506671].pdf(0.7312856213463308)
Testing logNormal[M=-2.585994197306319 S=9.660224300824652].pdf(0.5508713900621787)
Testing logNormal[M=-3.282175755259531 S=1.404995973168307].pdf(1.851277327079785)
Testing logNormal[M=4.64715666032601 S=0.36423670587505064].pdf(1.6935403875394388)
Testing logNormal[M=4.72645141221979 S=6.417023596650284].pdf(2.142049255789641)
Testing logNormal[M=2.6391619003939857 S=6.977677595876937].pdf(0.31814088447446975)
Testing logNormal[M=-3.2867187128404094 S=7.3458958527116565].pdf(2.2078633175986537)
Testing logNormal[M=-3.9634449523049864 S=1.588799438717594].pdf(2.1885501143376094)
Testing logNormal[M=-3.1993784346631204 S=4.051813815491462].pdf(2.2358796469419624)
Testing logNormal[M=0.4399614778597192 S=8.269844677185915].pdf(2.017413587629148)
Testing logNormal[M=-3.846672012264001 S=2.172314479206998].pdf(1.0011792175000218)
Testing logNormal[M=-4.608901683730572 S=1.549170845095904].pdf(2.301318055248579)
Testing logNormal[M=-1.9442762845225392 S=9.584908532551138].pdf(1.828262811411519)
Testing logNormal[M=-0.5023626360166062 S=4.858039176549359].pdf(1.4066466236307036)
Testing logNormal[M=2.4602138014662014 S=8.576708335028652].pdf(2.218908702836889)
Testing logNormal[M=-1.4171749303886747 S=4.039174004717965].pdf(1.2254174702073843)
Testing logNormal[M=-1.168825163475602 S=8.009815257626485].pdf(1.7448001065215797)
Testing logNormal[M=3.890014387292826 S=6.816081997546254].pdf(1.5202568457982966)
Testing logNormal[M=4.6087576938360755 S=8.594891156674286].pdf(2.165090121198112)
Testing logNormal[M=4.809594289349052 S=5.396011788515395].pdf(1.376741176973703)
Testing logNormal[M=-0.3898106803845591 S=5.036949685182397].pdf(2.2406315625300923)
Testing logNormal[M=2.5083342015930423 S=9.938622793761349].pdf(1.6117827790934303)
Testing logNormal[M=-2.5151428338528437 S=4.947402599926565].pdf(1.5737525891344732)
Testing logNormal[M=-3.7874126438150126 S=5.502237220898474].pdf(0.5485720781802776)
Testing logNormal[M=-4.9949759565959795 S=3.148428609230185].pdf(1.9218891533623077)
Testing logNormal[M=-4.621527854243559 S=3.7209482305309862].pdf(1.2116434913241252)
Testing logNormal[M=-4.382021554927996 S=1.1465890374171062].pdf(1.1042999249188763)
Testing logNormal[M=-0.6349426790267954 S=0.9254795540745708].pdf(1.5624882569886724)
Testing logNormal[M=3.725807821970692 S=6.712721352966847].pdf(1.6621255452357144)
Testing logNormal[M=-3.5260356308129612 S=6.574012274713898].pdf(1.5530985742421515)
Testing logNormal[M=-0.6223645404211986 S=4.30237801175387].pdf(2.1429496535544494)
Testing logNormal[M=-2.300168994186121 S=3.6660413682716806].pdf(0.27911997119443965)
Testing logNormal[M=0.690131143851179 S=3.1672701099310787].pdf(0.6157223826197714)
Testing logNormal[M=-3.1743205645860115 S=2.6883482993305394].pdf(2.1968495209061714)
Testing logNormal[M=4.865508981395962 S=8.734674262700931].pdf(1.383009139409726)
Testing logNormal[M=0.3660138853091963 S=1.1490145553924103].pdf(2.2783705109396233)
Testing logNormal[M=3.7093978531869993 S=9.308363213903947].pdf(1.741452248741379)
Testing logNormal[M=-0.4016181921307762 S=4.1123280436661025].pdf(1.9720521472419064)
Testing logNormal[M=0.1784326954827522 S=9.799224457870086].pdf(1.206922549474296)
Testing logNormal[M=-2.5090259219261224 S=5.4928755773114535].pdf(1.6447906585721994)
Testing logNormal[M=3.8039628074888956 S=1.2372980948366519].pdf(2.1091592098084173)
Testing logNormal[M=0.6229775085309583 S=8.468637313201095].pdf(2.286870150647245)
Testing logNormal[M=-3.0873426364625924 S=9.953311649622847].pdf(2.1794491977104022)
Testing logNormal[M=-4.071440904628649 S=9.315074468903342].pdf(1.4369251924792885)
Testing logNormal[M=-0.1067418793085384 S=5.685876542364696].pdf(2.091398012620227)
Testing logNormal[M=-4.938285267086037 S=4.276270311540216].pdf(2.0350306482892275)
Testing logNormal[M=2.1349340348054415 S=0.4376764714664694].pdf(0.4456148328461287)
Testing logNormal[M=-2.2404317111523886 S=3.39141651647103].pdf(1.8683540532809708)
Testing logNormal[M=-2.2730944833637103 S=5.242706311156082].pdf(0.8143850772450023)
Testing logNormal[M=-4.229621851414411 S=6.936059639486478].pdf(2.057736254402073)
Testing logNormal[M=-0.26575524717484633 S=1.0331471778404822].pdf(2.1017582868441065)
Testing logNormal[M=2.6661535571954245 S=6.0905357023768385].pdf(1.6557373167865472)
Testing logNormal[M=-3.275016689755522 S=0.4621576114875614].pdf(0.7006571820787183)
Testing logNormal[M=-0.9560073653829662 S=2.989218149833679].pdf(2.1273822523392387)
Testing logNormal[M=-0.2566412472443371 S=9.880601573700716].pdf(2.141414382088485)
Testing logNormal[M=-1.1053485549065312 S=2.0609668853183494].pdf(1.9246986084645112)
Testing logNormal[M=-1.136545321085788 S=0.30277588635385433].pdf(0.9296267690100403)
Testing logNormal[M=0.5354960930265342 S=4.804350628046902].pdf(1.3861540548213183)
Testing logNormal[M=-3.111533691333528 S=6.745641365895527].pdf(0.7834477577591114)
Testing logNormal[M=-3.2766742761295884 S=4.857201382134627].pdf(2.177728953241326)
Testing logNormal[M=3.1869220806222174 S=0.9999792313185218].pdf(1.3827100120968723)
Testing logNormal[M=-1.3389120971637336 S=1.2219302257812426].pdf(0.24012883016061645)
Testing logNormal[M=-3.0715273575666013 S=7.681395547430627].pdf(2.273009976640406)
Testing logNormal[M=3.2350377197980915 S=6.56569212235148].pdf(1.6965962561986632)
Testing logNormal[M=-4.860274713118857 S=4.146116348373802].pdf(2.187872699968014)
Testing logNormal[M=0.10439711955964626 S=3.3708454305395277].pdf(0.8732136102357253)
Testing logNormal[M=-2.732260711236467 S=6.752632503452335].pdf(1.398745841610941)
Testing logNormal[M=0.536299500591662 S=7.204113184154987].pdf(2.0136972663021626)
Testing logNormal[M=-2.9406917281232525 S=2.1401524907256917].pdf(0.24919422992184082)
Testing logNormal[M=3.9257741428183213 S=1.559045135669792].pdf(2.230782344541861)
Testing logNormal[M=-0.9990295879020881 S=6.282090896097438].pdf(1.0199464873728932)
Testing logNormal[M=-0.4764839605812563 S=7.381205235713574].pdf(0.21844908833463447)
Testing logNormal[M=-1.000585133310067 S=2.6296778735323443].pdf(1.4449625762493532)
Testing logNormal[M=1.5031030250957453 S=1.1180790647058048].pdf(2.0560443453967987)
Testing logNormal[M=0.7282579246117171 S=2.922183858433396].pdf(2.2739130846443096)
Testing logNormal[M=2.5091317418305934 S=0.14791327357641548].pdf(2.1134458549698394)
Testing logNormal[M=-4.421781261266265 S=0.7500797182474728].pdf(1.5996570415416278)
Testing logNormal[M=-4.66625703198129 S=3.191724106011422].pdf(2.102573427426147)
Testing logNormal[M=-0.9371629636706995 S=8.430295992361483].pdf(1.6084479602630632)
Testing logNormal[M=-4.081851569041036 S=5.604302351318697].pdf(0.21142546279623772)
Testing logNormal[M=-1.376847854449783 S=0.8402714703413128].pdf(2.1232909093028933)
Testing logNormal[M=-3.1590382390279825 S=4.116317535261308].pdf(1.189833500283169)
Testing logNormal[M=1.1794251032139513 S=1.2141508426262304].pdf(0.8799863671005937)
Testing logNormal[M=1.5487835621598576 S=9.528132118499048].pdf(2.292496245790424)
Testing logNormal[M=-2.573282831392467 S=0.3119624540626553].pdf(1.0654543444725124)
Testing logNormal[M=-3.3081269610492137 S=5.95218364765284].pdf(2.2000480166151792)
Testing logNormal[M=-4.846714578041853 S=4.649860787614997].pdf(2.2408633966548717)
Testing logNormal[M=4.3002653918340545 S=7.0050895162230695].pdf(0.9315311370267898)
Testing logNormal[M=-2.0166055266988483 S=3.8848639454308485].pdf(0.9790361603713839)
Testing logNormal[M=-0.30329727538189566 S=2.1796271602096375].pdf(2.0545909989289517)
Testing logNormal[M=2.12616575004942 S=1.5262508955163234].pdf(2.2630788742804864)
Testing logNormal[M=3.9865707419898193 S=5.955940308972422].pdf(1.5655929415539283)
Testing logNormal[M=2.5313349645140892 S=4.0135118070500075].pdf(1.7657425620517921)
Testing logNormal[M=-1.8074592023300582 S=5.528393167549845].pdf(1.914526719443462)
Testing logNormal[M=0.6517934337163656 S=4.158382059278811].pdf(1.9375847174034635)
Testing logNormal[M=-4.100663374318065 S=5.221437339054998].pdf(1.878628459508627)
Testing logNormal[M=-2.6573160302496577 S=7.4529735689136345].pdf(2.0543518955082836)
Testing logNormal[M=-3.415374088838793 S=7.631013181818651].pdf(1.9973270505472012)
Testing logNormal[M=3.7986054987509394 S=8.022693412810707].pdf(1.398190365362122)
Testing logNormal[M=0.6801529995228917 S=8.837375634936881].pdf(1.3583654007906958)
Testing logNormal[M=-2.2208320717002006 S=3.2962406083555917].pdf(2.106461725010286)
Testing logNormal[M=-2.9009062655706632 S=2.8229120327940747].pdf(2.0239739021998058)
Testing logNormal[M=-4.46737199827091 S=5.751514943227296].pdf(1.2223001519275576)
Testing logNormal[M=-4.358816646016689 S=8.044807417483744].pdf(1.6524154898197616)
Testing logNormal[M=0.24534809441975813 S=8.907681823335032].pdf(1.7763921202461286)
Testing logNormal[M=1.5711281162887776 S=3.4936791273199397].pdf(0.38416514602164137)
Testing logNormal[M=-1.7329593685046465 S=8.226015999560845].pdf(2.282952303669767)
Testing logNormal[M=4.415140330397071 S=1.540412129094908].pdf(0.94982661077867)
Testing logNormal[M=4.951739648627001 S=7.752228237064051].pdf(1.8158051669168493)
Testing logNormal[M=-0.6067272307926777 S=3.6692779316824744].pdf(0.4806629157954754)
Testing logNormal[M=-3.7721694392982785 S=5.58379226366982].pdf(2.11079403300752)
Testing logNormal[M=0.6660860639947366 S=2.400678982992787].pdf(1.7420589560457438)
Testing logNormal[M=-0.29874719213903767 S=2.040940803945958].pdf(1.6892778653314995)
Testing logNormal[M=-1.5414023652312538 S=6.158806970695147].pdf(2.054515533287183)
Testing logNormal[M=-3.395885671324459 S=5.854359142691053].pdf(0.5405101380403132)
Testing logNormal[M=0.12010919031204015 S=8.692346957182522].pdf(1.362826360108783)
Testing logNormal[M=-2.872227445712101 S=1.5051607693386748].pdf(2.278789522762114)
Testing logNormal[M=3.926850022005768 S=7.833547411476505].pdf(2.1298376653976683)
Testing logNormal[M=0.7189166345633957 S=9.681123398453138].pdf(2.191054952238658)
Testing logNormal[M=-2.0356654110716885 S=9.282165019178246].pdf(1.912911612068686)
Testing logNormal[M=-4.515247124254636 S=7.353102059429446].pdf(1.5412518690552757)
Testing logNormal[M=-0.9315070261650469 S=3.5251387860713868].pdf(1.9966265469876667)
Testing logNormal[M=-4.125105865565237 S=6.985107508653298].pdf(1.2824311364327663)
Testing logNormal[M=-0.5779879557289247 S=6.846460435903503].pdf(1.5492409307565427)
Testing logNormal[M=4.355090053993422 S=5.893704975781752].pdf(2.2610879573959934)
Testing logNormal[M=-0.8162927641490683 S=5.945865165624934].pdf(1.9151314384326235)
Testing logNormal[M=3.5925160545100816 S=6.1839942912664645].pdf(2.2941630844554934)
Testing logNormal[M=4.46942023117264 S=3.003167837811324].pdf(1.751533970739248)
Testing logNormal[M=3.2935128154391258 S=6.808749039560521].pdf(2.278641993605745)
Testing logNormal[M=-2.784522212876067 S=3.097785130218705].pdf(1.4839298234598335)
Testing logNormal[M=-1.918195314033432 S=2.836629007461682].pdf(2.1743652386969257)
Testing logNormal[M=-1.0964750674156343 S=2.31540372955381].pdf(1.6508407576986537)
Testing logNormal[M=4.713074492870771 S=0.6630475335831743].pdf(1.39960261765168)
Testing logNormal[M=3.572760433209023 S=1.4900183987884286].pdf(1.7596725865987095)
Testing logNormal[M=-1.1993674968631671 S=7.101740722837123].pdf(1.7231962796688893)
Testing logNormal[M=4.209627554682541 S=4.24615443806641].pdf(2.2745853992987866)
Testing logNormal[M=-0.30559995090610226 S=0.5602132984070607].pdf(0.768974696991796)
Testing logNormal[M=0.764897032674031 S=3.5763911774053336].pdf(2.1010154695030763)
Testing logNormal[M=3.7560078618153874 S=5.65903247953854].pdf(2.0791119213011013)
Testing logNormal[M=1.9236217868488046 S=2.7128232334553495].pdf(2.0882119107248465)
Testing logNormal[M=4.9331826191158665 S=3.409220621418525].pdf(2.1286568526470617)
Testing logNormal[M=4.0697294114616 S=9.618442690383858].pdf(0.9964396033401753)
Testing logNormal[M=4.561957466557981 S=1.5465981134958606].pdf(2.0676417919747005)
Testing logNormal[M=3.8264160119955086 S=9.18818467105055].pdf(1.0628400316933544)
Testing logNormal[M=-2.8412770540343955 S=5.993184796618486].pdf(2.02709902196807)
Testing logNormal[M=-3.3321958325445333 S=3.8052358806726803].pdf(0.5814830673165334)
Testing logNormal[M=4.3899305141031455 S=5.944355019683152].pdf(1.7216826216066148)
Testing logNormal[M=-3.8841284253135298 S=1.9855591775897907].pdf(1.5950513012727556)
Testing logNormal[M=-2.300093128605968 S=5.903500468673284].pdf(1.8575761652590113)
Testing logNormal[M=-4.265060261923656 S=3.908317481373025].pdf(2.1165894742024687)
Testing logNormal[M=-3.045253749836969 S=7.108687201280634].pdf(1.6996863505925632)
Testing logNormal[M=1.969211663379821 S=2.485327800298711].pdf(1.3764565975234653)
Testing logNormal[M=4.35703020552663 S=0.19475815991264356].pdf(1.669143237125631)
Testing logNormal[M=-3.693072971207897 S=1.8755078710119466].pdf(1.6671036603157656)
Testing logNormal[M=-0.16079843998565213 S=6.153497034910419].pdf(2.0984096686983627)
Testing logNormal[M=0.5974995622073029 S=4.326803588805165].pdf(0.15754842758334847)
Testing logNormal[M=1.2157331245963734 S=0.1645224482422225].pdf(1.9286372858298364)
Testing logNormal[M=1.7327757162278266 S=7.624894049334017].pdf(1.7289824160532543)
Testing logNormal[M=2.8689188645896566 S=5.966779646652586].pdf(0.9309944724628295)
Testing logNormal[M=-1.0935247834975548 S=4.335412266999098].pdf(1.7605204581182354)
Testing logNormal[M=0.8176251214547001 S=4.256545384555087].pdf(1.2500045425356088)
Testing logNormal[M=0.8062534510576604 S=7.4177635672870315].pdf(1.2630040631891757)
Testing logNormal[M=-3.41069880828233 S=0.20892299492227817].pdf(1.5267512877175806)
Testing logNormal[M=-1.513280379794474 S=6.526818690025721].pdf(2.1486087688691637)
Testing logNormal[M=0.8238870216734568 S=9.94304850022491].pdf(0.8501346433977857)
Testing logNormal[M=-0.7459992430163691 S=6.021685819983173].pdf(1.5485500335068343)
Testing logNormal[M=-3.52188564900888 S=0.47141758191469374].pdf(1.9746453539227657)
Testing logNormal[M=-3.8249628760349594 S=8.681235022996745].pdf(1.4068225328578734)
Testing logNormal[M=4.744406737451186 S=3.5498650214843663].pdf(1.527743224278781)
Testing logNormal[M=-3.1524947152409135 S=7.044402720324495].pdf(1.6423584543241914)
Testing logNormal[M=-1.855563272917232 S=6.754393539730409].pdf(2.0923586380325334)
Testing logNormal[M=-4.296404181770244 S=4.516937771053047].pdf(1.3475182120132496)
Testing logNormal[M=0.991365717126234 S=7.092266973089451].pdf(1.679199465634937)
Testing logNormal[M=4.0524478561320905 S=9.06682892923157].pdf(0.7184912777233432)
Testing logNormal[M=-3.1281865411759036 S=5.257511430368698].pdf(1.474406837504231)
Testing logNormal[M=-0.8341036224100948 S=1.126457042286203].pdf(2.2949527837283066)
Testing logNormal[M=2.054719449619932 S=1.5443238601346732].pdf(1.7895571290372772)
Testing logNormal[M=0.8930975710476758 S=0.3232450208996529].pdf(2.2736453888715995)
Testing logNormal[M=-3.923982206824169 S=4.3884642216801675].pdf(1.8008520266674843)
Testing logNormal[M=-0.33716765708578755 S=3.6577813259836764].pdf(1.4461551515815976)
Testing logNormal[M=1.8846710307202166 S=9.714498622224813].pdf(2.0840665691815405)
Testing logNormal[M=1.9871811581620689 S=8.026421283070732].pdf(1.0519123301817448)
Testing logNormal[M=-0.6549156574731416 S=5.273449492974906].pdf(1.8917942595630015)
Testing logNormal[M=-3.045177382720273 S=2.7227127392819748].pdf(1.053045500743459)
Testing logNormal[M=1.8637470544364305 S=4.972026656268631].pdf(1.3160856535448822)
Testing logNormal[M=-1.008883074971505 S=6.468114605682129].pdf(0.8130884499408012)
Testing logNormal[M=-2.0076065989652325 S=0.8923494995715231].pdf(1.6193509325496913)
Testing logNormal[M=2.238841921004271 S=5.7887932595416025].pdf(1.6337426392737993)
Testing logNormal[M=0.6340480449305002 S=3.4778529996534866].pdf(0.5032777830415439)
Testing logNormal[M=3.295801337074751 S=5.222542164041388].pdf(1.8138505738791912)
Testing logNormal[M=-0.9711973819310007 S=6.802688166867292].pdf(2.187473926036607)
Testing logNormal[M=2.5137677480954066 S=5.915618358633007].pdf(1.8883225533816679)
Testing logNormal[M=-0.5021262482291888 S=8.037400418731623].pdf(2.085801778633624)
Testing logNormal[M=-3.0749724093055275 S=9.454831220699806].pdf(0.7045633006053353)
Testing logNormal[M=-0.8156192073361712 S=1.5408947258518646].pdf(1.7011300752327503)
Testing logNormal[M=1.4945340086703043 S=3.925978324814557].pdf(1.1184539869049785)
Testing logNormal[M=2.4167032393063606 S=3.4767769744637054].pdf(2.261619827500019)
Testing logNormal[M=3.7318096641715606 S=8.259416821942354].pdf(1.9366857328467202)
Testing logNormal[M=0.3039117072159119 S=4.187829978466456].pdf(2.0170413222866186)
Testing logNormal[M=-3.5001010229745386 S=0.5647203841883253].pdf(0.9327544364501058)
Testing logNormal[M=1.1098065843559404 S=4.558724130337726].pdf(1.5059616895544496)
Testing logNormal[M=4.6677108648622685 S=9.769511020568412].pdf(2.0931788777382105)
Testing logNormal[M=-2.028071592531303 S=5.166725091249021].pdf(2.243468603673073)
Testing logNormal[M=-3.178748700958133 S=0.13641094035127033].pdf(2.0159759709352834)
Testing logNormal[M=-3.4825160491934826 S=4.151842695095036].pdf(2.1215649481536443)
Testing logNormal[M=-3.8425599743396455 S=3.305014038838363].pdf(1.41885630822224)
Testing logNormal[M=-0.4008073731717454 S=8.109174961139248].pdf(2.1171140001312696)
Testing logNormal[M=-2.6225775470315815 S=9.922193541379766].pdf(1.8209112625417438)
Testing logNormal[M=-0.21282144338741027 S=6.281890695329277].pdf(2.1051663959404596)
Testing logNormal[M=-3.35496134021277 S=5.859898382791281].pdf(1.5101400708046706)
Testing logNormal[M=-0.5768853884822187 S=3.2318947317537914].pdf(1.5360999179284236)
Testing logNormal[M=3.9064648911766096 S=9.747204991609728].pdf(2.060546342627701)
Testing logNormal[M=-1.1225540102428355 S=0.5591929466260226].pdf(0.4783575474335803)
Testing logNormal[M=4.805788296314645 S=2.711961838474808].pdf(2.223884110699309)
Testing logNormal[M=4.655240356463038 S=6.722109835271052].pdf(1.8655838042138189)
Testing logNormal[M=-0.022392962470975775 S=2.9667321646674196].pdf(1.5171429441752302)
Testing logNormal[M=4.9510951611650675 S=4.701733892826394].pdf(0.40386995490667144)
Testing logNormal[M=2.2695140363454938 S=8.231598825384728].pdf(1.5308005033662317)
Testing logNormal[M=3.0770103171802656 S=2.0676541319971475].pdf(1.8862687890502232)
Testing logNormal[M=4.973803502283085 S=1.8671227373107768].pdf(1.6502420316070723)
Testing logNormal[M=0.9939188913695087 S=9.717617924261203].pdf(1.960709575899599)
Testing logNormal[M=4.115243524805523 S=9.336783786505439].pdf(0.8268487648565278)
Testing logNormal[M=4.355005982290294 S=5.464736635572337].pdf(1.3711691179138563)
Testing logNormal[M=4.923493989323514 S=5.19370195202761].pdf(1.7068250353001804)
Testing logNormal[M=-1.619919191510626 S=0.20764598798508338].pdf(2.0027039750488096)
Testing logNormal[M=4.427133425999122 S=5.769121657556338].pdf(1.5119514896210302)
Testing logNormal[M=-4.29079920134175 S=5.7814424971154335].pdf(1.4459832937404382)
Testing logNormal[M=-0.22991791467729783 S=6.758358814469551].pdf(1.7434537578471092)
Testing logNormal[M=-4.1642005111873805 S=5.983326853617371].pdf(1.5322621024359315)
Testing logNormal[M=2.8770836490695366 S=9.213269853754865].pdf(2.0643664183796737)
Testing logNormal[M=1.377404893867035 S=5.472963914601879].pdf(0.9288451662151278)
Testing logNormal[M=-0.3594281693985826 S=7.116084241141502].pdf(1.8601171565576318)
Testing logNormal[M=3.498040368178346 S=8.878413390548278].pdf(0.2652363324736159)
Testing logNormal[M=-3.187706321180934 S=6.333053273538193].pdf(0.06015139433601886)
Testing logNormal[M=1.4025325548896719 S=0.8105020261981799].pdf(2.2401483359805874)
Testing logNormal[M=-3.9823876430947127 S=2.143447112519372].pdf(1.5475618788408108)
Testing logNormal[M=-0.6210141999014542 S=0.22607096866005372].pdf(2.259766178401065)
Testing logNormal[M=-3.6978249868643385 S=6.7555348353398434].pdf(2.1484908533495988)
Testing logNormal[M=3.5555699079480014 S=1.283338878573096].pdf(1.1625559615049497)
Testing logNormal[M=0.9478392944473759 S=6.889077883621296].pdf(2.098105606894294)
Testing logNormal[M=2.721728539082532 S=0.7901499922678556].pdf(2.2362077256747885)
Testing logNormal[M=3.100359701874014 S=6.98682410993316].pdf(1.8680189066155048)
Testing logNormal[M=-4.3525723395655795 S=5.207610895933862].pdf(2.151015056745719)
Testing logNormal[M=-0.8531160270828746 S=0.3031297102217112].pdf(2.093725285713693)
Testing logNormal[M=2.4839583548922306 S=1.1566039900172675].pdf(1.3670688266178668)
Testing logNormal[M=-4.714773076574491 S=0.7924321176232296].pdf(1.6282550451520619)
Testing logNormal[M=-2.264388383954138 S=9.656709694643196].pdf(1.4247067152738877)
Testing logNormal[M=3.641026689672195 S=1.966377689137293].pdf(1.4149534439468496)
Testing logNormal[M=0.970290653856491 S=0.4005460272698447].pdf(1.835289848866849)
Testing logNormal[M=0.5353108016795227 S=6.539030036995198].pdf(0.7618763131687659)
Testing logNormal[M=1.0581959397700205 S=1.7705724106642662].pdf(0.8717198816058653)
Testing logNormal[M=-1.60061318890518 S=2.1311988346298225].pdf(1.0960472953457596)
Testing logNormal[M=-2.902446674775393 S=0.2721545704922923].pdf(1.958289326082044)
Testing logNormal[M=0.9771498751431569 S=8.874989547450866].pdf(1.864124429485243)
Testing logNormal[M=-3.72374964537602 S=7.591932683876598].pdf(1.9413020657508604)
Testing logNormal[M=-4.03365355723162 S=7.778494648210198].pdf(1.8862853246864864)
Testing logNormal[M=-1.6463020543325833 S=8.999302554162576].pdf(1.7349873902597772)
Testing logNormal[M=-3.9072756864135716 S=3.664818892851971].pdf(2.215485822675606)
Testing logNormal[M=-1.6838235080439965 S=7.519617328265074].pdf(0.3263754528422518)
Testing logNormal[M=-1.8309263830788836 S=3.7897068681233845].pdf(1.7644440242496942)
Testing logNormal[M=-2.6320301682298988 S=1.4177928775354165].pdf(0.9481137947829146)
Testing logNormal[M=-0.18153002581005584 S=2.487066914289181].pdf(0.2524710851867649)
Testing logNormal[M=-1.2048614205074024 S=0.7064017730127414].pdf(1.5856612153411331)
Testing logNormal[M=-1.9402051998040837 S=4.729578389447507].pdf(0.8663522939228734)
Testing logNormal[M=-0.3770189973162914 S=2.2678000669520983].pdf(1.8172471570629083)
Testing logNormal[M=-2.1210755883026113 S=6.152217296190873].pdf(2.1216573584218925)
Testing logNormal[M=-1.141116186041061 S=9.720279203554377].pdf(1.8342181895433225)
Testing logNormal[M=-1.5875561268852199 S=8.404602531433552].pdf(1.506684255172725)
Testing logNormal[M=3.821989548600543 S=2.8794651928567006].pdf(0.8066221381427985)
Testing logNormal[M=0.5442600753240399 S=9.479173734552687].pdf(1.6671826484694423)
Testing logNormal[M=1.0196147030681768 S=9.182306619108338].pdf(1.530851749153372)
Testing logNormal[M=-4.2486138942956035 S=1.7962643829746072].pdf(1.2892093841540486)
Testing logNormal[M=0.17668270831842214 S=8.867809536243108].pdf(2.00253923913053)
Testing logNormal[M=4.492184965369837 S=1.913654541697365].pdf(0.38559325054169197)
Testing logNormal[M=-4.218056281386371 S=6.843183812128165].pdf(2.078210467055682)
Testing logNormal[M=-2.8291813273602595 S=3.8152404163355467].pdf(2.1656133621579614)
Testing logNormal[M=1.8370542479800092 S=0.38684753235910696].pdf(1.705114198284323)
Testing logNormal[M=0.5333376341975091 S=8.959008079738663].pdf(1.8971248369706264)
Testing logNormal[M=-0.8252907268532796 S=3.1097127413519376].pdf(2.207628394616718)
Testing logNormal[M=-3.428406484693544 S=8.832370378128122].pdf(0.19317908823295657)
Testing logNormal[M=0.3698990728982876 S=2.404053921136773].pdf(1.5530499576776091)
Testing logNormal[M=-1.5620705446444525 S=1.8460094167173413].pdf(0.9048694882976143)
Testing logNormal[M=-2.338115402000783 S=9.560119922242478].pdf(1.7549097591255483)
Testing logNormal[M=-1.1769878378762577 S=0.9609302823636345].pdf(2.000581533329583)
Testing logNormal[M=4.14917510420033 S=2.564741159206181].pdf(1.8273844243098851)
Testing logNormal[M=-4.212514402761435 S=0.6750057943740884].pdf(1.323618489033228)
Testing logNormal[M=2.98948200426328 S=7.326233871280082].pdf(1.9595601187282443)
Testing logNormal[M=3.057568347609907 S=1.6496794194706466].pdf(0.8154750331560329)
Testing logNormal[M=-3.364758887005191 S=5.848854358919096].pdf(1.2884112688649259)
Testing logNormal[M=0.47027024411401896 S=7.698562150858664].pdf(0.8776669934169267)
Testing logNormal[M=4.595681769397567 S=8.733640120000338].pdf(0.0129175909546679)
Testing logNormal[M=-1.7064901878068461 S=2.8265162572626448].pdf(1.3502639828072645)
Testing logNormal[M=-1.019101982791569 S=2.6447773235455196].pdf(1.9279130887098048)
Testing logNormal[M=3.3530592820023877 S=1.902675402693993].pdf(2.103969893781685)
Testing logNormal[M=-0.9426364774845029 S=4.214914300594157].pdf(0.6404097910533707)
Testing logNormal[M=1.089688984754141 S=8.75018432879847].pdf(1.9672211441231429)
Testing logNormal[M=-3.1551474413149885 S=5.233230468984356].pdf(0.8990991381431221)
Testing logNormal[M=3.0819061779404446 S=8.483255189444433].pdf(1.768818399950032)
Testing logNormal[M=0.7911722827599812 S=6.140902057367963].pdf(2.2289581194697132)
Testing logNormal[M=-3.952995185733431 S=2.5331437084744013].pdf(2.0990310558993523)
Testing logNormal[M=1.2502430424310447 S=7.886629567484721].pdf(2.0300106096800574)
Testing logNormal[M=2.3146763330944093 S=9.390030874684275].pdf(1.3335687075037201)
Testing logNormal[M=4.325395204946291 S=1.5916904900074202].pdf(0.28556786807838175)
Testing logNormal[M=-4.56369298458534 S=9.734123134354835].pdf(1.8367989006953298)
Testing logNormal[M=-1.448118390004943 S=6.8219461993195685].pdf(2.059199325282806)
Testing logNormal[M=-0.9525695806663048 S=2.894104239265859].pdf(0.035632202675129974)
Testing logNormal[M=-4.798783416748133 S=1.858384045799648].pdf(1.8778635548490017)
Testing logNormal[M=-0.33622665861573786 S=2.620483215503795].pdf(1.8068168637978081)
Testing logNormal[M=-3.6928513216979573 S=8.931737531685116].pdf(2.00703664889913)
Testing logNormal[M=0.9994167945397887 S=5.167353573529178].pdf(1.4539261675472746)
Testing logNormal[M=-1.1935498374067977 S=2.5682625446739404].pdf(2.1766786812762744)
Testing logNormal[M=2.220883615007706 S=7.61376295333233].pdf(1.180596807895629)
Testing logNormal[M=-0.07828435184086491 S=9.131958193868352].pdf(1.1734173807903898)
Testing logNormal[M=-1.5427228146273597 S=2.8911687196249702].pdf(1.0921624176362492)
Testing logNormal[M=4.8771932282784825 S=8.02470068142115].pdf(0.27403019531878275)
Testing logNormal[M=0.8179661521096593 S=0.6176755143461266].pdf(1.3797379674593688)
Testing logNormal[M=-4.717186869315471 S=4.682356055124329].pdf(1.6904078351216434)
Testing logNormal[M=3.2164935844214906 S=8.460228073560259].pdf(0.9781046076533615)
Testing logNormal[M=4.822755480911265 S=2.5870499227169796].pdf(2.1231433027125637)
Testing logNormal[M=-2.9133138009411743 S=8.08452772176714].pdf(2.201233517088704)
Testing logNormal[M=2.070759554026317 S=5.534654771475025].pdf(1.6060764633404412)
Testing logNormal[M=-3.5846485590858745 S=9.492745590418359].pdf(0.8300080897574709)
Testing logNormal[M=-4.548269901359436 S=6.039824823118116].pdf(1.7641311308479726)
Testing logNormal[M=0.026738368448495642 S=6.77419223938569].pdf(1.9543158600629)
Testing logNormal[M=-3.5590072244680613 S=1.8651678603323663].pdf(0.40348184256895375)
Testing logNormal[M=1.2628262623413935 S=6.1951835741408825].pdf(1.318033336671842)
Testing logNormal[M=-4.045761645840433 S=9.868550537670757].pdf(1.7533605731061828)
Testing logNormal[M=-0.29489187496779845 S=6.8787824634920245].pdf(1.4148667832636497)
Testing logNormal[M=-1.152461186704612 S=6.895367925022438].pdf(2.1340468425636834)
Testing logNormal[M=3.4341431424905764 S=7.251244546100093].pdf(1.8837682340745443)
Testing logNormal[M=0.3735118265128756 S=3.498637010567056].pdf(1.8612514635801152)
Testing logNormal[M=0.36975156022860567 S=1.2752336449301116].pdf(1.663701249365966)
Testing logNormal[M=-4.7462385458854675 S=7.462886021752473].pdf(0.8653212079960722)
Testing logNormal[M=-4.893896142933826 S=0.7567551131727501].pdf(1.383395639239579)
Testing logNormal[M=-4.173550546289995 S=8.628797708316602].pdf(1.5293894836975137)
Testing logNormal[M=-4.014776515410551 S=7.496411533792271].pdf(1.0795009971792136)
Testing logNormal[M=4.586308139611381 S=7.831013611804968].pdf(0.6111805071274681)
Testing logNormal[M=2.0382350792540205 S=1.1113976942461379].pdf(0.02717937370952288)
Testing logNormal[M=-2.5030620948462987 S=8.942219264726265].pdf(1.6687636941465747)
Testing logNormal[M=2.804202726644326 S=8.518000967962722].pdf(1.8184877980779408)
Testing logNormal[M=1.5356335091932047 S=6.853258051088867].pdf(2.047881373299297)
Testing logNormal[M=-1.6936870898553211 S=1.7777240883698842].pdf(0.8050615878019188)
Testing logNormal[M=2.187330168425233 S=8.404309226288895].pdf(1.486900063208503)
Testing logNormal[M=1.3923215989114883 S=9.739196303978973].pdf(1.7930233359829038)
Testing logNormal[M=-1.0578625837563873 S=3.7590562894678667].pdf(0.6147432044822179)
Testing logNormal[M=2.503991689919638 S=0.1419447669162388].pdf(1.6319327391906189)
Testing logNormal[M=1.8921870563137198 S=6.934622949791472].pdf(2.048556691152763)
Testing logNormal[M=3.0225304411770164 S=2.867491587775155].pdf(1.4652172859755008)
Testing logNormal[M=-3.9779468564937126 S=9.443192804325772].pdf(1.9999910606553633)
Testing logNormal[M=-4.151656237719402 S=4.940472159770456].pdf(1.3833612955547856)
Testing logNormal[M=-4.286016765237189 S=7.394416866256625].pdf(1.7847713308035653)
Testing logNormal[M=-0.0028658582624121465 S=4.553688300310207].pdf(0.39517684056428315)
Testing logNormal[M=4.796289576200122 S=0.8585013827870225].pdf(1.3419275661974728)
Testing logNormal[M=1.3425637655592269 S=2.4683262053041046].pdf(1.5221849135067866)
Testing logNormal[M=1.9616109497393106 S=8.086579059976456].pdf(0.48365603255663114)
Testing logNormal[M=0.4873473206686878 S=6.62281071875289].pdf(2.2181118887011007)
Testing logNormal[M=4.256428130011143 S=8.055841118411706].pdf(1.9153976841943325)
Testing logNormal[M=3.9686489970415977 S=3.596789899974886].pdf(1.5030198190081083)
Testing logNormal[M=-0.9760253101660599 S=4.754397475767387].pdf(2.0079474876110295)
Testing logNormal[M=-0.6399245736555494 S=0.4425084196640039].pdf(0.9944949543737142)
Testing logNormal[M=1.7011246782281306 S=3.4277308348178384].pdf(1.4057311941258173)
Testing logNormal[M=0.8493536243933768 S=7.643280405435826].pdf(0.888585172371139)
Testing logNormal[M=-0.08831896921230875 S=7.287298019580283].pdf(2.2013002759911426)
Testing logNormal[M=1.3615490730972581 S=4.642598726417491].pdf(2.0896928598485216)
Testing logNormal[M=-3.116820366158416 S=5.983362996082735].pdf(2.237360096549357)
Testing logNormal[M=-3.6445424268217397 S=1.6071667133335976].pdf(1.5129409131214726)
Testing logNormal[M=-1.3447915156413517 S=1.9470731315505119].pdf(1.8487909404986163)
Testing logNormal[M=3.175836535609635 S=7.214727052874993].pdf(2.0220850858923085)
Testing logNormal[M=4.210496259536862 S=3.86178466491406].pdf(1.2098942406977267)
Testing logNormal[M=0.31694313128330354 S=3.8282326583791972].pdf(1.7811531663274878)
Testing logNormal[M=-3.0824999894958327 S=0.6015161054711105].pdf(1.3177240073707153)
Testing logNormal[M=-0.9029862234373525 S=7.835822231249266].pdf(0.7127823226785306)
Testing logNormal[M=-0.4372384955945927 S=8.143013931873629].pdf(1.3080998403139295)
Testing logNormal[M=-3.421566098328459 S=8.117641175122692].pdf(1.975136080644329)
Testing logNormal[M=-0.6639771012566449 S=4.926020178379033].pdf(0.7939906492080244)
Testing logNormal[M=-3.7528074153534163 S=9.465292686448283].pdf(1.0440702046248957)
Testing logNormal[M=-3.00955892638352 S=6.696153654217966].pdf(1.5295454045511208)
Testing logNormal[M=-4.995892461488138 S=8.25987774974778].pdf(2.166262571739636)
Testing logNormal[M=-2.2396587700471837 S=2.552627704345035].pdf(0.7102359979892224)
Testing logNormal[M=-0.13716033077051293 S=1.8363639888273176].pdf(1.618511810020125)
Testing logNormal[M=0.11995513908285282 S=1.8465004304780774].pdf(1.7666974154649355)
Testing logNormal[M=1.1702665835545503 S=6.739553322728877].pdf(2.024817918908424)
Testing logNormal[M=-3.6749048315650965 S=9.176425835324496].pdf(1.9942854850572846)
Testing logNormal[M=3.964425973441216 S=9.370590448931287].pdf(0.182524277648803)
Testing logNormal[M=3.0577271254053997 S=1.423757893057127].pdf(1.8944361459482135)
Testing logNormal[M=4.568550539863487 S=1.7362804074526372].pdf(1.9389694386060923)
Testing logNormal[M=-0.33294828639566454 S=1.1061888165067868].pdf(0.24104385336094164)
Testing logNormal[M=-4.3892249476139735 S=5.215686199461585].pdf(1.4140775288604395)
Testing logNormal[M=-4.576884754202588 S=9.696083414046289].pdf(2.0540455975812164)
Testing logNormal[M=-3.414867029177495 S=0.037840486270138696].pdf(1.1827815204700838)
Testing logNormal[M=-3.599395432375887 S=6.415298753205672].pdf(1.3319209830346972)
Testing logNormal[M=-4.726495526359703 S=2.1117347906333928].pdf(1.4220397324176925)
Testing logNormal[M=-3.8837913021650863 S=0.06452097547859914].pdf(1.9058319566763593)
Testing logNormal[M=4.910385568584877 S=8.923722151699865].pdf(2.1459069371216413)
Testing logNormal[M=-0.18469183526099275 S=4.962079885936973].pdf(2.1834777136040833)
Testing logNormal[M=-3.5972549932033635 S=7.8031821920095386].pdf(1.7000809132777777)
Testing logNormal[M=1.860898770762387 S=2.8375675502010544].pdf(1.9887994168676772)
Testing logNormal[M=2.803548401047646 S=2.5861441328618815].pdf(1.5537717998730207)
Testing logNormal[M=-4.220329839671884 S=2.1774387614770996].pdf(2.257409324763652)
Testing logNormal[M=-0.9635649548762872 S=7.626367765143965].pdf(1.9220464785582134)
Testing logNormal[M=3.274747770648368 S=1.359457369025634].pdf(2.1862412055380447)
Testing logNormal[M=-0.6777154179289555 S=8.009387670811275].pdf(1.2722664774807595)
Testing logNormal[M=-1.2725980483748192 S=8.403947841385136].pdf(1.7893525098096335)
Testing logNormal[M=1.700637701285106 S=6.349284983808396].pdf(2.0920804471916097)
Testing logNormal[M=-1.3135515302057499 S=9.776681868449618].pdf(0.30893437237183197)
Testing logNormal[M=3.7455991373363435 S=8.8111318887983].pdf(1.60696802331051)
Testing logNormal[M=-3.955308158995946 S=8.600398506088885].pdf(2.074144961462914)
Testing logNormal[M=-0.24137231373881463 S=7.979604280885095].pdf(1.2887304967837523)
Testing logNormal[M=4.4987918799407804 S=1.621928018950981].pdf(2.0999134366787358)
Testing logNormal[M=-2.7491253571086816 S=8.31196680915914].pdf(0.9294526764351672)
Testing logNormal[M=-0.30720110670433876 S=6.59851403283251].pdf(1.3959570450755612)
Testing logNormal[M=0.2912592875923874 S=9.712878735898872].pdf(1.8959808841281995)
Testing logNormal[M=-2.633454778002333 S=1.0629314669330414].pdf(1.068561862402895)
Testing logNormal[M=3.9905320517561425 S=4.4620925000403595].pdf(1.2974092323116335)
Testing logNormal[M=2.9872222207351697 S=2.2121246144776006].pdf(1.143023818394717)
Testing logNormal[M=-1.817785781323976 S=4.7458299412353995].pdf(1.9962190385726475)
Testing logNormal[M=0.5737071714181532 S=8.916878351221495].pdf(1.200409893629441)
Testing logNormal[M=-2.616760540192274 S=1.5387335668090596].pdf(1.3773908864745976)
Testing logNormal[M=3.7851880701209275 S=6.517739676785043].pdf(1.0472039980216075)
Testing logNormal[M=-3.026078291844719 S=8.925015627705417].pdf(0.7643461383066736)
Testing logNormal[M=-0.38626824980945784 S=4.571033159144113].pdf(1.6760512237741527)
Testing logNormal[M=3.8007616155413384 S=1.222607928516175].pdf(1.8868510505214198)
Testing logNormal[M=3.1888188915070206 S=6.423154476288005].pdf(1.6326894445331765)
Testing logNormal[M=2.7894117834661927 S=2.7863783717599535].pdf(1.9435359052225896)
Testing logNormal[M=2.274869323506177 S=2.3038295024088162].pdf(1.0820352876490027)
Testing logNormal[M=-1.8284502704766203 S=1.6005852285884536].pdf(2.2013668976146965)
Testing logNormal[M=2.072369108134609 S=7.525244714286806].pdf(1.9571224544778407)
Testing logNormal[M=3.543960227921609 S=6.526775876655352].pdf(1.4669029756575653)
Testing logNormal[M=-0.5806398378336288 S=4.835103257062924].pdf(1.989496583001382)
Testing logNormal[M=1.1566594349482449 S=4.358639909593977].pdf(0.7252969877000129)
Testing logNormal[M=-0.9957590532231011 S=8.593025375034834].pdf(2.1442553498385504)
Testing logNormal[M=2.9171418844789807 S=7.15872779351577].pdf(0.5365110424279304)
Testing logNormal[M=4.506983298043691 S=6.573384203458511].pdf(0.6798804369338532)
Testing logNormal[M=0.2111108866869369 S=7.808172966787909].pdf(2.2664024966977556)
Testing logNormal[M=1.2889297746113195 S=5.172250505619375].pdf(1.725919630221723)
Testing logNormal[M=-3.2908422093837952 S=1.5402438168315524].pdf(2.1477302723416933)
Testing logNormal[M=3.5413829447713354 S=8.22711837404553].pdf(0.1497490094894392)
Testing logNormal[M=3.064018882051153 S=9.312409692173892].pdf(2.015802643146571)
Testing logNormal[M=2.110336024227201 S=3.6960752271011255].pdf(2.281196925542596)
Testing logNormal[M=0.12831258392339784 S=6.68384919262474].pdf(2.281806282744084)
Testing logNormal[M=-4.471478449129831 S=8.773069610961223].pdf(2.151880557726761)
Testing logNormal[M=0.391529642009961 S=0.44598674396508997].pdf(1.3238430983652936)
Testing logNormal[M=4.444373986584779 S=3.7169035040044553].pdf(0.9386295341125132)
Testing logNormal[M=-0.25828867439580794 S=8.987511867171076].pdf(0.5733617946671343)
Testing logNormal[M=0.6815467371361006 S=7.050141339942267].pdf(1.7365954342869427)
Testing logNormal[M=-0.8854313271362901 S=6.115907929309432].pdf(0.6164990594893235)
Testing logNormal[M=-3.397938714951212 S=5.865724897646291].pdf(2.045186960627993)
Testing logNormal[M=-1.9676057430995075 S=9.62708205125711].pdf(2.179182179913991)
Testing logNormal[M=-1.2405144082962902 S=0.007794456649679038].pdf(1.4106159238962208)
Testing logNormal[M=-3.892559636100872 S=8.604232316531407].pdf(2.300862301751631)
Testing logNormal[M=-4.536950953810988 S=4.831982045451003].pdf(1.2218839983372352)
Testing logNormal[M=0.15855571084191222 S=8.496407043508519].pdf(2.231471562602689)
Testing logNormal[M=-0.25472412550502366 S=5.280876521592339].pdf(2.1320145997343456)
Testing logNormal[M=1.2537419167961676 S=2.204797123214014].pdf(1.2723811141329289)
Testing logNormal[M=4.219351644661483 S=2.032855867745406].pdf(1.8201024367054537)
Testing logNormal[M=-0.44849957913602 S=3.387935725093593].pdf(2.0078573448265877)
Testing logNormal[M=-0.21847399657935807 S=5.616189941184812].pdf(1.264283142059954)
Testing logNormal[M=3.795820439465139 S=5.151667062173026].pdf(0.322580364309538)
Testing logNormal[M=0.463118038428755 S=1.7193985329141548].pdf(2.247866361924414)
Testing logNormal[M=-3.649239365440854 S=8.223776433557676].pdf(0.6589656181580064)
Testing logNormal[M=-4.032854899378915 S=7.457017855984629].pdf(2.2376483220756436)
Testing logNormal[M=2.4998946719794466 S=7.500051691660188].pdf(1.2979979787991116)
Testing logNormal[M=-4.523534904163121 S=7.5923125003390135].pdf(1.8756155029663915)
Testing logNormal[M=0.34469180109849695 S=6.0886660003452935].pdf(2.189534018981275)
Testing logNormal[M=-4.198639388427292 S=1.7611273984447462].pdf(0.7004735977580187)
Testing logNormal[M=1.5195647145491522 S=3.8482778435885368].pdf(1.9713118058714612)
Testing logNormal[M=-0.05348353987491539 S=7.939368998057997].pdf(2.262848697124503)
Testing logNormal[M=-3.57191037083782 S=6.1546850724912865].pdf(1.2771577506901082)
Testing logNormal[M=-0.6679149929234924 S=8.944624622855025].pdf(1.7449136479733467)
Testing logNormal[M=0.0019890791497791938 S=0.047945495106123115].pdf(2.21172991601178)
Testing logNormal[M=0.3904221130010219 S=3.539289140964388].pdf(1.2036613926079882)
Testing logNormal[M=4.773836273509923 S=7.384340075058583].pdf(0.697226521684076)
Testing logNormal[M=4.987832192129968 S=9.617049288726417].pdf(1.3764968602580716)
Testing logNormal[M=-2.347694832931894 S=6.209101000694566].pdf(1.758413206582006)
Testing logNormal[M=2.2102934273193595 S=5.839192713040978].pdf(2.2429986373935695)
Testing logNormal[M=1.8019503750022032 S=1.6391065166319152].pdf(1.6450279242548949)
Testing logNormal[M=2.4756415260551883 S=1.7148771494691673].pdf(0.9612168997092895)
Testing logNormal[M=1.455626090355759 S=3.166733858784383].pdf(0.8711881769484805)
Testing logNormal[M=-2.7825649916869013 S=9.656210773896689].pdf(0.7675336642718863)
Testing logNormal[M=0.6490074542165214 S=0.30464204003545325].pdf(1.7546130345843047)
Testing logNormal[M=1.2718807997075432 S=9.119540961097496].pdf(0.9819103669768804)
Testing logNormal[M=-2.445721934808338 S=0.9430761666773202].pdf(1.7306576046674778)
Testing logNormal[M=-4.948380296663242 S=6.172229274005163].pdf(1.6030854054075936)
Testing logNormal[M=3.0636533093310945 S=1.4617385599821497].pdf(2.2394243345956952)
Testing logNormal[M=-1.7094645146542877 S=8.27167873801724].pdf(1.026267450540526)
Testing logNormal[M=4.761551781453306 S=8.521479428632038].pdf(0.6354347892582509)
Testing logNormal[M=1.9924179213063145 S=5.751486889221203].pdf(1.606635881537668)
Testing logNormal[M=-2.3758507037664045 S=5.269945900662801].pdf(0.9027437889199917)
Testing logNormal[M=4.8324360577630205 S=8.488087608186628].pdf(2.2654738120316638)
Testing logNormal[M=-1.637212248121819 S=9.361497405739655].pdf(1.6731726386900412)
Testing logNormal[M=0.9818563907848086 S=8.948643567476157].pdf(1.6374438500035728)
Testing logNormal[M=-3.081974893731574 S=3.365562910295077].pdf(2.156363508874384)
Testing logNormal[M=-1.2901043286526628 S=4.744508327204255].pdf(2.261732410321382)
Testing logNormal[M=2.3175007029436028 S=5.688316382456397].pdf(1.6933090524783425)
Testing logNormal[M=-1.1496768120244272 S=5.020101164338461].pdf(1.6105480135950414)
Testing logNormal[M=4.647960133862544 S=4.862342252143162].pdf(1.8975811366032103)
Testing logNormal[M=-4.318496764463818 S=5.103424729444442].pdf(1.2168829020125127)
Testing logNormal[M=-3.3693090704418127 S=3.0834338412612974].pdf(0.4897289063408583)
Testing logNormal[M=3.6060276767867308 S=1.3647373646202632].pdf(0.10247198333727317)
Testing logNormal[M=-0.16204040618980287 S=0.12943209272485934].pdf(2.292912967326743)
Testing logNormal[M=-0.4776706820648444 S=1.3533071662652885].pdf(1.9411868886511507)
Testing logNormal[M=-4.2399442288020674 S=7.064150298221634].pdf(2.2674458971568883)
Testing logNormal[M=2.520373253293446 S=6.017485091346577].pdf(1.729754350112076)
Testing logNormal[M=-3.680417891524499 S=1.5389623723495383].pdf(0.37902222281908665)
Testing logNormal[M=0.7614727445027221 S=1.9701411944894909].pdf(2.0148373870355223)
Testing logNormal[M=0.4988384903544336 S=5.209735781554236].pdf(2.168045216056964)
Testing logNormal[M=2.780999929042504 S=4.222071726523531].pdf(0.19780297965174082)
Testing logNormal[M=-1.3294116441683244 S=9.541525597339653].pdf(1.0592486624443245)
Testing logNormal[M=-3.0886743366449734 S=9.735986027370013].pdf(1.4409858893942742)
Testing logNormal[M=2.841012504902701 S=5.930043445922121].pdf(1.6755841856563582)
Testing logNormal[M=2.7982622602401372 S=7.166069583954842].pdf(1.6180736908237097)
Testing logNormal[M=2.223710375991362 S=1.4459248073507636].pdf(1.711803173239234)
Testing logNormal[M=-1.9106956634488883 S=1.8220705068196752].pdf(1.8977667703817638)
Testing logNormal[M=2.9960881906376766 S=4.002941498199104].pdf(1.7196778175885366)
Testing logNormal[M=0.8000585192181706 S=1.4412611948724952].pdf(2.182918370004367)
Testing logNormal[M=0.34853224272127203 S=8.737851865958369].pdf(0.8884236963552214)
Testing logNormal[M=1.9754702551439358 S=1.0365993379431593].pdf(2.2497299631514)
Testing logNormal[M=-0.3151035424294504 S=8.578107895697348].pdf(1.4185579762821243)
Testing logNormal[M=-3.5874743301913603 S=0.0061386488210846135].pdf(2.0665303594310838)
Testing logNormal[M=2.1730169812926654 S=8.572180043973152].pdf(0.6264668761620404)
Testing logNormal[M=-1.904588120027463 S=1.389524168341677].pdf(0.36139418481888963)
Testing logNormal[M=-3.205611984989197 S=6.417408972233941].pdf(0.6335511583395333)
Testing logNormal[M=4.356838624858415 S=4.777008668013646].pdf(0.510111335277686)
Testing logNormal[M=-2.606211792941525 S=8.798678991552539].pdf(0.4854791711382556)
Testing logNormal[M=3.083210186359695 S=4.518378014920098].pdf(1.7722564737132005)
Testing logNormal[M=-2.2576742813047357 S=9.423213017013731].pdf(2.256349904769071)
Testing logNormal[M=-0.7917427643715946 S=0.11571452771493296].pdf(1.4995395649116285)
Testing logNormal[M=-0.47043353158769374 S=3.9965739103999565].pdf(0.495487551745396)
Testing logNormal[M=-4.31002791980971 S=8.056106263302903].pdf(1.8993448974517446)
Testing logNormal[M=-0.3106028209459053 S=5.545390801064009].pdf(1.689697015888346)
Testing logNormal[M=4.758378991002598 S=3.8579554427127305].pdf(0.4025291000979006)
Testing logNormal[M=2.2060805536243953 S=0.38507366121393827].pdf(0.21153282316493266)
Testing logNormal[M=3.794708299778776 S=0.2460062205021707].pdf(0.958000121603463)
Testing logNormal[M=1.1763255137976527 S=7.306198278526664].pdf(1.572217647840345)
Testing logNormal[M=-2.687433348220506 S=5.582825531795365].pdf(0.9821921605151509)
Testing logNormal[M=2.5236580367151804 S=6.0805149135447545].pdf(1.6095334267530204)
Testing logNormal[M=-0.565903524452624 S=4.884284092681068].pdf(1.590156433529552)
Testing logNormal[M=0.4451938666358055 S=3.7545070294972938].pdf(2.168710495948093)
Testing logNormal[M=-3.516962602514612 S=0.8183377102409872].pdf(1.8093846539353329)
Testing logNormal[M=-4.04090141502651 S=0.21177408017332477].pdf(1.792904870300817)
Testing logNormal[M=-4.935065554977749 S=1.3836228156890096].pdf(0.8422452818039756)
Testing logNormal[M=1.3233405869380324 S=6.670608138532833].pdf(1.5484370296666108)
Testing logNormal[M=-0.1906647549507472 S=5.161321939532767].pdf(1.278519038981752)
Testing logNormal[M=4.884125015111312 S=5.107982135736223].pdf(2.2933280027623084)
Testing logNormal[M=1.4015484402284075 S=6.325512536806973].pdf(1.4121621634085029)
Testing logNormal[M=-4.709916404131064 S=9.459910055911827].pdf(1.0294930561734301)
Testing logNormal[M=-4.656666565352675 S=9.940428394547032].pdf(2.2737366849692457)
Testing logNormal[M=2.8977289542670635 S=1.3403906038658142].pdf(1.4570203175628098)
Testing logNormal[M=1.0652723119214826 S=5.935073136942063].pdf(1.678698796958529)
Testing logNormal[M=0.7000053869716307 S=9.485739353795472].pdf(1.2452121671181813)
Testing logNormal[M=-4.063520032606753 S=3.507643444471402].pdf(1.812298407568848)
Testing logNormal[M=1.4804621039240367 S=0.5346412971651493].pdf(0.8916983429602873)
Testing logNormal[M=-3.6499235464032296 S=6.742189303889107].pdf(1.1066128165360136)
Testing logNormal[M=1.382985157213045 S=2.541403497366992].pdf(2.024694871642111)
Testing logNormal[M=-1.5740424629779848 S=6.261406728732638].pdf(2.1380407773906733)
Testing logNormal[M=-1.9141995647478915 S=7.30469765788765].pdf(1.289563392429927)
Testing logNormal[M=-2.6829497912446563 S=1.5244634426722925].pdf(1.830271564723918)
Testing logNormal[M=4.392945765679389 S=2.6967941296266638].pdf(2.14150130631027)
Testing logNormal[M=-4.686248738959707 S=3.5350003088725512].pdf(2.259662577365634)
Testing logNormal[M=-2.56356508774243 S=2.829582507232807].pdf(2.1073381704575818)
Testing logNormal[M=0.9333844265966871 S=4.855126547240643].pdf(2.2043234831659353)
Testing logNormal[M=2.128462608613656 S=5.890192065605975].pdf(0.26210433425500557)
Testing logNormal[M=-3.863037767144136 S=5.448820395688974].pdf(1.5632343254193442)
Testing logNormal[M=-3.081999978947497 S=6.909683954134147].pdf(2.2378763389277414)
Testing logNormal[M=-0.523116831608144 S=1.0777667096552457].pdf(2.2072700218724464)
Testing logNormal[M=-2.0912311530965577 S=3.997116711709393].pdf(2.1901628832163382)
Testing logNormal[M=2.262839354085341 S=1.0175589534268747].pdf(0.9392870580876836)
Testing logNormal[M=4.065009704189128 S=8.763044984182788].pdf(1.5752584368775489)
Testing logNormal[M=-1.2851456893072455 S=7.878290055363859].pdf(1.2601893431031042)
Testing logNormal[M=0.23504015501516573 S=3.652644943083496].pdf(1.8943384015852278)
Testing logNormal[M=-2.300814883971427 S=1.0023029174679399].pdf(0.958143422491331)
Testing logNormal[M=-0.27592574939440784 S=5.327855596147362].pdf(0.5899670941008701)
Testing logNormal[M=2.329492798725391 S=0.19371902687238984].pdf(1.1568592042024504)
Testing logNormal[M=2.0373632394298538 S=3.030127147442788].pdf(2.086334054588764)
Testing logNormal[M=3.413862347259043 S=0.609809351299303].pdf(2.0937138069046006)
Testing logNormal[M=-3.391548317045674 S=7.019910320944041].pdf(1.7464802273451678)
Testing logNormal[M=4.4798909197127 S=8.139435913525814].pdf(0.617447183539422)
Testing logNormal[M=-0.31123239052299567 S=4.533569674229184].pdf(1.439640881298359)
Testing logNormal[M=-0.5670738050258342 S=6.553662619054982].pdf(0.26601609544629556)
Testing logNormal[M=-3.4182980689091815 S=0.2718022383681151].pdf(1.763162753481378)
Testing logNormal[M=4.478940068730562 S=0.27377887883426655].pdf(1.8357369660183511)
Testing logNormal[M=4.86803998412962 S=1.952516376102521].pdf(0.8346133562402006)
Testing logNormal[M=-2.9098439369927185 S=1.586485075618309].pdf(1.6103364073018174)
Testing logNormal[M=2.0715773206785943 S=8.501475844702465].pdf(1.3182254560211173)
Testing logNormal[M=-3.121739732806864 S=3.185970397235578].pdf(2.1034904605798093)
Testing logNormal[M=-0.030052919930739996 S=0.42921885447761765].pdf(0.05481624566004741)
Testing logNormal[M=2.282386441433558 S=1.785695227178844].pdf(0.018347499826976456)
Testing logNormal[M=2.852583465437398 S=5.619771767032603].pdf(1.944524853432999)
Testing logNormal[M=3.139810408909508 S=3.0031771384365804].pdf(2.3019348580405214)
Testing logNormal[M=0.4025428556223254 S=5.674433014333867].pdf(0.6281817535850908)
Testing logNormal[M=-3.344543233920235 S=0.6652491729614773].pdf(0.05479125257035307)
Testing logNormal[M=-3.0624482763752847 S=5.652612506202343].pdf(1.7815559192990278)
Testing logNormal[M=-3.1516893198395177 S=0.00877214774529178].pdf(0.40169058458314716)
Testing logNormal[M=-4.488819232201625 S=7.11274346028235].pdf(1.0457016499254332)
Testing logNormal[M=0.46527114660116276 S=8.120986441410373].pdf(1.6269930177795147)
Testing logNormal[M=-1.2545310784114552 S=8.761970723686538].pdf(2.137405774756127)
Testing logNormal[M=-2.0426046058365976 S=7.3530694454699645].pdf(0.039585239001784324)
Testing logNormal[M=-2.1676494258166 S=7.15838263902976].pdf(0.4542895149858684)
Testing logNormal[M=0.3549492186745873 S=2.8102111368558225].pdf(1.0204409160424293)
Testing logNormal[M=0.8480872545576972 S=4.445250373379361].pdf(0.27257880027446724)
Testing logNormal[M=-4.117827779894712 S=6.723212215915867].pdf(1.2820571681547823)
Testing logNormal[M=0.4489248712977041 S=6.395780981376621].pdf(0.011017229318923108)
Testing logNormal[M=4.767064086969679 S=6.847729283250845].pdf(1.3390159043428027)
Testing logNormal[M=-0.8054447642448057 S=8.114988461008465].pdf(0.45219026245602184)
Testing logNormal[M=2.0193611092226433 S=8.35831702441778].pdf(1.8384637661640002)
Testing logNormal[M=0.7324491253457648 S=3.810102036403599].pdf(2.035098928952634)
Testing logNormal[M=-0.436005687200427 S=7.981800830697573].pdf(1.5972388100491306)
Testing logNormal[M=-2.1556605455023883 S=5.176408984134645].pdf(2.1175740382728403)
Testing logNormal[M=-0.9807570233939007 S=1.0890024184273694].pdf(1.673849234956564)
Testing logNormal[M=-3.6254557261044673 S=0.2883842509440293].pdf(2.088480020943449)
Testing logNormal[M=3.0253702767967425 S=0.4259632166066085].pdf(1.6781704698216167)
Testing logNormal[M=0.01755772622225127 S=4.37308782009327].pdf(1.7391572773166104)
Testing logNormal[M=-4.773309669275962 S=4.466977256558444].pdf(1.6886950132605347)
Testing logNormal[M=-2.593846986773017 S=3.6593309747159974].pdf(0.6226653357057887)
Testing logNormal[M=1.7317806274910632 S=1.6378752934992713].pdf(1.250836711228766)
Testing logNormal[M=3.4303352471610147 S=8.574046595479597].pdf(1.7192243501622202)
Testing logNormal[M=-4.464122792825701 S=0.08121799778319283].pdf(2.083099046678716)
Testing logNormal[M=-1.695182178620235 S=9.991934447978743].pdf(2.213522168948813)
Testing logNormal[M=4.246033050225165 S=5.221470952637743].pdf(0.12661654167827052)
Testing logNormal[M=-4.459831270488116 S=2.207560227464036].pdf(1.4980531385558196)
Testing logNormal[M=-3.0554981281056124 S=1.6417243146505345].pdf(0.2805638760807245)
Testing logNormal[M=-3.2293476663486906 S=5.711749239110949].pdf(1.4267631129830203)
Testing logNormal[M=-2.7650283053665916 S=1.7388044915385314].pdf(0.6192455098052688)
Testing logNormal[M=-2.1942073820150254 S=8.763074740577023].pdf(2.2585281653323497)
Testing logNormal[M=-4.2545307864926265 S=2.9455705641132846].pdf(0.9878100041508233)
Testing logNormal[M=-2.239212932733976 S=4.13451494307049].pdf(0.11419455682062582)
Testing logNormal[M=-2.1803614995262977 S=1.6819375282866478].pdf(2.0849467489547813)
Testing logNormal[M=-1.3589780924615482 S=5.897116103639867].pdf(0.6929695206622469)
Testing logNormal[M=-1.0894960816953523 S=4.275938379577674].pdf(2.1448438745843097)
Testing logNormal[M=-0.8939430806443713 S=9.437080673356487].pdf(2.160752784516869)
Testing logNormal[M=4.912651789082592 S=5.715098444993767].pdf(0.013357870286467023)
Testing logNormal[M=1.7143498715829821 S=4.916714725193504].pdf(0.9728866781859136)
Testing logNormal[M=-2.447194287161122 S=1.6447648022105854].pdf(1.7876506677290207)
Testing logNormal[M=-3.0441313939626005 S=1.39111200094021].pdf(2.09377527864048)
Testing logNormal[M=2.3497289739968235 S=1.0585548464768635].pdf(2.2335223798385844)
Testing logNormal[M=4.728988506515522 S=6.2184058727633085].pdf(2.0321426035772343)
Testing logNormal[M=2.4418594350113416 S=4.38999551747111].pdf(1.3674826348027487)
Testing logNormal[M=1.412503825844671 S=0.14355240881996134].pdf(1.7246115589756579)
Testing logNormal[M=4.034944147702134 S=1.1180177665401225].pdf(1.9764698708904183)
Testing logNormal[M=-0.7210481457212614 S=7.095444722226942].pdf(2.255354539802162)
Testing logNormal[M=-0.8367201833399083 S=6.779936774655939].pdf(0.17703375736287896)
Testing logNormal[M=0.5810265252753286 S=2.843171026590914].pdf(2.144084589054364)
Testing logNormal[M=-2.8512287363483066 S=5.686711351056038].pdf(1.5039110494741823)
Testing logNormal[M=4.483940269975875 S=9.147982242056344].pdf(1.2914644429871718)
Testing logNormal[M=-0.48784594356432454 S=3.7587240128755504].pdf(2.0662192387102274)
Testing logNormal[M=-4.023237165358756 S=6.631703888813104].pdf(0.6647502123764111)
Testing logNormal[M=2.4160558826130387 S=3.1761316926748284].pdf(1.66315478457559)
Testing logNormal[M=-0.179549332293103 S=7.577079158097745].pdf(2.02291986805009)
Testing logNormal[M=-4.089321189084215 S=6.919637808524835].pdf(1.9196607073068022)
Testing logNormal[M=1.006485005422448 S=3.2196247841831482].pdf(0.3742235970291593)
Testing logNormal[M=-3.0253174696863097 S=7.586498876749792].pdf(1.454931648272086)
Testing logNormal[M=-3.296599260081021 S=7.202338985673505].pdf(1.3184789904552094)
Testing logNormal[M=4.315218559063187 S=7.782431076230791].pdf(1.9503558939031067)
Testing logNormal[M=-3.706387575708041 S=5.612947349371211].pdf(0.6179931817929487)
Testing logNormal[M=4.330370770612843 S=6.763952707820561].pdf(0.3214615049539264)
Testing logNormal[M=4.336934656010277 S=7.595789786635777].pdf(2.154411927402443)
Testing logNormal[M=-0.23501928475082234 S=8.389346184355613].pdf(2.125321234650517)
Testing logNormal[M=-1.9562523980281288 S=0.11057364860407426].pdf(1.6309127536649364)
Testing logNormal[M=3.8805485375599265 S=2.5162269959291885].pdf(0.9994344316576182)
Testing logNormal[M=2.203413460855347 S=1.8671639807909768].pdf(1.805654006560964)
Testing logNormal[M=0.6869861371813766 S=4.675712103803188].pdf(2.2756835863891265)
Testing logNormal[M=-0.43545419319614 S=2.3872474518300546].pdf(0.7119738378026202)
Testing logNormal[M=2.4426095433203407 S=4.0421108544273165].pdf(1.7738502857481289)
Testing logNormal[M=-2.0558917458305648 S=4.336745621146099].pdf(1.8193704116422234)
Testing logNormal[M=-2.568223954278542 S=4.756473727986466].pdf(2.111017482591591)
Testing logNormal[M=-0.6381689288360439 S=9.262627547502575].pdf(2.0200041437457865)
Testing logNormal[M=-3.5913716570216527 S=0.8744699777584408].pdf(2.1658233959290083)
Testing logNormal[M=4.233586459668919 S=6.39845855325181].pdf(2.2193046146905386)
Testing logNormal[M=1.384940791075561 S=2.5490324005335463].pdf(1.8016188548221745)
Testing logNormal[M=-4.262523048806818 S=7.642356571807094].pdf(1.9697735530608738)
Testing logNormal[M=-2.3551289452174684 S=7.579207696865708].pdf(1.7093138952110867)
Testing logNormal[M=-1.208116213637723 S=4.610972819440658].pdf(0.955408559800528)
Testing logNormal[M=-4.572063520701372 S=9.570000214552163].pdf(1.9292724630549642)
Testing logNormal[M=3.7627248834332025 S=9.697300898281574].pdf(1.9443239889656194)
Testing logNormal[M=4.78449513853427 S=0.9677944921422854].pdf(1.3238164784111128)
Testing logNormal[M=-4.144587414824381 S=9.663812024033403].pdf(2.022617313041439)
Testing logNormal[M=-4.273091453461646 S=0.11869490216643963].pdf(2.1850650869240296)
Testing logNormal[M=-0.4705714380708681 S=0.7367917097955357].pdf(1.7044830097905088)
Testing logNormal[M=-2.979834712523133 S=7.053257430146455].pdf(0.234698909560586)
Testing logNormal[M=3.123752516725574 S=3.984180150675437].pdf(0.8372582071380347)
Testing logNormal[M=0.17746637592711068 S=1.4246261155636708].pdf(1.5743127242468176)
Testing logNormal[M=-1.0903395269248972 S=8.377030454062233].pdf(2.2205634081149594)
Testing logNormal[M=3.8615260310507615 S=3.9476931526774175].pdf(2.1408949146322462)
Testing logNormal[M=3.2601902108071386 S=7.379557679195577].pdf(1.6018765205452348)
Testing logNormal[M=-4.782282644001655 S=8.540635760221404].pdf(2.2679657814488006)
Testing logNormal[M=-3.3500135248060428 S=4.1448962909880045].pdf(2.0529317984298276)
Testing logNormal[M=-1.414251155991674 S=0.3625052941950191].pdf(0.4659037754578618)
Testing logNormal[M=2.433280895091335 S=8.559496961899168].pdf(1.223322361091031)
Testing logNormal[M=1.0478032371904975 S=7.392673397286174].pdf(2.2672334373745153)
Testing logNormal[M=-1.2623596330354827 S=1.4131710853209456].pdf(0.3171272899299586)
Testing logNormal[M=3.2019280677998907 S=7.984384810044687].pdf(1.8491455619202122)
Testing logNormal[M=-0.9093014467165421 S=0.6189528568216152].pdf(1.6518369826171988)
Testing logNormal[M=-3.4702176247221326 S=9.084840970319084].pdf(1.4966517587248878)
Testing logNormal[M=-2.6145307804325943 S=7.307112158587885].pdf(1.2671313497739904)
Testing logNormal[M=-3.0626206726097607 S=4.750807202780182].pdf(2.2645728281908357)
Testing logNormal[M=1.3011785007150234 S=6.933234656538119].pdf(2.114661929279)
Testing logNormal[M=4.3609392324063485 S=8.57548519889731].pdf(1.6716821237527437)
Testing logNormal[M=4.75573700757198 S=5.286004665182311].pdf(1.3409897016983323)
Testing logNormal[M=1.6127635523714066 S=6.717481587913035].pdf(1.7727355615641813)
Testing logNormal[M=-3.177857899027554 S=9.317482263689618].pdf(1.4176885830168189)
Testing logNormal[M=-4.4041558198882615 S=4.537119297769461].pdf(0.4187202259745378)
Testing logNormal[M=1.37485773762935 S=6.793343718520321].pdf(1.7851533041713374)
Testing logNormal[M=-2.1440258442090334 S=3.6185646832640295].pdf(1.593297425237361)
Testing logNormal[M=0.8673780179586785 S=3.988551790852284].pdf(2.2090679959120836)
Testing logNormal[M=-4.6154283272927135 S=7.875843392527503].pdf(1.5962516937883844)
Testing logNormal[M=4.796764816823684 S=7.607401232925528].pdf(1.7054806364764417)
Testing logNormal[M=-0.856007612066465 S=6.032159095002088].pdf(2.139731549783785)
Testing logNormal[M=1.016579567388737 S=6.108071590215488].pdf(1.9901847976011975)
Testing logNormal[M=-0.06166618420902914 S=0.7691755110339726].pdf(1.8639448559319214)
Testing logNormal[M=-4.733305390602533 S=2.451769829821563].pdf(0.9116918812155337)
Testing logNormal[M=4.943870133486833 S=1.7289396502428267].pdf(1.4965209638407664)
Testing logNormal[M=3.7349956510763604 S=4.7460075746838735].pdf(2.2885193356082256)
Testing logNormal[M=-1.0024204211173435 S=5.1068431719388645].pdf(2.0216978227718987)
Testing logNormal[M=2.4289450044820837 S=2.5654906083045423].pdf(1.7284617635405117)
Testing logNormal[M=1.1071713504719334 S=4.82725912055753].pdf(2.1092586068016623)
Testing logNormal[M=-3.7601658908375377 S=8.833620304340492].pdf(1.5830041421793646)
Testing logNormal[M=-3.4206079198773596 S=0.8150158892075066].pdf(2.093656934355315)
Testing logNormal[M=1.5840138361012066 S=4.856925513785909].pdf(1.4591582588988241)
Testing logNormal[M=1.9396407708753856 S=0.6693026863965001].pdf(1.7876382051409587)
Testing logNormal[M=-0.023110804326970324 S=0.6032909907248662].pdf(1.409973121813364)
Testing logNormal[M=-2.490130394951321 S=9.53193140208069].pdf(1.0190843367034117)
Testing logNormal[M=-1.631593064544603 S=8.481265384634513].pdf(2.1909632112340107)
Testing logNormal[M=-2.582208219839158 S=6.6799582247313225].pdf(1.8331125424350438)
Testing logNormal[M=-2.307535742821203 S=3.162000019688832].pdf(1.8264743323011807)
Testing logNormal[M=3.6335923141735247 S=3.8472859303379305].pdf(2.232289582235716)
Testing logNormal[M=-1.8259343769334988 S=1.7314893262782782].pdf(1.0199405690284202)
Testing logNormal[M=-1.3243762133335037 S=9.82698733083987].pdf(2.00408997726763)
Testing logNormal[M=-2.233851433464664 S=0.35291244733203886].pdf(1.5463753638314812)
Testing logNormal[M=0.3454762165486862 S=1.8018252929867862].pdf(0.9228723403343506)
Testing logNormal[M=4.446260337127994 S=8.364389988086193].pdf(2.153002399730609)
Testing logNormal[M=3.5224090127523766 S=1.9775025316635753].pdf(2.296459428686644)
Testing logNormal[M=-2.2007118224984468 S=5.467408389341411].pdf(2.0692847204024236)
Testing logNormal[M=-2.3395774187091147 S=4.93335033213588].pdf(1.1501591286303057)
Testing logNormal[M=-0.6240820277506645 S=6.512087882754863].pdf(1.0618306326792384)
Testing logNormal[M=3.6368622841631773 S=0.49329851101659994].pdf(1.697730453546118)
Testing logNormal[M=2.08409811115446 S=0.8025335861240301].pdf(1.9546058369769914)
Testing logNormal[M=-1.3525839599846567 S=5.991058671320159].pdf(1.7899386466798384)
Testing logNormal[M=1.5521686024333867 S=6.266143874281724].pdf(1.3201374676065396)
Testing logNormal[M=-3.8482967660859355 S=7.438559411176586].pdf(0.40151465346099274)
Testing logNormal[M=-1.9761588047670187 S=7.950432510364652].pdf(1.6841209715062502)
Testing logNormal[M=-2.7984475240980258 S=0.5169591239176485].pdf(1.599478602675081)
Testing logNormal[M=3.209397059012103 S=0.7758498414857906].pdf(0.5110600950894779)
Testing logNormal[M=-1.0094231657597197 S=9.936266585054117].pdf(1.7728933053127958)
Testing logNormal[M=-0.09743430586175972 S=4.5108160306505285].pdf(1.9157911085056627)
Testing logNormal[M=-1.2473036434054299 S=1.9721335733460688].pdf(2.2303187640844837)
Testing logNormal[M=2.740516140693357 S=9.481354884336302].pdf(1.4657962747694115)
Testing logNormal[M=-3.967861575162448 S=3.903450762242656].pdf(2.212965909536901)
Testing logNormal[M=-1.8670535793805296 S=0.7028118602357036].pdf(2.183130009608431)
Testing logNormal[M=-0.12892818010514429 S=1.6992666226184228].pdf(1.407002982262551)
Testing logNormal[M=1.4547912689984557 S=6.7806270279033845].pdf(0.4532209968824874)
Testing logNormal[M=-0.641832346102424 S=4.1192401213008445].pdf(1.518618372245808)
Testing logNormal[M=2.452194709019265 S=1.066066418700664].pdf(1.6460802690743594)
Testing logNormal[M=4.874601352962284 S=3.638543525063298].pdf(0.9265067516557024)
Testing logNormal[M=0.21051728849277573 S=9.06890241514844].pdf(1.5737762296107232)
Testing logNormal[M=-3.644903078734373 S=8.404760305862384].pdf(1.5743177688997787)
Testing logNormal[M=1.9970687297001248 S=0.4567440299802217].pdf(2.087412136706375)
Testing logNormal[M=-0.8094089063088088 S=0.038966324612116354].pdf(2.2910189371236256)
Testing logNormal[M=-4.1154352961160825 S=0.1148655418319311].pdf(0.7973432770285108)
Testing logNormal[M=-1.613393616767056 S=8.849817284986706].pdf(1.2171961940950566)
Testing logNormal[M=3.1642401246314424 S=7.084593337994168].pdf(1.3655552341002475)
Testing logNormal[M=-3.2385410531507874 S=6.135576613885303].pdf(0.57160013861325)
Testing logNormal[M=-4.866960929877533 S=3.8461177619660427].pdf(2.014308279822451)
Testing logNormal[M=-0.41930498613488254 S=4.980020400134414].pdf(1.6961684594537578)
Testing logNormal[M=-3.9310573273825677 S=5.435253260046884].pdf(1.9184718374321952)
Testing logNormal[M=2.807218930884485 S=7.798164472857505].pdf(2.149770011790555)
Testing logNormal[M=2.9927264001542175 S=7.824200657637503].pdf(1.8803295663206057)
Testing logNormal[M=4.797667776854382 S=4.069680964603705].pdf(0.9465125218252418)
Testing logNormal[M=-4.727648379193194 S=5.363529242911503].pdf(2.0360598062713313)
Testing logNormal[M=-3.039250523465199 S=2.6433519092989597].pdf(2.2859219138206117)
Testing logNormal[M=-2.904278590414804 S=5.854912763750583].pdf(2.260589701626781)
Testing logNormal[M=0.7472425745548676 S=3.855309633442899].pdf(1.5379775949951702)
Testing logNormal[M=1.375291960174141 S=9.948885519070599].pdf(1.5590897380475028)
Testing logNormal[M=-0.03232569836227661 S=0.8463162689848669].pdf(2.0824112677552575)
Testing logNormal[M=-0.47059385659639297 S=5.455051713932045].pdf(1.7156384201893962)
Testing logNormal[M=-4.5953838929396005 S=1.976800103520907].pdf(0.3051763868376897)
Testing logNormal[M=1.804384532054267 S=1.1985431554896253].pdf(2.095316680649127)
Testing logNormal[M=-4.956913919080071 S=6.429436049332599].pdf(1.2518626031703781)
Testing logNormal[M=3.0712082359265764 S=4.1096009256170625].pdf(1.175630448824426)
Testing logNormal[M=-2.0055284568742495 S=8.983152158034475].pdf(1.0945169980197562)
Testing logNormal[M=-0.7172454760594471 S=5.115209991690107].pdf(2.1764798767566336)
Testing logNormal[M=-2.216342382931753 S=9.519847352943804].pdf(0.5082246130242191)
Testing logNormal[M=2.4037728381615366 S=8.724990694264381].pdf(2.289352994480829)
Testing logNormal[M=2.6868508060379863 S=0.5390765765122507].pdf(1.7943586313417756)
Testing logNormal[M=-2.2503196512702606 S=1.5615947498195692].pdf(2.027411143463521)
Testing logNormal[M=-4.566274559038902 S=1.556960981050729].pdf(0.7894627189994945)
Testing logNormal[M=-1.3617756198308104 S=0.596553401734341].pdf(0.03516352975365556)
Testing logNormal[M=-0.015473107861979862 S=6.184723283230658].pdf(1.4569055378777744)
Testing logNormal[M=-1.254126688685787 S=2.1559931416891454].pdf(0.787238755849491)
Testing logNormal[M=0.4002717805627647 S=9.593049559939741].pdf(2.205308858496663)
Testing logNormal[M=-4.1376321624025 S=3.521768123755058].pdf(1.2510130223025493)
Testing logNormal[M=2.2407331137468978 S=5.994847746006666].pdf(0.7217863204003686)
Testing logNormal[M=0.7128460948052107 S=9.795105978832268].pdf(2.161055370851336)
Testing logNormal[M=0.7978658336546189 S=8.478379837265217].pdf(1.7502873027036236)
Testing logNormal[M=-4.098021705839489 S=7.181282168887249].pdf(0.9088445246062465)
Testing logNormal[M=2.090166444216548 S=7.284487777856646].pdf(1.9414437396523196)
Testing logNormal[M=-2.8385219493924243 S=4.776459525658318].pdf(1.7615191162266142)
Testing logNormal[M=0.8699631043575442 S=1.2652568629872574].pdf(1.3143691866780025)
Testing logNormal[M=0.7079515221400525 S=1.938567094031397].pdf(2.217442786649493)
Testing logNormal[M=-2.8815923797440854 S=8.204849467698903].pdf(0.5648703948829918)
Testing logNormal[M=-1.7287260020118298 S=4.3474157989682265].pdf(0.6609601489028819)
Testing logNormal[M=1.0222881215609672 S=3.73498049527915].pdf(1.7723465459993215)
Testing logNormal[M=4.628810013513199 S=3.2316114452414846].pdf(1.7259073961821945)
Testing logNormal[M=0.36024032216548285 S=3.1868415030130293].pdf(1.4239690123520485)
Testing logNormal[M=-4.11097185198193 S=3.1405683101208917].pdf(2.2764860922766377)
Testing logNormal[M=1.4595433209564348 S=7.4280148340911065].pdf(2.26831525498518)
Testing logNormal[M=-4.00977158656885 S=9.74705132908548].pdf(1.991526346686448)
Testing logNormal[M=3.4885899079454816 S=4.034335589712166].pdf(0.7510383536402263)
Testing logNormal[M=2.8967624320445617 S=9.668865341828933].pdf(1.2840958478728586)
Testing logNormal[M=2.792828820783898 S=4.313200933913585].pdf(2.0117230421179495)
Testing logNormal[M=2.5232394201690234 S=6.309482660109361].pdf(1.3085806490102039)
Testing logNormal[M=-2.2005812159664986 S=9.384788842404811].pdf(2.0591381194641185)
Testing logNormal[M=1.6504577034671888 S=4.584880452991924].pdf(1.6831275336791898)
Testing logNormal[M=0.7957837959729153 S=3.643867595397289].pdf(1.884700844319817)
Testing logNormal[M=-0.3628159966224018 S=7.522906655186372].pdf(1.6808657353666696)
Testing logNormal[M=0.9821133574556997 S=6.16451552629857].pdf(1.1270481886793255)
Testing logNormal[M=2.4849034840586226 S=1.9982870281468124].pdf(1.1744219107023688)
Testing logNormal[M=-1.270746995005283 S=8.889163698574606].pdf(2.250236319680285)
Testing logNormal[M=-1.8322386524771659 S=4.880569003341857].pdf(0.2582345117174177)
Testing logNormal[M=2.117246902985734 S=6.00650187248951].pdf(2.0505732707055127)
Testing logNormal[M=-2.1386941089347564 S=0.6151145007001468].pdf(1.6025121355385974)
Testing logNormal[M=2.3118310224271337 S=4.097089886234445].pdf(1.9037841641907798)
Testing logNormal[M=-2.858679197952693 S=0.275420149872303].pdf(0.3199746533953098)
Testing logNormal[M=-1.3522790306376677 S=5.950230747234593].pdf(1.4496083152915773)
Testing logNormal[M=-2.257636712005986 S=6.8270679355511374].pdf(1.5260583849524811)
Testing logNormal[M=-2.810450905424764 S=5.739332673488665].pdf(1.0201727577275213)
Testing logNormal[M=-4.792566747115176 S=7.144521852849892].pdf(1.1269822281589086)
Testing logNormal[M=-2.7320790079588964 S=8.102554651110221].pdf(2.115230753001804)
Testing logNormal[M=-1.0112651527215832 S=1.1053090267195975].pdf(2.2372937957859866)
Testing logNormal[M=4.996865343967418 S=3.2913391361714495].pdf(2.210089835953984)
Testing logNormal[M=-3.297732018654449 S=0.786116601778688].pdf(1.924321459892537)
Testing logNormal[M=-4.765342002152236 S=0.9743181004262957].pdf(1.2439070678473818)
Testing logNormal[M=-2.1844490169068385 S=0.7909107807865823].pdf(1.2522632651276033)
Testing logNormal[M=0.44419103921713265 S=7.852044591869395].pdf(2.102929503539563)
Testing logNormal[M=-4.301373878556899 S=9.638958150628568].pdf(1.9438818880848427)
Testing logNormal[M=-2.7492330997754677 S=2.1450576597571356].pdf(2.168451974241128)
Testing logNormal[M=4.518855096867863 S=7.856966973080239].pdf(1.641747730418947)
Testing logNormal[M=2.9832315988285067 S=4.452314970011741].pdf(1.4272180241383337)
Testing logNormal[M=2.477017468003594 S=0.4834716817745599].pdf(0.6046228192275941)
Testing logNormal[M=-1.632667514249646 S=7.44444328668324].pdf(2.1396738284830596)
Testing logNormal[M=-2.7888587937453355 S=5.015627305713656].pdf(0.896523857801681)
Testing logNormal[M=-1.8602583500856964 S=5.069085165766908].pdf(2.2738933484608754)
Testing logNormal[M=0.13368977496851464 S=8.359977787764224].pdf(1.5971413392686578)
Testing logNormal[M=0.4008676212600717 S=9.090730453970092].pdf(1.7395407704701304)
Testing logNormal[M=0.9190576488177085 S=7.2375939367052675].pdf(1.4597100208748872)
Testing logNormal[M=-0.3800003612903975 S=6.625393960067853].pdf(1.1507808105491883)
Testing logNormal[M=0.7120262540911231 S=9.351782371804946].pdf(2.1067018346625037)
Testing logNormal[M=-1.642800783989843 S=9.715757472274245].pdf(1.3801703161685595)
Testing logNormal[M=0.12011918322262805 S=6.035452714203464].pdf(2.0288351914189815)
Testing logNormal[M=-4.887531601083515 S=7.814418755109024].pdf(1.9934153813573263)
Testing logNormal[M=-3.716653052616744 S=0.9803774818278732].pdf(2.0911320595578697)
Testing logNormal[M=-0.9197320209856921 S=7.510031082895877].pdf(0.20160794793608636)
Testing logNormal[M=-1.9758601848698754 S=6.814157399084722].pdf(1.974384450372802)
Testing logNormal[M=-1.3089742987168473 S=8.761659526508565].pdf(1.725394406006366)
Testing logNormal[M=2.41686111197971 S=5.592367329542314].pdf(2.0840612452524376)
Testing logNormal[M=3.295692803576074 S=4.753164528771986].pdf(1.4322608040553477)
Testing logNormal[M=1.62892821875365 S=0.5007069216625293].pdf(2.082674149504877)
Testing logNormal[M=-2.2173209753841805 S=4.278984337271298].pdf(2.1585658147850797)
Testing logNormal[M=-2.639644771411811 S=9.369374062081084].pdf(1.808749145436363)
Testing logNormal[M=-4.541205884472518 S=4.072328706970559].pdf(1.818243283780337)
Testing logNormal[M=0.5715076811821307 S=0.9194490840822755].pdf(0.7306473991314798)
Testing logNormal[M=-0.5028344472312751 S=9.622815226639046].pdf(1.687295107451859)
Testing logNormal[M=-1.8680236790271723 S=7.145439097406729].pdf(2.1608092598085364)
Testing logNormal[M=1.9687935578569027 S=0.42891964786129777].pdf(0.4156173280345351)
Testing logNormal[M=3.0259194484711003 S=4.63566520556798].pdf(2.1983336668591256)
Testing logNormal[M=-3.3127921128462976 S=2.4315714765076315].pdf(0.23770979677965612)
Testing logNormal[M=-4.167725231104784 S=9.357611216827351].pdf(0.43709905957875467)
Testing logNormal[M=-0.47295246642414135 S=6.890352989890788].pdf(1.337652324750337)
Testing logNormal[M=4.726439192287483 S=2.0887388945274834].pdf(1.3230218518001813)
Testing logNormal[M=3.8448756339514674 S=0.16043810731712682].pdf(1.0207611526714981)
Testing logNormal[M=2.12376611362291 S=0.23410700611734558].pdf(2.2983170795281844)
Testing logNormal[M=3.5298800106497694 S=5.543212914810666].pdf(2.2701188533523817)
Testing logNormal[M=3.2840090448843426 S=3.317839976772723].pdf(2.1030372414929728)
Testing logNormal[M=-1.3254766614391844 S=2.8198095796989575].pdf(1.0217904874635941)
Testing logNormal[M=-3.797743118270267 S=8.297389448406692].pdf(1.0625563716079152)
Testing logNormal[M=-3.005488150472412 S=9.860622557428186].pdf(1.9061142748413566)
Testing logNormal[M=-3.1353914540750782 S=4.6277354862749185].pdf(1.3554982109907285)
Testing logNormal[M=1.8820315887093821 S=0.7734217951686506].pdf(1.125617784287083)
Testing logNormal[M=-2.726386456525791 S=9.487861324235695].pdf(1.5888805943711466)
Testing logNormal[M=-4.040073705952983 S=3.600265077388638].pdf(0.30629469241821783)
Testing logNormal[M=4.361139768312745 S=7.438084099141382].pdf(1.905035551551237)
Testing logNormal[M=0.018151713735827357 S=7.67875839553189].pdf(1.9318569875758502)
Testing logNormal[M=-2.3942911960310367 S=5.783656523060353].pdf(1.235772972651907)
Testing logNormal[M=2.469256989169672 S=8.841335305312683].pdf(1.672659967077143)
Testing logNormal[M=-3.626337439319105 S=7.5654427108284885].pdf(1.127424455247765)
Testing logNormal[M=2.4546380610761878 S=2.3726992194409204].pdf(1.8643514027164356)
Testing logNormal[M=0.5379718748528806 S=5.790503972522063].pdf(1.9367664379729523)
Testing logNormal[M=1.1762737804268308 S=9.963336405102728].pdf(2.0695715147412495)
Testing logNormal[M=-2.0224088129995876 S=4.901479071139434].pdf(1.8054300317465577)
Testing logNormal[M=-2.1263816438233842 S=7.119759238148754].pdf(1.5699729201750203)
Testing logNormal[M=-3.8871193105485693 S=0.668580390185699].pdf(1.5932777525855213)
Testing logNormal[M=0.7615747257598207 S=3.7749976693255007].pdf(1.1707506714607363)
Testing logNormal[M=-0.3075177215095888 S=2.2305990960029187].pdf(0.6689441961159368)
Testing logNormal[M=-2.968219072784004 S=5.863689785909136].pdf(1.1423669505053338)
Testing logNormal[M=4.117570909144115 S=4.216215410975215].pdf(1.9253702448497014)
Testing logNormal[M=1.9921861362055786 S=1.3739185174708857].pdf(2.2411463431744965)
Testing logNormal[M=2.5662482024168076 S=6.489956192757987].pdf(0.7530741722032012)
Testing logNormal[M=0.8504500805195647 S=8.43493444004795].pdf(2.1600680886443695)
Testing logNormal[M=2.3152880779523413 S=3.574328799347911].pdf(2.135349497191021)
Testing logNormal[M=2.972874289917632 S=2.511080548423684].pdf(1.7770286871526557)
Testing logNormal[M=-1.0601087341478035 S=1.2265339935668507].pdf(1.5670015668991775)
Testing logNormal[M=-2.8433476868151697 S=7.39705443137953].pdf(0.7758843511213791)
Testing logNormal[M=2.249628727661735 S=0.11973472736075741].pdf(2.002645461754433)
Testing logNormal[M=-2.9431330387954824 S=3.758505846028344].pdf(1.2593555555695044)
Testing logNormal[M=3.6653065515878307 S=8.397093385965139].pdf(1.6237743148960575)
Testing logNormal[M=-1.9560240539639917 S=6.531170504442261].pdf(2.1786757963581445)
Testing logNormal[M=-2.457144490082449 S=4.232871636776952].pdf(1.7540004535800016)
Testing logNormal[M=4.037179576129011 S=5.08519270536641].pdf(2.043456732494989)
Testing logNormal[M=3.8777603604121147 S=8.467704569190236].pdf(2.2636133855314458)
Testing logNormal[M=2.1120649705964736 S=5.271662974330651].pdf(1.704980085879711)
Testing logNormal[M=0.14821338800297923 S=7.883372562445925].pdf(2.235757127624071)
Testing logNormal[M=-1.1484086012091463 S=5.912642162846792].pdf(1.7990657645635295)
Testing logNormal[M=-3.421040090468419 S=5.558292516299815].pdf(2.2551505707373454)
Testing logNormal[M=4.0086431671385 S=4.055317656618394].pdf(0.6368863321661298)
Testing logNormal[M=-2.9456868660496927 S=2.194936081458839].pdf(2.225049950439647)
Testing logNormal[M=-2.5615720880261215 S=2.801642428811486].pdf(1.393644313366785)
Testing logNormal[M=3.069068793127892 S=4.3911088519913735].pdf(2.1632315940934856)
Testing logNormal[M=3.902835300586105 S=1.3503400914123709].pdf(2.1452342729039944)
Testing logNormal[M=4.23982052458066 S=2.31388027287868].pdf(1.9807195263565238)
Testing logNormal[M=0.9281341156579606 S=0.6208063212523907].pdf(1.6004628631224251)
Testing logNormal[M=0.23496516390162547 S=9.122076252141497].pdf(2.291488548326356)
Testing logNormal[M=-2.1875413019841163 S=6.509201020157224].pdf(1.6651484216685213)
Testing logNormal[M=2.716776092331182 S=8.483531178275092].pdf(2.2646440015207987)
Testing logNormal[M=-1.2504231395727547 S=1.4656683754628574].pdf(1.5844659227823494)
Testing logNormal[M=4.6893083246323535 S=9.578373313213799].pdf(2.1517210562280358)
Testing logNormal[M=1.1983037312993439 S=9.156680434640407].pdf(1.789072929102914)
Testing logNormal[M=-0.8536256312235686 S=2.7198947459277933].pdf(2.1396613438059933)
Testing logNormal[M=-2.360705236489916 S=4.935213082631411].pdf(1.6477776446951051)
Testing logNormal[M=0.21787259866429487 S=4.0291583328127745].pdf(2.031984338287427)
Testing logNormal[M=-3.0017983442198104 S=0.5998600292272616].pdf(0.5893946148746452)
Testing logNormal[M=2.1926677327564263 S=7.05632062859296].pdf(1.4879383726866429)
Testing logNormal[M=2.770431830870308 S=7.366847979897056].pdf(2.249998284323806)
Testing logNormal[M=4.392998772563523 S=9.657335003112118].pdf(1.603527358718777)
Testing logNormal[M=1.470928003721827 S=8.459715654029567].pdf(1.6861768136153368)
Testing logNormal[M=4.334642350907123 S=0.47338802664511626].pdf(2.2909282482833704)
Testing logNormal[M=2.562474412744079 S=9.109140006765067].pdf(0.4375454462745049)
Testing logNormal[M=-2.6212111166588703 S=2.6924364642248744].pdf(0.6177601083735821)
Testing logNormal[M=-2.625657248609623 S=8.781122942046743].pdf(1.0739860359252034)
Testing logNormal[M=0.9675304386514796 S=4.461685913621089].pdf(2.1293612431826845)
Testing logNormal[M=-2.5925473845650107 S=3.3590290245397836].pdf(0.46370937706875526)
Testing logNormal[M=1.5715250884187162 S=5.7253206394630665].pdf(1.3655394816459367)
Testing logNormal[M=1.211745417609266 S=9.731513675413373].pdf(1.7914052469399653)
Testing logNormal[M=2.9815721330361526 S=4.431669789429927].pdf(1.629213688781669)
Testing logNormal[M=2.59089289541779 S=4.683788167387972].pdf(1.9900679641730468)
Testing logNormal[M=-2.369326977290498 S=6.5656444272691346].pdf(1.6068307767240333)
Testing logNormal[M=-4.244498669284324 S=1.0171391818020281].pdf(1.6668684658355062)
Testing logNormal[M=1.972852171684103 S=0.8783091421182432].pdf(1.7387879639491302)
Testing logNormal[M=1.379851428877675 S=7.533177683986583].pdf(1.959975671835881)
Testing logNormal[M=1.0563170558073107 S=4.975511173483089].pdf(2.196049883851451)
Testing logNormal[M=-4.710481827726779 S=1.24450944657846].pdf(2.076397595039224)
Testing logNormal[M=-3.633426675380753 S=9.267912520160799].pdf(2.1400479380356043)
Testing logNormal[M=-1.9183539808388472 S=1.056122988231789].pdf(1.5756761725523263)
Testing logNormal[M=1.0096472708114774 S=0.7471553258761587].pdf(1.4875053658091182)
Testing logNormal[M=1.9084749609720149 S=2.4407594479770345].pdf(1.9766046500999357)
Testing logNormal[M=-4.430474538509813 S=6.990734007244667].pdf(2.169104200968728)
Testing logNormal[M=2.447648293785802 S=0.8322530757718638].pdf(1.6311535684716312)
Testing logNormal[M=-1.061071796984978 S=2.533717121962354].pdf(1.3905996847231812)
Testing logNormal[M=2.7184408467970878 S=5.327443152719882].pdf(2.0165535789595688)
Testing logNormal[M=0.23897105717776146 S=0.5697829722787195].pdf(1.7358941734598357)
Testing logNormal[M=-3.1714498041522776 S=3.2826609021184705].pdf(2.141705130596816)
Testing logNormal[M=-1.0196982761530702 S=6.616859772693009].pdf(1.795555931978848)
Testing logNormal[M=-2.6324494387871167 S=4.196615771762295].pdf(1.7857061165847508)
Testing logNormal[M=-3.4674819118731683 S=6.197452711484384].pdf(1.4782451583285436)
Testing logNormal[M=3.2881483745921116 S=9.87923463466121].pdf(1.8530835861624166)
Testing logNormal[M=1.288407591507407 S=1.933257253898678].pdf(0.4443711900946894)
Testing logNormal[M=-3.976089173162224 S=4.66295729515217].pdf(1.056917790694263)
Testing logNormal[M=-0.8303083561100504 S=9.091090576650602].pdf(1.8119179371159528)
Testing logNormal[M=-1.8412629517718884 S=5.267331804068385].pdf(2.124199068454715)
Testing logNormal[M=-3.6469147461558338 S=9.244330496375708].pdf(1.0997045518139965)
Testing logNormal[M=2.9578896624672186 S=2.5308842405467957].pdf(2.040407248380896)
Testing logNormal[M=1.6305055611984418 S=1.5119294111083337].pdf(1.6288300978716115)
Testing logNormal[M=-3.3298289882247047 S=7.255055888714167].pdf(2.024548502123856)
Testing logNormal[M=-1.8613536443920675 S=6.844986179118581].pdf(0.22201526301372335)
Testing logNormal[M=-2.85469028855297 S=5.588345422567899].pdf(2.215911454061047)
Testing logNormal[M=4.605406343940658 S=7.025695628420517].pdf(0.9586414100884056)
Testing logNormal[M=1.5286418040404373 S=8.351177402894624].pdf(1.6502305519557225)
Testing logNormal[M=1.0950405065378206 S=1.0584088191492225].pdf(1.6580045797007443)
Testing logNormal[M=-1.5247337858959877 S=3.1327751640734194].pdf(2.2240262328268225)
Testing logNormal[M=-3.64999883252246 S=3.710151957594463].pdf(2.2626340081840577)
Testing logNormal[M=-1.4471610942129254 S=8.798134289113664].pdf(1.204957439909449)
Testing logNormal[M=-2.0325037029554363 S=7.850607571139587].pdf(1.6927172811634956)
Testing logNormal[M=0.8850589792309096 S=3.677915234649498].pdf(2.106183283100833)
Testing logNormal[M=-1.819111061980394 S=2.3288796696685976].pdf(1.2525648149122541)
Testing logNormal[M=-1.0392820853738947 S=9.384794959794888].pdf(1.9171376511146565)
Testing logNormal[M=3.413221880062064 S=7.13103856233586].pdf(1.785251007310197)
Testing logNormal[M=3.276682731475976 S=4.058141818538542].pdf(2.178221699640209)
Testing logNormal[M=-0.3994260134555896 S=9.77262112487667].pdf(1.6524394002603817)
Testing logNormal[M=-2.1501711547753457 S=3.3966556601149223].pdf(1.4538863329679115)
Testing logNormal[M=-2.335576325022979 S=0.961570048464504].pdf(2.172319787874005)
Testing logNormal[M=4.666270773606106 S=5.870158358843644].pdf(1.5715006413878165)
Testing logNormal[M=-0.5202284429083983 S=0.3648163206971211].pdf(1.6171117615524337)
Testing logNormal[M=0.9089826372450709 S=6.8186840238497].pdf(2.018965287614044)
Testing logNormal[M=3.0951979819641657 S=5.488377336969343].pdf(2.1067504605459635)
Testing logNormal[M=4.884929297695949 S=1.8587377218519352].pdf(1.8145279136220382)
Testing logNormal[M=2.6819954747693924 S=6.9683150683903206].pdf(0.5037162022547711)
Testing logNormal[M=-4.090155822366944 S=9.208708975512469].pdf(1.9630027340281124)
Testing logNormal[M=-2.671610507347144 S=6.94363648611087].pdf(2.03501046053548)
Testing logNormal[M=-0.13553989296686275 S=7.857883699614239].pdf(1.7659579072374736)
Testing logNormal[M=-3.0969925418199127 S=6.754946083123773].pdf(1.9246678545655695)
Testing logNormal[M=0.9355227414949709 S=2.315318186975607].pdf(2.2612581140405084)
Testing logNormal[M=-2.4427532473175284 S=8.980324956108074].pdf(2.2730179415727294)
Testing logNormal[M=1.90289109936153 S=0.01794603931903782].pdf(2.2761779331564336)
Testing logNormal[M=-2.765234773241777 S=0.2943945908482537].pdf(1.9685099181247832)
Testing logNormal[M=1.9981880338454783 S=1.4002956837740432].pdf(2.2142686598445875)
Testing logNormal[M=-1.1819197059500999 S=1.6118405968623684].pdf(1.7425691652094395)
Testing logNormal[M=-3.0583309351457832 S=8.688163133986341].pdf(2.256684179200376)
Testing logNormal[M=-4.063236427537716 S=6.057587143233199].pdf(2.2316348089497495)
Testing logNormal[M=0.6187289438521706 S=2.5163488259426883].pdf(2.1506466876082198)
Testing logNormal[M=2.1765947481516665 S=7.248956380316801].pdf(0.4882200628598392)
Testing logNormal[M=0.4636168778482226 S=6.232971304786745].pdf(1.895590820907951)
Testing logNormal[M=-0.3895779129823742 S=2.5275229059484716].pdf(1.4534285934249855)
Testing logNormal[M=-2.5640725762287353 S=9.65588225317392].pdf(2.291067786881131)
Testing logNormal[M=4.953271424468177 S=2.8398912393272413].pdf(1.9762505250401428)
Testing logNormal[M=-1.9632307553997022 S=5.358270498658168].pdf(0.4657768237890512)
Testing logNormal[M=-0.5026428080415126 S=2.3419128418690205].pdf(1.0878669641107541)
Testing logNormal[M=-3.5046033648379336 S=9.423318448540387].pdf(1.6913774054973385)
Testing logNormal[M=-4.2650874075154634 S=9.915196310506554].pdf(2.02408536331854)
Testing logNormal[M=-3.5316477442486716 S=8.543105652956788].pdf(1.5851415367436943)
Testing logNormal[M=1.9593146246333868 S=7.028146591297801].pdf(2.0125540221797045)
Testing logNormal[M=-2.799174265106279 S=6.2560604059422875].pdf(2.2500553570126423)
Testing logNormal[M=-1.4678449846023733 S=8.91031749200133].pdf(2.1513741998875497)
Testing logNormal[M=3.458342893935601 S=4.088306818756498].pdf(1.5372172124868924)
Testing logNormal[M=1.822166877690936 S=4.477001474117708].pdf(1.0162223801327852)
Testing logNormal[M=-0.9369165822870702 S=5.9928832353168495].pdf(0.9042296857405587)
Testing logNormal[M=1.885871029485413 S=4.459274006941397].pdf(1.3993880950742286)
Testing logNormal[M=4.321808989758955 S=2.7549320270770417].pdf(1.4542757517649743)
Testing logNormal[M=-2.1487081866043276 S=6.4363553399309765].pdf(1.1587990478245387)
Testing logNormal[M=-2.174580450963398 S=5.917064320125539].pdf(2.118513676837501)
Testing logNormal[M=-3.8710074247940285 S=0.37550706899625474].pdf(0.7633016179979285)
Testing logNormal[M=-0.09490873594620908 S=7.610573219748034].pdf(2.255006621878925)
Testing logNormal[M=-4.189076658109227 S=3.3577888268770906].pdf(1.4111674592753007)
Testing logNormal[M=-1.3583211218077471 S=3.910452232567878].pdf(2.1712961849199224)
Testing logNormal[M=4.129492337931918 S=6.272557687857416].pdf(2.0602492021259993)
Testing logNormal[M=-2.2359708441762347 S=9.827088785385804].pdf(0.9673859764563144)
Testing logNormal[M=-2.3695002312425517 S=7.272545626047274].pdf(0.19592725883586964)
Testing logNormal[M=-4.3587070348478 S=4.763989911451487].pdf(2.0661865513623807)
Testing logNormal[M=-3.4778064841896708 S=6.557061640004038].pdf(1.8149550059439887)
Testing logNormal[M=2.113079096624519 S=3.0207763872556503].pdf(1.9683074880646727)
Testing logNormal[M=-4.870901134913733 S=8.820248028392232].pdf(1.9498789851638383)
Testing logNormal[M=3.2004951056674535 S=7.800555355470155].pdf(0.7445478893327291)
Testing logNormal[M=3.5044025384176045 S=6.675585968946882].pdf(0.573779892386365)
Testing logNormal[M=-0.9410453181225336 S=0.4602458255869246].pdf(0.9819970680538687)
Testing logNormal[M=-2.4863905522317165 S=8.467689575233052].pdf(1.6315139231319475)
Testing logNormal[M=-2.940758941580579 S=9.710759730018774].pdf(1.5937081071205554)
Testing logNormal[M=-0.4446327258371934 S=3.1990209779039014].pdf(2.186559330671344)
Testing logNormal[M=-0.6832377367917442 S=5.288651027903935].pdf(2.0564107434729473)
Testing logNormal[M=-2.594224248655829 S=9.755369377667298].pdf(2.142103437207857)
Testing logNormal[M=1.8130314197119972 S=1.149641906743103].pdf(2.130843146317607)
Testing logNormal[M=3.1567205731419 S=5.357015912820743].pdf(1.092161391813054)
Testing logNormal[M=3.3143428810858833 S=0.8453294651502652].pdf(0.42132891928069344)
Testing logNormal[M=4.130068897208968 S=1.4219183366489074].pdf(0.7876599023576313)
Testing logNormal[M=-1.6635867541211247 S=0.29753643519348505].pdf(1.5540805406850307)
Testing logNormal[M=-2.9701759542472894 S=9.141769068011435].pdf(2.003841998295128)
Testing logNormal[M=-1.9281036038125112 S=2.300927506335481].pdf(2.1855217584867987)
Testing logNormal[M=2.1184484785472186 S=0.6521091263077505].pdf(1.0591089921234955)
Testing logNormal[M=4.403325981599339 S=2.130411627172802].pdf(2.1678848660947985)
Testing logNormal[M=-3.1119787018658984 S=4.872806898324456].pdf(0.8965534659584155)
Testing logNormal[M=0.42738025802151647 S=9.253911278278732].pdf(1.6516956684152222)
Testing logNormal[M=-1.048956940951693 S=9.650584508275594].pdf(1.5249994671192988)
Testing logNormal[M=3.4743771697123975 S=7.278494342654024].pdf(1.7434235958255624)
Testing logNormal[M=-2.139818546651436 S=0.4589793707957057].pdf(0.35157145884550495)
Testing logNormal[M=1.4812228309410482 S=4.282625466005612].pdf(1.4434898101905376)
Testing logNormal[M=-1.9132746446203552 S=3.003442557131295].pdf(2.116654186830071)
Testing logNormal[M=-0.5517390605959251 S=5.181654527825729].pdf(1.7970830608292958)
Testing logNormal[M=-0.32745926954156435 S=6.634372310236913].pdf(1.6304270880230247)
Testing logNormal[M=4.981016571809754 S=8.778638305552517].pdf(2.2680219865727156)
Testing logNormal[M=1.3171083676714659 S=3.201631028164722].pdf(0.8752108382005438)
Testing logNormal[M=-4.794165167743367 S=4.677966883381737].pdf(2.2297401591382897)
Testing logNormal[M=0.5358485049518418 S=1.8221454851077756].pdf(1.498341269923221)
Testing logNormal[M=-2.0082416901324884 S=9.763525806992426].pdf(2.015771293093318)
Testing logNormal[M=2.6631159750305367 S=0.6279283837104443].pdf(2.15448476341034)
Testing logNormal[M=-1.0336760926210884 S=3.91357026157383].pdf(2.279160226571612)
Testing logNormal[M=0.9765186006230735 S=7.78443684927676].pdf(2.116730978011433)
Testing logNormal[M=-0.4443212696025345 S=8.957099362376704].pdf(2.1462114967733203)
Testing logNormal[M=3.1608468728667454 S=3.5064729608912524].pdf(2.102575807883119)
Testing logNormal[M=-3.2963611339613563 S=0.45608907566877854].pdf(1.4437335308118247)
Testing logNormal[M=-0.7491056958796634 S=4.257489017091904].pdf(1.8597392889676145)
Testing logNormal[M=0.2429643110264763 S=6.077973197724095].pdf(2.3001518389672615)
Testing logNormal[M=-4.397415001732457 S=8.323570980751828].pdf(1.3482194546321093)
Testing logNormal[M=1.5368098995420398 S=7.425519582268871].pdf(1.8668217736188506)
Testing logNormal[M=1.3196077533030746 S=6.249674474714249].pdf(2.258113018188891)
Testing logNormal[M=-3.8705542866865983 S=0.007758230046671644].pdf(1.2686059712449917)
Testing logNormal[M=3.855457675276643 S=9.6757748920905].pdf(1.7360255654056649)
Testing logNormal[M=2.1120533698085096 S=2.325628243316361].pdf(2.140209271881517)
Testing logNormal[M=0.6344220078402065 S=1.5961064677632464].pdf(1.1122347911083854)
Testing logNormal[M=4.809589409324344 S=4.038060514973607].pdf(1.5147352487531993)
Testing logNormal[M=2.87437838768152 S=0.3859909629847036].pdf(0.07355621548706041)
Testing logNormal[M=1.5350029390648254 S=2.065542056148332].pdf(2.176660596043284)
Testing logNormal[M=-3.7971796410839884 S=8.71703979229771].pdf(1.2513930843669065)
Testing logNormal[M=-1.437104849979888 S=4.944849955375819].pdf(2.0741213319425214)
Testing logNormal[M=3.0506435656239503 S=3.642654759212597].pdf(0.3294142817445696)
Testing logNormal[M=-4.594636652839022 S=0.5182804329117674].pdf(1.8788554899921497)
Testing logNormal[M=0.31828299847351804 S=6.131989137514109].pdf(1.747296763382421)
Testing logNormal[M=-4.902339792563111 S=2.9074462027777113].pdf(1.0786421083513733)
Testing logNormal[M=4.945890640697851 S=6.800585693383527].pdf(1.008420591779247)
Testing logNormal[M=4.249665924370769 S=7.253881540034596].pdf(2.0794863418881024)
Testing logNormal[M=-1.250167097846008 S=0.8120983110565605].pdf(0.7936559295950435)
Testing logNormal[M=1.5668933893702928 S=9.1029008206023].pdf(1.4762492120309711)
Testing logNormal[M=4.305242776122263 S=8.33454264117915].pdf(2.0495879050351333)
Testing logNormal[M=-4.42787613416042 S=0.8658943259552887].pdf(2.182321442577431)
Testing logNormal[M=1.3756567146065857 S=7.686985211495154].pdf(0.7530391659349354)
Testing logNormal[M=-0.3942496720673949 S=8.331551666134253].pdf(2.0915379585867675)
Testing logNormal[M=-0.1435362177072097 S=6.086909274149926].pdf(2.3001842329851883)
Testing logNormal[M=4.76967687828618 S=3.6643640801705413].pdf(1.8069221829046986)
Testing logNormal[M=1.6119533350391606 S=1.7605182129713293].pdf(1.7955738250335425)
Testing logNormal[M=-0.1401678003671929 S=8.091817040198784].pdf(2.0544898239653615)
Testing logNormal[M=3.148578908151139 S=2.4142108129435025].pdf(1.7205913673089082)
Testing logNormal[M=0.7096101166001247 S=7.342926001241072].pdf(1.30747883196659)
Testing logNormal[M=-3.5364882760216396 S=1.8973722178048658].pdf(2.261456729123485)
Testing logNormal[M=-4.156661524195092 S=2.307899293628969].pdf(1.5045861965416505)
Testing logNormal[M=0.29519263562451403 S=0.2910150227206221].pdf(1.3746286390783415)
Testing logNormal[M=-1.6645170131491174 S=2.2733695984161595].pdf(0.09351597571159255)
Testing logNormal[M=-1.127959110599348 S=0.013257233126867662].pdf(1.5512596488180534)
Testing logNormal[M=-0.15505365608236943 S=0.7239198571696992].pdf(1.9455923421876424)
Testing logNormal[M=3.4253006787797506 S=6.796776352583475].pdf(1.1120331618224253)
Testing logNormal[M=4.996733205101098 S=7.81277802556096].pdf(0.9641797065727977)
Testing logNormal[M=4.0208730623556 S=4.195969991821967].pdf(2.0421028984847074)
Testing logNormal[M=-0.09811599727724207 S=7.252076849037808].pdf(0.1282671811193089)
Testing logNormal[M=-1.549805334643092 S=8.889683385204375].pdf(1.3337912545067145)
Testing logNormal[M=4.700668135748899 S=6.131757853631673].pdf(2.024401704451931)
Testing logNormal[M=-0.472805602385459 S=1.625054542102139].pdf(1.7680726977076884)
Testing logNormal[M=-3.0941441032638464 S=2.8840206285346612].pdf(2.2249601468778666)
Testing logNormal[M=-0.08876837626318324 S=3.3340382879822874].pdf(0.8036076365163736)
Testing logNormal[M=-4.1965461865504325 S=4.323741000117792].pdf(0.7580339942967298)
Testing logNormal[M=3.977562034049493 S=6.350023684258607].pdf(0.7058825185798092)
Testing logNormal[M=1.9973656200034942 S=7.18996135539698].pdf(1.7772201935810474)
Testing logNormal[M=2.9689532131470333 S=8.329914271729757].pdf(2.092391267959832)
Testing logNormal[M=4.590547868197774 S=1.883482760495453].pdf(2.0900063953232255)
Testing logNormal[M=3.4881139645818386 S=2.254761615405021].pdf(1.3017236465386444)
Testing logNormal[M=1.8536902996699123 S=4.374433340848691].pdf(1.9576731733279675)
Testing logNormal[M=-1.312295746591925 S=5.428644217238114].pdf(1.8350794829710388)
Testing logNormal[M=2.622819735164809 S=3.0679683033051175].pdf(1.6564057477158427)
Testing logNormal[M=4.474944976159785 S=1.7953836004327162].pdf(1.0390256734332792)
Testing logNormal[M=-2.6979825602513277 S=2.4053726027535682].pdf(0.474860903434259)
Testing logNormal[M=2.2271419576584996 S=7.634088630200502].pdf(1.043017368397956)
Testing logNormal[M=2.5863510958704774 S=4.612187291231691].pdf(2.186142461314323)
Testing logNormal[M=-2.403897804159704 S=9.303610920828076].pdf(1.4480821019607546)
Testing logNormal[M=-4.606230039273042 S=6.750781425046716].pdf(2.2034570626879093)
Testing logNormal[M=4.883276280041812 S=9.603115400170386].pdf(2.025948354303933)
Testing logNormal[M=-0.4269812225200731 S=7.971719916907018].pdf(1.009536915888798)
Testing logNormal[M=0.28278928914064316 S=2.1881966852806647].pdf(1.9944603326979096)
Testing logNormal[M=-1.4280303203874678 S=8.448490385814061].pdf(1.0246701388120312)
Testing logNormal[M=-2.079032062244679 S=2.0871409988839584].pdf(0.32799401609542345)
Testing logNormal[M=4.003195559649415 S=0.402788375809533].pdf(0.8473049315214554)
Testing logNormal[M=-3.06885429348147 S=3.667358974419803].pdf(0.319002768396269)
Testing logNormal[M=-1.984730621996568 S=6.264240468463919].pdf(1.130747638180508)
Testing logNormal[M=-0.2282492735587649 S=3.6613371342709486].pdf(1.8460327166079658)
Testing logNormal[M=-3.8057804152626193 S=7.3661868082602595].pdf(1.8303083121203485)
Testing logNormal[M=-2.917564750301611 S=5.904729098786667].pdf(2.27177735811045)
Testing logNormal[M=3.9225834653440153 S=3.530893818114963].pdf(0.23212699556597458)
Testing logNormal[M=2.0691005105094717 S=7.7194121052484626].pdf(2.188459495474798)
Testing logNormal[M=-1.1297011433574333 S=2.5858694829136954].pdf(1.367498055342642)
Testing logNormal[M=-0.820493607749917 S=7.027898613774653].pdf(2.149655960295165)
Testing logNormal[M=4.878202519216973 S=7.540472644262782].pdf(0.5183395593027813)
Testing logNormal[M=1.7974402539952186 S=1.2370181930199953].pdf(1.9209253533882833)
Testing logNormal[M=1.5524599215499801 S=7.050875482165737].pdf(1.5325886022276534)
Testing logNormal[M=-3.0853085844624406 S=9.225235371767695].pdf(1.5849603135557997)
Testing logNormal[M=3.9113296525600667 S=7.298790191671658].pdf(1.7410809851414317)
Testing logNormal[M=0.01186425867456542 S=5.329868079660307].pdf(0.006972263557645835)
Testing logNormal[M=1.5780519191397673 S=1.2486154499315227].pdf(0.9642849578078824)
Testing logNormal[M=-1.1874989859856502 S=5.581838662791454].pdf(2.0897381180573076)
Testing logNormal[M=-4.32306941158446 S=9.645746603854487].pdf(1.12623322665587)
Testing logNormal[M=-0.8984728502143486 S=7.49897679121405].pdf(1.7708370306791272)
Testing logNormal[M=-2.2603088748264333 S=5.474976491438071].pdf(1.6717804894761592)
Testing logNormal[M=-0.11984414429910917 S=2.296709103373619].pdf(2.0733400570257774)
Testing logNormal[M=-0.9646723732072235 S=3.0196385942852446].pdf(2.050743713141179)
Testing logNormal[M=-1.8733188570705774 S=7.260789246893563].pdf(1.7304391406244937)
Testing logNormal[M=3.748754365535401 S=4.925109942434948].pdf(2.175448906739547)
Testing logNormal[M=2.071256433070233 S=1.3366302575484168].pdf(1.6492447481300199)
Testing logNormal[M=-0.0028540574114286343 S=2.6411911064094307].pdf(1.5220562981277368)
Testing logNormal[M=-1.8174034807636175 S=1.4259349837088753].pdf(1.7652317019386627)
Testing logNormal[M=0.4576181380729789 S=2.022335059000172].pdf(0.0319345231205492)
Testing logNormal[M=2.33678671170723 S=7.44075187517279].pdf(1.981004974690387)
Testing logNormal[M=-0.8852612918011848 S=4.214344767959548].pdf(2.042428999121749)
Testing logNormal[M=1.0101322878718264 S=9.858172520615762].pdf(1.9809463223937531)
Testing logNormal[M=3.424790167417072 S=3.120136347090694].pdf(1.187966292561834)
Testing logNormal[M=-3.9154050809791565 S=8.261661857370367].pdf(2.2806568338253266)
Testing logNormal[M=-3.8920141440985345 S=7.303368628315292].pdf(0.32099622037788184)
Testing logNormal[M=-1.5299920398334765 S=5.032237920445835].pdf(1.1538724681435013)
Testing logNormal[M=-2.638998002372015 S=2.9637984382761875].pdf(0.03541070541886542)
Testing logNormal[M=4.444806373195689 S=7.317901753757071].pdf(2.2016555221206384)
Testing logNormal[M=4.127538142064852 S=3.27363599988033].pdf(1.921046973322844)
Testing logNormal[M=2.985136552711233 S=5.261182970070051].pdf(2.2173651031501316)
Testing logNormal[M=2.652083358658947 S=9.970992566913182].pdf(1.1733976692066435)
Testing logNormal[M=3.3869074027244395 S=0.008758002366487938].pdf(2.1773758225210447)
Testing logNormal[M=-1.6349087389959127 S=6.463057389073667].pdf(2.2708538486801633)
Testing logNormal[M=-0.7279610617781422 S=2.4291799447116382].pdf(2.079881733877823)
Testing logNormal[M=0.3111915547187607 S=9.479182081806952].pdf(1.84429864338772)
Testing logNormal[M=-1.0585199632102524 S=0.8157377736448146].pdf(2.2090645197755028)
Testing logNormal[M=3.580717178961873 S=7.1484419243342066].pdf(2.1598264184904328)
Testing logNormal[M=1.8287796412706143 S=8.372038264227163].pdf(2.273864188797692)
Testing logNormal[M=-0.06383535906445559 S=0.23656600334206246].pdf(0.7543885500757228)
Testing logNormal[M=0.39298572744879756 S=9.502436218866551].pdf(0.955520543627149)
Testing logNormal[M=-2.3692559842149152 S=7.0403183102002].pdf(1.2459586694791918)
Testing logNormal[M=2.487862756240605 S=4.576933863055195].pdf(2.10941307896225)
Testing logNormal[M=4.747545153810476 S=6.6590173713583125].pdf(0.701655593281129)
Testing logNormal[M=-1.1773715152618647 S=0.0665501718478323].pdf(2.2942486514535836)
Testing logNormal[M=-2.7848399685727934 S=6.8771922063372894].pdf(1.2076889061946419)
Testing logNormal[M=1.1634819147912134 S=9.061310093836552].pdf(0.9710787412907945)
Testing logNormal[M=2.6617609946701 S=2.578715991173591].pdf(1.6259481925081367)
Testing logNormal[M=-0.6333104326771455 S=0.07122897224579483].pdf(0.06951656155033074)
Testing logNormal[M=-3.2563055458264456 S=4.322609831936233].pdf(1.9052892471424046)
Testing logNormal[M=-4.331772917119109 S=3.826183349196862].pdf(2.098037310553412)
Testing logNormal[M=-0.8381670577075129 S=1.5506625321358658].pdf(1.6294922149660696)
Testing logNormal[M=-3.506030249421065 S=7.546488714471737].pdf(2.2224657326621133)
Testing logNormal[M=-3.8237856031166073 S=0.9479765397851259].pdf(1.4593847412243026)
Testing logNormal[M=-2.855184235198316 S=5.61817247515116].pdf(2.2651578097880285)
Testing logNormal[M=4.3548375083216975 S=0.817210247109299].pdf(1.1908116466406284)
Testing logNormal[M=-2.044744484903317 S=8.13668517475768].pdf(2.2107789454237676)
Testing logNormal[M=0.15698752697460439 S=8.943176245041789].pdf(1.893207004458564)
Testing logNormal[M=0.9741096589843785 S=6.965382268128203].pdf(1.9006837876847926)
Testing logNormal[M=-1.5003675178369247 S=8.775975376137962].pdf(1.7785161401154113)
Testing logNormal[M=2.735699925039743 S=8.38008541412164].pdf(1.9340129800477834)
Testing logNormal[M=-4.552852505990136 S=7.20754633975405].pdf(2.191266599868804)
Testing logNormal[M=-1.3328468663453275 S=8.389240949006679].pdf(1.94925542531538)
Testing logNormal[M=0.11547476303193349 S=4.992166824401655].pdf(0.8857956867467923)
Testing logNormal[M=-0.774167494612616 S=3.197953385681984].pdf(2.233451745442685)
Testing logNormal[M=-0.9540929084584597 S=4.907392457340954].pdf(0.9986047028063592)
Testing logNormal[M=-3.9421696378586346 S=6.828871056070075].pdf(0.9497268914302592)
Testing logNormal[M=4.541371225674498 S=7.2381791806642335].pdf(1.6219143179329545)
Testing logNormal[M=-2.8643379351203557 S=2.1688995990432955].pdf(2.0525059435902624)
Testing logNormal[M=0.7264685844508678 S=1.8901347849265204].pdf(2.095867230054903)
Testing logNormal[M=1.1666152020998943 S=3.7727831109549346].pdf(2.025948463065563)
Testing logNormal[M=3.5465505899348617 S=4.0682321842246445].pdf(1.0820945664750476)
Testing logNormal[M=0.7762394584917507 S=4.852807834524745].pdf(2.0263478099229655)
Testing logNormal[M=1.9863800128911908 S=1.0936465032683795].pdf(1.22049239578904)
Testing logNormal[M=-0.7392569178983868 S=8.839806741043194].pdf(0.14939720354317393)
Testing logNormal[M=-4.810673036964213 S=0.07946185404992034].pdf(2.1944840474232183)
Testing logNormal[M=0.4805407260258754 S=0.5512502455772605].pdf(1.1098550761997956)
Testing logNormal[M=2.0993054668013658 S=9.64734807091818].pdf(1.672749099539593)
Testing logNormal[M=0.14399467442657432 S=5.663449713194433].pdf(1.456948383358315)
Testing logNormal[M=3.650709750602525 S=8.004299062767874].pdf(2.025617131692382)
Testing logNormal[M=3.924644396703062 S=9.866506765786031].pdf(2.0605865121709006)
Testing logNormal[M=0.06247371974431726 S=4.442830074991466].pdf(1.755163065471934)
Testing logNormal[M=-0.09518277028182709 S=1.261171479887534].pdf(1.5095545726394815)
Testing logNormal[M=3.085808768551354 S=8.3300197505071].pdf(0.4011183921400656)
Testing logNormal[M=0.3000975186955337 S=4.683447755718385].pdf(0.9203296304554032)
Testing logNormal[M=1.2146961617323555 S=4.779608694200929].pdf(1.148115308773392)
Testing logNormal[M=-2.431901883392791 S=3.6316644199545554].pdf(2.1225497145185557)
Testing logNormal[M=3.966093476754624 S=7.044905331365726].pdf(1.7691130802612829)
Testing logNormal[M=-0.6645407784436417 S=1.2065377471325267].pdf(1.2482065575909795)
Testing logNormal[M=3.914056543161246 S=4.035163276437021].pdf(1.295813491019982)
Testing logNormal[M=3.301891263313424 S=3.3110359361560295].pdf(1.4043976457904288)
Testing logNormal[M=4.728363485404326 S=5.769743228804759].pdf(2.2353178218923175)
Testing logNormal[M=-0.16897963257855952 S=5.615869831902376].pdf(0.7865892229663488)
Testing logNormal[M=3.0022644872512743 S=7.786937432605243].pdf(1.9599623173872613)
Testing logNormal[M=-4.534824895387487 S=6.269180336146839].pdf(1.8311697906107454)
Testing logNormal[M=-2.8970715819396564 S=6.98066124982164].pdf(1.2739351354895432)
Testing logNormal[M=3.474220554130431 S=2.775271476353196].pdf(2.047467318168164)
Testing logNormal[M=-0.9419530953029085 S=9.72998520372504].pdf(2.08433661359799)
Testing logNormal[M=-2.145025675107096 S=8.115517322662559].pdf(2.260231807584879)
Testing logNormal[M=4.987632977280116 S=8.91405379820356].pdf(1.6872210705603603)
Testing logNormal[M=-0.7557089121678757 S=5.232168038247348].pdf(1.9719392943272693)
Testing logNormal[M=-4.345145634258003 S=9.087473066198278].pdf(1.6824156889756698)
Testing logNormal[M=-3.979049332289859 S=3.1086633407493034].pdf(1.6881182069655527)
Testing logNormal[M=4.1660106134940715 S=0.0666270558246096].pdf(1.9010882973910803)
Testing logNormal[M=-2.506970242169807 S=0.1798767584343386].pdf(1.7898478316029287)
Testing logNormal[M=-0.9977463964791378 S=1.5436780015819462].pdf(2.0099348726428974)
Testing logNormal[M=0.9274969978792766 S=7.104647658428681].pdf(2.1444071606892363)
Testing logNormal[M=-3.036649779255173 S=8.921403374552398].pdf(2.054865017293954)
Testing logNormal[M=4.239867744630521 S=1.6284939175726754].pdf(1.5317465210247838)
Testing logNormal[M=1.3164340985689176 S=9.91080871500441].pdf(2.257740951583576)
Testing logNormal[M=-1.5578231234033177 S=2.8301428804318363].pdf(0.06144624330577235)
Testing logNormal[M=3.2584311557684735 S=6.996182564487601].pdf(1.7530856901719802)
Testing logNormal[M=0.6068195132741927 S=6.771690808506086].pdf(1.9865581374011123)
Testing logNormal[M=-4.640137131562806 S=4.711311533218593].pdf(2.198986394866102)
Testing logNormal[M=3.7891371605292044 S=2.024903885519395].pdf(1.8419341872607349)
Testing logNormal[M=3.3091999411307995 S=7.087276609661007].pdf(1.5078577766273675)
Testing logNormal[M=2.6350632822600426 S=9.739913207088048].pdf(1.9798175175349948)
Testing logNormal[M=4.340726310112281 S=8.600312692006074].pdf(2.054543091133897)
Testing logNormal[M=3.3144626988662633 S=3.873213996349596].pdf(2.0659646525594737)
Testing logNormal[M=-3.419974160213691 S=5.850135850283235].pdf(1.0778635412371387)
Testing logNormal[M=4.047990454058647 S=3.5650171449008217].pdf(0.6794090908117618)
Testing logNormal[M=-3.6436777724311065 S=6.8436061118578975].pdf(0.8775566772378135)
Testing logNormal[M=-1.4020380020125236 S=3.0449613270874853].pdf(1.6745071526176887)
Testing logNormal[M=-0.732221490287893 S=2.8450645647974007].pdf(1.7262902980207744)
Testing logNormal[M=2.6062625926580054 S=2.339696946934416].pdf(2.0941266365772444)
Testing logNormal[M=-1.1417514408187879 S=9.03731669522774].pdf(2.2875199775886967)
Testing logNormal[M=-1.5283932558670497 S=8.901660477990191].pdf(2.2935511232145696)
Testing logNormal[M=1.649419672558043 S=2.239945983637488].pdf(0.6885639801206228)
Testing logNormal[M=-2.410526501896096 S=4.028006933667232].pdf(1.386700877966867)
Testing logNormal[M=2.1441741668784626 S=0.1804846128893156].pdf(2.2468434382900773)
Testing logNormal[M=2.7713444416535227 S=3.7640324904169287].pdf(2.048338161731355)
Testing logNormal[M=2.012991239362769 S=6.243437357056604].pdf(0.37578685891623126)
Testing logNormal[M=1.895722668299813 S=5.224382225226988].pdf(1.6223231350152278)
Testing logNormal[M=0.008631096563691543 S=6.062622823330344].pdf(0.2010674434281679)
Testing logNormal[M=4.403957362561501 S=0.025143954860281648].pdf(2.063473902174286)
Testing logNormal[M=-4.967742941465935 S=9.793603844421284].pdf(0.8870601901093464)
Testing logNormal[M=4.6154453429966384 S=6.730685261102996].pdf(1.665140357603705)
Testing logNormal[M=0.83524490393863 S=0.12027763509191214].pdf(1.6690895812220152)
Testing logNormal[M=2.768036191743991 S=8.119702915742128].pdf(1.7956930183084199)
Testing logNormal[M=2.0969153435385444 S=4.597896440696316].pdf(1.2802947414908274)
Testing logNormal[M=-1.325885186610222 S=9.592505331031544].pdf(0.7451832524675761)
Testing logNormal[M=-4.921387482076794 S=7.229429252707278].pdf(0.41648121845043984)
Testing logNormal[M=1.3927371130822621 S=1.4733331109031556].pdf(2.0006472158557793)
Testing logNormal[M=3.710489916785365 S=9.087691056930492].pdf(0.7871610702876751)
Testing logNormal[M=2.239673510750377 S=8.25689542239973].pdf(2.0676336987646295)
Testing logNormal[M=0.5756054156206583 S=2.757270051401389].pdf(2.101611693550667)
Testing logNormal[M=-1.8305501278309677 S=3.2384029592391372].pdf(2.250433489741145)
Testing logNormal[M=-3.4365284248294348 S=3.1848907698313167].pdf(1.747389013480329)
Testing logNormal[M=2.2222255838934455 S=2.2063977201346727].pdf(0.47381601571452986)
Testing logNormal[M=1.3574936211722388 S=8.572787813165686].pdf(0.885492571506859)
Testing logNormal[M=1.2277428894482165 S=4.959334186308028].pdf(1.6065348081329154)
Testing logNormal[M=-0.8573553378567684 S=9.05997605669732].pdf(1.8576900917652042)
Testing logNormal[M=-2.2099193757891964 S=6.482639410652107].pdf(1.5603351704771908)
Testing logNormal[M=-3.5257319850035564 S=1.873029753746679].pdf(1.9553981531628768)
Testing logNormal[M=-3.8788417569306888 S=7.256882401365394].pdf(1.721358024646151)
Testing logNormal[M=-1.8031425768794715 S=7.70704645356647].pdf(0.5352574623285177)
Testing logNormal[M=-4.557605367440708 S=3.5697268455309414].pdf(1.8770733059094105)
Testing logNormal[M=4.794405065295148 S=6.843313488735897].pdf(2.055962632083809)
Testing logNormal[M=1.457520102969374 S=6.049429548298163].pdf(0.37585267243166776)
Testing logNormal[M=-0.48162542814494635 S=0.15212273078957006].pdf(1.7980554781380718)
Testing logNormal[M=-3.8843742045894656 S=9.772219814309972].pdf(0.2486094076006213)
Testing logNormal[M=4.280722804109919 S=2.2951951443563745].pdf(1.8307983337584033)
Testing logNormal[M=-2.8154186351149235 S=9.313431337621637].pdf(1.4304278127739938)
Testing logNormal[M=-1.4522939756079167 S=0.4583236396190382].pdf(2.0153228847259634)
Testing logNormal[M=2.8824928511845327 S=4.414777554525027].pdf(1.8275787516545527)
Testing logNormal[M=1.007637752855306 S=9.102108664193679].pdf(1.9888979053005162)
Testing logNormal[M=-4.545157255728353 S=1.8321868774578698].pdf(1.8935975967171204)
Testing logNormal[M=0.7004754417097327 S=8.923463415661626].pdf(2.119267157265729)
Testing logNormal[M=-0.42739938748263206 S=6.010550930173623].pdf(1.6719990315709359)
Testing logNormal[M=-2.350798326257065 S=1.537562341122266].pdf(0.141085667264477)
Testing logNormal[M=-2.8973994454717644 S=7.778416724106379].pdf(1.913679358495553)
Testing logNormal[M=-0.6834258265723667 S=7.20385016429621].pdf(1.683999820116802)
Testing logNormal[M=3.706842493983592 S=8.073678289325606].pdf(0.49398453517332774)
Testing logNormal[M=3.584130295896827 S=7.150926978049583].pdf(0.8636904662872702)
Testing logNormal[M=-3.6738886337388186 S=8.771646157251041].pdf(2.239861057100369)
Testing logNormal[M=4.35789211429273 S=7.071717474583865].pdf(0.8466181706199972)
Testing logNormal[M=3.278272087086922 S=9.721548922764963].pdf(2.238271511845688)
Testing logNormal[M=3.320911703020725 S=2.141819889061577].pdf(1.5840102131265155)
Testing logNormal[M=-4.814258425241178 S=5.029391496722454].pdf(2.275838506709229)
Testing logNormal[M=-3.8824427951204497 S=7.327636977081887].pdf(0.4892868832503411)
Testing logNormal[M=4.182584676142319 S=9.923744334107573].pdf(2.27428346166578)
Testing logNormal[M=2.2336403173552153 S=7.47970157638121].pdf(1.7082480410869114)
Testing logNormal[M=-1.4714045366221464 S=5.1548386152385985].pdf(1.8721673849499454)
Testing logNormal[M=2.602745018889486 S=9.405460120370988].pdf(0.08669063998419696)
Testing logNormal[M=-3.7057585819263505 S=2.4973141390092213].pdf(2.284116293650784)
Testing logNormal[M=-0.14350637168341152 S=5.587069324240055].pdf(0.08458295913354309)
Testing logNormal[M=-2.9681757362586825 S=7.898998983267655].pdf(1.2905527712262799)
Testing logNormal[M=-4.586145968904265 S=8.659162232346912].pdf(2.1298953147277886)
Testing logNormal[M=-0.7730881584787923 S=3.7317424173150826].pdf(2.1164552340147065)
Testing logNormal[M=-0.6266142101805023 S=6.492066886694254].pdf(2.1957857896535726)
Testing logNormal[M=4.869527467396166 S=2.7272225428422567].pdf(1.5882972559270472)
Testing logNormal[M=-4.374835839339139 S=0.12699645110186064].pdf(2.1595143831479646)
Testing logNormal[M=2.738713034435099 S=0.4123830862557587].pdf(2.089421703797023)
Testing logNormal[M=-4.96755231098592 S=4.785598951285959].pdf(0.8730777072463974)
Testing logNormal[M=-0.6085198642465972 S=4.679843948775955].pdf(1.8840136697992051)
Testing logNormal[M=-2.429347506458268 S=0.3331625203727895].pdf(1.8669708403566951)
Testing logNormal[M=3.0125516842589377 S=1.3279769590395885].pdf(2.0224811295156857)
Testing logNormal[M=-3.1367313439756908 S=5.152331250246538].pdf(2.0679940188054227)
Testing logNormal[M=0.013454756133515211 S=1.9093558112641695].pdf(2.278886544446459)
Testing logNormal[M=3.968892915980934 S=8.599501629974116].pdf(1.9134483516128484)
Testing logNormal[M=-3.372013040045092 S=7.89637840324751].pdf(1.9905635259864587)
Testing logNormal[M=0.3978903413854056 S=6.518798086546025].pdf(1.9795509447909874)
Testing logNormal[M=1.359163152431103 S=8.063499333410293].pdf(0.49417727822172386)
Testing logNormal[M=-0.44187851768195685 S=0.21523902646078286].pdf(1.0827437013471786)
Testing logNormal[M=-0.6691445332473256 S=2.8132689058422358].pdf(1.9583368417489702)
Testing logNormal[M=3.5461023116973553 S=4.447276327236179].pdf(2.208099405191693)
Testing logNormal[M=-2.3905136645424676 S=5.4970856932536885].pdf(2.22042408115959)
Testing logNormal[M=-3.4046049937332326 S=5.021238041393586].pdf(1.5626470656280431)
Testing logNormal[M=4.322038912693301 S=8.782099878903983].pdf(1.8072871269043609)
Testing logNormal[M=3.0651658790751934 S=8.97714201351708].pdf(0.8023193888391772)
Testing logNormal[M=-0.7583399847696048 S=0.31562102767498046].pdf(1.2378567858157103)
Testing logNormal[M=1.8536028915595395 S=9.507986132805133].pdf(0.24919970023817162)
Testing logNormal[M=-3.399796379105463 S=6.054985621110772].pdf(2.0194260595770093)
Testing logNormal[M=-4.41057361282689 S=2.7401534538743952].pdf(1.8982162790245065)
Testing logNormal[M=3.3412419490503353 S=2.8164648386559286].pdf(2.008061040279814)
Testing logNormal[M=2.178196355288252 S=0.6731189594708475].pdf(2.268000204289898)
Testing logNormal[M=4.65772299997443 S=5.6052846943865395].pdf(2.3000857493666773)
Testing logNormal[M=-2.6983438389086825 S=0.6112727781749072].pdf(0.46000114039797835)
Testing logNormal[M=-3.3698335993154807 S=6.583651435299362].pdf(2.1304289816776927)
Testing logNormal[M=-2.572450006863245 S=5.588560472319096].pdf(0.40874941570410755)
Testing logNormal[M=0.4489741338646125 S=5.976149056728576].pdf(2.124443588898968)
Testing logNormal[M=-2.0504527149957 S=5.379724629929434].pdf(1.670887990640141)
Testing logNormal[M=3.0772496704517884 S=4.687787521150996].pdf(0.2841906805658167)
Testing logNormal[M=-4.4856977365829875 S=7.059799235343069].pdf(2.216376221464876)
Testing logNormal[M=0.37967192076443634 S=9.538988321284855].pdf(2.0899597681905955)
Testing logNormal[M=-1.9307357203750608 S=3.9683304290435437].pdf(2.1881915996483934)
Testing logNormal[M=-4.157688500427823 S=6.755974300555882].pdf(1.8658727366133572)
Testing logNormal[M=-0.4440080062652365 S=8.578106797510491].pdf(1.9066153370947625)
Testing logNormal[M=-2.8260850156101567 S=7.150912422983474].pdf(0.25527612750515316)
Testing logNormal[M=3.4681065483508817 S=0.6572968341441154].pdf(0.37071247301063714)
Testing logNormal[M=-1.9445275997170297 S=7.724786802267101].pdf(1.9126535802693452)
Testing logNormal[M=-0.4701792721444207 S=0.8789811046332208].pdf(2.060031672337767)
Testing logNormal[M=2.0483082840410836 S=9.403888763234216].pdf(1.6419124459788503)
Testing logNormal[M=0.601980966989669 S=6.697915672572842].pdf(0.40566246803645806)
Testing logNormal[M=2.3427261367261076 S=8.294420275929552].pdf(1.9761156984980035)
Testing logNormal[M=2.2970583074627857 S=8.504349258808311].pdf(1.104990558903971)
Testing logNormal[M=1.2956373167822965 S=4.001524730728615].pdf(2.2305778504783613)
Testing logNormal[M=-3.192326673907452 S=9.823020194073635].pdf(1.052424710334692)
Testing logNormal[M=-0.6481238068380666 S=7.364098898001215].pdf(1.0045826494929413)
Testing logNormal[M=2.6388821088302095 S=7.958662352812431].pdf(1.699784644893183)
Testing logNormal[M=1.96105862571783 S=9.772498690882639].pdf(1.1834562226205383)
Testing logNormal[M=4.162660303551995 S=8.043591968994603].pdf(1.8506789560446133)
Testing logNormal[M=4.849169440713943 S=8.06512603824131].pdf(0.9863230499949086)
Testing logNormal[M=-2.4608645131419893 S=1.3773933475306166].pdf(0.146206835394076)
Testing logNormal[M=0.8133178876511806 S=8.20968779506557].pdf(1.9275837690146085)
Testing logNormal[M=-0.6323339231470175 S=9.662558934313992].pdf(1.9326303622749612)
Testing logNormal[M=-2.95563728842664 S=2.9031783806564118].pdf(2.017841369816391)
Testing logNormal[M=-4.917916911901576 S=7.109617434179053].pdf(1.8223206187898267)
Testing logNormal[M=3.949373856894052 S=7.659246335947424].pdf(0.18612375753351096)
Testing logNormal[M=-0.09244951802537571 S=9.853132572294971].pdf(1.744360119802233)
Testing logNormal[M=-4.655843688248703 S=3.621718539974017].pdf(2.091602524006034)
Testing logNormal[M=3.019253739020023 S=6.7990101374451895].pdf(1.355791910886813)
Testing logNormal[M=3.152777341734904 S=2.037993961977995].pdf(1.905466517669957)
Testing logNormal[M=-4.3283460558798845 S=5.758635304532611].pdf(1.8425172555767204)
Testing logNormal[M=1.5299513602901271 S=2.9312332581353875].pdf(1.810056076506045)
Testing logNormal[M=1.840287172313194 S=4.912721883950665].pdf(2.050098827341934)
Testing logNormal[M=-1.1270911110869797 S=7.032615745582107].pdf(2.069997347814938)
Testing logNormal[M=-2.616965418951861 S=8.736119025427993].pdf(1.4360714665804601)
Testing logNormal[M=-4.371028050350746 S=7.247267526939063].pdf(1.107182374422711)
Testing logNormal[M=-2.8795558819379377 S=8.217617287777031].pdf(1.3506923290319002)
Testing logNormal[M=-1.4134490227244823 S=0.4485371429619045].pdf(1.7120906888130374)
Testing logNormal[M=1.5546217701562606 S=4.042878330707539].pdf(0.6509151742729092)
Testing logNormal[M=1.3676980261175729 S=9.673144822735484].pdf(0.9573039822962617)
Testing logNormal[M=0.215414030343009 S=3.4077567925911922].pdf(2.1616369317054067)
Testing logNormal[M=3.8691482854795343 S=4.4159094392065565].pdf(0.3686491015986755)
Testing logNormal[M=-0.7923958071998083 S=2.222690137517475].pdf(0.4101175774886994)
Testing logNormal[M=4.020548679428934 S=3.828611280678583].pdf(1.3630055895766808)
Testing logNormal[M=2.2127717917410683 S=2.430712042512826].pdf(1.5254938150620356)
Testing logNormal[M=1.7031458527371548 S=9.5408435697542].pdf(1.956073253096508)
Testing logNormal[M=4.402892475546997 S=1.020918304603825].pdf(2.2877283370303663)
Testing logNormal[M=3.565565083589661 S=2.6493997148630397].pdf(0.7395564243852638)
Testing logNormal[M=-3.3877037309596245 S=5.722085337035747].pdf(1.6968435217162992)
Testing logNormal[M=4.062266230537231 S=6.347279864336475].pdf(1.5954849470625991)
Testing logNormal[M=-4.804396456872197 S=6.286411327997409].pdf(1.8166546605076)
Testing logNormal[M=2.2287973117717144 S=7.224853839259434].pdf(2.1906499212678896)
Testing logNormal[M=4.287636592408251 S=2.308526754369912].pdf(1.6549878571736196)
Testing logNormal[M=-3.8272620303128866 S=4.324200392626013].pdf(1.808244463265606)
Testing logNormal[M=-3.8465973616312343 S=7.432144648974446].pdf(1.023263527900445)
Testing logNormal[M=-0.15769964320076824 S=7.987616894079478].pdf(0.2695473974158918)
Testing logNormal[M=-3.0051491304799836 S=0.4595234411414095].pdf(1.7588795231207646)
Testing logNormal[M=-2.7002375572618753 S=5.72066199181593].pdf(0.8202900386055223)
Testing logNormal[M=-0.08109485823520224 S=6.136240898809376].pdf(1.399893728665513)
Testing logNormal[M=-4.653852131326675 S=1.3305297226811474].pdf(2.2208623882896066)
Testing logNormal[M=0.49308339870985485 S=9.13074030808985].pdf(0.9405042618513648)
Testing logNormal[M=3.9632439977942866 S=0.18600159010167427].pdf(0.9597183422015446)
Testing logNormal[M=-3.242700680502301 S=5.890354712450971].pdf(1.8858567196059617)
Testing logNormal[M=-2.11207993932226 S=0.9620362564060758].pdf(0.9522905743644855)
Testing logNormal[M=-3.1050959100834676 S=9.30000479830554].pdf(1.8567831477066372)
Testing logNormal[M=1.5439048126385915 S=9.458375630902337].pdf(1.4781392384506622)
Testing logNormal[M=-1.828878502142539 S=9.562568144906905].pdf(2.208025611359591)
Testing logNormal[M=2.3502434827956495 S=2.0340090553618784].pdf(1.5698246445172799)
Testing logNormal[M=1.4855519799159511 S=4.204148055841827].pdf(1.7805625415713822)
Testing logNormal[M=0.993074428642772 S=2.386205694234058].pdf(1.5621521344950058)
Testing logNormal[M=2.0487982267740934 S=3.034701148017529].pdf(1.9989782489286232)
Testing logNormal[M=-1.6878986539442034 S=6.741289614615753].pdf(1.2191656603033896)
Testing logNormal[M=3.110609874285764 S=4.762027120367022].pdf(1.8424145793719016)
Testing logNormal[M=0.07668338926384077 S=4.338446730688393].pdf(2.202072249780897)
Testing logNormal[M=4.970325295621322 S=4.375053350966359].pdf(0.8200321598959411)
Testing logNormal[M=-3.0715432387134545 S=2.661858478430217].pdf(2.1078072211967127)
Testing logNormal[M=3.4481108301343735 S=1.9803138974493706].pdf(1.4975138866481223)
Testing logNormal[M=4.33771844452324 S=0.28518196581114985].pdf(2.269406509322383)
Testing logNormal[M=-4.7903661593305085 S=9.483883295498336].pdf(1.3486259407951755)
Testing logNormal[M=1.5623782502575603 S=7.499572970558177].pdf(1.6254137268203332)
Testing logNormal[M=1.8613895112066885 S=9.501479225384713].pdf(2.213577513383261)
Testing logNormal[M=2.31689289275128 S=4.978875462473999].pdf(1.9950914984743098)
Testing logNormal[M=0.9692887621494082 S=8.193018802510787].pdf(0.9408837654409545)
Testing logNormal[M=0.3514908231328242 S=4.306201416959797].pdf(1.0473004849876275)
Testing logNormal[M=-0.28154416213332834 S=5.3643820827301365].pdf(2.138258124946669)
Testing logNormal[M=3.0751985241119577 S=6.17651751120083].pdf(2.1569544761668387)
Testing logNormal[M=-2.83461515314986 S=6.636993831099433].pdf(1.3577305285296903)
Testing logNormal[M=-3.635533181866376 S=4.150440493022897].pdf(1.9725234386683894)
Testing logNormal[M=-0.5087256993426434 S=2.202367106961234].pdf(1.2742071533928487)
Testing logNormal[M=4.886049717883083 S=4.834357629510859].pdf(1.7179830131346683)
Testing logNormal[M=1.622928257772207 S=8.569963351439418].pdf(1.2722778747432917)
Testing logNormal[M=-1.2994827292958688 S=1.8891308591794176].pdf(0.33536458418011944)
Testing logNormal[M=-0.460823567845682 S=5.667385464593769].pdf(1.477673108129474)
Testing logNormal[M=-1.8576234055286522 S=8.130636232603905].pdf(0.6024859304319234)
Testing logNormal[M=3.739260320720545 S=4.015544602172146].pdf(1.6204886950720578)
Testing logNormal[M=2.503993824590246 S=0.7056500270269361].pdf(0.6258227991911283)
Testing logNormal[M=3.1466647648897013 S=0.8002930624575599].pdf(0.7873704169517444)
Testing logNormal[M=1.861899784844102 S=1.6502364049607232].pdf(1.7010160305417796)
Testing logNormal[M=4.307845852620357 S=0.28712089514728256].pdf(1.4438218066175383)
Testing logNormal[M=-3.5771533086174223 S=4.527721669851122].pdf(0.7766035622428079)
Testing logNormal[M=-3.510627900445691 S=1.9366170600968413].pdf(1.4212064668239706)
Testing logNormal[M=0.44922040633206883 S=5.981195462637658].pdf(2.232208960270341)
Testing logNormal[M=4.267012468993938 S=8.004034935376508].pdf(2.10706633109853)
Testing logNormal[M=2.533830197129597 S=4.3216558342424225].pdf(2.058752084548714)
Testing logNormal[M=4.742957916434534 S=3.5437324297282813].pdf(2.2886696754732623)
Testing logNormal[M=-4.4137518792913975 S=0.32652993024779753].pdf(1.9447208533610691)
Testing logNormal[M=2.6479946997845696 S=3.2544893126474994].pdf(1.630362675410816)
Testing logNormal[M=-3.81101966824927 S=4.5822922387765175].pdf(0.9774075644456975)
Testing logNormal[M=-1.471755550657492 S=7.129516318807586].pdf(2.1655721168383937)
Testing logNormal[M=-2.7271258944192587 S=1.5258456585023672].pdf(1.82521324215567)
Testing logNormal[M=-0.05609773284011865 S=6.518864479585668].pdf(1.8881352555232533)
Testing logNormal[M=-4.9023136693916065 S=7.232087747933699].pdf(2.2302188220408548)
Testing logNormal[M=-1.955797005769738 S=7.361789111506281].pdf(1.1402963930843166)
Testing logNormal[M=-3.8902832040651947 S=9.28458591479736].pdf(2.0157019868838866)
Testing logNormal[M=4.367548877236397 S=1.462774396283859].pdf(2.1210775142816463)
Testing logNormal[M=-4.735152439266428 S=1.0107206255315881].pdf(1.9678829293493552)
Testing logNormal[M=0.6162926913527969 S=2.540728960442568].pdf(0.08064077752643192)
Testing logNormal[M=0.6758389972770038 S=6.244654911233431].pdf(0.333548530454134)
Testing logNormal[M=-3.7147220194962927 S=1.8494292220875463].pdf(2.1961246946888506)
Testing logNormal[M=3.8675974265054833 S=0.9210932425607488].pdf(2.0511531730722483)
Testing logNormal[M=0.6200129454213243 S=2.5246778285421767].pdf(2.025376975527452)
Testing logNormal[M=1.9794679709049836 S=6.428795871210596].pdf(0.2226276195405888)
Testing logNormal[M=-3.9768190553460627 S=9.730813328967091].pdf(0.26227882383692336)
Testing logNormal[M=-2.8636185690089655 S=7.05583006720782].pdf(1.7166714493063682)
Testing logNormal[M=-2.6889903974832183 S=1.2349467918253298].pdf(2.037535898736316)
Testing logNormal[M=-3.393348424199548 S=2.467389118747719].pdf(0.6429222943526065)
Testing logNormal[M=-4.691830144027448 S=2.311192883180487].pdf(2.1665003915325456)
Testing logNormal[M=-4.887072970282707 S=1.9832074006511868].pdf(1.1570598932832248)
Testing logNormal[M=-4.1314702072701035 S=6.5975130378271105].pdf(1.8112734473272127)
Testing logNormal[M=-2.5356942480910916 S=8.307698765187169].pdf(1.8333634571227493)
Testing logNormal[M=4.271440446018882 S=9.629780700680243].pdf(2.0121124267761954)
Testing logNormal[M=0.09441382334762682 S=2.270546269273984].pdf(1.7734318627676018)
Testing logNormal[M=1.4398219055860837 S=3.9820121073577397].pdf(2.123759069518832)
Testing logNormal[M=-0.2827011811070239 S=8.373461344844126].pdf(1.9565544270550133)
Testing logNormal[M=-1.9019893205720582 S=3.5426601620496854].pdf(1.5598789092457925)
Testing logNormal[M=1.7509483985235477 S=7.859876679980877].pdf(2.1977086344587042)
Testing logNormal[M=-2.7338303913448927 S=1.6858272890290926].pdf(0.9317762661172028)
Testing logNormal[M=-4.932122543159627 S=8.037011130532955].pdf(1.3774408217395524)
Testing logNormal[M=-0.024799189047756798 S=9.656859331994129].pdf(1.6156260060516854)
Testing logNormal[M=-4.038060601128294 S=9.478046247565292].pdf(1.2457403374768417)
Testing logNormal[M=2.002891355728556 S=0.10865185740070005].pdf(1.5295927050258062)
Testing logNormal[M=-3.7113445735441264 S=5.430154773760688].pdf(2.268003707771675)
Testing logNormal[M=-0.8280710390044863 S=1.6413117148030687].pdf(0.650708897679745)
Testing logNormal[M=-4.507911171796692 S=1.722456206007843].pdf(1.449793832433541)
Testing logNormal[M=-4.7986723847369745 S=6.934204149348737].pdf(1.550324426139208)
Testing logNormal[M=-2.0052863913923957 S=7.26315427244431].pdf(1.5715941054969016)
Testing logNormal[M=0.0144726159463886 S=0.23056299697825855].pdf(0.5986197742109313)
Testing logNormal[M=-4.823566000921796 S=3.8358743465120826].pdf(1.6162051026063065)
Testing logNormal[M=1.1747022906666675 S=4.492457867936156].pdf(1.0773146004440883)
Testing logNormal[M=-3.672601684167195 S=3.802498700630763].pdf(2.0281805508762067)
Testing logNormal[M=-0.7265285649014821 S=9.75350649212156].pdf(1.7363441151431505)
Testing logNormal[M=2.2386714004163366E-4 S=9.174264710062705].pdf(0.6518976398123338)
Testing logNormal[M=-1.423781498660425 S=6.381689344211599].pdf(2.0181663735141324)
Testing logNormal[M=-3.8098774572435357 S=1.3591394204830332].pdf(1.5911627359573148)
Testing logNormal[M=1.8604960675328943 S=9.221289253581237].pdf(1.03516185563352)
Testing logNormal[M=2.155042214238759 S=6.633833194922984].pdf(2.2980481868046385)
Testing logNormal[M=-1.6718562295752348 S=2.2725917725513445].pdf(1.351849408628992)
Testing logNormal[M=-3.1010713872152005 S=6.122208049298798].pdf(1.7586354918566685)
Testing logNormal[M=2.091334639270052 S=2.256004608486122].pdf(1.1745297650646862)
Testing logNormal[M=-1.057606531504459 S=3.5774994476707267].pdf(2.092147822529354)
Testing logNormal[M=-1.438215682279039 S=1.6565702304226115].pdf(1.865707560104066)
Testing logNormal[M=1.3217370668452135 S=7.1760119326424014].pdf(1.7931092999985727)
Testing logNormal[M=-1.92717263921769 S=5.798212165486194].pdf(2.2934242127057436)
Testing logNormal[M=-0.8301244988603944 S=3.016341680214306].pdf(0.9131915549291604)
Testing logNormal[M=-0.43064148390630486 S=4.208830774807845].pdf(1.5556129602927353)
Testing logNormal[M=-4.540992204449752 S=5.600759014447627].pdf(1.7082611755750923)
Testing logNormal[M=-2.666887231479904 S=9.60839775436971].pdf(0.720450342795222)
Testing logNormal[M=-0.0518959580576972 S=0.09384969063743975].pdf(1.4025490243296592)
Testing logNormal[M=4.733755500076104 S=4.113524078422982].pdf(1.211344690080346)
Testing logNormal[M=2.089833396415477 S=3.198707904495862].pdf(1.8170824492375215)
Testing logNormal[M=-2.6616219452630006 S=1.0764492424772032].pdf(1.8846544675414316)
Testing logNormal[M=3.5307828246235804 S=4.74521547824774].pdf(2.1390257578290712)
Testing logNormal[M=1.086823252595365 S=7.174576757804387].pdf(2.2629154394293574)
Testing logNormal[M=0.5786487019776221 S=8.286862802009983].pdf(1.1554050857601545)
Testing logNormal[M=4.346492626163808 S=3.6562452493069775].pdf(1.2367961767137217)
Testing logNormal[M=2.1486968006791898 S=3.259872556211686].pdf(0.3010410143367745)
Testing logNormal[M=-0.14677000738529777 S=5.5573546867673365].pdf(1.5419244001529118)
Testing logNormal[M=4.119931929152205 S=0.8928187339341875].pdf(0.7436903201130275)
Testing logNormal[M=-0.4058687141504862 S=9.830896804776096].pdf(0.6509649478076516)
Testing logNormal[M=-2.7859453392924682 S=8.059947589398792].pdf(2.233593386502363)
Testing logNormal[M=-0.9191449382489711 S=5.688418719311764].pdf(0.8953787524588834)
Testing logNormal[M=0.9533288794070547 S=6.95564797164057].pdf(2.26116072064288)
Testing logNormal[M=0.3474018319851808 S=6.869647755470697].pdf(1.624334019361311)
Testing logNormal[M=-1.1301583132359472 S=1.2491156752484256].pdf(2.086961229946113)
Testing logNormal[M=-0.7530557152420689 S=2.39483127579338].pdf(1.3625023867743828)
Testing logNormal[M=3.6089310908954726 S=1.1574094515380473].pdf(1.4641130339752175)
Testing logNormal[M=2.4107962353383705 S=3.910668371075797].pdf(0.9614983001202999)
Testing logNormal[M=1.6864074749188678 S=6.253196628551448].pdf(0.8728909886440723)
Testing logNormal[M=-4.355922308266237 S=8.472635073068808].pdf(0.1510154961065459)
Testing logNormal[M=-2.7394737227158386 S=9.953448609037624].pdf(1.021793349238922)
Testing logNormal[M=-4.797601488852909 S=6.805904575746419].pdf(0.12385380129124529)
Testing logNormal[M=2.142640845351674 S=0.39969451206907425].pdf(1.296627197157758)
Testing logNormal[M=2.827102717706894 S=6.6606679624400105].pdf(1.4860508832296988)
Testing logNormal[M=4.988413372449189 S=9.737664668630687].pdf(1.6721274672826525)
Testing logNormal[M=2.248376803290747 S=9.755503990943474].pdf(1.0768252987134563)
Testing logNormal[M=-0.30930391363910914 S=4.623532841656786].pdf(1.3063224586498507)
Testing logNormal[M=-3.0846904223330087 S=7.587189744309994].pdf(0.7307975276070985)
Testing logNormal[M=-4.642460801628969 S=9.809877232168837].pdf(2.2790307648472665)
Testing logNormal[M=1.654317350301545 S=3.241855976277898].pdf(1.1761454419126993)
Testing logNormal[M=0.9009956598623825 S=8.151754938106524].pdf(0.9292740087040455)
Testing logNormal[M=0.455375495707413 S=5.155234524957435].pdf(2.064325337535995)
Testing logNormal[M=4.186294550835067 S=8.95016466925528].pdf(1.214062830666072)
Testing logNormal[M=4.475525842456452 S=5.856684462305575].pdf(1.9088735686848521)
Testing logNormal[M=-1.6470038769769415 S=8.073194214527451].pdf(1.3660810969853026)
Testing logNormal[M=4.612964503387433 S=2.245559161761678].pdf(0.24610626369295718)
Testing logNormal[M=3.3457662300879782 S=5.142831805418256].pdf(1.5934267960369959)
Testing logNormal[M=2.813094051706045 S=2.4885557712089676].pdf(1.2077836342702255)
Testing logNormal[M=0.5514446108735847 S=7.43550426378337].pdf(1.1007986584247114)
Testing logNormal[M=-2.354780717091902 S=5.121723653334579].pdf(2.1777203399772627)
Testing logNormal[M=-3.936363806072849 S=9.569796443340678].pdf(0.2845257618856265)
Testing logNormal[M=-4.542655510961067 S=9.728684622447192].pdf(1.657676618872046)
Testing logNormal[M=3.730247943890326 S=3.1802743421211854].pdf(2.2038675065218403)
Testing logNormal[M=-3.132202019099033 S=1.2039887159154095].pdf(0.8068320256549056)
Testing logNormal[M=4.74612115073325 S=2.7053848424894356].pdf(1.7669140840044286)
Testing logNormal[M=-4.254054180512559 S=3.3727724955671077].pdf(2.300790180221769)
Testing logNormal[M=2.313806607904266 S=6.222318388713381].pdf(0.873073359643176)
Testing logNormal[M=0.8985598250992677 S=4.119149182247654].pdf(1.9226215573238647)
Testing logNormal[M=0.7110100840031084 S=3.4834938139822835].pdf(1.4401351728563336)
Testing logNormal[M=-0.8892418405054379 S=6.3889373522525785].pdf(1.717100200452606)
Testing logNormal[M=0.09239223614990077 S=4.457746201197919].pdf(1.8724001898762785)
Testing logNormal[M=-2.843153817091908 S=4.90905222351919].pdf(1.0506202728334975)
Testing logNormal[M=-4.64580416153443 S=8.732858573168107].pdf(1.6581068492116326)
Testing logNormal[M=3.031609147959996 S=1.3565515840071274].pdf(0.8998222814726191)
Testing logNormal[M=-4.9579365853634085 S=9.825219869964803].pdf(0.444807267375221)
Testing logNormal[M=-0.6159315485654808 S=8.090487999191867].pdf(2.143808791715697)
Testing logNormal[M=2.351558472041688 S=1.5180101796274048].pdf(2.1158750582122)
Testing logNormal[M=-4.546918983562459 S=9.99185817725281].pdf(1.9147065598829611)
Testing logNormal[M=3.773688344008038 S=8.434788816172482].pdf(1.8162567759189536)
Testing logNormal[M=-2.997616254756379 S=9.637818627563727].pdf(0.6443661689858182)
Testing logNormal[M=-1.9622102754056483 S=2.589621942401056].pdf(2.14894116647023)
Testing logNormal[M=-0.4864549426040723 S=3.1728608158654947].pdf(0.6151397575713503)
Testing logNormal[M=-3.683572455506355 S=7.101060709509282].pdf(1.0316942473099677)
Testing logNormal[M=4.341292827505207 S=9.989981590292782].pdf(2.2492103576310574)
Testing logNormal[M=-2.3986041118216015 S=5.47560770582524].pdf(0.1242664285749434)
Testing logNormal[M=-1.0853893208701804 S=1.4384983901635329].pdf(2.1554175766561854)
Testing logNormal[M=-1.4113406992360744 S=5.246190615308338].pdf(2.22562297516096)
Testing logNormal[M=-0.18284962651793712 S=1.712803370837509].pdf(1.3146989618098541)
Testing logNormal[M=0.7606813941416775 S=7.861779226379179].pdf(2.0040926060188724)
Testing logNormal[M=-3.9077920899450924 S=2.202263618089696].pdf(1.2115338906613038)
Testing logNormal[M=-4.718810398114725 S=7.158047689696344].pdf(1.9305870700751018)
Testing logNormal[M=-4.8607263367608695 S=8.311532681085788].pdf(0.0016078805758287242)
Testing logNormal[M=-3.9702262167269775 S=8.927796011352841].pdf(1.2029764796891935)
Testing logNormal[M=3.2909698610701383 S=0.4590629708560934].pdf(2.1978221686271917)
Testing logNormal[M=-1.1159329427780227 S=3.73328273231449].pdf(1.7195488775504277)
Testing logNormal[M=0.6031949407842134 S=7.019278767951085].pdf(2.240757490155413)
Testing logNormal[M=-1.6086869339511667 S=7.499896645349585].pdf(2.186785526371282)
Testing logNormal[M=2.640972230985234 S=2.965349352215476].pdf(0.00981814167695676)
Testing logNormal[M=3.102349588303463 S=6.778476748021475].pdf(2.126347123676772)
Testing logNormal[M=-3.2097350681922263 S=2.7476010317513975].pdf(0.6143136630338752)
Testing logNormal[M=-3.170265568347377 S=0.7383203421060813].pdf(1.7345779949034594)
Testing logNormal[M=3.7858811225579814 S=6.662879920739555].pdf(0.3184119992964741)
Testing logNormal[M=-1.427238760561429 S=5.296367341083209].pdf(2.211553885008095)
Testing logNormal[M=-0.6538092142142258 S=5.353930543962154].pdf(1.8591747410085944)
Testing logNormal[M=0.49779385369159534 S=0.03410931984216159].pdf(0.6018854874786769)
Testing logNormal[M=0.3069335601107559 S=0.8030412162629852].pdf(1.8540157243789293)
Testing logNormal[M=-0.9295802120893359 S=2.5951791697878757].pdf(1.3979279935048918)
Testing logNormal[M=0.8534615758966098 S=9.116495783680579].pdf(2.087768085889897)
Testing logNormal[M=-3.0148349663641447 S=3.448387354202711].pdf(1.7551164436760545)
Testing logNormal[M=2.980588679258971 S=1.330111080210582].pdf(1.4191072556331408)
Testing logNormal[M=-1.1352681132074505 S=0.1908633541571647].pdf(2.131668701708163)
Testing logNormal[M=-0.644914201273985 S=4.90139092762572].pdf(2.056768242398175)
Testing logNormal[M=-4.614812051740987 S=9.060519039755167].pdf(1.431313375859929)
Testing logNormal[M=-3.7318083028166904 S=2.3397481693600577].pdf(1.2479834187309458)
Testing logNormal[M=-3.149266170541166 S=8.977513985828427].pdf(0.7146636023257215)
Testing logNormal[M=-0.9536584626880087 S=1.4761972763409015].pdf(1.9229789696189084)
Testing logNormal[M=-4.704191487197413 S=3.5908139816931985].pdf(1.9896756109476623)
Testing logNormal[M=4.212261986975639 S=8.074824610572543].pdf(2.2926090916163604)
Testing logNormal[M=-0.8937565496712265 S=4.888805199286867].pdf(0.6997719466192458)
Testing logNormal[M=0.08480408753043633 S=9.018514748369267].pdf(1.371358088788754)
Testing logNormal[M=-0.3740540677870108 S=7.9245678094239835].pdf(1.7599912292310211)
Testing logNormal[M=3.703756074147723 S=7.518894472798793].pdf(1.504093944677919)
Testing logNormal[M=-2.6525457989840184 S=4.923994651758164].pdf(2.293253950033613)
Testing logNormal[M=-3.630181279864504 S=6.089493137731354].pdf(0.7518355353523032)
Testing logNormal[M=3.048433343064694 S=0.28338401244707323].pdf(1.7550600186196903)
Testing logNormal[M=2.2458126738415043 S=3.1721935696922765].pdf(1.2572523576998658)
Testing logNormal[M=2.7534469437470914 S=9.322151055199786].pdf(2.2263637421974405)
Testing logNormal[M=-2.4961659687910442 S=4.183284208778079].pdf(1.1155572547060328)
Testing logNormal[M=-0.15977633018579063 S=5.755455608432998].pdf(0.847725550885701)
Testing logNormal[M=-2.8243685728370393 S=7.5380393607993765].pdf(1.4827369156678136)
Testing logNormal[M=-2.7255104046248113 S=8.634569014231836].pdf(1.8082095294444647)
Testing logNormal[M=-4.559535141029252 S=4.002237715026624].pdf(1.4121455835008352)
Testing logNormal[M=2.6278629899186896 S=9.589767599354808].pdf(1.8542110447655518)
Testing logNormal[M=4.371872803863361 S=8.128812022994955].pdf(1.7437815934883807)
Testing logNormal[M=-0.7201306188345864 S=3.3078057013122963].pdf(1.7584733935121424)
Testing logNormal[M=-3.9157185551161646 S=8.689567436719853].pdf(0.8025410443601986)
Testing logNormal[M=-3.7505043506855076 S=8.670825694869407].pdf(0.8892150320425192)
Testing logNormal[M=-3.0976632488534186 S=3.9859948874598317].pdf(0.16937129853538443)
Testing logNormal[M=4.711610163689251 S=2.344306877390708].pdf(2.1265101670610664)
Testing logNormal[M=4.874544287352862 S=7.4571945234669].pdf(0.9942013548442373)
Testing logNormal[M=0.7585206907961197 S=8.289103947905874].pdf(0.47365393768167713)
Testing logNormal[M=-4.939758900885545 S=1.2315462954546585].pdf(1.581409447432509)
Testing logNormal[M=4.822550888907385 S=0.06812534293158756].pdf(1.7090102335657489)
Testing logNormal[M=-1.4586775659838223 S=1.9057484908353228].pdf(1.4921227104907704)
Testing logNormal[M=4.48252095378907 S=2.9836569767105625].pdf(1.725006055369694)
Testing logNormal[M=2.424009400865873 S=6.892567601105029].pdf(2.266868005284439)
Testing logNormal[M=-0.4925368519864808 S=3.223873937920451].pdf(0.7895502824497233)
Testing logNormal[M=4.652843307965279 S=1.5412470538620504].pdf(2.1647209466371082)
Testing logNormal[M=-3.743038373438364 S=4.916971292077105].pdf(1.9024132038740391)
Testing logNormal[M=1.3375038180766161 S=1.9925898423389787].pdf(1.0822992734610144)
Testing logNormal[M=-0.6126689210876464 S=7.260328048170608].pdf(1.7728337025149048)
Testing logNormal[M=4.154755178533639 S=6.775292098450363].pdf(1.1130834978972333)
Testing logNormal[M=0.775646877072969 S=7.528508317917769].pdf(1.5630148639790908)
Testing logNormal[M=-3.1082153182060566 S=7.975424965786542].pdf(1.8731414532255413)
Testing logNormal[M=-0.34553385525842906 S=2.0883966187115375].pdf(1.4826761146213916)
Testing logNormal[M=1.6328503845666633 S=4.049046446304711].pdf(1.1091968445929778)
Testing logNormal[M=-2.2726638226929152 S=9.383737965708763].pdf(1.948864593820776)
Testing logNormal[M=-4.444297680330091 S=0.7151089816719425].pdf(1.9662097762647697)
Testing logNormal[M=3.0970447095435496 S=1.2538047233288585].pdf(1.0548501594238653)
Testing logNormal[M=-3.71829445406083 S=3.406888001334516].pdf(2.1500771326311154)
Testing logNormal[M=-4.672373008439109 S=8.258490948990168].pdf(2.0408456174540777)
Testing logNormal[M=1.8725525054790824 S=2.4445039401784605].pdf(2.037353769446429)
Testing logNormal[M=1.7461407213981222 S=0.17600667757761812].pdf(1.7700289889207277)
Testing logNormal[M=2.452775514306503 S=5.80420225308867].pdf(0.9260969344009667)
Testing logNormal[M=-0.31321374047271533 S=1.9944145053060092].pdf(1.34254838159902)
Testing logNormal[M=-2.795398601308775 S=4.489911197270509].pdf(1.0669551417766303)
Testing logNormal[M=2.6683484549991734 S=8.221405861775516].pdf(1.6732988031984593)
Testing logNormal[M=-3.496966979498841 S=2.5446881306050884].pdf(1.014343658992052)
Testing logNormal[M=-1.7619328147098212 S=6.662195965554427].pdf(1.6475458638601392)
Testing logNormal[M=4.474863301131897 S=7.779042028885072].pdf(0.5151163455427626)
Testing logNormal[M=-1.149514744261504 S=3.848279793765028].pdf(1.2571300636373897)
Testing logNormal[M=3.920333049614767 S=4.885207449277107].pdf(2.124460423292806)
Testing logNormal[M=1.5804004392901403 S=1.7958519124473937].pdf(2.2377519104819563)
Testing logNormal[M=-2.5872889945173383 S=3.649565091643854].pdf(2.2123880014725934)
Testing logNormal[M=-0.9012689621391541 S=3.8614291855361014].pdf(2.2532155281478747)
Testing logNormal[M=3.6239597304071207 S=0.619980621697569].pdf(1.96300134470665)
Testing logNormal[M=-3.774487360762686 S=2.0908419175932993].pdf(1.0435232240455445)
Testing logNormal[M=-4.8826246446055865 S=1.199982517250796].pdf(2.0174746807662722)
Testing logNormal[M=3.290787583300931 S=1.0423402310453267].pdf(2.2258840358454157)
Testing logNormal[M=4.5729240949078775 S=0.8153169917092706].pdf(1.4215206197005086)
Testing logNormal[M=-1.524038260196856 S=2.989825432857187].pdf(0.9696047537274546)
Testing logNormal[M=-2.2910528304787405 S=2.8371582354295812].pdf(0.6872145144281129)
Testing logNormal[M=1.531707095335384 S=0.5485296414788798].pdf(1.1134153437726018)
Testing logNormal[M=3.3754887361371324 S=0.606600657230979].pdf(1.662022960355152)
Testing logNormal[M=2.7668418699318584 S=1.3367850782032409].pdf(0.4642053156940817)
Testing logNormal[M=4.1200409235114375 S=4.277329817016444].pdf(2.1566891645361683)
Testing logNormal[M=0.44806244179190546 S=2.004052517034114].pdf(0.06542451802025841)
Testing logNormal[M=0.6560999657338051 S=6.432388250350392].pdf(1.958661669768985)
Testing logNormal[M=1.785755144482108 S=2.622331198572817].pdf(1.8324419831012426)
Testing logNormal[M=0.9945562336006706 S=4.869463305702858].pdf(0.43779420094127997)
Testing logNormal[M=-2.0253594137108166 S=6.0181730917178875].pdf(2.283645361963952)
Testing logNormal[M=-3.651936486479869 S=0.316101741853283].pdf(1.8270029321188468)
Testing logNormal[M=2.7329113634981894 S=8.26584284539961].pdf(0.6933621305121099)
Testing logNormal[M=4.886984670216126 S=1.277795853751057].pdf(1.750925025965518)
Testing logNormal[M=-4.483904737037783 S=8.103530245134184].pdf(1.8352131643261964)
Testing logNormal[M=-3.724844801991848 S=2.7368925382585507].pdf(1.6122439255120802)
Testing logNormal[M=3.4049062111349553 S=5.259027237436801].pdf(0.47917739067092974)
Testing logNormal[M=4.288840653984263 S=4.574245172677006].pdf(0.8003495684810421)
Testing logNormal[M=0.21701782489246124 S=5.4291303783555644].pdf(1.679356820555112)
Testing logNormal[M=-1.4199503426189128 S=6.496408064599565].pdf(2.003269006383911)
Testing logNormal[M=-1.0093016135539 S=7.902023207336217].pdf(2.24709764596331)
Testing logNormal[M=1.725372849744363 S=4.774361131512642].pdf(1.9699443408787292)
Testing logNormal[M=-4.459286823798351 S=0.9634034391050372].pdf(1.6154549731920829)
Testing logNormal[M=0.4174102695488351 S=4.914977039061631].pdf(1.3044106972623104)
Testing logNormal[M=2.9688135512725964 S=9.712909044862105].pdf(1.8379431880374726)
Testing logNormal[M=-4.069792243939496 S=0.5087913621911788].pdf(0.7101198348651557)
Testing logNormal[M=0.18834040693199228 S=4.932629214463361].pdf(2.21766253134186)
Testing logNormal[M=-0.4144341387767412 S=5.33482671369761].pdf(2.237517595223773)
Testing logNormal[M=-4.570266117461665 S=9.583076629958322].pdf(2.186578737401574)
Testing logNormal[M=2.8570946651533804 S=5.918040655960711].pdf(1.9849248403266966)
Testing logNormal[M=2.288784011513841 S=6.56572391484147].pdf(0.2883832832505662)
Testing logNormal[M=-2.5816638565076264 S=3.6921208780051726].pdf(1.7141970977150836)
Testing logNormal[M=-3.586647865974628 S=7.783215045153446].pdf(0.8068948841082563)
Testing logNormal[M=1.8437061877680456 S=7.951807227116463].pdf(1.2839332229257936)
Testing logNormal[M=0.7772118879078764 S=6.695559475330285].pdf(0.9540361593870037)
Testing logNormal[M=-4.3516604652265 S=7.594238361239841].pdf(1.0275207512077877)
Testing logNormal[M=4.077302840320719 S=6.492827188048995].pdf(1.6514811142983936)
Testing logNormal[M=-0.34527655426752446 S=0.6526544852883642].pdf(0.012942394086364176)
Testing logNormal[M=1.5874647185386879 S=0.005590816310148128].pdf(0.29557296240849823)
Testing logNormal[M=2.292352932447498 S=7.3023033677579665].pdf(2.143100607122257)
Testing logNormal[M=4.454503613415962 S=5.8673478223807045].pdf(1.5439112473986345)
Testing logNormal[M=0.38198975502693333 S=5.612387596059795].pdf(1.1665162808803287)
Testing logNormal[M=3.6524835557947988 S=2.4304663310698005].pdf(2.2194436417054937)
Testing logNormal[M=-3.8386667011791884 S=1.5777773428075825].pdf(0.5307943350011756)
Testing logNormal[M=-0.6962162443592126 S=4.82146201118542].pdf(1.7358979140813577)
Testing logNormal[M=3.4515961071371706 S=1.1943386758037366].pdf(1.0870834539373253)
Testing logNormal[M=-2.415338078966547 S=7.542791671372246].pdf(1.8736681766367391)
Testing logNormal[M=-4.03800697193841 S=1.8811772339595811].pdf(0.8715991764506317)
Testing logNormal[M=-0.7966478565104165 S=1.037469349147464].pdf(2.1806621391151735)
Testing logNormal[M=4.795959430936826 S=6.571295767463001].pdf(1.6915363568920354)
Testing logNormal[M=-3.1958204321614856 S=3.523796477646781].pdf(2.2779874555981743)
Testing logNormal[M=3.9810181028559466 S=1.7627688398174435].pdf(1.4960186049029434)
Testing logNormal[M=-4.197606650380637 S=9.11924508265207].pdf(1.078663476679389)
Testing logNormal[M=0.4348833748718528 S=4.081582710879383].pdf(0.9989316619668588)
Testing logNormal[M=-4.368301802240432 S=4.25773385629287].pdf(1.2042565374793601)
Testing logNormal[M=-3.5969494238598134 S=4.290264820540058].pdf(2.2607068994147945)
Testing logNormal[M=-3.2064943394056513 S=9.114370029438518].pdf(2.0117992084229614)
Testing logNormal[M=-4.805399670250619 S=6.973339927213475].pdf(2.107485207891192)
Testing logNormal[M=-1.9278338214295498 S=9.813950300709415].pdf(2.1478637463831416)
Testing logNormal[M=-1.393237497761024 S=1.710644548524951].pdf(1.8900587176028356)
Testing logNormal[M=2.599339559688292 S=7.030187284881024].pdf(1.316428007137657)
Testing logNormal[M=3.3372167306310097 S=2.500492859844332].pdf(2.0827085853572167)
Testing logNormal[M=-4.892686308004227 S=1.5664866054560622].pdf(1.119662889495195)
Testing logNormal[M=-4.022856603638822 S=5.8232741273832636].pdf(1.882851119769474)
Testing logNormal[M=1.418391353974843 S=2.499681465145124].pdf(2.291923555973871)
Testing logNormal[M=1.8674741263241117 S=0.0676340414233767].pdf(2.024611628991813)
Testing logNormal[M=4.907084235769158 S=6.287687270424971].pdf(1.7610455795421793)
Testing logNormal[M=2.6641188003452676 S=5.320120944735697].pdf(1.5957158115047183)
Testing logNormal[M=-0.005850284477819656 S=9.181588365992766].pdf(1.0998344460127198)
Testing logNormal[M=4.342450298370908 S=9.707939002188319].pdf(1.7916425375816103)
Testing logNormal[M=-4.4443504035059425 S=1.601988689139724].pdf(1.9705648484833305)
Testing logNormal[M=0.493001012701356 S=7.764878551061787].pdf(1.8936463235547418)
Testing logNormal[M=-0.9559431616072489 S=3.5670392716989707].pdf(1.4513336382730997)
Testing logNormal[M=2.00396303213929 S=5.562997656613151].pdf(0.6568275705198948)
Testing logNormal[M=4.4926947220325015 S=0.0107571755372049].pdf(1.78257944510643)
Testing logNormal[M=-1.2636673286180091 S=8.805995979933478].pdf(0.8305205099052992)
Testing logNormal[M=3.890432788225178 S=7.1706333592875025].pdf(2.195565286198058)
Testing logNormal[M=-3.144285718932159 S=4.645547265214155].pdf(2.1789396429052514)
Testing logNormal[M=-0.20130900927617734 S=9.108346448152265].pdf(2.280112700730248)
Testing logNormal[M=3.9523117822568317 S=1.6246177960050001].pdf(0.41568976028100413)
Testing logNormal[M=-2.1948835078690587 S=8.779687834466944].pdf(1.4377651095857322)
Testing logNormal[M=0.10718762758616851 S=7.1752120339592205].pdf(0.3836766220266654)
Testing logNormal[M=-3.1803097165348304 S=9.754469404901824].pdf(0.3640498614752367)
Testing logNormal[M=1.9190832250186816 S=9.677847035643634].pdf(1.9216904280830016)
Testing logNormal[M=-4.6151459890596165 S=4.289482827837261].pdf(1.4869151120886246)
Testing logNormal[M=1.0457558242521978 S=0.04562604142341775].pdf(0.4108476664867435)
Testing logNormal[M=-0.7322621452287317 S=4.131301669942761].pdf(2.192981713581301)
Testing logNormal[M=4.817071124752303 S=2.9826313585109387].pdf(0.6512755258968915)
Testing logNormal[M=2.8499405470463994 S=2.7409818435901845].pdf(2.05298874574543)
Testing logNormal[M=4.91902282522085 S=3.127011762176851].pdf(0.6202288601823329)
Testing logNormal[M=-0.0027695410064385584 S=4.478857309423101].pdf(2.1902325849829554)
Testing logNormal[M=-4.285939391170091 S=7.419861916090028].pdf(1.9730005034059552)
Testing logNormal[M=3.328351191548709 S=2.8892420685300255].pdf(1.2438610368951752)
Testing logNormal[M=-3.647097796278438 S=7.21868129190721].pdf(1.7761384856414948)
Testing logNormal[M=3.02390597398864 S=9.740675999189712].pdf(1.1591764578865458)
Testing logNormal[M=2.5861784725333647 S=6.530087647135053].pdf(0.5595300772818737)
Testing logNormal[M=1.4204995888466883 S=6.4840648482465735].pdf(1.6052694021828406)
Testing logNormal[M=0.6387748342694053 S=2.157665265992562].pdf(1.8995217368660593)
Testing logNormal[M=-1.6431765391014022 S=5.381164754304494].pdf(1.8121435136148245)
Testing logNormal[M=2.6006140838196847 S=2.618338404899111].pdf(2.2638374592634722)
Testing logNormal[M=-2.181721814728798 S=2.9891594214051844].pdf(1.5705708395171727)
Testing logNormal[M=2.999702498740586 S=7.706905119770124].pdf(1.2012549478402448)
Testing logNormal[M=-2.0302216256462344 S=9.458231326725738].pdf(2.0790765500398436)
Testing logNormal[M=-3.314045990614204 S=0.33647568360411384].pdf(2.053657465872269)
Testing logNormal[M=3.6552950510731623 S=6.517359683346578].pdf(1.7987527954880747)
Testing logNormal[M=-4.835932355732976 S=3.8718381316911032].pdf(2.0266857372508507)
Testing logNormal[M=0.9369594267053767 S=9.631107938412871].pdf(1.5652604465915756)
Testing logNormal[M=4.99311131044994 S=6.067042908915273].pdf(1.804909158602219)
Testing logNormal[M=-0.48315483199475473 S=0.7389026697322609].pdf(1.0979225660279994)
Testing logNormal[M=-3.8769588387189255 S=6.690990336341882].pdf(0.5547670647434052)
Testing logNormal[M=4.168298349296528 S=7.146260597935395].pdf(2.1908452219355965)
Testing logNormal[M=0.04629658010605553 S=0.7636728391211689].pdf(1.0108219976160377)
Testing logNormal[M=3.7205988194023902 S=0.9769466496697166].pdf(1.9299456095718508)
Testing logNormal[M=-0.35765862775150925 S=7.566224030776637].pdf(1.6862288299809511)
Testing logNormal[M=-3.1343592853880198 S=3.038511592244669].pdf(1.0002898094166157)
Testing logNormal[M=-4.14268161587416 S=5.9560043883474645].pdf(1.0753344680059715)
Testing logNormal[M=-2.91406350806249 S=9.259022238267793].pdf(1.3506483973162091)
Testing logNormal[M=-3.295183632965669 S=7.333338489873159].pdf(1.2659765166784194)
Testing logNormal[M=-1.7092971041309433 S=7.066057473660516].pdf(1.425107641747942)
Testing logNormal[M=4.368280202496246 S=2.1454023449089643].pdf(1.9869521080871204)
Testing logNormal[M=2.9730125111555967 S=3.7718661376063944].pdf(1.8892121717435981)
Testing logNormal[M=4.045429229227214 S=6.230069781930968].pdf(0.3105273142775054)
Testing logNormal[M=0.9085504377271789 S=1.2875470874619].pdf(1.9151239055149099)
Testing logNormal[M=4.244745715743379 S=8.700921012260885].pdf(0.6277274498689978)
Testing logNormal[M=0.5058471285538921 S=5.1833041422889945].pdf(1.980885148331348)
Testing logNormal[M=2.028857276830135 S=1.8888582139819021].pdf(1.474530058573185)
Testing logNormal[M=1.7568067214122518 S=2.910659093478679].pdf(1.3157167789769568)
Testing logNormal[M=-0.07694857066857796 S=8.276897353407985].pdf(0.14254120213158536)
Testing logNormal[M=-2.4731759089447625 S=2.1406561967307125].pdf(1.585941212694221)
Testing logNormal[M=-0.9988638387014745 S=3.085320995402352].pdf(0.4159253021802777)
Testing logNormal[M=0.06669432833162858 S=3.6168693630373374].pdf(2.2994758350330042)
Testing logNormal[M=-3.9962274971512954 S=4.336777246466577].pdf(1.4951670369571974)
Testing logNormal[M=-4.172946790584127 S=3.688889251765363].pdf(1.7747322600088153)
Testing logNormal[M=2.255173374663583 S=1.5023098165536253].pdf(1.1149031400349119)
Testing logNormal[M=-1.1032763131871528 S=7.994194725298653].pdf(1.4702247163505002)
Testing logNormal[M=3.2293680175194908 S=5.666971031091053].pdf(0.9965399092713529)
Testing logNormal[M=2.3464978959016403 S=8.215031178369438].pdf(2.075280357239965)
Testing logNormal[M=-0.21283864838882138 S=7.437775972542173].pdf(1.2513740273726137)
Testing logNormal[M=0.0890687745765062 S=2.7394887527614795].pdf(1.5467444776437176)
Testing logNormal[M=-0.5225681313427444 S=7.9223517296637125].pdf(0.3834859496036994)
Testing logNormal[M=-2.2267922732719816 S=1.3503821791492543].pdf(2.1311501817913694)
Testing logNormal[M=4.812708885328416 S=2.593868185177506].pdf(1.9146710025319553)
Testing logNormal[M=3.384897594483313 S=8.957706624198895].pdf(2.0070096111065685)
Testing logNormal[M=-2.910897418430677 S=6.665821221137939].pdf(0.5266998338001301)
Testing logNormal[M=2.794698548120019 S=0.6425118629735349].pdf(1.9242020766435617)
Testing logNormal[M=-3.68437347721982 S=8.839388243640123].pdf(2.10217188495306)
Testing logNormal[M=2.5582153820599975 S=2.896582510840676].pdf(1.7113607355311846)
Testing logNormal[M=-4.582839316733302 S=8.66311718118946].pdf(1.2740172420742686)
Testing logNormal[M=-2.7524509288498633 S=5.934035776000219].pdf(1.3842305226888305)
Testing logNormal[M=3.236779661334289 S=8.162244327887745].pdf(1.865877881267829)
Testing logNormal[M=-4.774262516570462 S=3.8635700788292104].pdf(1.9214173979245517)
Testing logNormal[M=1.7332284262452982 S=4.480252938670901].pdf(1.361694815968612)
Testing logNormal[M=-0.6345480642736447 S=6.43600969279453].pdf(1.3349595460169115)
Testing logNormal[M=-1.4142511795519819 S=5.659250303235737].pdf(2.1759206874237425)
Testing logNormal[M=-0.7605578519653058 S=4.104930316596725].pdf(1.8192452215939012)
Testing logNormal[M=-2.5419273740571424 S=1.4542184489145193].pdf(1.9220311755774195)
Testing logNormal[M=-1.315351624152731 S=1.3362507290168812].pdf(1.9211542924629887)
Testing logNormal[M=2.0132875282873215 S=0.22479542877978154].pdf(1.7393497547165697)
Testing logNormal[M=1.4691538211588409 S=3.47667985364272].pdf(2.088172841690609)
Testing logNormal[M=1.0413492272613967 S=4.152968029025098].pdf(2.227481733013642)
Testing logNormal[M=-0.1557639216356197 S=6.069940908860913].pdf(2.0051401826672093)
Testing logNormal[M=2.376792951674532 S=9.334724555464222].pdf(2.119519999004698)
Testing logNormal[M=-4.420606583140534 S=7.439056312303153].pdf(1.5033475987815765)
Testing logNormal[M=-0.3172318977644881 S=5.566739667543946].pdf(1.9197261568964783)
Testing logNormal[M=1.5742651884343157 S=2.1329723176614737].pdf(0.7646399409516034)
Testing logNormal[M=-3.6664151718855997 S=9.600811281205768].pdf(1.2040787910949542)
Testing logNormal[M=-3.551477047751085 S=9.097011573383845].pdf(0.9835131057815061)
Testing logNormal[M=-4.596311328965404 S=2.96974847157897].pdf(1.3315054907307704)
Testing logNormal[M=-1.653711151372621 S=4.724664151056768E-4].pdf(1.3008175874765378)
Testing logNormal[M=-2.9368027478413774 S=4.23721801813862].pdf(2.007887914148578)
Testing logNormal[M=4.1617757968626865 S=3.553595679264289].pdf(0.42926017258559396)
Testing logNormal[M=2.779839950287146 S=1.2473691662117192].pdf(1.2414138209799654)
Testing logNormal[M=-3.0263865964824763 S=3.17815033263071].pdf(1.3669166137962108)
Testing logNormal[M=2.3415235413418225 S=3.7172822333251676].pdf(0.5165031366398434)
Testing logNormal[M=-2.9028215869461302 S=3.8801113552501887].pdf(2.0419836912502)
Testing logNormal[M=3.018586598916505 S=5.43277218039104].pdf(1.729999945566398)
Testing logNormal[M=0.7969382007537167 S=6.794220927003262].pdf(1.8087964534041312)
Testing logNormal[M=-4.798004662052744 S=6.627251932041195].pdf(2.180089807733593)
Testing logNormal[M=-0.5276766994229698 S=4.529641056166774].pdf(2.2372095364996345)
Testing logNormal[M=0.2552819671459474 S=8.76286322852764].pdf(1.7958851639211861)
Testing logNormal[M=-4.371941197173122 S=0.7729155096178364].pdf(1.3474543563563572)
Testing logNormal[M=-0.583412111297057 S=4.504902126496293].pdf(2.007126734276315)
Testing logNormal[M=3.275613180932437 S=0.2793197825487337].pdf(2.1811496086233)
Testing logNormal[M=-3.568595098027668 S=5.167617856160208].pdf(1.2128923787189096)
Testing logNormal[M=4.366726121444582 S=2.9452126006633583].pdf(1.8091313238599842)
Testing logNormal[M=2.284256701540733 S=3.7620783019367976].pdf(0.8860562081832728)
Testing logNormal[M=1.0930998783815502 S=1.905140784063093].pdf(2.13492507855581)
Testing logNormal[M=1.1250458528173057 S=4.827114854053374].pdf(2.0243026846022496)
Testing logNormal[M=3.622319525493676 S=2.956495825239829].pdf(1.1127176884887073)
Testing logNormal[M=-2.6675802921215186 S=1.4473641404667559].pdf(2.2305626249871735)
Testing logNormal[M=4.13891139934686 S=1.9737254618770805].pdf(2.1867477372749)
Testing logNormal[M=-1.4238778540387251 S=0.49992464282243243].pdf(1.8945572782673492)
Testing logNormal[M=-4.235835877989454 S=7.6510226501951974].pdf(1.7874675080336677)
Testing logNormal[M=2.251534009540915 S=0.7252554932144739].pdf(2.0965621346301324)
Testing logNormal[M=-4.168875556736844 S=9.23513740066406].pdf(2.157233399503113)
Testing logNormal[M=1.3293874097631004 S=3.1734322822582737].pdf(0.4548623866758796)
Testing logNormal[M=4.5683833662227915 S=2.1122027304271853].pdf(0.23930519273596818)
Testing logNormal[M=-1.2360431381845007 S=5.92676201685987].pdf(1.318180542553481)
Testing logNormal[M=-0.44035308359582537 S=4.303848298261375].pdf(1.0285657837903464)
Testing logNormal[M=-2.7000953338234854 S=7.175706594306739].pdf(1.9787346025166368)
Testing logNormal[M=2.0869110793472077 S=1.7747642888542148].pdf(1.9381891091391363)
Testing logNormal[M=-3.1225630653829417 S=5.491904752582394].pdf(1.1495162254971463)
Testing logNormal[M=4.025004699796707 S=9.871725558238156].pdf(2.2135629561421846)
Testing logNormal[M=0.7243145820723296 S=4.7478466328758735].pdf(1.0388866253062445)
Testing logNormal[M=1.105091760897813 S=6.17505147841881].pdf(1.850130714401458)
Testing logNormal[M=1.0810217784146916 S=7.4155418307399135].pdf(1.0933769587210895)
Testing logNormal[M=-4.207211506825815 S=5.8455349182543745].pdf(1.6750272835549798)
Testing logNormal[M=2.2206134131962996 S=8.159792362360168].pdf(2.2523358711022348)
Testing logNormal[M=0.02127412678522944 S=7.047814974899044].pdf(2.031670038275158)
Testing logNormal[M=1.8900905878790466 S=0.6630875743348152].pdf(1.415648211333907)
Testing logNormal[M=-4.537203363071206 S=1.0933867565709954].pdf(2.225689554735322)
Testing logNormal[M=-2.7052091118854946 S=6.7642128869278375].pdf(1.0585523465715607)
Testing logNormal[M=1.4845808359368302 S=7.636110446134261].pdf(1.6268198076894533)
Testing logNormal[M=-0.9325466343074718 S=5.120369239992902].pdf(2.248502508472564)
Testing logNormal[M=2.2242333741830453 S=4.277159725700938].pdf(1.6883466436103183)
Testing logNormal[M=0.2569329739002395 S=3.486557875636901].pdf(1.678138233730043)
Testing logNormal[M=2.610893931816001 S=0.44789346379414785].pdf(2.0033657954899176)
Testing logNormal[M=-3.7427004746280312 S=3.8953880689741083].pdf(2.159111907446464)
Testing logNormal[M=0.5506284266863677 S=8.734962348139225].pdf(2.0724340841521305)
Testing logNormal[M=0.8979194535017223 S=5.696236900432736].pdf(1.9899634807121922)
Testing logNormal[M=2.9566660910398284 S=2.5661136684347907].pdf(2.1602722234291836)
Testing logNormal[M=-3.5090869748885076 S=5.014310159288966].pdf(0.16789125547159237)
Testing logNormal[M=-3.755481881863844 S=4.784485857728798].pdf(2.238453999479535)
Testing logNormal[M=-4.291352445304151 S=4.881379953187297].pdf(2.0348072778037354)
Testing logNormal[M=-0.07279628245237557 S=1.3823630566059741].pdf(2.0171292058988697)
Testing logNormal[M=3.7516749814439656 S=5.045875536821254].pdf(1.0620845225028837)
Testing logNormal[M=-1.5694876588998041 S=0.9515372598296046].pdf(0.7048394483977812)
Testing logNormal[M=3.140819853040327 S=5.8620849301041815].pdf(0.8004096794999288)
Testing logNormal[M=1.6191012976972718 S=2.9388838037664877].pdf(2.285222985911041)
Testing logNormal[M=-3.1898155864725575 S=7.825723432970468].pdf(2.0957465535320887)
Testing logNormal[M=0.8816669721824013 S=4.386033285198229].pdf(1.531254189988634)
Testing logNormal[M=0.6004447984373007 S=1.3629470878567862].pdf(0.44329253348015013)
Testing logNormal[M=0.44676648150239906 S=2.945522331846356].pdf(1.3276651909370871)
Testing logNormal[M=-3.685614632019538 S=2.1237487136845057].pdf(1.9859773749249)
Testing logNormal[M=-3.8402167999648174 S=4.976303537986179].pdf(1.6012782691534568)
Testing logNormal[M=0.2195840391286561 S=2.592973823962248].pdf(2.2429421610909053)
Testing logNormal[M=-0.6433168851389688 S=7.135747314375248].pdf(2.2438593324292406)
Testing logNormal[M=2.6478837609199743 S=8.760148193422337].pdf(0.4775313831618233)
Testing logNormal[M=4.0899405266453766 S=7.3956975578394415].pdf(0.6839273221643077)
Testing logNormal[M=1.1675589022926527 S=6.465774637468433].pdf(1.5012840148689117)
Testing logNormal[M=4.077551109181371 S=6.52474383707254].pdf(2.237246152505937)
Testing logNormal[M=-0.1468891562241934 S=8.86064537503688].pdf(2.042578772496677)
Testing logNormal[M=-1.5210291391372044 S=6.768702670593325].pdf(1.0505296317579782)
Testing logNormal[M=1.8193671462906185 S=9.177454396332745].pdf(1.0117517922416581)
Testing logNormal[M=0.07634892327885723 S=9.071633001725706].pdf(1.9840080250312773)
Testing logNormal[M=3.755514607418684 S=4.2573141029347035].pdf(1.7775247621178465)
Testing logNormal[M=-1.7775880738653758 S=6.8670609563364255].pdf(1.84913674114428)
Testing logNormal[M=4.727927264071344 S=6.477396369179401].pdf(0.2734387872209885)
Testing logNormal[M=-4.569259652111697 S=5.6999930104662555].pdf(2.096268714187325)
Testing logNormal[M=2.0142528943154128 S=6.839859046937805].pdf(1.7214567952151052)
Testing logNormal[M=-1.311770872622474 S=5.950097279596412].pdf(1.6162646395776696)
Testing logNormal[M=1.8144555303759962 S=6.113697114698635].pdf(2.195411339028053)
Testing logNormal[M=0.8475867305813303 S=4.522336107939594].pdf(0.9350222296437105)
Testing logNormal[M=3.850348675519827 S=3.666878096755269].pdf(0.9091795507918728)
Testing logNormal[M=-0.6168797706326901 S=6.089245078766422].pdf(2.013199014831803)
Testing logNormal[M=0.8778604281043716 S=9.061515589397782].pdf(1.212659931832344)
Testing logNormal[M=2.8025701140151043 S=6.958319133615165].pdf(2.215963475464391)
Testing logNormal[M=-2.3866357831422413 S=1.2173937016857217].pdf(1.979612186682926)
Testing logNormal[M=0.828477454164279 S=4.9948577202163635].pdf(1.5910237838709849)
Testing logNormal[M=-4.391035507142109 S=4.971631586921159].pdf(0.5802193582643861)
Testing logNormal[M=3.6244431714681333 S=0.12198477098502303].pdf(1.9626882779950985)
Testing logNormal[M=0.6256032164763639 S=2.771998993548835].pdf(2.022748555982092)
Testing logNormal[M=-1.5228784880560307 S=5.292892614374476].pdf(1.9927653302494779)
Testing logNormal[M=3.857584375795387 S=3.8352418521380005].pdf(1.3910739215856147)
Testing logNormal[M=2.8523382514706253 S=0.4390359728600668].pdf(1.5213171859744123)
Testing logNormal[M=-4.175082006309871 S=1.4816356407239684].pdf(0.13003885381659583)
Testing logNormal[M=3.394697794057379 S=6.7546043977697945].pdf(2.1199766082924296)
Testing logNormal[M=-3.041337124572899 S=0.7513753821158375].pdf(1.1102381645999666)
Testing logNormal[M=-4.3807783437238985 S=1.1825317308338001].pdf(0.7225294110199859)
Testing logNormal[M=1.165842760942816 S=5.01458228548961].pdf(1.7109836026241199)
Testing logNormal[M=3.604450468001586 S=5.739668477167918].pdf(0.42768137137314105)
Testing logNormal[M=3.999893812684162 S=9.77070115368462].pdf(1.4806601150507999)
Testing logNormal[M=0.7613132153773083 S=9.696471861949238].pdf(1.3549562871008949)
Testing logNormal[M=0.7241532986526344 S=9.829612716484805].pdf(0.5583199514802001)
Testing logNormal[M=-4.98807121045764 S=5.166278671204715].pdf(0.46456772575691035)
Testing logNormal[M=-1.4975437842040416 S=8.679441963766836].pdf(0.0024021500943795975)
Testing logNormal[M=-4.272865839416015 S=5.636314599864623].pdf(2.2772857847635275)
Testing logNormal[M=2.364162468896458 S=5.147039495892988].pdf(0.987285587586578)
Testing logNormal[M=-2.7305681079217403 S=8.881199627028932].pdf(2.237645968021167)
Testing logNormal[M=1.9874888386554126 S=7.047124625455368].pdf(1.540408775485218)
Testing logNormal[M=3.7527304349275994 S=9.139980643047792].pdf(0.5197374856318376)
Testing logNormal[M=1.3084998849338403 S=2.6057152282978047].pdf(1.7859733994603346)
Testing logNormal[M=1.9687797855785538 S=9.134136375982536].pdf(1.7566928435178624)
Testing logNormal[M=-4.277291145605961 S=0.46868063510007496].pdf(0.2805745742985676)
Testing logNormal[M=0.379667742494572 S=2.560256511935627].pdf(1.6536118287979198)
Testing logNormal[M=-2.2270181556872 S=2.167615797012501].pdf(2.249893147949536)
Testing logNormal[M=4.6414413064469535 S=1.2543883198500905].pdf(1.9491153461411892)
Testing logNormal[M=4.9088263041013445 S=7.128372012910895].pdf(2.255738614547511)
Testing logNormal[M=1.8600628534353607 S=6.7250270424910905].pdf(2.04562547382037)
Testing logNormal[M=2.4907280323743812 S=5.495663165263448].pdf(1.9173304746693849)
Testing logNormal[M=1.8951769762014559 S=0.8050373254863352].pdf(0.9884767226754455)
Testing logNormal[M=2.8171451684330737 S=2.2800693219639645].pdf(0.26466033705472713)
Testing logNormal[M=-4.347698607460333 S=3.891601352785412].pdf(2.1132597637666213)
Testing logNormal[M=-3.1717028310031345 S=1.1003550794451178].pdf(0.2287163346961662)
Testing logNormal[M=4.092106076917313 S=2.6635393570415324].pdf(2.0000637442329334)
Testing logNormal[M=0.23278081925424932 S=5.69701953687196].pdf(1.6643562649972374)
Testing logNormal[M=0.8077974980410225 S=0.23503666210944685].pdf(2.175501365497438)
Testing logNormal[M=-1.4127982514914619 S=7.170862537329871].pdf(1.6540781056605467)
Testing logNormal[M=-4.951849377041571 S=2.4003363583320225].pdf(1.597620018999857)
Testing logNormal[M=3.0639452002213616 S=6.047238962617987].pdf(2.0672016732973177)
Testing logNormal[M=3.894826780553899 S=3.486368975364871].pdf(1.7378128319926744)
Testing logNormal[M=-0.03481844769154563 S=3.9954729573213954].pdf(0.2123162194546117)
Testing logNormal[M=4.057412635414231 S=1.8693234445580065].pdf(0.9502783391825187)
Testing logNormal[M=-2.3517633784208103 S=7.775250830962273].pdf(1.3309865193608994)
Testing logNormal[M=-0.7339891069202213 S=6.405357663716284].pdf(0.9373927767530807)
Testing logNormal[M=-3.1118996012605016 S=6.717703849081871].pdf(0.4547932938367613)
Testing logNormal[M=-3.177745273662188 S=4.0123860698378895].pdf(2.2876166295689875)
Testing logNormal[M=-1.6227155697693796 S=3.826620819504728].pdf(2.295950353431819)
Testing logNormal[M=2.7446936328987963 S=2.6438117888005563].pdf(0.7289729075192123)
Testing logNormal[M=-2.7193453597096964 S=0.015344429583684649].pdf(2.1699068511354405)
Testing logNormal[M=1.832619428553076 S=8.725304592971668].pdf(1.9945145443749466)
Testing logNormal[M=1.1581302282321229 S=8.088943202790364].pdf(1.3569837689648783)
Testing logNormal[M=-2.757543637464799 S=0.4891924732006614].pdf(0.5793932088232366)
Testing logNormal[M=1.265339377115322 S=5.644966846200053].pdf(1.141577100026365)
Testing logNormal[M=-1.6748404215456558 S=5.067580420897939].pdf(1.0940062479956318)
Testing logNormal[M=0.8048892262382648 S=8.786659698624236].pdf(2.2231465212619232)
Testing logNormal[M=-4.575240198523788 S=2.0402084590891914].pdf(1.8184995049491643)
Testing logNormal[M=-0.4609808278886627 S=4.756894327760208].pdf(1.932948980713303)
Testing logNormal[M=2.5161144915766425 S=8.18209427197939].pdf(0.9379170282451514)
Testing logNormal[M=-3.9781779052407718 S=8.942502056638967].pdf(1.4259177802103384)
Testing logNormal[M=4.273157971864791 S=0.3287811587866585].pdf(1.1540062611017388)
Testing logNormal[M=-1.6039078629255368 S=4.565943730684035].pdf(2.1263063746157416)
Testing logNormal[M=-2.02525794933486 S=9.924892383868922].pdf(1.4988166858706515)
Testing logNormal[M=-1.6567791361027928 S=5.184500295328515].pdf(2.0188201059132656)
Testing logNormal[M=4.291357488714965 S=4.010454617382453].pdf(2.2680005510031336)
Testing logNormal[M=-4.179877900061428 S=9.051878441714061].pdf(1.4143555727289128)
Testing logNormal[M=1.3305908982415708 S=9.080180486962714].pdf(1.2664301920332002)
Testing logNormal[M=3.4040528880036085 S=4.884226472533256].pdf(1.4818844043688983)
Testing logNormal[M=-4.009792751592985 S=2.894084876321714].pdf(2.2362666523789243)
Testing logNormal[M=1.8028679771566676 S=7.68982808392634].pdf(0.10600088448632625)
Testing logNormal[M=2.043631009663825 S=6.1561833886958155].pdf(0.13469226686081384)
Testing logNormal[M=-1.456206621661277 S=2.8595055860147847].pdf(1.4129548179263225)
Testing logNormal[M=0.17794044289817013 S=3.3786238940818327].pdf(0.9444734214783216)
Testing logNormal[M=-4.401085264787895 S=6.397311807302662].pdf(2.1307494003285394)
Testing logNormal[M=-4.1722479919424025 S=3.3259219532318287].pdf(1.3011843890000516)
Testing logNormal[M=-4.92309937506628 S=0.9499048846725899].pdf(2.0325352294436283)
Testing logNormal[M=-0.8040857802717039 S=3.243684621400412].pdf(2.236058444009213)
Testing logNormal[M=-2.7388939504268714 S=4.256930916399382].pdf(1.1059099208641439)
Testing logNormal[M=-0.2502620615975193 S=6.700475737771604].pdf(1.5885691887238782)
Testing logNormal[M=-4.1860398008291435 S=6.0462842219274435].pdf(0.7675485764221428)
Testing logNormal[M=-2.086814429849052 S=7.172451703591607].pdf(0.07231868627131265)
Testing logNormal[M=-3.6256506009732536 S=9.25991054654573].pdf(2.1751690042980556)
Testing logNormal[M=-3.0225612640303776 S=7.3740686835328475].pdf(0.21765055984647744)
Testing logNormal[M=-0.9046641343555955 S=6.619825327829946].pdf(0.19112534443291945)
Testing logNormal[M=2.3041705432727566 S=2.410303812531376].pdf(1.2271420967516364)
Testing logNormal[M=2.3500888924059353 S=1.0198334639531503].pdf(1.8855399171621978)
Testing logNormal[M=2.6447466960429793 S=9.030401918454404].pdf(1.9092423173671538)
Testing logNormal[M=2.0521041872994967 S=8.684635320618908].pdf(1.642510083225663)
Testing logNormal[M=3.3546414235366164 S=6.795102584567152].pdf(1.8876753487384)
Testing logNormal[M=-4.650106047306463 S=8.127062939681947].pdf(0.27425264930370974)
Testing logNormal[M=0.9188413287437793 S=6.1214761780991855].pdf(1.3960277781846244)
Testing logNormal[M=2.9873329894113496 S=2.05609907034749].pdf(1.511137900729721)
Testing logNormal[M=1.6709397487130513 S=3.597726189679553].pdf(1.942709509964534)
Testing logNormal[M=-2.053512565645116 S=8.031363513184681].pdf(1.1632275846894065)
Testing logNormal[M=-1.012428522824249 S=2.512246918655637].pdf(1.1915039859735561)
Testing logNormal[M=3.2191890200235225 S=8.166213139706839].pdf(0.2925499385137743)
Testing logNormal[M=-1.986193988241328 S=6.8285648347294226].pdf(2.092126238152805)
Testing logNormal[M=2.4615591786923394 S=7.831305988444129].pdf(1.6151398979408633)
Testing logNormal[M=1.6351947769176212 S=5.930539698149294].pdf(2.278121648171101)
Testing logNormal[M=-2.4441921243742284 S=3.176845142547464].pdf(2.2023204711303332)
Testing logNormal[M=-0.713038276200475 S=3.788234934132216].pdf(2.0591912112024864)
Testing logNormal[M=3.6206910430615054 S=5.275156540196311].pdf(2.0902550919563763)
Testing logNormal[M=-0.5485736213652048 S=0.25265801115747055].pdf(1.964248390146377)
Testing logNormal[M=-3.0951006514687274 S=3.709098278924806].pdf(1.9771426020667182)
Testing logNormal[M=1.130855477935583 S=7.600836158342348].pdf(0.6071112419983923)
Testing logNormal[M=0.2919428331583038 S=8.36759848570885].pdf(2.224739016654262)
Testing logNormal[M=1.7117734958327615 S=0.5506947277819185].pdf(1.7841088423628506)
Testing logNormal[M=3.546425128412423 S=4.368577261700265].pdf(1.7002623830504566)
Testing logNormal[M=-2.036381609162502 S=8.327160220765219].pdf(1.839501764306352)
Testing logNormal[M=-0.13388999213253516 S=7.575228721966523].pdf(1.7112823627010383)
Testing logNormal[M=-1.1930138359212306 S=4.924742722046962].pdf(0.20198952800174158)
Testing logNormal[M=-1.5233059745545119 S=9.106130141645707].pdf(1.982024519512767)
Testing logNormal[M=3.8526082136998276 S=8.766451449069528].pdf(0.6574591529512958)
Testing logNormal[M=-2.901667713481592 S=6.773667688554218].pdf(2.0295265523378765)
Testing logNormal[M=0.5028552663730448 S=9.211982958770863].pdf(2.036757325852474)
Testing logNormal[M=0.6938482148929035 S=5.47088389462778].pdf(2.0170536858636603)
Testing logNormal[M=2.4629659136599837 S=1.7747579737278296].pdf(0.6169101850838796)
Testing logNormal[M=1.5367555313054275 S=3.204598387555756].pdf(2.1093945354190375)
Testing logNormal[M=-0.20199827184170438 S=6.972870388781134].pdf(1.7186882422824354)
Testing logNormal[M=3.7353851849583126 S=3.3016248674063933].pdf(2.194612422748044)
Testing logNormal[M=-3.4586743348941473 S=9.631899936650555].pdf(1.7848620591703361)
Testing logNormal[M=-1.4641238898290676 S=7.364496166248103].pdf(1.627760389741496)
Testing logNormal[M=-0.8504769855066732 S=7.828762185548825].pdf(0.9660893612850822)
Testing logNormal[M=0.9114876432798846 S=9.719246653649874].pdf(1.3095626536542957)
Testing logNormal[M=-3.6718890283470462 S=0.92881769872872].pdf(0.15685653805248995)
Testing logNormal[M=4.5559574618521985 S=7.071763626163739].pdf(1.7897675195081642)
Testing logNormal[M=-0.34305222492803367 S=9.758260427249217].pdf(1.7099089782289876)
Testing logNormal[M=4.508026888431035 S=8.675262985461313].pdf(0.948598078232621)
Testing logNormal[M=3.818983038428179 S=5.617168691539951].pdf(1.4384387197717283)
Testing logNormal[M=2.0267677499305563 S=3.3084841084775407].pdf(1.704442490383934)
Testing logNormal[M=0.37915545204689405 S=1.3749024296006152].pdf(1.481695668563957)
Testing logNormal[M=0.10079258274378944 S=9.00077620828535].pdf(0.3609866577388707)
Testing logNormal[M=4.356610202096736 S=2.69913354423313].pdf(1.7206068706598672)
Testing logNormal[M=-0.584477121549857 S=1.9136155104887476].pdf(1.0690489543053088)
Testing logNormal[M=3.1364850844422314 S=5.17185886426787].pdf(1.5574628279240907)
Testing logNormal[M=4.764263221428603 S=5.156927975100103].pdf(1.686319365597154)
Testing logNormal[M=4.9781647136968274 S=5.919758103349527].pdf(2.1151733207704573)
Testing logNormal[M=-0.22430459410453274 S=2.0002009868987902].pdf(2.0245762636838602)
Testing logNormal[M=-2.2204255321166464 S=1.8365298521879814].pdf(0.9610299118830086)
Testing logNormal[M=1.9295387447531525 S=2.3545556805883203].pdf(0.9211623364559208)
Testing logNormal[M=-0.5611040034315504 S=0.39899161903379277].pdf(2.081510475027912)
Testing logNormal[M=3.4099691122864986 S=0.6416172647878104].pdf(2.3000944972730477)
Testing logNormal[M=2.1542269594022994 S=9.776771555649038].pdf(0.16926611737879663)
Testing logNormal[M=1.6670528517118033 S=0.6646936159836636].pdf(1.2832138074040993)
Testing logNormal[M=4.9672665244892436 S=1.244361013023485].pdf(1.7660347482196834)
Testing logNormal[M=2.871826943181171 S=6.738575492701485].pdf(2.0327332851305053)
Testing logNormal[M=3.4712296475214526 S=9.49390867061762].pdf(2.1942049934159913)
Testing logNormal[M=3.3091369693312416 S=8.590927661812444].pdf(1.040810616335242)
Testing logNormal[M=1.5035287444635301 S=2.7128261755930305].pdf(0.17811617782930605)
Testing logNormal[M=-2.7642718318287907 S=9.599856469444553].pdf(1.470694159933306)
Testing logNormal[M=-0.44169034201577695 S=7.009875194638223].pdf(2.2396295471454306)
Testing logNormal[M=4.487992053270796 S=6.305055239626397].pdf(2.2592434093152245)
Testing logNormal[M=3.055940095928486 S=0.5605510455077756].pdf(2.2629369538076527)
Testing logNormal[M=2.9841667888246484 S=5.068502671071739].pdf(2.274643162042093)
Testing logNormal[M=-2.961826407732955 S=4.872602661939962].pdf(2.2466627815001443)
Testing logNormal[M=-0.9678476020520232 S=8.249743027830142].pdf(1.7070161298522908)
Testing logNormal[M=2.281912925123226 S=2.604091321646224].pdf(2.253106208448661)
Testing logNormal[M=2.2357044025827335 S=1.6831671414311566].pdf(1.8119846044666172)
Testing logNormal[M=-3.049719640452336 S=5.036757959861863].pdf(0.733356759158699)
Testing logNormal[M=0.9486445442293316 S=3.9405137199632145].pdf(2.1830087709542205)
Testing logNormal[M=0.25005837648628937 S=3.209977620200113].pdf(1.762061463346465)
Testing logNormal[M=4.140292903070062 S=9.897818475036269].pdf(2.0289056159060936)
Testing logNormal[M=3.895741690862369 S=8.24133017689565].pdf(1.9364736848354407)
Testing logNormal[M=4.151874937865308 S=1.5258034604481618].pdf(2.1280045845332327)
Testing logNormal[M=-2.468318941897988 S=3.61736406617064].pdf(2.2110525766658875)
Testing logNormal[M=1.4150229108041268 S=3.364855271588809].pdf(0.3935244727054575)
Testing logNormal[M=3.5212942084117334 S=5.1971299533833095].pdf(1.4654414114931402)
Testing logNormal[M=-0.47683245095814986 S=1.2393868959083998].pdf(2.080679763299682)
Testing logNormal[M=-1.8823102582118576 S=6.722547544750013].pdf(1.9329857062866773)
Testing logNormal[M=-2.0381580774054897 S=7.913604171373386].pdf(2.2076693271803527)
Testing logNormal[M=2.558577137215135 S=1.9968251030585882].pdf(1.4273895767162077)
Testing logNormal[M=-3.762812261591064 S=5.890803937134573].pdf(1.3663967996848283)
Testing logNormal[M=0.9439566844982767 S=5.855741974196204].pdf(1.2462779387674219)
Testing logNormal[M=1.469503724094392 S=7.044648793174129].pdf(0.5542470229883895)
Testing logNormal[M=3.524751200327618 S=2.295178173179986].pdf(1.568365195472016)
Testing logNormal[M=-2.151669206124418 S=0.836376591835849].pdf(1.1443854774272455)
Testing logNormal[M=2.6250886779949143 S=4.408809570804042].pdf(2.0347049049099177)
Testing logNormal[M=4.855570863631302 S=3.727011689596642].pdf(0.5838488725752933)
Testing logNormal[M=0.18490251821871695 S=6.226832347431872].pdf(0.23304190182279438)
Testing logNormal[M=-0.6747629550702268 S=6.6346470848126815].pdf(0.3200034964302381)
Testing logNormal[M=-3.894714669981547 S=7.033515440224642].pdf(0.4108288728978565)
Testing logNormal[M=0.5248612513097628 S=1.9603761007418474].pdf(1.2602226685289615)
Testing logNormal[M=-4.071627073691449 S=3.9000505086446555].pdf(1.2858678346057621)
Testing logNormal[M=-4.144935874115778 S=3.431573964362138].pdf(0.362765495440405)
Testing logNormal[M=-4.528723147176454 S=7.698718227325621].pdf(0.048531145506461745)
Testing logNormal[M=1.5002298937039615 S=4.075035536745531].pdf(1.7952700654265403)
Testing logNormal[M=0.3394509671043897 S=0.4770596750561429].pdf(2.109597935362332)
Testing logNormal[M=-0.6615104070354914 S=0.24574029516433948].pdf(1.6755027631795232)
Testing logNormal[M=0.6567931219423269 S=3.528587588635057].pdf(1.2332784080339099)
Testing logNormal[M=2.461134816097628 S=5.968287155041113].pdf(2.145862963862139)
Testing logNormal[M=0.5659800767065626 S=9.161538162635544].pdf(2.240640057290812)
Testing logNormal[M=-3.5005145543965375 S=2.560060516421181].pdf(2.0733603689640203)
Testing logNormal[M=1.7601244443485617 S=1.17247984231718].pdf(2.0434033599574013)
Testing logNormal[M=0.15502787488081982 S=8.965339461415443].pdf(2.1024968593442317)
Testing logNormal[M=-3.0518315845082267 S=5.096770490086925].pdf(1.7700962127178677)
Testing logNormal[M=0.8936221928010699 S=5.697452471492949].pdf(2.1357735819979125)
Testing logNormal[M=-1.5357993113269286 S=7.705373845353099].pdf(1.4418710583956167)
Testing logNormal[M=-1.0772656611487053 S=0.6538748698288321].pdf(2.0770341717012393)
Testing logNormal[M=-4.409410380011196 S=0.8152038411727935].pdf(2.19855268620175)
Testing logNormal[M=2.963416766555066 S=1.0832421623675403].pdf(0.8554646538813805)
Testing logNormal[M=-1.1420543643675476 S=8.534941424624806].pdf(1.5349669727934923)
Testing logNormal[M=-4.286733463812052 S=9.139717220439444].pdf(1.2387355422654878)
Testing logNormal[M=4.483368252755005 S=5.056472546672252].pdf(1.2702442048911469)
Testing logNormal[M=2.754567787081724 S=3.0419001604668905].pdf(2.1279397843463976)
Testing logNormal[M=3.237026525309446 S=7.391787641523905].pdf(1.896382553104528)
Testing logNormal[M=4.540335721653573 S=6.774231794245248].pdf(2.043816919339867)
Testing logNormal[M=-0.14519538653444908 S=1.8125182175441124].pdf(1.9681552087281777)
Testing logNormal[M=-4.456686723510417 S=9.994498465477925].pdf(0.20069203358784427)
Testing logNormal[M=-3.9626084687339347 S=1.5997316111891058].pdf(1.9815164507602054)
Testing logNormal[M=-2.1649220392459734 S=0.12359654823653754].pdf(1.1005916666044826)
Testing logNormal[M=-3.6829245871397887 S=5.664462734993143].pdf(0.2256848744342144)
Testing logNormal[M=3.0668622481693752 S=5.939329178188374].pdf(1.1555452811962579)
Testing logNormal[M=-3.591984883375541 S=9.070747172023621].pdf(2.279942409268736)
Testing logNormal[M=3.6227404222075617 S=1.462597398151524].pdf(0.7955203145232215)
Testing logNormal[M=2.078038242520938 S=1.8674191668508455].pdf(1.017711063513609)
Testing logNormal[M=2.6505021411565 S=9.818554336287427].pdf(1.9569710047441804)
Testing logNormal[M=-1.1970423700826527 S=6.766127730004063].pdf(2.153708254040476)
Testing logNormal[M=3.755590780278915 S=5.10249511459382].pdf(1.2033305852237721)
Testing logNormal[M=-1.5803673739804234 S=6.913217631476991].pdf(2.237524144692969)
Testing logNormal[M=4.847441401471276 S=1.3246065715313071].pdf(1.7197786157016606)
Testing logNormal[M=3.151392457816165 S=5.402671652631805].pdf(2.105606274530381)
Testing logNormal[M=3.1468624490650665 S=2.413519058899211].pdf(0.2868437092761599)
Testing logNormal[M=-3.0626009900416786 S=6.171893809853387].pdf(1.6473420708676103)
Testing logNormal[M=4.172546267001657 S=8.1808447716471].pdf(1.9044227059952323)
Testing logNormal[M=2.0890272745963836 S=1.9911634493015706].pdf(1.6439939075834182)
Testing logNormal[M=2.3047660265753596 S=3.8856119146761268].pdf(1.5828004403531222)
Testing logNormal[M=4.218798840383407 S=5.882985532946741].pdf(1.687199380560815)
Testing logNormal[M=-4.5764727662284885 S=5.557376986851692].pdf(0.6575221624641503)
Testing logNormal[M=4.7257608634630515 S=7.3551102415792435].pdf(1.5934422718053405)
Testing logNormal[M=3.1196840096967797 S=1.8749521021041737].pdf(1.7286794107484913)
Testing logNormal[M=4.113964522505601 S=2.8340729834575287].pdf(1.7233444612341882)
Testing logNormal[M=1.9931726620316814 S=1.1912142583859142].pdf(1.4740658648750455)
Testing logNormal[M=-3.318394720538861 S=6.378965082521379].pdf(2.1239015756007014)
Testing logNormal[M=-0.29377341356747966 S=4.818198742438554].pdf(2.192523624378886)
Testing logNormal[M=-2.173687308323493 S=3.2238233616855103].pdf(1.4287091495259232)
Testing logNormal[M=-0.5332852970228981 S=2.3910515852445515].pdf(1.9458468051004103)
Testing logNormal[M=-1.727040769011654 S=8.786626442490897].pdf(0.677197722502366)
Testing logNormal[M=-4.703725744569061 S=8.17880322663857].pdf(2.15014753209865)
Testing logNormal[M=1.3992917635319122 S=4.307242729009016].pdf(0.1320753954502535)
Testing logNormal[M=3.637687402804044 S=4.917369267780387].pdf(2.2734327378504084)
Testing logNormal[M=-4.35605176155884 S=2.9807382667292015].pdf(2.02899085560463)
Testing logNormal[M=3.810910393577821 S=7.74344099852383].pdf(1.5307011714186534)
Testing logNormal[M=-3.969501665653273 S=2.9113306217445545].pdf(0.9604424025384252)
Testing logNormal[M=4.652272237069949 S=5.48350652459109].pdf(1.975377141951248)
Testing logNormal[M=1.0208834670467244 S=0.13535951444425653].pdf(1.9294457051196818)
Testing logNormal[M=1.5561517470853845 S=5.799714714350732].pdf(2.086452189849023)
Testing logNormal[M=1.648254302046837 S=8.090673115724499].pdf(1.6799239948702371)
Testing logNormal[M=1.837098330369252 S=9.23660952449481].pdf(1.1607888601039948)
Testing logNormal[M=2.797594008273066 S=1.7644451254219218].pdf(1.6084870626247714)
Testing logNormal[M=-2.4107026872059247 S=9.518178168864004].pdf(1.3057077852057277)
Testing logNormal[M=-0.4462909786075562 S=5.163725715428063].pdf(0.2702464159066418)
Testing logNormal[M=3.3250229754114216 S=6.657252770545679].pdf(1.2708752501509528)
Testing logNormal[M=-1.4259360474641571 S=6.342708204742228].pdf(1.8767161230403377)
Testing logNormal[M=-2.601369427593304 S=2.73177169487865].pdf(2.1337252906592923)
Testing logNormal[M=4.9802000288549735 S=0.5465840840348135].pdf(1.9945755124770759)
Testing logNormal[M=-3.398647414305873 S=6.279526427866255].pdf(1.0179702170979803)
Testing logNormal[M=-2.5261525318334344 S=5.85244593511221].pdf(1.3780441323221957)
Testing logNormal[M=2.9925208325586494 S=7.307836109580173].pdf(1.6705977218090278)
Testing logNormal[M=3.1367902498848075 S=1.9073682956120042].pdf(1.3432404619943572)
Testing logNormal[M=-4.093170537681714 S=5.1455790687456044].pdf(0.7723670522094367)
Testing logNormal[M=-1.7995709200461896 S=9.588376966963683].pdf(1.3741072108448118)
Testing logNormal[M=0.06547808363687846 S=6.956192229360489].pdf(0.4118740738067872)
Testing logNormal[M=-4.608816691538907 S=6.922605009267019].pdf(1.0015829873435296)
Testing logNormal[M=-0.9855402484730655 S=0.012283583225428663].pdf(1.709409044647924)
Testing logNormal[M=4.775484996480751 S=6.3255310198080785].pdf(2.27180443672206)
Testing logNormal[M=2.1232572158357765 S=5.896405911565571].pdf(1.854751918937949)
Testing logNormal[M=3.2405668306056796 S=2.1711021835680535].pdf(1.1816102913078335)
Testing logNormal[M=-3.152612172079905 S=1.2986367151515998].pdf(2.166236079278653)
Testing logNormal[M=2.7523867371314212 S=0.36933173513225004].pdf(1.897052109055889)
Testing logNormal[M=0.8074000071022702 S=3.090987031966007].pdf(0.5472786863122004)
Testing logNormal[M=-4.673043598548689 S=8.370503963140889].pdf(1.5845245910759465)
Testing logNormal[M=1.0993602951917714 S=0.22317213808559222].pdf(1.6628427365130145)
Testing logNormal[M=-2.0025356768214877 S=8.959372834959115].pdf(1.2139046880108917)
Testing logNormal[M=4.069326815339583 S=8.132121166143778].pdf(0.881072372688292)
Testing logNormal[M=1.4636535779128685 S=5.726811735146285].pdf(1.439516806604502)
Testing logNormal[M=4.304610842773277 S=0.7140613525860351].pdf(1.797125002828239)
Testing logNormal[M=-3.3669846190172814 S=6.353474367751659].pdf(0.25817182889248463)
Testing logNormal[M=1.3879656970294407 S=7.264492820469751].pdf(0.2135294252759821)
Testing logNormal[M=0.8765046015702893 S=5.160100991624158].pdf(0.6704259178568487)
Testing logNormal[M=0.2827476006401328 S=3.3325511405866703].pdf(1.0601932137938046)
Testing logNormal[M=1.7363556250027568 S=1.7969519646078436].pdf(2.021187710846897)
Testing logNormal[M=-0.5614424551883825 S=0.7135803929989015].pdf(1.330665908982181)
Testing logNormal[M=-2.181136597158307 S=1.3076687526724373].pdf(2.0379121288700057)
Testing logNormal[M=-1.2669655216498943 S=6.723619598525215].pdf(0.9595352534471162)
Testing logNormal[M=0.5426601053128257 S=2.5245069286652355].pdf(1.2563903994123615)
Testing logNormal[M=-0.9097144144688896 S=2.6460386437909422].pdf(1.404871622199275)
Testing logNormal[M=1.1198396929385837 S=5.441197556294977].pdf(2.007136262504478)
Testing logNormal[M=2.309283070720312 S=7.6810296957668855].pdf(2.029170152945335)
Testing logNormal[M=-1.1870288617338276 S=7.267040444435261].pdf(1.411645921109487)
Testing logNormal[M=-1.633624326254508 S=2.3428383495252945].pdf(1.000931432141044)
Testing logNormal[M=2.660983141143161 S=6.457246009684844].pdf(2.206540647088813)
Testing logNormal[M=3.547096575645046 S=7.875385023996993].pdf(1.918600979187065)
Testing logNormal[M=2.2452307376474163 S=7.274764529225365].pdf(2.2997879982993066)
Testing logNormal[M=-2.995255048846357 S=3.95093207089484].pdf(1.7455638564612606)
Testing logNormal[M=-1.8633147316522214 S=7.971420328860702].pdf(1.329009749454086)
Testing logNormal[M=4.496506190589656 S=0.4540993629034473].pdf(1.652993544247749)
Testing logNormal[M=-1.892283442317415 S=0.05333813677423804].pdf(2.2967692593183995)
Testing logNormal[M=-4.659289421730709 S=4.528920430914366].pdf(1.9221479326906903)
Testing logNormal[M=-3.592193727483206 S=6.358444251809445].pdf(2.135522929839796)
Testing logNormal[M=4.268434008870841 S=6.992707208527974].pdf(2.280459088713363)
Testing logNormal[M=-4.989158038525003 S=1.8320048887752582].pdf(1.438542311947222)
Testing logNormal[M=1.4750788257740632 S=2.628847467041646].pdf(2.1529310608532817)
Testing logNormal[M=4.080300969727267 S=3.4182475293566483].pdf(1.8857106615605022)
Testing logNormal[M=-2.552438630071685 S=3.4117156604319367].pdf(2.1282248981214793)
Testing logNormal[M=4.524284923225112 S=7.8393580014130215].pdf(1.5917228554841216)
Testing logNormal[M=0.1538224049291017 S=8.259763177006006].pdf(1.788034565590077)
Testing logNormal[M=-4.29961179846567 S=7.123576082095103].pdf(1.8148286987144953)
Testing logNormal[M=0.0058160781648606275 S=5.045458121405348].pdf(2.206618533597321)
Testing logNormal[M=2.574934977316616 S=8.456496741776975].pdf(2.288668591561854)
Testing logNormal[M=-2.814056968919015 S=2.1197149376709676].pdf(0.7678206940008817)
Testing logNormal[M=-0.3824798897921031 S=3.6393489974527715].pdf(1.3787248989347258)
Testing logNormal[M=1.0591785865183194 S=7.0897402053143175].pdf(1.8289201557945667)
Testing logNormal[M=-0.7510256543981955 S=8.363482917247397].pdf(2.258007420376668)
Testing logNormal[M=2.461336639755432 S=0.7902925711195175].pdf(1.7050279023874584)
Testing logNormal[M=-1.7202537531420612 S=1.3117572841524539].pdf(0.9754685254039173)
Testing logNormal[M=1.8578395189087917 S=0.014207821704443901].pdf(2.0216005530154733)
Testing logNormal[M=-1.2519138555061229 S=3.94595581620387].pdf(2.1664529398764563)
Testing logNormal[M=-3.1277710255622972 S=1.866829166227314].pdf(2.017755418253857)
Testing logNormal[M=3.2681125134681572 S=1.099396702143639].pdf(1.558570426455003)
Testing logNormal[M=0.014913729388164043 S=3.65878272434754].pdf(1.5387319069380256)
Testing logNormal[M=3.806025208879717 S=2.620056558326608].pdf(2.152324033912247)
Testing logNormal[M=0.8745247498753965 S=1.8052802083274222].pdf(2.1362627420099765)
Testing logNormal[M=-0.4551057344137561 S=8.056307210845716].pdf(1.6645030153077296)
Testing logNormal[M=-2.7231666711329083 S=1.9148105102446222].pdf(2.0496865405505424)
Testing logNormal[M=-3.651292847031055 S=7.881518549525298].pdf(1.0210990372115145)
Testing logNormal[M=0.12040128460313504 S=7.242446933688164].pdf(0.0864901719011673)
Testing logNormal[M=-3.1457115502264132 S=5.317339618155684].pdf(1.7392212724833391)
Testing logNormal[M=-1.9168282078479768 S=4.686224349951726].pdf(1.816516187775091)
Testing logNormal[M=-3.6719644030391283 S=7.829119163970342].pdf(0.11174237514336652)
Testing logNormal[M=-1.8005527317094572 S=9.784055027205115].pdf(2.2406649996025503)
Testing logNormal[M=-3.5309863420132395 S=7.857434082347199].pdf(1.9869859964856198)
Testing logNormal[M=0.9741142438917683 S=9.057746308024678].pdf(1.793111850422802)
Testing logNormal[M=-1.1662381499025862 S=2.3631733893740883].pdf(2.1871572325697954)
Testing logNormal[M=0.19253982449055407 S=6.787736267769473].pdf(2.1478294796283524)
Testing logNormal[M=-3.08698986860805 S=1.8954611543642885].pdf(1.478056676172572)
Testing logNormal[M=-1.3396495498967398 S=8.523741588788377].pdf(1.7647781073556132)
Testing logNormal[M=4.445630243825644 S=7.244243234604451].pdf(1.9492807898362066)
Testing logNormal[M=3.6959230166724506 S=0.7579092358332296].pdf(1.9567893986474305)
Testing logNormal[M=-0.6350034726260567 S=9.649653878020349].pdf(2.2583711621303264)
Testing logNormal[M=-2.9732167489215744 S=7.383476147000981].pdf(1.3669695212757735)
Testing logNormal[M=2.6808079341818907 S=6.739239280641991].pdf(1.5051039266612054)
Testing logNormal[M=2.6312680830765425 S=3.9984981253851606].pdf(0.5231916644899625)
Testing logNormal[M=-2.931782013296047 S=9.011755980949076].pdf(0.325808212750442)
Testing logNormal[M=2.876274697264284 S=8.154006093478705].pdf(0.7852254533382312)
Testing logNormal[M=-0.8672295692808696 S=3.3646583488795176].pdf(1.3759264837058636)
Testing logNormal[M=4.985622264039872 S=8.918012045557346].pdf(0.8782326135247731)
Testing logNormal[M=2.099814974568482 S=7.051370800405971].pdf(2.0671164900953145)
Testing logNormal[M=-2.4931168608398657 S=4.218984186072705].pdf(0.7628379542047006)
Testing logNormal[M=-1.8395772997200286 S=4.712883926296094].pdf(1.8194627608208085)
Testing logNormal[M=-4.436376589543192 S=9.78480599035412].pdf(0.6659033677603136)
Testing logNormal[M=-4.79076374028523 S=9.154278612103369].pdf(1.1982448675248734)
Testing logNormal[M=2.3438105733325445 S=2.1079178474748717].pdf(1.0893684170099993)
Testing logNormal[M=2.631738052001279 S=4.4658776928492045].pdf(2.2557715555458677)
Testing logNormal[M=2.9958364881332855 S=0.36415884120772013].pdf(1.7204552584006758)
Testing logNormal[M=4.758971198764748 S=2.655369302254258].pdf(1.9847551738311067)
Testing logNormal[M=-1.0065989748345103 S=7.796264168997952].pdf(2.0978428814312893)
Testing logNormal[M=-0.03929242613976491 S=5.082080387345258].pdf(2.0090005102790607)
Testing logNormal[M=3.4825028245824345 S=3.092468229752894].pdf(2.059621926996436)
Testing logNormal[M=-3.6900884588535545 S=1.0175890087900796].pdf(1.7612366314253038)
Testing logNormal[M=-3.5255667138305027 S=3.381476158944049].pdf(1.7569251974711835)
Testing logNormal[M=4.953571839001375 S=2.460348000740483].pdf(0.7699776126420205)
Testing logNormal[M=2.8831826080508094 S=5.81242625325282].pdf(1.8851442966742618)
Testing logNormal[M=2.405073985588807 S=0.04737537765724609].pdf(0.912635521335171)
Testing logNormal[M=4.841541385313077 S=2.802830182751271].pdf(0.3308854551572212)
Testing logNormal[M=-1.9028268473495347 S=1.9024462046474344].pdf(2.071852452689144)
Testing logNormal[M=-3.662400882998856 S=7.069443261014462].pdf(1.7978104696401929)
Testing logNormal[M=2.305074508190078 S=7.259706743380432].pdf(1.8030706516597566)
Testing logNormal[M=4.595503367628304 S=1.064739248499511].pdf(2.133729458966915)
Testing logNormal[M=2.139501236736426 S=0.03815379204447522].pdf(0.7876066030900936)
Testing logNormal[M=3.6323956024839994 S=1.8516164557122805].pdf(0.8815830057259332)
Testing logNormal[M=2.269013149504021 S=4.3134003045409575].pdf(1.076097058902604)
Testing logNormal[M=0.5983288693287916 S=3.5677736934059725].pdf(1.8370211198261421)
Testing logNormal[M=-4.427852969751754 S=6.192082304793686].pdf(1.2973471414139996)
Testing logNormal[M=2.357520835068039 S=8.98426231285585].pdf(0.006408260145949414)
Testing logNormal[M=4.474783944023052 S=0.26342615074569253].pdf(0.24371696878334256)
Testing logNormal[M=-3.0058222761629705 S=5.555358195616481].pdf(1.6950559129067393)
Testing logNormal[M=-0.6270862157980179 S=9.31002758023748].pdf(0.254390878720251)
Testing logNormal[M=3.640195190305244 S=1.6744439505018505].pdf(1.6836396534778726)
Testing logNormal[M=-2.305601045434962 S=1.6912141215732968].pdf(1.4939999675974598)
Testing logNormal[M=-0.8146719681564818 S=2.3409523052432126].pdf(1.499383596350211)
Testing logNormal[M=-1.8020195027919872 S=9.02733547656229].pdf(2.1648401767894647)
Testing logNormal[M=-1.8497361954704719 S=9.56338385902314].pdf(1.601739580979741)
Testing logNormal[M=-1.1813220125240589 S=5.80163519422061].pdf(1.479593501105092)
Testing logNormal[M=-2.197919957698451 S=8.54330096320751].pdf(1.5886896824875711)
Testing logNormal[M=4.591504457624776 S=7.016215585268015].pdf(2.056747188045798)
Testing logNormal[M=-0.3790817421644661 S=6.541920837682063].pdf(1.8095668944390342)
Testing logNormal[M=1.366650455893879 S=7.928084418679402].pdf(2.1635737661319285)
Testing logNormal[M=-1.6500199502395816 S=9.729602417944319].pdf(0.8976978395008273)
Testing logNormal[M=-3.4422930778162986 S=7.769739296921266].pdf(1.548184686210909)
Testing logNormal[M=1.6253494248020495 S=8.714917274706524].pdf(2.0513529621831887)
Testing logNormal[M=2.338236034101019 S=8.99749511758542].pdf(1.8531404570188406)
Testing logNormal[M=-4.759511399006801 S=8.38257390307386].pdf(1.7457830428908463)
Testing logNormal[M=-3.6812208731630225 S=3.7504385890711722].pdf(1.4888527151721958)
Testing logNormal[M=1.048760321714843 S=8.91843486108033].pdf(2.181853632211467)
Testing logNormal[M=0.03203102452576623 S=1.3400646829620722].pdf(1.594470320291609)
Testing logNormal[M=1.7384553313152615 S=8.009586275339279].pdf(2.1825700308419673)
Testing logNormal[M=-3.1963153390499377 S=7.636312280910929].pdf(1.4691942077770488)
Testing logNormal[M=-4.508696127599654 S=9.167058147737205].pdf(0.7691702118729467)
Testing logNormal[M=-3.6954483655054373 S=7.702310596629771].pdf(1.940996584516991)
Testing logNormal[M=-1.6737332142204506 S=2.9956980434904223].pdf(0.7201567938668711)
Testing logNormal[M=-1.1587219718847317 S=9.275962243132224].pdf(2.218779608048889)
Testing logNormal[M=0.8248975669682244 S=2.1923999152341747].pdf(1.3715609158188693)
Testing logNormal[M=-3.2947887799701703 S=4.388821158792634].pdf(1.5568422210955997)
Testing logNormal[M=-3.1113194803404456 S=8.260678564509274].pdf(2.20921740909043)
Testing logNormal[M=3.6211496017305063 S=2.5842127041661076].pdf(0.9959532615715639)
Testing logNormal[M=-0.5387454034582646 S=6.0922202673174315].pdf(1.0888900450853278)
Testing logNormal[M=4.989454857750427 S=9.703080346039759].pdf(0.3951243692088284)
Testing logNormal[M=4.501699519937889 S=7.7763345927684515].pdf(1.9580841513855896)
Testing logNormal[M=4.335570902431549 S=5.0903403392442295].pdf(1.3155382858712397)
Testing logNormal[M=4.354424172900682 S=8.685149050819748].pdf(1.8016361426763157)
Testing logNormal[M=-2.5901592688973043 S=0.2829838550359476].pdf(0.08347673695252654)
Testing logNormal[M=4.0943735562337 S=8.720321679031102].pdf(1.2057240474236022)
Testing logNormal[M=0.39326014983031676 S=8.456285544496762].pdf(1.6604942941215044)
Testing logNormal[M=0.2235158711259002 S=0.6568763037516923].pdf(2.226627466005128)
Testing logNormal[M=4.619433961022931 S=2.9880738771661495].pdf(2.2620556060321353)
Testing logNormal[M=-1.447201831376057 S=3.7002195404239293].pdf(1.7434397019867427)
Testing logNormal[M=4.031022642257598 S=1.8784352586033748].pdf(0.3346791779046956)
Testing logNormal[M=-0.6617647186176203 S=0.24609902892214763].pdf(1.6055893868509585)
Testing logNormal[M=-2.286725427715818 S=6.036982458204564].pdf(0.7643578907282883)
Testing logNormal[M=1.5102825288288386 S=2.1755829509614397].pdf(1.082808037770325)
Testing logNormal[M=-3.0305345868361844 S=0.19417974356565781].pdf(1.9307173583534485)
Testing logNormal[M=3.370648685210856 S=3.8222312677055137].pdf(0.7534198015786207)
Testing logNormal[M=-0.07638236667184017 S=7.448198503343547].pdf(1.1541185299135845)
Testing logNormal[M=-3.3724824194070635 S=7.729383960888895].pdf(1.303392762670856)
Testing logNormal[M=1.1738705839409054 S=2.234145699442852].pdf(0.41580632587933103)
Testing logNormal[M=1.764748660173474 S=6.403539229570541].pdf(2.0315116094424206)
Testing logNormal[M=-4.0867781745684875 S=2.2767741847386427].pdf(2.06725305014894)
Testing logNormal[M=1.1278181468374973 S=5.115538227427794].pdf(2.166219981836989)
Testing logNormal[M=-2.2603026025341855 S=1.3082267586046903].pdf(1.0517058511421988)
Testing logNormal[M=-1.726158703070717 S=5.542297591826118].pdf(2.2375902893649715)
Testing logNormal[M=4.9149734161481735 S=4.208456816134506].pdf(2.0837022058182932)
Testing logNormal[M=-2.4185176958180374 S=1.3849792592256116].pdf(1.9672097706383083)
Testing logNormal[M=3.707678623374843 S=5.388666553722819].pdf(2.2434372480242786)
Testing logNormal[M=-4.103067291982177 S=4.628464088298766].pdf(0.5929991160601722)
Testing logNormal[M=-1.5622377189343348 S=3.942812066419694].pdf(1.8203231703097624)
Testing logNormal[M=4.974528565871076 S=1.5012222233132289].pdf(0.6008352227575593)
Testing logNormal[M=1.037175896071247 S=0.3421648868552196].pdf(1.8763812573255116)
Testing logNormal[M=-4.193593049586982 S=5.3341414886515395].pdf(0.1002438757225896)
Testing logNormal[M=-0.3755751539090104 S=1.1832446687226794].pdf(2.0246411659608503)
Testing logNormal[M=-3.4120104402772586 S=1.0011448169310466].pdf(2.074075978026422)
Testing logNormal[M=-1.9401178703994724 S=9.118333316102179].pdf(1.9578229743363547)
Testing logNormal[M=-0.9354366615679766 S=3.4188785417261416].pdf(1.9993036552308787)
Testing logNormal[M=-4.1245179019337 S=1.4443421783557664].pdf(2.123464512208126)
Testing logNormal[M=-0.4121670683070331 S=1.5600581710090389].pdf(2.109414886267799)
Testing logNormal[M=-0.45478641698057665 S=7.866149389080787].pdf(2.1329195875399423)
Testing logNormal[M=1.2376048524265588 S=9.479962437986849].pdf(1.8517215727107863)
Testing logNormal[M=-1.2305161522951003 S=1.1518550801252114].pdf(0.5414900382498509)
Testing logNormal[M=4.182892584989448 S=8.836861921144031].pdf(2.3004876572112525)
Testing logNormal[M=-2.646876186795785 S=5.793928142966742].pdf(0.9956102805114905)
Testing logNormal[M=-1.3746518036520525 S=1.752140268209228].pdf(1.8367448730549893)
Testing logNormal[M=-1.5328702322131083 S=0.25106545776990674].pdf(2.284451597233453)
Testing logNormal[M=0.4614240723518481 S=2.5205134596913883].pdf(1.5106085169388999)
Testing logNormal[M=2.670375238995409 S=0.4586671904862749].pdf(1.2463008786185017)
Testing logNormal[M=-4.287821844937399 S=3.529849135735775].pdf(1.2970691526331681)
Testing logNormal[M=3.570570585599164 S=2.8677639255471266].pdf(1.783213047875259)
Testing logNormal[M=-0.9859377630357544 S=7.137156883762992].pdf(1.3742689859574146)
Testing logNormal[M=-2.0665943912775866 S=7.828424084692163].pdf(0.9902526854428431)
Testing logNormal[M=1.4720032054942553 S=6.494603850248113].pdf(1.878568198768786)
Testing logNormal[M=2.383626541812271 S=1.4182544308026135].pdf(2.115164401148389)
Testing logNormal[M=-1.9019972073540536 S=5.217948924224621].pdf(2.183461668573599)
Testing logNormal[M=-1.4709654157075436 S=0.29247326495629333].pdf(2.119724347202776)
Testing logNormal[M=-1.7365266580164551 S=7.09934344948781].pdf(1.4656254704737388)
Testing logNormal[M=-1.2059435141123789 S=8.480829713951797].pdf(2.084502491795498)
Testing logNormal[M=-0.8305062733781998 S=2.0155072635839955].pdf(1.2440041190467708)
Testing logNormal[M=0.8584016870831688 S=2.678751718363542].pdf(0.42081958112875545)
Testing logNormal[M=1.592748323724706 S=4.968166230073077].pdf(2.1639860317732356)
Testing logNormal[M=4.211898476920425 S=8.0946687820939].pdf(0.462809417363889)
Testing logNormal[M=-4.878507815893011 S=9.482303895763536].pdf(1.244048235243842)
Testing logNormal[M=-4.218838632870269 S=6.660366329444094].pdf(1.9458545665572193)
Testing logNormal[M=-4.98596911811474 S=7.950329177536034].pdf(0.1382727045364004)
Testing logNormal[M=-1.0568707183707882 S=9.619623668572935].pdf(1.873431979735172)
Testing logNormal[M=1.6872060240924291 S=1.9011650879671504].pdf(2.2850427983650268)
Testing logNormal[M=2.692705611235806 S=8.773141823489203].pdf(1.907872996350738)
Testing logNormal[M=3.6586402512196052 S=8.549855561553487].pdf(2.209050802186316)
Testing logNormal[M=1.106919046952214 S=4.939651175285493].pdf(1.6941799540832518)
Testing logNormal[M=-0.753232566608272 S=4.088471383306663].pdf(1.7683256927023132)
Testing logNormal[M=0.819960402956462 S=4.804099958585648].pdf(1.3301146592207271)
Testing logNormal[M=4.157865232868312 S=3.074338229986191].pdf(2.249908131488908)
Testing logNormal[M=-4.261352742289532 S=5.782417014372637].pdf(1.5270909494153586)
Testing logNormal[M=-3.314239964906456 S=9.096174548812908].pdf(0.843559055821747)
Testing logNormal[M=-1.1051598154231046 S=3.954420275911489].pdf(0.46543344757362387)
Testing logNormal[M=-3.288608815604639 S=3.154235677669247].pdf(2.09356344471901)
Testing logNormal[M=-2.782255478975064 S=0.2047062849296677].pdf(2.187939864723925)
Testing logNormal[M=3.622548976553892 S=3.9780820365352785].pdf(2.1121292589831033)
Testing logNormal[M=-1.7340924803983215 S=8.759724368354393].pdf(2.2596691312242894)
Testing logNormal[M=1.7338639729459704 S=2.2488472680595226].pdf(1.3997049089556035)
Testing logNormal[M=-4.912442340300568 S=2.249275387770713].pdf(1.8313021829933775)
Testing logNormal[M=1.7314923396423056 S=4.896883578093031].pdf(2.1355902696275653)
Testing logNormal[M=1.725247300385659 S=1.5879644648239688].pdf(2.102684539162544)
Testing logNormal[M=-0.49797788854447766 S=6.619548510995067].pdf(2.0409109998684785)
Testing logNormal[M=4.641374398550992 S=3.7610556189023168].pdf(0.3572322390459898)
Testing logNormal[M=-0.40122468400620637 S=6.192587976598524].pdf(1.690311291767771)
Testing logNormal[M=3.8315439656641015 S=8.637969235522547].pdf(1.777363041627632)
Testing logNormal[M=3.360588047285356 S=5.065605972316818].pdf(1.6109188966176773)
Testing logNormal[M=-0.2758223388882328 S=2.0789620171471634].pdf(2.015656265489253)
Testing logNormal[M=-1.3231974294812812 S=1.5576722292252476].pdf(0.7445322294360786)
Testing logNormal[M=-0.8681221604213976 S=2.8990243343016275].pdf(2.064570412671997)
Testing logNormal[M=2.988201421351101 S=2.270234569058874].pdf(0.8154497341380325)
Testing logNormal[M=-2.0112293733731335 S=0.410787455637982].pdf(2.1220387872930253)
Testing logNormal[M=2.3708659061180892 S=0.24129641589885065].pdf(1.2110305003153676)
Testing logNormal[M=-4.970628078427403 S=2.667511210954565].pdf(1.8549872703371184)
Testing logNormal[M=3.963968530628101 S=7.053043978442456].pdf(2.099411440781126)
Testing logNormal[M=-3.750449127520734 S=6.788860415236687].pdf(1.656621156598254)
Testing logNormal[M=-4.386827732573501 S=2.143493337216099].pdf(1.7461432113179576)
Testing logNormal[M=-1.1190553119623825 S=6.341161012942512].pdf(1.5705365819306463)
Testing logNormal[M=-4.556704075917679 S=6.089888361966525].pdf(0.6330193873977565)
Testing logNormal[M=-4.849354605691554 S=5.5091288567918735].pdf(0.8435793086453539)
Testing logNormal[M=3.720960940342211 S=4.778256458100387].pdf(1.9130605517434771)
Testing logNormal[M=-0.5708111698945331 S=8.298273606808465].pdf(1.9594433360345738)
Testing logNormal[M=4.178016606646622 S=5.083342581287477].pdf(2.162065628188912)
Testing logNormal[M=-0.4883094507035963 S=2.6717599251929847].pdf(1.4450788010278084)
Testing logNormal[M=-0.5344672406881115 S=4.117088795090424].pdf(1.6891075479577293)
Testing logNormal[M=0.561171815817576 S=0.7273382915134463].pdf(2.0105889706237794)
Testing logNormal[M=2.2044784205851258 S=9.175763622078062].pdf(2.066077927359471)
Testing logNormal[M=3.3998766389069157 S=9.939502345565206].pdf(0.586594004494554)
Testing logNormal[M=4.902722872911253 S=7.582682954079055].pdf(2.2574644348957924)
Testing logNormal[M=2.280539006066756 S=5.420727274512855].pdf(0.00910099486762175)
Testing logNormal[M=0.9151014656822802 S=0.9094021415614129].pdf(2.0830534227213664)
Testing logNormal[M=-3.2366272757306183 S=1.4110432898359437].pdf(0.7673662323483217)
Testing logNormal[M=2.5027608653309787 S=7.371362139000662].pdf(2.035439462723791)
Testing logNormal[M=0.4020419900950536 S=2.1436873827326575].pdf(1.8211800088660646)
Testing logNormal[M=-4.820545286570354 S=8.37464341608052].pdf(1.5215985984367995)
Testing logNormal[M=1.6332134935677969 S=7.596456063644296].pdf(2.2663775238860993)
Testing logNormal[M=-2.9658840577417567 S=7.878982374014391].pdf(1.2253103010845754)
Testing logNormal[M=-3.6306713200348817 S=0.28059575479984056].pdf(2.0077680360824877)
Testing logNormal[M=0.7431746593248265 S=5.870243282945072].pdf(2.199246596371486)
Testing logNormal[M=-3.04000449826769 S=2.8377671421653927].pdf(1.6092492452999936)
Testing logNormal[M=0.24967272251137285 S=9.781412186394359].pdf(2.2662736818386175)
Testing logNormal[M=4.380889637994436 S=0.3870847299439928].pdf(1.4372838818000029)
Testing logNormal[M=-4.4399062700782626 S=6.277277084243281].pdf(1.1516826410346301)
Testing logNormal[M=-4.30761591387617 S=2.8400404006650684].pdf(1.6316858188729955)
Testing logNormal[M=-2.800930883485837 S=9.612194874099933].pdf(1.1565023993262717)
Testing logNormal[M=3.280513900899816 S=2.9422284679293487].pdf(1.5966042371752684)
Testing logNormal[M=1.8875706015956446 S=9.608739254617966].pdf(2.2825399080986197)
Testing logNormal[M=-3.1056409004935137 S=4.07609815443072].pdf(2.215858433879312)
Testing logNormal[M=3.686207180689104 S=9.036919076808289].pdf(1.9167543828124127)
Testing logNormal[M=-0.16202101551415193 S=3.616883240080293].pdf(1.0935424143697958)
Testing logNormal[M=4.678320435117326 S=0.1378531207637812].pdf(0.2706352453181514)
Testing logNormal[M=-0.43702111474354943 S=7.416195599078687].pdf(2.14568186778668)
Testing logNormal[M=1.0240930433871558 S=0.5654887562046051].pdf(0.04959403400555956)
Testing logNormal[M=1.4210060909800104 S=8.038006859839705].pdf(1.8358157644511213)
Testing logNormal[M=-3.9211117355749336 S=8.930815701080748].pdf(1.1286207208855032)
Testing logNormal[M=-4.998123851103452 S=9.631233752073753].pdf(1.8006528816856524)
Testing logNormal[M=1.7906660006886534 S=2.536394925766756].pdf(1.7541496763540687)
Testing logNormal[M=3.4937707734667107 S=7.569296891177521].pdf(2.0461887006252075)
Testing logNormal[M=1.6728161554249779 S=4.1223496579355166].pdf(2.153331947838034)
Testing logNormal[M=-1.7338946939738986 S=9.427644483602434].pdf(2.12915888976405)
Testing logNormal[M=-4.464316729768976 S=4.834044139611423].pdf(1.0654207899903816)
Testing logNormal[M=-1.715367520158014 S=5.862726972742452].pdf(2.2340268055110384)
Testing logNormal[M=-0.7345669035998004 S=4.649060456113108].pdf(2.024588518775244)
Testing logNormal[M=-1.9860513644489677 S=9.355561718605426].pdf(0.42738144379306636)
Testing logNormal[M=-2.3650284991031745 S=1.023306602495655].pdf(2.094095631327077)
Testing logNormal[M=-0.9525751895576509 S=4.6483237863395495].pdf(2.0417383706155743)
Testing logNormal[M=1.8027928250233982 S=8.274634205065317].pdf(1.6017868836795033)
Testing logNormal[M=2.9117134416370902 S=1.2772585907203848].pdf(2.2265685328763407)
Testing logNormal[M=2.5716787185893324 S=2.0391297970837083].pdf(0.4263945726396284)
Testing logNormal[M=3.1546590339379694 S=7.721022731952009].pdf(1.9915993862111607)
Testing logNormal[M=-1.5262028137374029 S=7.015696500475591].pdf(1.4003811631062388)
Testing logNormal[M=0.9009264413138505 S=0.4500045101354533].pdf(1.7388348796111446)
Testing logNormal[M=4.439272097562402 S=5.595731858319176].pdf(1.2757451176412073)
Testing logNormal[M=2.9459585375059127 S=6.061296057802618].pdf(1.1283244148849543)
Testing logNormal[M=1.9631058626516467 S=0.5490811216710267].pdf(1.85610352365318)
Testing logNormal[M=-4.880197021083451 S=1.0539530378251927].pdf(2.0424004846712642)
Testing logNormal[M=-2.300515100738072 S=2.6132758508849574].pdf(1.6425871462057633)
Testing logNormal[M=0.069014309405806 S=4.2090771924214625].pdf(2.2504679330083093)
Testing logNormal[M=2.8864616466381134 S=1.9794558947320673].pdf(1.1442602614111008)
Testing logNormal[M=-2.4473756351227562 S=2.405070507281184].pdf(2.09617547650688)
Testing logNormal[M=2.5100953655760483 S=1.3732553981536233].pdf(0.8702405277691757)
Testing logNormal[M=-4.178757329875717 S=1.4049366439299182].pdf(2.0159743409342363)
Testing logNormal[M=-2.3036668940254 S=1.998909578060416].pdf(2.14630936231791)
Testing logNormal[M=-4.757627825386603 S=7.480997649471596].pdf(1.1234135752861014)
Testing logNormal[M=1.1273649997517756 S=1.1535453203219381].pdf(1.979275240713633)
Testing logNormal[M=-4.430438318332354 S=7.331736005795502].pdf(0.25312988859242525)
Testing logNormal[M=-3.3388060805933284 S=3.344871728723847].pdf(0.5268928008632949)
Testing logNormal[M=-0.1408981210425031 S=0.027940934546593077].pdf(2.1478434250613097)
Testing logNormal[M=4.525566314467643 S=1.5269923079482672].pdf(2.2919860945857304)
Testing logNormal[M=-1.3385084812959693 S=7.424177661734993].pdf(1.092325251771981)
Testing logNormal[M=2.5937473022765207 S=4.9077361003289965].pdf(1.2491694709742072)
Testing logNormal[M=-1.7457805722191 S=3.978642756731714].pdf(1.044807820427092)
Testing logNormal[M=2.4815624692113953 S=1.602177216343298].pdf(0.3941121496411368)
Testing logNormal[M=2.415607115175601 S=3.2885385306544865].pdf(1.7534768007356305)
Testing logNormal[M=-2.1105938375817415 S=5.088051611803649].pdf(2.02973004455081)
Testing logNormal[M=1.1848378009395164 S=2.406937493230301].pdf(1.3027819399992844)
Testing logNormal[M=0.4895339016408684 S=0.2722468828027269].pdf(1.0095532697653107)
Testing logNormal[M=-0.6042919579372104 S=9.358193508621875].pdf(0.9978922889816291)
Testing logNormal[M=4.742197814388737 S=1.3726323532564733].pdf(1.300250264078203)
Testing logNormal[M=-4.051400038121341 S=1.4318970040974943].pdf(2.2965507898526916)
Testing logNormal[M=-0.7949259237244579 S=5.75103302273329].pdf(2.0773717550784596)
Testing logNormal[M=1.9734968759045284 S=2.201529395923709].pdf(0.3574356418840944)
Testing logNormal[M=-1.3102434831847667 S=1.6459106302449633].pdf(2.1266625608223637)
Testing logNormal[M=1.8309604807476356 S=0.6212944756056882].pdf(1.8586152249125876)
Testing logNormal[M=0.5808503372499683 S=9.845512088348224].pdf(1.5860321464761853)
Testing logNormal[M=0.9761784878635726 S=0.10801454035370806].pdf(1.9002583250125462)
Testing logNormal[M=0.7183073873589993 S=9.40194350103241].pdf(1.842055663708796)
Testing logNormal[M=3.5824408519939297 S=5.223084889373428].pdf(0.7300010106488146)
Testing logNormal[M=-3.9338858647040977 S=5.1368021118240215].pdf(1.7213496492011842)
Testing logNormal[M=-1.7431032861772855 S=3.404120166933021].pdf(2.1502555292974472)
Testing logNormal[M=-3.514965770449084 S=0.947183327396951].pdf(0.9401228554420384)
Testing logNormal[M=4.112440895951506 S=6.080949759720065].pdf(1.9829009061658271)
Testing logNormal[M=-2.53078510330905 S=4.518320498467139].pdf(2.209944300669722)
Testing logNormal[M=2.7306729812057453 S=3.644972125728679].pdf(0.7804636021813881)
Testing logNormal[M=3.640115518417188 S=3.5604607103202546].pdf(1.764920518556095)
Testing logNormal[M=-0.22021282991808722 S=1.6933034226694654].pdf(1.9658999401723827)
Testing logNormal[M=0.9080709374374489 S=7.677182371281633].pdf(2.0131198440037856)
Testing logNormal[M=-4.31785820491232 S=4.7948393523593555].pdf(1.137948783296196)
Testing logNormal[M=-4.315628510861441 S=6.829783226038603].pdf(2.2056965007070928)
Testing logNormal[M=1.1314228889942584 S=6.898204888280166].pdf(0.7379668786341173)
Testing logNormal[M=3.72306796108578 S=1.921909443482367].pdf(0.13558396006031295)
Testing logNormal[M=-3.501982153710844 S=3.695778456386647].pdf(1.049461698890124)
Testing logNormal[M=-1.493116627187038 S=9.092055709344606].pdf(2.1713617686262436)
Testing logNormal[M=-4.197078715454355 S=5.377693228640577].pdf(1.0557502700860375)
Testing logNormal[M=0.1362412450746886 S=6.260465428562309].pdf(0.6962677205388988)
Testing logNormal[M=2.6227296306578216 S=9.803120816471376].pdf(1.271661404750183)
Testing logNormal[M=1.1280484823845924 S=4.218804813711347].pdf(1.2366820189767507)
Testing logNormal[M=-2.400530976784605 S=4.809958654639384].pdf(1.404215249425552)
Testing logNormal[M=-1.1773831275908564 S=8.737383874284074].pdf(1.391930028189666)
Testing logNormal[M=1.3706386459342497 S=9.486253876159497].pdf(1.413693450026228)
Testing logNormal[M=4.4847914577564065 S=4.610788889050548].pdf(0.14061109007310765)
Testing logNormal[M=4.308722972431195 S=8.922544402112326].pdf(1.4295291977040943)
Testing logNormal[M=-4.665034161610552 S=5.277039895870539].pdf(1.734333278354719)
Testing logNormal[M=-1.4927437387539868 S=4.7911569848497795].pdf(2.0183933893014396)
Testing logNormal[M=-2.189669795953865 S=1.1202636691065815].pdf(0.8081539960702059)
Testing logNormal[M=4.114730314523088 S=1.908902268032855].pdf(1.5685868439464248)
Testing logNormal[M=4.846199467267432 S=7.307194635957817].pdf(2.071867278972749)
Testing logNormal[M=-0.8653593500511416 S=6.115777343564175].pdf(1.8533684543915587)
Testing logNormal[M=-3.5610920654851075 S=2.9301016335276255].pdf(0.6388314599507046)
Testing logNormal[M=-0.5727795411236762 S=1.1774075604559753].pdf(2.2486563247282483)
Testing logNormal[M=-2.9490278297060857 S=8.915784650638555].pdf(1.5289143986596487)
Testing logNormal[M=-4.2296757799646665 S=7.623444658825857].pdf(2.146450266756875)
Testing logNormal[M=1.4850242347901146 S=0.9800628853779336].pdf(2.184021944668454)
Testing logNormal[M=2.008242727984012 S=6.857854373573723].pdf(2.1776578849374713)
Testing logNormal[M=-1.5925718819800352 S=7.431068847940684].pdf(2.1622477783857943)
Testing logNormal[M=-1.5786638516716813 S=9.688453676800181].pdf(1.6927492187868964)
Testing logNormal[M=-3.42914282848111 S=3.136473862056406].pdf(1.7870226681647061)
Testing logNormal[M=-2.884877310211592 S=2.64307523291172].pdf(2.010768470676028)
Testing logNormal[M=1.1404874434019527 S=8.0703321027].pdf(2.074120494526283)
Testing logNormal[M=2.6303911379150993 S=9.251414147029909].pdf(1.372792200863693)
Testing logNormal[M=2.4735767762649594 S=7.5640680215085885].pdf(1.949031341890005)
Testing logNormal[M=-1.9992148910098062 S=4.775365297251776].pdf(1.2416351145451754)
Testing logNormal[M=-0.9563408421213797 S=6.400518387245238].pdf(2.1032047053189573)
Testing logNormal[M=1.4846477504656521 S=8.78561329896265].pdf(0.9303371962064494)
Testing logNormal[M=-1.536185426655999 S=0.3758707613239709].pdf(2.256938085855155)
Testing logNormal[M=2.495995582053001 S=9.346285482164646].pdf(1.0637826366838605)
Testing logNormal[M=3.4925817903297 S=5.046614215628277].pdf(1.8925609671008154)
Testing logNormal[M=2.6462961977200923 S=8.439276967625798].pdf(2.074929583049956)
Testing logNormal[M=-4.319293406382276 S=1.9853780042612013].pdf(2.08493478671927)
Testing logNormal[M=-4.589239870555693 S=4.60755439454993].pdf(2.2461710047495846)
Testing logNormal[M=1.5163772316249418 S=5.515704300551532].pdf(0.271288947812951)
Testing logNormal[M=-2.3514102008025173 S=4.398308191058763].pdf(0.44129163160203744)
Testing logNormal[M=-1.6606935175331405 S=4.27731670627643].pdf(1.213490614213578)
Testing logNormal[M=-3.886348604363844 S=3.1023535387452403].pdf(2.1526016059921815)
Testing logNormal[M=1.1291359481919114 S=2.922780961794839].pdf(2.143687238300952)
Testing logNormal[M=2.6823481796599626 S=1.0080452803940176].pdf(1.2747686279717922)
Testing logNormal[M=3.7147888734132035 S=2.671866343808418].pdf(1.1511275294014087)
Testing logNormal[M=-2.931696488543353 S=2.556762468723892].pdf(1.9591140193598486)
Testing logNormal[M=4.308210382362494 S=3.7829522453303355].pdf(1.1104915278620298)
Testing logNormal[M=4.160687297277786 S=2.3833679882615133].pdf(1.3777384788735716)
Testing logNormal[M=-2.962033472710411 S=6.54643624366601].pdf(1.759095898611815)
Testing logNormal[M=-1.7979025649373934 S=3.769267215759603].pdf(0.7985107287080693)
Testing logNormal[M=-3.8977963213548183 S=8.806973192238571].pdf(1.360248429383856)
Testing logNormal[M=1.825960670101047 S=7.317655516662326].pdf(1.9663082807067482)
Testing logNormal[M=-3.568133526590781 S=2.034010022502062].pdf(2.2075431196914743)
Testing logNormal[M=4.764837902537524 S=9.38807917352878].pdf(0.4419411556205528)
Testing logNormal[M=1.4764295779815493 S=0.2015812391459515].pdf(2.082805061174241)
Testing logNormal[M=2.1783863878698426 S=7.571134260038343].pdf(1.8584074555677659)
Testing logNormal[M=1.2018909078565967 S=7.99289447084258].pdf(1.4961609011512664)
Testing logNormal[M=4.808320377462776 S=0.284934427149266].pdf(2.22711306027751)
Testing logNormal[M=4.3997119703489815 S=9.8424849306818].pdf(0.1507760042345097)
Testing logNormal[M=-1.502792250987043 S=7.114816940319808].pdf(1.3869000898041637)
Testing logNormal[M=1.4161533377095639 S=1.2578205294052447].pdf(0.6440285657905189)
Testing logNormal[M=1.8459370213402737 S=7.540621866186566].pdf(1.4208308582059022)
Testing logNormal[M=-4.585613323129833 S=8.058045433682647].pdf(1.8720878628931341)
Testing logNormal[M=-3.522817309728279 S=5.582120333514787].pdf(1.2041059591010281)
Testing logNormal[M=-4.746291731074455 S=6.3795207568949355].pdf(1.8219455281956491)
Testing logNormal[M=-2.0244272654141193 S=5.812999947664938].pdf(1.9732875481045924)
Testing logNormal[M=4.211020850819061 S=0.6248868410368302].pdf(1.9246322912898355)
Testing logNormal[M=4.974051556976919 S=1.8619252781635043].pdf(1.4656547592778384)
Testing logNormal[M=2.301423339309059 S=3.9880485653594566].pdf(1.563543688070529)
Testing logNormal[M=1.3226181594113466 S=7.825110149654472].pdf(1.6787115060636022)
Testing logNormal[M=-4.957003707632594 S=3.5000297574013572].pdf(2.04291853245978)
Testing logNormal[M=2.2001779175681078 S=8.08569959069268].pdf(1.4056071328355064)
Testing logNormal[M=-3.3413680800911596 S=0.7404516180566223].pdf(1.2141010303282866)
Testing logNormal[M=2.112930072554695 S=8.195532077507245].pdf(1.4211877944964875)
Testing logNormal[M=-4.09740293342176 S=5.419064261053067].pdf(0.34335041505716635)
Testing logNormal[M=2.303411132196165 S=7.236701361684053].pdf(2.2995231052734604)
Testing logNormal[M=-2.359723887195071 S=7.897252961632704].pdf(2.2225466409712333)
Testing logNormal[M=-3.369181379227525 S=1.2436305890537258].pdf(2.040071464881987)
Testing logNormal[M=-1.8155583950392238 S=2.2128960462074065].pdf(1.144379013157641)
Testing logNormal[M=-0.3198302922273104 S=9.564838498435611].pdf(1.2109127496959775)
Testing logNormal[M=0.9475360793306145 S=0.2818531620270026].pdf(2.279879817399331)
Testing logNormal[M=-3.3958850773194205 S=2.999605139982364].pdf(1.7028834080588549)
Testing logNormal[M=1.9762937823436335 S=0.7789734932121262].pdf(1.9157846677368209)
Testing logNormal[M=-2.79866226076797 S=6.929426554471549].pdf(1.2585919012950761)
Testing logNormal[M=-3.543160658876693 S=6.024445925764914].pdf(2.2054590060036174)
Testing logNormal[M=-2.1856775974291365 S=3.264752496541825].pdf(1.9832975122246113)
Testing logNormal[M=0.07582879579866919 S=8.665451297365985].pdf(1.6781038808689632)
Testing logNormal[M=2.5249139925971154 S=1.9413772625137138].pdf(1.5430537230027144)
Testing logNormal[M=2.8913563666387834 S=0.31792584844966276].pdf(2.2485318224102)
Testing logNormal[M=-0.7535713240598412 S=7.667306714470548].pdf(1.7123952502395117)
Testing logNormal[M=2.2986588548232536 S=6.28121954038218].pdf(0.6061479837674137)
Testing logNormal[M=4.182518234651356 S=5.000725820271967].pdf(1.791355892843177)
Testing logNormal[M=3.841215432099478 S=1.6704678636996384].pdf(1.960749507049166)
Testing logNormal[M=0.9810843596154664 S=0.5609336987792246].pdf(0.5663365084641062)
Testing logNormal[M=2.962351335544593 S=6.9495173235118335].pdf(1.7549197041287918)
Testing logNormal[M=2.494952896094712 S=5.743121376440991].pdf(1.5630366364041626)
Testing logNormal[M=3.623109417697709 S=4.372351890008219].pdf(2.2459448259108994)
Testing logNormal[M=0.11156143118078887 S=8.811106218628943].pdf(1.65578833320123)
Testing logNormal[M=-0.24452153094416396 S=2.4682962483660886].pdf(2.0287289936080253)
Testing logNormal[M=-4.736036902198091 S=1.075686136124292].pdf(1.9698208205756043)
Testing logNormal[M=3.604640990499835 S=4.851570473100737].pdf(1.3867014811889677)
Testing logNormal[M=-0.9065496568729756 S=2.190336901456851].pdf(1.582336278161088)
Testing logNormal[M=-0.6879227963668475 S=5.0926167050859386].pdf(1.364313945727076)
Testing logNormal[M=-1.0511526220488534 S=8.124851610287651].pdf(1.757781851035332)
Testing logNormal[M=-3.0210794230957703 S=4.0161573638286585].pdf(0.3669891879749913)
Testing logNormal[M=-0.9110292432109732 S=4.026361212268316].pdf(2.2319015739860415)
Testing logNormal[M=1.3442880512774016 S=1.8467313208744751].pdf(2.175891322369985)
Testing logNormal[M=1.4450698330512433 S=5.359008662634733].pdf(1.3602387155590694)
Testing logNormal[M=-0.8848847568489804 S=7.551664624006486].pdf(1.6528180858664117)
Testing logNormal[M=2.948281973444571 S=8.250515420543605].pdf(0.5291283223089592)
Testing logNormal[M=-3.9129698472714916 S=7.238303778996351].pdf(2.17565804731793)
Testing logNormal[M=4.721738741344536 S=7.566380278422584].pdf(1.1629071729412823)
Testing logNormal[M=4.02426637225177 S=1.3304245058699493].pdf(1.248798257203026)
Testing logNormal[M=3.903299507590429 S=9.046524424214454].pdf(2.2182740576627715)
Testing logNormal[M=-1.857183220492363 S=5.315901647812883].pdf(1.8985722567503698)
Testing logNormal[M=-1.2528668313864308 S=8.009571910648368].pdf(0.3725262757196693)
Testing logNormal[M=4.755968143827511 S=4.18064112784169].pdf(2.234763648763606)
Testing logNormal[M=1.4133934111136695 S=0.26019155351126866].pdf(1.7074792879068055)
Testing logNormal[M=-1.0451846297729728 S=5.997817789500046].pdf(2.124777253603098)
Testing logNormal[M=4.176676147284562 S=2.4972479560349594].pdf(2.202447303894197)
Testing logNormal[M=-1.6631689688265605 S=4.520772837879035].pdf(0.7483816203708008)
Testing logNormal[M=4.066225291606575 S=6.755968773678333].pdf(0.5853799362079911)
Testing logNormal[M=-2.0396640570016524 S=4.745395359771197].pdf(1.1234616492454588)
Testing logNormal[M=-2.1869436864250167 S=1.2356622218328162].pdf(2.1953172774058474)
Testing logNormal[M=-3.4421959627630185 S=4.195079345311896].pdf(2.270240790088458)
Testing logNormal[M=4.759250990807843 S=3.7442677375028843].pdf(2.2497491691620657)
Testing logNormal[M=-4.778924160699037 S=7.788810545652042].pdf(0.8668551975885116)
Testing logNormal[M=0.25638255271266264 S=3.3803096070654792].pdf(1.864037992156953)
Testing logNormal[M=0.454318655147822 S=7.147175848946628].pdf(1.584893627268595)
Testing logNormal[M=0.3193667398671476 S=2.008084630654067].pdf(0.5220729834445924)
Testing logNormal[M=-0.07180470678559914 S=2.453476046211831].pdf(1.6476893448704457)
Testing logNormal[M=4.221353784919927 S=0.131542986115748].pdf(1.9501678294146025)
Testing logNormal[M=-2.3231199909876166 S=9.537923964535468].pdf(1.7291556412399272)
Testing logNormal[M=-1.8098302605684582 S=5.4385589862991415].pdf(1.7919835450769135)
Testing logNormal[M=-4.36741832111962 S=9.801940501449836].pdf(0.20909531839136763)
Testing logNormal[M=-4.002825666632438 S=7.856585074380199].pdf(1.4259842619875347)
Testing logNormal[M=-1.9455615116980884 S=5.138904071161262].pdf(0.09226785309869012)
Testing logNormal[M=3.818212347204584 S=1.3514671396310507].pdf(0.7078426483839614)
Testing logNormal[M=0.007129044523559003 S=3.367047326039171].pdf(1.8208185690663845)
Testing logNormal[M=-1.4049149731598662 S=1.6587012693268477].pdf(1.8921197560393812)
]]></system-out>
  <system-err><![CDATA[]]></system-err>
</testsuite>
